#
# There is insufficient memory for the Java Runtime Environment to continue.
# Native memory allocation (malloc) failed to allocate 755616 bytes for Chunk::new
# Possible reasons:
#   The system is out of physical RAM or swap space
#   The process is running with CompressedOops enabled, and the Java Heap may be blocking the growth of the native heap
# Possible solutions:
#   Reduce memory load on the system
#   Increase physical memory or swap space
#   Check if swap backing store is full
#   Decrease Java heap size (-Xmx/-Xms)
#   Decrease number of Java threads
#   Decrease Java thread stack sizes (-Xss)
#   Set larger code cache with -XX:ReservedCodeCacheSize=
#   JVM is running with Unscaled Compressed Oops mode in which the Java heap is
#     placed in the first 4GB address space. The Java Heap base address is the
#     maximum limit for the native heap growth. Please use -XX:HeapBaseMinAddress
#     to set the Java Heap base and to place the Java Heap above 4GB virtual address.
# This output file may be truncated or incomplete.
#
#  Out of Memory Error (arena.cpp:189), pid=24984, tid=23760
#
# JRE version: Java(TM) SE Runtime Environment (17.0.6+9) (build 17.0.6+9-LTS-190)
# Java VM: Java HotSpot(TM) 64-Bit Server VM (17.0.6+9-LTS-190, mixed mode, sharing, tiered, compressed oops, compressed class ptrs, g1 gc, windows-amd64)
# No core dump will be written. Minidumps are not enabled by default on client versions of Windows
#

---------------  S U M M A R Y ------------

Command Line: --add-opens=java.base/java.lang=ALL-UNNAMED --add-opens=java.base/java.lang.invoke=ALL-UNNAMED --add-opens=java.base/java.util=ALL-UNNAMED --add-opens=java.prefs/java.util.prefs=ALL-UNNAMED --add-exports=jdk.compiler/com.sun.tools.javac.api=ALL-UNNAMED --add-exports=jdk.compiler/com.sun.tools.javac.util=ALL-UNNAMED --add-opens=java.base/java.util=ALL-UNNAMED --add-opens=java.prefs/java.util.prefs=ALL-UNNAMED --add-opens=java.base/java.nio.charset=ALL-UNNAMED --add-opens=java.base/java.net=ALL-UNNAMED --add-opens=java.base/java.util.concurrent.atomic=ALL-UNNAMED --add-opens=java.xml/javax.xml.namespace=ALL-UNNAMED -XX:MaxMetaspaceSize=384m -XX:+HeapDumpOnOutOfMemoryError -Xms256m -Xmx512m -Dfile.encoding=UTF-8 -Duser.country=US -Duser.language=en -Duser.variant -javaagent:C:\Users\neman\.gradle\wrapper\dists\gradle-8.13-bin\5xuhj0ry160q40clulazy9h7d\gradle-8.13\lib\agents\gradle-instrumentation-agent-8.13.jar org.gradle.launcher.daemon.bootstrap.GradleDaemon 8.13

Host: 12th Gen Intel(R) Core(TM) i5-12450H, 12 cores, 7G,  Windows 11 , 64 bit Build 26100 (10.0.26100.3912)
Time: Sat May 24 16:41:32 2025 Azerbaijan Standard Time elapsed time: 94.183046 seconds (0d 0h 1m 34s)

---------------  T H R E A D  ---------------

Current thread (0x00000167c9663920):  JavaThread "C2 CompilerThread0" daemon [_thread_in_native, id=23760, stack(0x00000041a0a00000,0x00000041a0b00000)]


Current CompileTask:
C2:  94183 7894       4       io.spring.gradle.dependencymanagement.org.apache.maven.model.interpolation.StringSearchModelInterpolator$InterpolateObjectAction::traverseObjectWithParents (49 bytes)

Stack: [0x00000041a0a00000,0x00000041a0b00000]
Native frames: (J=compiled Java code, j=interpreted, Vv=VM code, C=native code)
V  [jvm.dll+0x6734ea]
V  [jvm.dll+0x7d18f4]
V  [jvm.dll+0x7d309e]
V  [jvm.dll+0x7d3703]
V  [jvm.dll+0x2433c5]
V  [jvm.dll+0xaa46b]
V  [jvm.dll+0xaaa0c]
V  [jvm.dll+0x2a8b1f]
V  [jvm.dll+0x57bf85]
V  [jvm.dll+0x21e142]
V  [jvm.dll+0x2178ef]
V  [jvm.dll+0x215109]
V  [jvm.dll+0x1a1730]
V  [jvm.dll+0x224b6e]
V  [jvm.dll+0x222f15]
V  [jvm.dll+0x78753c]
V  [jvm.dll+0x781a7a]
V  [jvm.dll+0x672375]
C  [ucrtbase.dll+0x37b0]
C  [KERNEL32.DLL+0x2e8d7]
C  [ntdll.dll+0x9c5dc]


---------------  P R O C E S S  ---------------

Threads class SMR info:
_java_thread_list=0x00000167ce5cb9d0, length=118, elements={
0x00000167ae946ed0, 0x00000167c9649cd0, 0x00000167c964b300, 0x00000167c965d2d0,
0x00000167c9661bb0, 0x00000167c9662470, 0x00000167c9662d30, 0x00000167c9663920,
0x00000167c966ed60, 0x00000167c9670290, 0x00000167c962e270, 0x00000167ca1a7a10,
0x00000167cb9229f0, 0x00000167cb9b07d0, 0x00000167cb39e1b0, 0x00000167cb39b440,
0x00000167cad299b0, 0x00000167ca35c180, 0x00000167cb076810, 0x00000167cb080fd0,
0x00000167cb0814a0, 0x00000167cb080160, 0x00000167cb082310, 0x00000167cb082cb0,
0x00000167cb07fc90, 0x00000167cb081970, 0x00000167cb07f7c0, 0x00000167cb080630,
0x00000167cb081e40, 0x00000167cb080b00, 0x00000167cd5706e0, 0x00000167cd570bb0,
0x00000167cd56ea00, 0x00000167cd56e060, 0x00000167cd570210, 0x00000167cd5723c0,
0x00000167cd572890, 0x00000167cd56eed0, 0x00000167cd572d60, 0x00000167cd573230,
0x00000167cd56f870, 0x00000167cd573700, 0x00000167cd5740a0, 0x00000167cd5753e0,
0x00000167cd5758b0, 0x00000167cd574570, 0x00000167cd574f10, 0x00000167cd574a40,
0x00000167ccc55f30, 0x00000167ccc52570, 0x00000167ccc56400, 0x00000167ccc52f10,
0x00000167ccc533e0, 0x00000167ccc52a40, 0x00000167ccc56da0, 0x00000167ccc55590,
0x00000167ccc568d0, 0x00000167ccc54720, 0x00000167ccc54bf0, 0x00000167ccc57270,
0x00000167ccc550c0, 0x00000167ccc55a60, 0x00000167ccc538b0, 0x00000167ccc57740,
0x00000167ccc53d80, 0x00000167ccc54250, 0x00000167ccc580e0, 0x00000167ccc585b0,
0x00000167ccc59420, 0x00000167ccc57c10, 0x00000167ccc58a80, 0x00000167ccc598f0,
0x00000167ccc58f50, 0x00000167ccc59dc0, 0x00000167cea61da0, 0x00000167cea60a60,
0x00000167cea5fbf0, 0x00000167cea60f30, 0x00000167cea600c0, 0x00000167cea5ed80,
0x00000167cea60590, 0x00000167cea5f250, 0x00000167cea61400, 0x00000167cea5e8b0,
0x00000167cea62c10, 0x00000167cea62270, 0x00000167cea62740, 0x00000167cea5f720,
0x00000167cea648f0, 0x00000167cea64420, 0x00000167cea635b0, 0x00000167cea64dc0,
0x00000167cea630e0, 0x00000167cea65290, 0x00000167cea63f50, 0x00000167cea618d0,
0x00000167cea65760, 0x00000167cea65c30, 0x00000167cea66100, 0x00000167ca06bdf0,
0x00000167ca06b920, 0x00000167ca06aab0, 0x00000167ca06b450, 0x00000167ca069770,
0x00000167ca069c40, 0x00000167ca06a110, 0x00000167ca06c2c0, 0x00000167ca06c790,
0x00000167ca06dfa0, 0x00000167ca06d130, 0x00000167ca06d600, 0x00000167ca06a5e0,
0x00000167ca06e470, 0x00000167ca06e940, 0x00000167ca06af80, 0x00000167ca06fc80,
0x00000167ca070fc0, 0x00000167ca070af0
}

Java Threads: ( => current thread )
  0x00000167ae946ed0 JavaThread "main" [_thread_blocked, id=5116, stack(0x000000419fd00000,0x000000419fe00000)]
  0x00000167c9649cd0 JavaThread "Reference Handler" daemon [_thread_blocked, id=41924, stack(0x00000041a0400000,0x00000041a0500000)]
  0x00000167c964b300 JavaThread "Finalizer" daemon [_thread_blocked, id=39392, stack(0x00000041a0500000,0x00000041a0600000)]
  0x00000167c965d2d0 JavaThread "Signal Dispatcher" daemon [_thread_blocked, id=39512, stack(0x00000041a0600000,0x00000041a0700000)]
  0x00000167c9661bb0 JavaThread "Attach Listener" daemon [_thread_blocked, id=26712, stack(0x00000041a0700000,0x00000041a0800000)]
  0x00000167c9662470 JavaThread "Service Thread" daemon [_thread_blocked, id=23288, stack(0x00000041a0800000,0x00000041a0900000)]
  0x00000167c9662d30 JavaThread "Monitor Deflation Thread" daemon [_thread_blocked, id=24368, stack(0x00000041a0900000,0x00000041a0a00000)]
=>0x00000167c9663920 JavaThread "C2 CompilerThread0" daemon [_thread_in_native, id=23760, stack(0x00000041a0a00000,0x00000041a0b00000)]
  0x00000167c966ed60 JavaThread "C1 CompilerThread0" daemon [_thread_blocked, id=17596, stack(0x00000041a0b00000,0x00000041a0c00000)]
  0x00000167c9670290 JavaThread "Sweeper thread" daemon [_thread_blocked, id=13100, stack(0x00000041a0c00000,0x00000041a0d00000)]
  0x00000167c962e270 JavaThread "Common-Cleaner" daemon [_thread_blocked, id=23440, stack(0x00000041a0d00000,0x00000041a0e00000)]
  0x00000167ca1a7a10 JavaThread "Notification Thread" daemon [_thread_blocked, id=37132, stack(0x00000041a0e00000,0x00000041a0f00000)]
  0x00000167cb9229f0 JavaThread "Daemon health stats" [_thread_blocked, id=2252, stack(0x00000041a1500000,0x00000041a1600000)]
  0x00000167cb9b07d0 JavaThread "Incoming local TCP Connector on port 61616" [_thread_in_native, id=22084, stack(0x00000041a1600000,0x00000041a1700000)]
  0x00000167cb39e1b0 JavaThread "Daemon periodic checks" [_thread_blocked, id=41888, stack(0x00000041a1700000,0x00000041a1800000)]
  0x00000167cb39b440 JavaThread "Daemon" [_thread_blocked, id=31184, stack(0x00000041a1800000,0x00000041a1900000)]
  0x00000167cad299b0 JavaThread "Handler for socket connection from /127.0.0.1:61616 to /127.0.0.1:61617" [_thread_in_native, id=21052, stack(0x00000041a1900000,0x00000041a1a00000)]
  0x00000167ca35c180 JavaThread "Cancel handler" [_thread_blocked, id=22352, stack(0x00000041a1a00000,0x00000041a1b00000)]
  0x00000167cb076810 JavaThread "Daemon worker" [_thread_blocked, id=41176, stack(0x00000041a1b00000,0x00000041a1c00000)]
  0x00000167cb080fd0 JavaThread "Asynchronous log dispatcher for DefaultDaemonConnection: socket connection from /127.0.0.1:61616 to /127.0.0.1:61617" [_thread_blocked, id=16936, stack(0x00000041a1c00000,0x00000041a1d00000)]
  0x00000167cb0814a0 JavaThread "Stdin handler" [_thread_blocked, id=16184, stack(0x00000041a1d00000,0x00000041a1e00000)]
  0x00000167cb080160 JavaThread "Daemon client event forwarder" [_thread_blocked, id=41700, stack(0x00000041a1e00000,0x00000041a1f00000)]
  0x00000167cb082310 JavaThread "Cache worker for journal cache (C:\Users\neman\.gradle\caches\journal-1)" [_thread_blocked, id=25232, stack(0x00000041a1f00000,0x00000041a2000000)]
  0x00000167cb082cb0 JavaThread "File lock request listener" [_thread_in_native, id=18576, stack(0x00000041a2000000,0x00000041a2100000)]
  0x00000167cb07fc90 JavaThread "File lock release action executor" [_thread_blocked, id=35120, stack(0x00000041a2100000,0x00000041a2200000)]
  0x00000167cb081970 JavaThread "Cache worker for file hash cache (C:\Users\neman\.gradle\caches\8.13\fileHashes)" [_thread_blocked, id=11560, stack(0x00000041a2200000,0x00000041a2300000)]
  0x00000167cb07f7c0 JavaThread "Cache worker for file hash cache (C:\Users\neman\Desktop\MicroserviceProject\Order-ms\.gradle\8.13\fileHashes)" [_thread_blocked, id=35200, stack(0x00000041a2300000,0x00000041a2400000)]
  0x00000167cb080630 JavaThread "Cache worker for Build Output Cleanup Cache (C:\Users\neman\Desktop\MicroserviceProject\Order-ms\.gradle\buildOutputCleanup)" [_thread_blocked, id=39384, stack(0x00000041a2400000,0x00000041a2500000)]
  0x00000167cb081e40 JavaThread "File watcher server" daemon [_thread_in_native, id=12196, stack(0x00000041a2b00000,0x00000041a2c00000)]
  0x00000167cb080b00 JavaThread "File watcher consumer" daemon [_thread_blocked, id=11740, stack(0x00000041a2c00000,0x00000041a2d00000)]
  0x00000167cd5706e0 JavaThread "jar transforms" [_thread_blocked, id=17792, stack(0x00000041a2d00000,0x00000041a2e00000)]
  0x00000167cd570bb0 JavaThread "jar transforms Thread 2" [_thread_blocked, id=41660, stack(0x00000041a2e00000,0x00000041a2f00000)]
  0x00000167cd56ea00 JavaThread "Cache worker for checksums cache (C:\Users\neman\Desktop\MicroserviceProject\Order-ms\.gradle\8.13\checksums)" [_thread_blocked, id=21276, stack(0x00000041a2f00000,0x00000041a3000000)]
  0x00000167cd56e060 JavaThread "Cache worker for file content cache (C:\Users\neman\.gradle\caches\8.13\fileContent)" [_thread_blocked, id=23660, stack(0x00000041a3000000,0x00000041a3100000)]
  0x00000167cd570210 JavaThread "jar transforms Thread 3" [_thread_blocked, id=39096, stack(0x00000041a3300000,0x00000041a3400000)]
  0x00000167cd5723c0 JavaThread "Cache worker for cache directory md-supplier (C:\Users\neman\.gradle\caches\8.13\md-supplier)" [_thread_blocked, id=21820, stack(0x00000041a3400000,0x00000041a3500000)]
  0x00000167cd572890 JavaThread "Cache worker for cache directory md-rule (C:\Users\neman\.gradle\caches\8.13\md-rule)" [_thread_blocked, id=18276, stack(0x00000041a3500000,0x00000041a3600000)]
  0x00000167cd56eed0 JavaThread "Unconstrained build operations" [_thread_blocked, id=37488, stack(0x00000041a3600000,0x00000041a3700000)]
  0x00000167cd572d60 JavaThread "Unconstrained build operations Thread 2" [_thread_blocked, id=32220, stack(0x00000041a3700000,0x00000041a3800000)]
  0x00000167cd573230 JavaThread "jar transforms Thread 4" [_thread_blocked, id=4924, stack(0x00000041a3800000,0x00000041a3900000)]
  0x00000167cd56f870 JavaThread "jar transforms Thread 5" [_thread_blocked, id=17732, stack(0x00000041a3900000,0x00000041a3a00000)]
  0x00000167cd573700 JavaThread "jar transforms Thread 6" [_thread_blocked, id=32644, stack(0x00000041a3a00000,0x00000041a3b00000)]
  0x00000167cd5740a0 JavaThread "jar transforms Thread 7" [_thread_blocked, id=28840, stack(0x00000041a3b00000,0x00000041a3c00000)]
  0x00000167cd5753e0 JavaThread "Unconstrained build operations Thread 3" [_thread_blocked, id=20952, stack(0x00000041a3c00000,0x00000041a3d00000)]
  0x00000167cd5758b0 JavaThread "Unconstrained build operations Thread 4" [_thread_blocked, id=25808, stack(0x00000041a3d00000,0x00000041a3e00000)]
  0x00000167cd574570 JavaThread "Unconstrained build operations Thread 5" [_thread_blocked, id=21156, stack(0x00000041a3e00000,0x00000041a3f00000)]
  0x00000167cd574f10 JavaThread "Unconstrained build operations Thread 6" [_thread_blocked, id=32388, stack(0x00000041a3f00000,0x00000041a4000000)]
  0x00000167cd574a40 JavaThread "Unconstrained build operations Thread 7" [_thread_blocked, id=27188, stack(0x00000041a4000000,0x00000041a4100000)]
  0x00000167ccc55f30 JavaThread "Unconstrained build operations Thread 8" [_thread_blocked, id=20168, stack(0x00000041a4100000,0x00000041a4200000)]
  0x00000167ccc52570 JavaThread "Unconstrained build operations Thread 9" [_thread_blocked, id=22924, stack(0x00000041a4200000,0x00000041a4300000)]
  0x00000167ccc56400 JavaThread "Unconstrained build operations Thread 10" [_thread_blocked, id=41912, stack(0x00000041a4300000,0x00000041a4400000)]
  0x00000167ccc52f10 JavaThread "Unconstrained build operations Thread 11" [_thread_blocked, id=35332, stack(0x00000041a4400000,0x00000041a4500000)]
  0x00000167ccc533e0 JavaThread "Unconstrained build operations Thread 12" [_thread_blocked, id=32980, stack(0x00000041a4500000,0x00000041a4600000)]
  0x00000167ccc52a40 JavaThread "Unconstrained build operations Thread 13" [_thread_blocked, id=12268, stack(0x00000041a4600000,0x00000041a4700000)]
  0x00000167ccc56da0 JavaThread "Unconstrained build operations Thread 14" [_thread_blocked, id=33512, stack(0x00000041a4700000,0x00000041a4800000)]
  0x00000167ccc55590 JavaThread "Unconstrained build operations Thread 15" [_thread_blocked, id=1948, stack(0x00000041a4800000,0x00000041a4900000)]
  0x00000167ccc568d0 JavaThread "Unconstrained build operations Thread 16" [_thread_blocked, id=1536, stack(0x00000041a4900000,0x00000041a4a00000)]
  0x00000167ccc54720 JavaThread "Unconstrained build operations Thread 17" [_thread_blocked, id=41884, stack(0x00000041a4a00000,0x00000041a4b00000)]
  0x00000167ccc54bf0 JavaThread "Unconstrained build operations Thread 18" [_thread_blocked, id=41804, stack(0x00000041a4b00000,0x00000041a4c00000)]
  0x00000167ccc57270 JavaThread "Unconstrained build operations Thread 19" [_thread_blocked, id=16824, stack(0x00000041a4c00000,0x00000041a4d00000)]
  0x00000167ccc550c0 JavaThread "Unconstrained build operations Thread 20" [_thread_blocked, id=41260, stack(0x00000041a4d00000,0x00000041a4e00000)]
  0x00000167ccc55a60 JavaThread "Unconstrained build operations Thread 21" [_thread_blocked, id=41508, stack(0x00000041a4e00000,0x00000041a4f00000)]
  0x00000167ccc538b0 JavaThread "Unconstrained build operations Thread 22" [_thread_blocked, id=12716, stack(0x00000041a4f00000,0x00000041a5000000)]
  0x00000167ccc57740 JavaThread "Unconstrained build operations Thread 23" [_thread_blocked, id=33976, stack(0x00000041a5200000,0x00000041a5300000)]
  0x00000167ccc53d80 JavaThread "Unconstrained build operations Thread 24" [_thread_blocked, id=692, stack(0x00000041a5300000,0x00000041a5400000)]
  0x00000167ccc54250 JavaThread "Unconstrained build operations Thread 25" [_thread_blocked, id=30112, stack(0x00000041a5400000,0x00000041a5500000)]
  0x00000167ccc580e0 JavaThread "Unconstrained build operations Thread 26" [_thread_blocked, id=25828, stack(0x00000041a5500000,0x00000041a5600000)]
  0x00000167ccc585b0 JavaThread "Unconstrained build operations Thread 27" [_thread_blocked, id=15724, stack(0x00000041a5600000,0x00000041a5700000)]
  0x00000167ccc59420 JavaThread "Unconstrained build operations Thread 28" [_thread_blocked, id=24448, stack(0x00000041a5700000,0x00000041a5800000)]
  0x00000167ccc57c10 JavaThread "Unconstrained build operations Thread 29" [_thread_blocked, id=28824, stack(0x00000041a5800000,0x00000041a5900000)]
  0x00000167ccc58a80 JavaThread "Unconstrained build operations Thread 30" [_thread_blocked, id=23468, stack(0x00000041a5900000,0x00000041a5a00000)]
  0x00000167ccc598f0 JavaThread "Unconstrained build operations Thread 31" [_thread_blocked, id=41880, stack(0x00000041a5a00000,0x00000041a5b00000)]
  0x00000167ccc58f50 JavaThread "Unconstrained build operations Thread 32" [_thread_blocked, id=34100, stack(0x00000041a5b00000,0x00000041a5c00000)]
  0x00000167ccc59dc0 JavaThread "Unconstrained build operations Thread 33" [_thread_blocked, id=27708, stack(0x00000041a5c00000,0x00000041a5d00000)]
  0x00000167cea61da0 JavaThread "Unconstrained build operations Thread 34" [_thread_blocked, id=38928, stack(0x00000041a5d00000,0x00000041a5e00000)]
  0x00000167cea60a60 JavaThread "Unconstrained build operations Thread 35" [_thread_blocked, id=8104, stack(0x00000041a5e00000,0x00000041a5f00000)]
  0x00000167cea5fbf0 JavaThread "Memory manager" [_thread_in_native, id=30600, stack(0x00000041a5f00000,0x00000041a6000000)]
  0x00000167cea60f30 JavaThread "jar transforms Thread 8" [_thread_blocked, id=26328, stack(0x00000041a6000000,0x00000041a6100000)]
  0x00000167cea600c0 JavaThread "Problems report writer" [_thread_blocked, id=17032, stack(0x00000041a6100000,0x00000041a6200000)]
  0x00000167cea5ed80 JavaThread "ForkJoinPool.commonPool-worker-1" daemon [_thread_blocked, id=38884, stack(0x00000041a6200000,0x00000041a6300000)]
  0x00000167cea60590 JavaThread "ForkJoinPool.commonPool-worker-2" daemon [_thread_blocked, id=21000, stack(0x00000041a6300000,0x00000041a6400000)]
  0x00000167cea5f250 JavaThread "ForkJoinPool.commonPool-worker-3" daemon [_thread_blocked, id=28216, stack(0x00000041a6400000,0x00000041a6500000)]
  0x00000167cea61400 JavaThread "ForkJoinPool.commonPool-worker-4" daemon [_thread_blocked, id=15564, stack(0x00000041a6500000,0x00000041a6600000)]
  0x00000167cea5e8b0 JavaThread "ForkJoinPool.commonPool-worker-5" daemon [_thread_blocked, id=22508, stack(0x00000041a6600000,0x00000041a6700000)]
  0x00000167cea62c10 JavaThread "ForkJoinPool.commonPool-worker-6" daemon [_thread_blocked, id=41864, stack(0x00000041a6700000,0x00000041a6800000)]
  0x00000167cea62270 JavaThread "ForkJoinPool.commonPool-worker-7" daemon [_thread_blocked, id=41312, stack(0x00000041a6800000,0x00000041a6900000)]
  0x00000167cea62740 JavaThread "ForkJoinPool.commonPool-worker-8" daemon [_thread_blocked, id=34464, stack(0x00000041a6900000,0x00000041a6a00000)]
  0x00000167cea5f720 JavaThread "ForkJoinPool.commonPool-worker-9" daemon [_thread_blocked, id=29804, stack(0x00000041a6a00000,0x00000041a6b00000)]
  0x00000167cea648f0 JavaThread "ForkJoinPool.commonPool-worker-10" daemon [_thread_blocked, id=31060, stack(0x00000041a6b00000,0x00000041a6c00000)]
  0x00000167cea64420 JavaThread "Exec process" daemon [_thread_blocked, id=23896, stack(0x00000041a6c00000,0x00000041a6d00000)]
  0x00000167cea635b0 JavaThread "ForkJoinPool.commonPool-worker-11" daemon [_thread_blocked, id=31736, stack(0x00000041a6d00000,0x00000041a6e00000)]
  0x00000167cea64dc0 JavaThread "Exec process Thread 2" daemon [_thread_blocked, id=41416, stack(0x00000041a6e00000,0x00000041a6f00000)]
  0x00000167cea630e0 JavaThread "Exec process Thread 3" daemon [_thread_blocked, id=28492, stack(0x00000041a6f00000,0x00000041a7000000)]
  0x00000167cea65290 JavaThread "Unconstrained build operations Thread 36" [_thread_blocked, id=41512, stack(0x000000419fa00000,0x000000419fb00000)]
  0x00000167cea63f50 JavaThread "File lock release action executor Thread 2" [_thread_blocked, id=29252, stack(0x000000419fb00000,0x000000419fc00000)]
  0x00000167cea618d0 JavaThread "Unconstrained build operations Thread 37" [_thread_blocked, id=31084, stack(0x000000419fc00000,0x000000419fd00000)]
  0x00000167cea65760 JavaThread "Unconstrained build operations Thread 38" [_thread_blocked, id=26232, stack(0x00000041a7000000,0x00000041a7100000)]
  0x00000167cea65c30 JavaThread "Unconstrained build operations Thread 39" [_thread_blocked, id=6032, stack(0x00000041a7100000,0x00000041a7200000)]
  0x00000167cea66100 JavaThread "Unconstrained build operations Thread 40" [_thread_blocked, id=29940, stack(0x00000041a7200000,0x00000041a7300000)]
  0x00000167ca06bdf0 JavaThread "Unconstrained build operations Thread 41" [_thread_blocked, id=21320, stack(0x00000041a7300000,0x00000041a7400000)]
  0x00000167ca06b920 JavaThread "Unconstrained build operations Thread 42" [_thread_blocked, id=37144, stack(0x00000041a7400000,0x00000041a7500000)]
  0x00000167ca06aab0 JavaThread "Unconstrained build operations Thread 43" [_thread_blocked, id=29836, stack(0x00000041a7500000,0x00000041a7600000)]
  0x00000167ca06b450 JavaThread "Unconstrained build operations Thread 44" [_thread_blocked, id=26280, stack(0x00000041a7600000,0x00000041a7700000)]
  0x00000167ca069770 JavaThread "Unconstrained build operations Thread 45" [_thread_blocked, id=27676, stack(0x00000041a7700000,0x00000041a7800000)]
  0x00000167ca069c40 JavaThread "Unconstrained build operations Thread 46" [_thread_blocked, id=33200, stack(0x00000041a7800000,0x00000041a7900000)]
  0x00000167ca06a110 JavaThread "Unconstrained build operations Thread 47" [_thread_blocked, id=3308, stack(0x00000041a7900000,0x00000041a7a00000)]
  0x00000167ca06c2c0 JavaThread "Unconstrained build operations Thread 48" [_thread_blocked, id=31580, stack(0x00000041a7a00000,0x00000041a7b00000)]
  0x00000167ca06c790 JavaThread "Unconstrained build operations Thread 49" [_thread_blocked, id=20868, stack(0x00000041a7b00000,0x00000041a7c00000)]
  0x00000167ca06dfa0 JavaThread "Unconstrained build operations Thread 50" [_thread_blocked, id=23356, stack(0x00000041a7c00000,0x00000041a7d00000)]
  0x00000167ca06d130 JavaThread "Unconstrained build operations Thread 51" [_thread_blocked, id=21252, stack(0x00000041a7d00000,0x00000041a7e00000)]
  0x00000167ca06d600 JavaThread "Unconstrained build operations Thread 52" [_thread_blocked, id=11024, stack(0x00000041a7e00000,0x00000041a7f00000)]
  0x00000167ca06a5e0 JavaThread "Unconstrained build operations Thread 53" [_thread_blocked, id=30232, stack(0x00000041a7f00000,0x00000041a8000000)]
  0x00000167ca06e470 JavaThread "Unconstrained build operations Thread 54" [_thread_blocked, id=2152, stack(0x00000041a8000000,0x00000041a8100000)]
  0x00000167ca06e940 JavaThread "Unconstrained build operations Thread 55" [_thread_blocked, id=21172, stack(0x00000041a8100000,0x00000041a8200000)]
  0x00000167ca06af80 JavaThread "Unconstrained build operations Thread 56" [_thread_blocked, id=30412, stack(0x00000041a8200000,0x00000041a8300000)]
  0x00000167ca06fc80 JavaThread "Unconstrained build operations Thread 57" [_thread_blocked, id=32152, stack(0x00000041a8300000,0x00000041a8400000)]
  0x00000167ca070fc0 JavaThread "Unconstrained build operations Thread 58" [_thread_blocked, id=20692, stack(0x00000041a8400000,0x00000041a8500000)]
  0x00000167ca070af0 JavaThread "Unconstrained build operations Thread 59" [_thread_new, id=400, stack(0x0000000000000000,0x0000000000000000)]

Other Threads:
  0x00000167c9646480 VMThread "VM Thread" [stack: 0x00000041a0300000,0x00000041a0400000] [id=21108] _threads_hazard_ptr=0x00000167ce5cb9d0
  0x00000167ae97e290 WatcherThread [stack: 0x00000041a0f00000,0x00000041a1000000] [id=34988]
  0x00000167ae977340 GCTaskThread "GC Thread#0" [stack: 0x000000419fe00000,0x000000419ff00000] [id=5144]
  0x00000167ca7a5180 GCTaskThread "GC Thread#1" [stack: 0x00000041a1000000,0x00000041a1100000] [id=27764]
  0x00000167ca7a5430 GCTaskThread "GC Thread#2" [stack: 0x00000041a1100000,0x00000041a1200000] [id=15140]
  0x00000167ca7a56e0 GCTaskThread "GC Thread#3" [stack: 0x00000041a1200000,0x00000041a1300000] [id=22724]
  0x00000167ca7a5990 GCTaskThread "GC Thread#4" [stack: 0x00000041a1300000,0x00000041a1400000] [id=8844]
  0x00000167ca7a5c40 GCTaskThread "GC Thread#5" [stack: 0x00000041a1400000,0x00000041a1500000] [id=24164]
  0x00000167ca15d3b0 GCTaskThread "GC Thread#6" [stack: 0x00000041a2500000,0x00000041a2600000] [id=33756]
  0x00000167cbaf1910 GCTaskThread "GC Thread#7" [stack: 0x00000041a2600000,0x00000041a2700000] [id=15528]
  0x00000167cbaf1e70 GCTaskThread "GC Thread#8" [stack: 0x00000041a2700000,0x00000041a2800000] [id=27444]
  0x00000167cbaf0390 GCTaskThread "GC Thread#9" [stack: 0x00000041a2800000,0x00000041a2900000] [id=41152]
  0x00000167ac7de210 ConcurrentGCThread "G1 Main Marker" [stack: 0x000000419ff00000,0x00000041a0000000] [id=12664]
  0x00000167ac7deb30 ConcurrentGCThread "G1 Conc#0" [stack: 0x00000041a0000000,0x00000041a0100000] [id=41040]
  0x00000167cbaf0ba0 ConcurrentGCThread "G1 Conc#1" [stack: 0x00000041a2900000,0x00000041a2a00000] [id=5276]
  0x00000167cbaf0e50 ConcurrentGCThread "G1 Conc#2" [stack: 0x00000041a2a00000,0x00000041a2b00000] [id=2924]
  0x00000167aea0e770 ConcurrentGCThread "G1 Refine#0" [stack: 0x00000041a0100000,0x00000041a0200000] [id=36352]
  0x00000167cdb2d1e0 ConcurrentGCThread "G1 Refine#1" [stack: 0x00000041a5000000,0x00000041a5100000] [id=7400]
  0x00000167cdb2d4c0 ConcurrentGCThread "G1 Refine#2" [stack: 0x00000041a5100000,0x00000041a5200000] [id=41480]
  0x00000167c9500290 ConcurrentGCThread "G1 Service" [stack: 0x00000041a0200000,0x00000041a0300000] [id=25516]

Threads with active compile tasks:
C2 CompilerThread0    94277 7894       4       io.spring.gradle.dependencymanagement.org.apache.maven.model.interpolation.StringSearchModelInterpolator$InterpolateObjectAction::traverseObjectWithParents (49 bytes)

VM state: synchronizing (normal execution)

VM Mutex/Monitor currently owned by a thread:  ([mutex/lock_event])
[0x00000167ae942a60] Threads_lock - owner thread: 0x00000167c9646480

Heap address: 0x00000000e0000000, size: 512 MB, Compressed Oops mode: 32-bit

CDS archive(s) mapped at: [0x0000000800000000-0x0000000800bd0000-0x0000000800bd0000), size 12386304, SharedBaseAddress: 0x0000000800000000, ArchiveRelocationMode: 0.
Compressed class space mapped at: 0x0000000800c00000-0x0000000814000000, reserved size: 322961408
Narrow klass base: 0x0000000800000000, Narrow klass shift: 0, Narrow klass range: 0x100000000

GC Precious Log:
 CPUs: 12 total, 12 available
 Memory: 7860M
 Large Page Support: Disabled
 NUMA Support: Disabled
 Compressed Oops: Enabled (32-bit)
 Heap Region Size: 1M
 Heap Min Capacity: 256M
 Heap Initial Capacity: 256M
 Heap Max Capacity: 512M
 Pre-touch: Disabled
 Parallel Workers: 10
 Concurrent Workers: 3
 Concurrent Refinement Workers: 10
 Periodic GC: Disabled

Heap:
 garbage-first heap   total 262144K, used 182754K [0x00000000e0000000, 0x0000000100000000)
  region size 1024K, 151 young (154624K), 8 survivors (8192K)
 Metaspace       used 55704K, committed 56320K, reserved 364544K
  class space    used 7774K, committed 8064K, reserved 315392K

Heap Regions: E=young(eden), S=young(survivor), O=old, HS=humongous(starts), HC=humongous(continues), CS=collection set, F=free, OA=open archive, CA=closed archive, TAMS=top-at-mark-start (previous, next)
|   0|0x00000000e0000000, 0x00000000e0100000, 0x00000000e0100000|100%|HS|  |TAMS 0x00000000e0100000, 0x00000000e0000000| Complete 
|   1|0x00000000e0100000, 0x00000000e0200000, 0x00000000e0200000|100%|HC|  |TAMS 0x00000000e0200000, 0x00000000e0100000| Complete 
|   2|0x00000000e0200000, 0x00000000e0300000, 0x00000000e0300000|100%|HC|  |TAMS 0x00000000e0300000, 0x00000000e0200000| Complete 
|   3|0x00000000e0300000, 0x00000000e0400000, 0x00000000e0400000|100%| O|  |TAMS 0x00000000e0400000, 0x00000000e0300000| Untracked 
|   4|0x00000000e0400000, 0x00000000e0500000, 0x00000000e0500000|100%| O|  |TAMS 0x00000000e0500000, 0x00000000e0400000| Untracked 
|   5|0x00000000e0500000, 0x00000000e0600000, 0x00000000e0600000|100%| O|  |TAMS 0x00000000e0600000, 0x00000000e0500000| Untracked 
|   6|0x00000000e0600000, 0x00000000e0700000, 0x00000000e0700000|100%|HS|  |TAMS 0x00000000e0700000, 0x00000000e0600000| Complete 
|   7|0x00000000e0700000, 0x00000000e0700000, 0x00000000e0800000|  0%| F|  |TAMS 0x00000000e0700000, 0x00000000e0700000| Untracked 
|   8|0x00000000e0800000, 0x00000000e0900000, 0x00000000e0900000|100%| O|  |TAMS 0x00000000e0900000, 0x00000000e0800000| Untracked 
|   9|0x00000000e0900000, 0x00000000e0a00000, 0x00000000e0a00000|100%| O|  |TAMS 0x00000000e09b3c00, 0x00000000e0900000| Untracked 
|  10|0x00000000e0a00000, 0x00000000e0a00000, 0x00000000e0b00000|  0%| F|  |TAMS 0x00000000e0a00000, 0x00000000e0a00000| Untracked 
|  11|0x00000000e0b00000, 0x00000000e0c00000, 0x00000000e0c00000|100%| O|  |TAMS 0x00000000e0b00000, 0x00000000e0b00000| Untracked 
|  12|0x00000000e0c00000, 0x00000000e0d00000, 0x00000000e0d00000|100%| O|  |TAMS 0x00000000e0c00000, 0x00000000e0c00000| Untracked 
|  13|0x00000000e0d00000, 0x00000000e0e00000, 0x00000000e0e00000|100%| O|  |TAMS 0x00000000e0d00000, 0x00000000e0d00000| Untracked 
|  14|0x00000000e0e00000, 0x00000000e0f00000, 0x00000000e0f00000|100%| O|  |TAMS 0x00000000e0e00000, 0x00000000e0e00000| Untracked 
|  15|0x00000000e0f00000, 0x00000000e1000000, 0x00000000e1000000|100%| O|  |TAMS 0x00000000e0f00000, 0x00000000e0f00000| Untracked 
|  16|0x00000000e1000000, 0x00000000e1100000, 0x00000000e1100000|100%| O|  |TAMS 0x00000000e1000000, 0x00000000e1000000| Untracked 
|  17|0x00000000e1100000, 0x00000000e1200000, 0x00000000e1200000|100%| O|  |TAMS 0x00000000e1100000, 0x00000000e1100000| Untracked 
|  18|0x00000000e1200000, 0x00000000e1300000, 0x00000000e1300000|100%| O|  |TAMS 0x00000000e1200000, 0x00000000e1200000| Untracked 
|  19|0x00000000e1300000, 0x00000000e1400000, 0x00000000e1400000|100%| O|  |TAMS 0x00000000e1300000, 0x00000000e1300000| Untracked 
|  20|0x00000000e1400000, 0x00000000e1500000, 0x00000000e1500000|100%| O|  |TAMS 0x00000000e1400000, 0x00000000e1400000| Untracked 
|  21|0x00000000e1500000, 0x00000000e1600000, 0x00000000e1600000|100%| O|  |TAMS 0x00000000e1500000, 0x00000000e1500000| Untracked 
|  22|0x00000000e1600000, 0x00000000e1700000, 0x00000000e1700000|100%| O|  |TAMS 0x00000000e1600000, 0x00000000e1600000| Untracked 
|  23|0x00000000e1700000, 0x00000000e1800000, 0x00000000e1800000|100%| O|  |TAMS 0x00000000e1700000, 0x00000000e1700000| Untracked 
|  24|0x00000000e1800000, 0x00000000e1900000, 0x00000000e1900000|100%| O|  |TAMS 0x00000000e1800000, 0x00000000e1800000| Untracked 
|  25|0x00000000e1900000, 0x00000000e1a00000, 0x00000000e1a00000|100%| O|  |TAMS 0x00000000e1900000, 0x00000000e1900000| Untracked 
|  26|0x00000000e1a00000, 0x00000000e1b00000, 0x00000000e1b00000|100%| O|  |TAMS 0x00000000e1a00000, 0x00000000e1a00000| Untracked 
|  27|0x00000000e1b00000, 0x00000000e1c00000, 0x00000000e1c00000|100%| O|  |TAMS 0x00000000e1b00000, 0x00000000e1b00000| Untracked 
|  28|0x00000000e1c00000, 0x00000000e1d00000, 0x00000000e1d00000|100%| O|  |TAMS 0x00000000e1c00000, 0x00000000e1c00000| Untracked 
|  29|0x00000000e1d00000, 0x00000000e1e00000, 0x00000000e1e00000|100%| O|  |TAMS 0x00000000e1d00000, 0x00000000e1d00000| Untracked 
|  30|0x00000000e1e00000, 0x00000000e1f00000, 0x00000000e1f00000|100%| O|  |TAMS 0x00000000e1e00000, 0x00000000e1e00000| Untracked 
|  31|0x00000000e1f00000, 0x00000000e1ff7c00, 0x00000000e2000000| 96%| O|  |TAMS 0x00000000e1f00000, 0x00000000e1f00000| Untracked 
|  32|0x00000000e2000000, 0x00000000e2000000, 0x00000000e2100000|  0%| F|  |TAMS 0x00000000e2000000, 0x00000000e2000000| Untracked 
|  33|0x00000000e2100000, 0x00000000e2100000, 0x00000000e2200000|  0%| F|  |TAMS 0x00000000e2100000, 0x00000000e2100000| Untracked 
|  34|0x00000000e2200000, 0x00000000e2200000, 0x00000000e2300000|  0%| F|  |TAMS 0x00000000e2200000, 0x00000000e2200000| Untracked 
|  35|0x00000000e2300000, 0x00000000e2300000, 0x00000000e2400000|  0%| F|  |TAMS 0x00000000e2300000, 0x00000000e2300000| Untracked 
|  36|0x00000000e2400000, 0x00000000e2400000, 0x00000000e2500000|  0%| F|  |TAMS 0x00000000e2400000, 0x00000000e2400000| Untracked 
|  37|0x00000000e2500000, 0x00000000e2500000, 0x00000000e2600000|  0%| F|  |TAMS 0x00000000e2500000, 0x00000000e2500000| Untracked 
|  38|0x00000000e2600000, 0x00000000e2600000, 0x00000000e2700000|  0%| F|  |TAMS 0x00000000e2600000, 0x00000000e2600000| Untracked 
|  39|0x00000000e2700000, 0x00000000e2700000, 0x00000000e2800000|  0%| F|  |TAMS 0x00000000e2700000, 0x00000000e2700000| Untracked 
|  40|0x00000000e2800000, 0x00000000e2800000, 0x00000000e2900000|  0%| F|  |TAMS 0x00000000e2800000, 0x00000000e2800000| Untracked 
|  41|0x00000000e2900000, 0x00000000e2900000, 0x00000000e2a00000|  0%| F|  |TAMS 0x00000000e2900000, 0x00000000e2900000| Untracked 
|  42|0x00000000e2a00000, 0x00000000e2a00000, 0x00000000e2b00000|  0%| F|  |TAMS 0x00000000e2a00000, 0x00000000e2a00000| Untracked 
|  43|0x00000000e2b00000, 0x00000000e2b00000, 0x00000000e2c00000|  0%| F|  |TAMS 0x00000000e2b00000, 0x00000000e2b00000| Untracked 
|  44|0x00000000e2c00000, 0x00000000e2c00000, 0x00000000e2d00000|  0%| F|  |TAMS 0x00000000e2c00000, 0x00000000e2c00000| Untracked 
|  45|0x00000000e2d00000, 0x00000000e2d00000, 0x00000000e2e00000|  0%| F|  |TAMS 0x00000000e2d00000, 0x00000000e2d00000| Untracked 
|  46|0x00000000e2e00000, 0x00000000e2e00000, 0x00000000e2f00000|  0%| F|  |TAMS 0x00000000e2e00000, 0x00000000e2e00000| Untracked 
|  47|0x00000000e2f00000, 0x00000000e2f00000, 0x00000000e3000000|  0%| F|  |TAMS 0x00000000e2f00000, 0x00000000e2f00000| Untracked 
|  48|0x00000000e3000000, 0x00000000e3000000, 0x00000000e3100000|  0%| F|  |TAMS 0x00000000e3000000, 0x00000000e3000000| Untracked 
|  49|0x00000000e3100000, 0x00000000e3100000, 0x00000000e3200000|  0%| F|  |TAMS 0x00000000e3100000, 0x00000000e3100000| Untracked 
|  50|0x00000000e3200000, 0x00000000e3200000, 0x00000000e3300000|  0%| F|  |TAMS 0x00000000e3200000, 0x00000000e3200000| Untracked 
|  51|0x00000000e3300000, 0x00000000e3300000, 0x00000000e3400000|  0%| F|  |TAMS 0x00000000e3300000, 0x00000000e3300000| Untracked 
|  52|0x00000000e3400000, 0x00000000e3400000, 0x00000000e3500000|  0%| F|  |TAMS 0x00000000e3400000, 0x00000000e3400000| Untracked 
|  53|0x00000000e3500000, 0x00000000e3500000, 0x00000000e3600000|  0%| F|  |TAMS 0x00000000e3500000, 0x00000000e3500000| Untracked 
|  54|0x00000000e3600000, 0x00000000e3600000, 0x00000000e3700000|  0%| F|  |TAMS 0x00000000e3600000, 0x00000000e3600000| Untracked 
|  55|0x00000000e3700000, 0x00000000e3700000, 0x00000000e3800000|  0%| F|  |TAMS 0x00000000e3700000, 0x00000000e3700000| Untracked 
|  56|0x00000000e3800000, 0x00000000e3800000, 0x00000000e3900000|  0%| F|  |TAMS 0x00000000e3800000, 0x00000000e3800000| Untracked 
|  57|0x00000000e3900000, 0x00000000e3900000, 0x00000000e3a00000|  0%| F|  |TAMS 0x00000000e3900000, 0x00000000e3900000| Untracked 
|  58|0x00000000e3a00000, 0x00000000e3a00000, 0x00000000e3b00000|  0%| F|  |TAMS 0x00000000e3a00000, 0x00000000e3a00000| Untracked 
|  59|0x00000000e3b00000, 0x00000000e3b00000, 0x00000000e3c00000|  0%| F|  |TAMS 0x00000000e3b00000, 0x00000000e3b00000| Untracked 
|  60|0x00000000e3c00000, 0x00000000e3c00000, 0x00000000e3d00000|  0%| F|  |TAMS 0x00000000e3c00000, 0x00000000e3c00000| Untracked 
|  61|0x00000000e3d00000, 0x00000000e3d00000, 0x00000000e3e00000|  0%| F|  |TAMS 0x00000000e3d00000, 0x00000000e3d00000| Untracked 
|  62|0x00000000e3e00000, 0x00000000e3e00000, 0x00000000e3f00000|  0%| F|  |TAMS 0x00000000e3e00000, 0x00000000e3e00000| Untracked 
|  63|0x00000000e3f00000, 0x00000000e3f00000, 0x00000000e4000000|  0%| F|  |TAMS 0x00000000e3f00000, 0x00000000e3f00000| Untracked 
|  64|0x00000000e4000000, 0x00000000e4000000, 0x00000000e4100000|  0%| F|  |TAMS 0x00000000e4000000, 0x00000000e4000000| Untracked 
|  65|0x00000000e4100000, 0x00000000e4100000, 0x00000000e4200000|  0%| F|  |TAMS 0x00000000e4100000, 0x00000000e4100000| Untracked 
|  66|0x00000000e4200000, 0x00000000e4200000, 0x00000000e4300000|  0%| F|  |TAMS 0x00000000e4200000, 0x00000000e4200000| Untracked 
|  67|0x00000000e4300000, 0x00000000e4300000, 0x00000000e4400000|  0%| F|  |TAMS 0x00000000e4300000, 0x00000000e4300000| Untracked 
|  68|0x00000000e4400000, 0x00000000e4400000, 0x00000000e4500000|  0%| F|  |TAMS 0x00000000e4400000, 0x00000000e4400000| Untracked 
|  69|0x00000000e4500000, 0x00000000e4500000, 0x00000000e4600000|  0%| F|  |TAMS 0x00000000e4500000, 0x00000000e4500000| Untracked 
|  70|0x00000000e4600000, 0x00000000e4600000, 0x00000000e4700000|  0%| F|  |TAMS 0x00000000e4600000, 0x00000000e4600000| Untracked 
|  71|0x00000000e4700000, 0x00000000e4700000, 0x00000000e4800000|  0%| F|  |TAMS 0x00000000e4700000, 0x00000000e4700000| Untracked 
|  72|0x00000000e4800000, 0x00000000e4800000, 0x00000000e4900000|  0%| F|  |TAMS 0x00000000e4800000, 0x00000000e4800000| Untracked 
|  73|0x00000000e4900000, 0x00000000e4900000, 0x00000000e4a00000|  0%| F|  |TAMS 0x00000000e4900000, 0x00000000e4900000| Untracked 
|  74|0x00000000e4a00000, 0x00000000e4a00000, 0x00000000e4b00000|  0%| F|  |TAMS 0x00000000e4a00000, 0x00000000e4a00000| Untracked 
|  75|0x00000000e4b00000, 0x00000000e4b00000, 0x00000000e4c00000|  0%| F|  |TAMS 0x00000000e4b00000, 0x00000000e4b00000| Untracked 
|  76|0x00000000e4c00000, 0x00000000e4c00000, 0x00000000e4d00000|  0%| F|  |TAMS 0x00000000e4c00000, 0x00000000e4c00000| Untracked 
|  77|0x00000000e4d00000, 0x00000000e4d00000, 0x00000000e4e00000|  0%| F|  |TAMS 0x00000000e4d00000, 0x00000000e4d00000| Untracked 
|  78|0x00000000e4e00000, 0x00000000e4e00000, 0x00000000e4f00000|  0%| F|  |TAMS 0x00000000e4e00000, 0x00000000e4e00000| Untracked 
|  79|0x00000000e4f00000, 0x00000000e4f00000, 0x00000000e5000000|  0%| F|  |TAMS 0x00000000e4f00000, 0x00000000e4f00000| Untracked 
|  80|0x00000000e5000000, 0x00000000e5000000, 0x00000000e5100000|  0%| F|  |TAMS 0x00000000e5000000, 0x00000000e5000000| Untracked 
|  81|0x00000000e5100000, 0x00000000e5100000, 0x00000000e5200000|  0%| F|  |TAMS 0x00000000e5100000, 0x00000000e5100000| Untracked 
|  82|0x00000000e5200000, 0x00000000e5200000, 0x00000000e5300000|  0%| F|  |TAMS 0x00000000e5200000, 0x00000000e5200000| Untracked 
|  83|0x00000000e5300000, 0x00000000e5300000, 0x00000000e5400000|  0%| F|  |TAMS 0x00000000e5300000, 0x00000000e5300000| Untracked 
|  84|0x00000000e5400000, 0x00000000e5400000, 0x00000000e5500000|  0%| F|  |TAMS 0x00000000e5400000, 0x00000000e5400000| Untracked 
|  85|0x00000000e5500000, 0x00000000e5500000, 0x00000000e5600000|  0%| F|  |TAMS 0x00000000e5500000, 0x00000000e5500000| Untracked 
|  86|0x00000000e5600000, 0x00000000e5600000, 0x00000000e5700000|  0%| F|  |TAMS 0x00000000e5600000, 0x00000000e5600000| Untracked 
|  87|0x00000000e5700000, 0x00000000e5700000, 0x00000000e5800000|  0%| F|  |TAMS 0x00000000e5700000, 0x00000000e5700000| Untracked 
|  88|0x00000000e5800000, 0x00000000e5800000, 0x00000000e5900000|  0%| F|  |TAMS 0x00000000e5800000, 0x00000000e5800000| Untracked 
|  89|0x00000000e5900000, 0x00000000e5900000, 0x00000000e5a00000|  0%| F|  |TAMS 0x00000000e5900000, 0x00000000e5900000| Untracked 
|  90|0x00000000e5a00000, 0x00000000e5a00000, 0x00000000e5b00000|  0%| F|  |TAMS 0x00000000e5a00000, 0x00000000e5a00000| Untracked 
|  91|0x00000000e5b00000, 0x00000000e5b00000, 0x00000000e5c00000|  0%| F|  |TAMS 0x00000000e5b00000, 0x00000000e5b00000| Untracked 
|  92|0x00000000e5c00000, 0x00000000e5c00000, 0x00000000e5d00000|  0%| F|  |TAMS 0x00000000e5c00000, 0x00000000e5c00000| Untracked 
|  93|0x00000000e5d00000, 0x00000000e5d00000, 0x00000000e5e00000|  0%| F|  |TAMS 0x00000000e5d00000, 0x00000000e5d00000| Untracked 
|  94|0x00000000e5e00000, 0x00000000e5e00000, 0x00000000e5f00000|  0%| F|  |TAMS 0x00000000e5e00000, 0x00000000e5e00000| Untracked 
|  95|0x00000000e5f00000, 0x00000000e5f00000, 0x00000000e6000000|  0%| F|  |TAMS 0x00000000e5f00000, 0x00000000e5f00000| Untracked 
|  96|0x00000000e6000000, 0x00000000e6000000, 0x00000000e6100000|  0%| F|  |TAMS 0x00000000e6000000, 0x00000000e6000000| Untracked 
|  97|0x00000000e6100000, 0x00000000e6100000, 0x00000000e6200000|  0%| F|  |TAMS 0x00000000e6100000, 0x00000000e6100000| Untracked 
|  98|0x00000000e6200000, 0x00000000e6200000, 0x00000000e6300000|  0%| F|  |TAMS 0x00000000e6200000, 0x00000000e6200000| Untracked 
|  99|0x00000000e6300000, 0x00000000e6300000, 0x00000000e6400000|  0%| F|  |TAMS 0x00000000e6300000, 0x00000000e6300000| Untracked 
| 100|0x00000000e6400000, 0x00000000e6400000, 0x00000000e6500000|  0%| F|  |TAMS 0x00000000e6400000, 0x00000000e6400000| Untracked 
| 101|0x00000000e6500000, 0x00000000e6500000, 0x00000000e6600000|  0%| F|  |TAMS 0x00000000e6500000, 0x00000000e6500000| Untracked 
| 102|0x00000000e6600000, 0x00000000e6600000, 0x00000000e6700000|  0%| F|  |TAMS 0x00000000e6600000, 0x00000000e6600000| Untracked 
| 103|0x00000000e6700000, 0x00000000e6700000, 0x00000000e6800000|  0%| F|  |TAMS 0x00000000e6700000, 0x00000000e6700000| Untracked 
| 104|0x00000000e6800000, 0x00000000e6800000, 0x00000000e6900000|  0%| F|  |TAMS 0x00000000e6800000, 0x00000000e6800000| Untracked 
| 105|0x00000000e6900000, 0x00000000e6a00000, 0x00000000e6a00000|100%| E|  |TAMS 0x00000000e6900000, 0x00000000e6900000| Complete 
| 106|0x00000000e6a00000, 0x00000000e6b00000, 0x00000000e6b00000|100%| E|CS|TAMS 0x00000000e6a00000, 0x00000000e6a00000| Complete 
| 107|0x00000000e6b00000, 0x00000000e6c00000, 0x00000000e6c00000|100%| E|CS|TAMS 0x00000000e6b00000, 0x00000000e6b00000| Complete 
| 108|0x00000000e6c00000, 0x00000000e6d00000, 0x00000000e6d00000|100%| E|CS|TAMS 0x00000000e6c00000, 0x00000000e6c00000| Complete 
| 109|0x00000000e6d00000, 0x00000000e6e00000, 0x00000000e6e00000|100%| E|CS|TAMS 0x00000000e6d00000, 0x00000000e6d00000| Complete 
| 110|0x00000000e6e00000, 0x00000000e6f00000, 0x00000000e6f00000|100%| E|CS|TAMS 0x00000000e6e00000, 0x00000000e6e00000| Complete 
| 111|0x00000000e6f00000, 0x00000000e7000000, 0x00000000e7000000|100%| E|CS|TAMS 0x00000000e6f00000, 0x00000000e6f00000| Complete 
| 112|0x00000000e7000000, 0x00000000e7100000, 0x00000000e7100000|100%| E|CS|TAMS 0x00000000e7000000, 0x00000000e7000000| Complete 
| 113|0x00000000e7100000, 0x00000000e7200000, 0x00000000e7200000|100%| E|CS|TAMS 0x00000000e7100000, 0x00000000e7100000| Complete 
| 114|0x00000000e7200000, 0x00000000e7300000, 0x00000000e7300000|100%| E|CS|TAMS 0x00000000e7200000, 0x00000000e7200000| Complete 
| 115|0x00000000e7300000, 0x00000000e7400000, 0x00000000e7400000|100%| E|CS|TAMS 0x00000000e7300000, 0x00000000e7300000| Complete 
| 116|0x00000000e7400000, 0x00000000e7500000, 0x00000000e7500000|100%| E|CS|TAMS 0x00000000e7400000, 0x00000000e7400000| Complete 
| 117|0x00000000e7500000, 0x00000000e7600000, 0x00000000e7600000|100%| E|CS|TAMS 0x00000000e7500000, 0x00000000e7500000| Complete 
| 118|0x00000000e7600000, 0x00000000e7700000, 0x00000000e7700000|100%| E|CS|TAMS 0x00000000e7600000, 0x00000000e7600000| Complete 
| 119|0x00000000e7700000, 0x00000000e7800000, 0x00000000e7800000|100%| E|CS|TAMS 0x00000000e7700000, 0x00000000e7700000| Complete 
| 120|0x00000000e7800000, 0x00000000e7900000, 0x00000000e7900000|100%| E|CS|TAMS 0x00000000e7800000, 0x00000000e7800000| Complete 
| 121|0x00000000e7900000, 0x00000000e7a00000, 0x00000000e7a00000|100%| E|CS|TAMS 0x00000000e7900000, 0x00000000e7900000| Complete 
| 122|0x00000000e7a00000, 0x00000000e7b00000, 0x00000000e7b00000|100%| E|CS|TAMS 0x00000000e7a00000, 0x00000000e7a00000| Complete 
| 123|0x00000000e7b00000, 0x00000000e7c00000, 0x00000000e7c00000|100%| E|CS|TAMS 0x00000000e7b00000, 0x00000000e7b00000| Complete 
| 124|0x00000000e7c00000, 0x00000000e7d00000, 0x00000000e7d00000|100%| E|CS|TAMS 0x00000000e7c00000, 0x00000000e7c00000| Complete 
| 125|0x00000000e7d00000, 0x00000000e7e00000, 0x00000000e7e00000|100%| E|CS|TAMS 0x00000000e7d00000, 0x00000000e7d00000| Complete 
| 126|0x00000000e7e00000, 0x00000000e7f00000, 0x00000000e7f00000|100%| E|CS|TAMS 0x00000000e7e00000, 0x00000000e7e00000| Complete 
| 127|0x00000000e7f00000, 0x00000000e8000000, 0x00000000e8000000|100%| E|CS|TAMS 0x00000000e7f00000, 0x00000000e7f00000| Complete 
| 128|0x00000000e8000000, 0x00000000e8100000, 0x00000000e8100000|100%| E|CS|TAMS 0x00000000e8000000, 0x00000000e8000000| Complete 
| 129|0x00000000e8100000, 0x00000000e8200000, 0x00000000e8200000|100%| E|CS|TAMS 0x00000000e8100000, 0x00000000e8100000| Complete 
| 130|0x00000000e8200000, 0x00000000e8300000, 0x00000000e8300000|100%| E|CS|TAMS 0x00000000e8200000, 0x00000000e8200000| Complete 
| 131|0x00000000e8300000, 0x00000000e8400000, 0x00000000e8400000|100%| E|CS|TAMS 0x00000000e8300000, 0x00000000e8300000| Complete 
| 132|0x00000000e8400000, 0x00000000e8500000, 0x00000000e8500000|100%| E|CS|TAMS 0x00000000e8400000, 0x00000000e8400000| Complete 
| 133|0x00000000e8500000, 0x00000000e8600000, 0x00000000e8600000|100%| E|CS|TAMS 0x00000000e8500000, 0x00000000e8500000| Complete 
| 134|0x00000000e8600000, 0x00000000e8700000, 0x00000000e8700000|100%| E|CS|TAMS 0x00000000e8600000, 0x00000000e8600000| Complete 
| 135|0x00000000e8700000, 0x00000000e8800000, 0x00000000e8800000|100%| E|CS|TAMS 0x00000000e8700000, 0x00000000e8700000| Complete 
| 136|0x00000000e8800000, 0x00000000e8900000, 0x00000000e8900000|100%| E|CS|TAMS 0x00000000e8800000, 0x00000000e8800000| Complete 
| 137|0x00000000e8900000, 0x00000000e8a00000, 0x00000000e8a00000|100%| E|CS|TAMS 0x00000000e8900000, 0x00000000e8900000| Complete 
| 138|0x00000000e8a00000, 0x00000000e8b00000, 0x00000000e8b00000|100%| E|CS|TAMS 0x00000000e8a00000, 0x00000000e8a00000| Complete 
| 139|0x00000000e8b00000, 0x00000000e8c00000, 0x00000000e8c00000|100%| E|CS|TAMS 0x00000000e8b00000, 0x00000000e8b00000| Complete 
| 140|0x00000000e8c00000, 0x00000000e8d00000, 0x00000000e8d00000|100%| E|CS|TAMS 0x00000000e8c00000, 0x00000000e8c00000| Complete 
| 141|0x00000000e8d00000, 0x00000000e8d80eb0, 0x00000000e8e00000| 50%| S|CS|TAMS 0x00000000e8d00000, 0x00000000e8d00000| Complete 
| 142|0x00000000e8e00000, 0x00000000e8f00000, 0x00000000e8f00000|100%| S|CS|TAMS 0x00000000e8e00000, 0x00000000e8e00000| Complete 
| 143|0x00000000e8f00000, 0x00000000e9000000, 0x00000000e9000000|100%| S|CS|TAMS 0x00000000e8f00000, 0x00000000e8f00000| Complete 
| 144|0x00000000e9000000, 0x00000000e9100000, 0x00000000e9100000|100%| S|CS|TAMS 0x00000000e9000000, 0x00000000e9000000| Complete 
| 145|0x00000000e9100000, 0x00000000e9200000, 0x00000000e9200000|100%| S|CS|TAMS 0x00000000e9100000, 0x00000000e9100000| Complete 
| 146|0x00000000e9200000, 0x00000000e9300000, 0x00000000e9300000|100%| S|CS|TAMS 0x00000000e9200000, 0x00000000e9200000| Complete 
| 147|0x00000000e9300000, 0x00000000e9400000, 0x00000000e9400000|100%| S|CS|TAMS 0x00000000e9300000, 0x00000000e9300000| Complete 
| 148|0x00000000e9400000, 0x00000000e9500000, 0x00000000e9500000|100%| S|CS|TAMS 0x00000000e9400000, 0x00000000e9400000| Complete 
| 149|0x00000000e9500000, 0x00000000e9600000, 0x00000000e9600000|100%| E|CS|TAMS 0x00000000e9500000, 0x00000000e9500000| Complete 
| 150|0x00000000e9600000, 0x00000000e9700000, 0x00000000e9700000|100%| E|CS|TAMS 0x00000000e9600000, 0x00000000e9600000| Complete 
| 151|0x00000000e9700000, 0x00000000e9800000, 0x00000000e9800000|100%| E|CS|TAMS 0x00000000e9700000, 0x00000000e9700000| Complete 
| 152|0x00000000e9800000, 0x00000000e9900000, 0x00000000e9900000|100%| E|CS|TAMS 0x00000000e9800000, 0x00000000e9800000| Complete 
| 153|0x00000000e9900000, 0x00000000e9a00000, 0x00000000e9a00000|100%| E|CS|TAMS 0x00000000e9900000, 0x00000000e9900000| Complete 
| 154|0x00000000e9a00000, 0x00000000e9b00000, 0x00000000e9b00000|100%| E|CS|TAMS 0x00000000e9a00000, 0x00000000e9a00000| Complete 
| 155|0x00000000e9b00000, 0x00000000e9c00000, 0x00000000e9c00000|100%| E|CS|TAMS 0x00000000e9b00000, 0x00000000e9b00000| Complete 
| 156|0x00000000e9c00000, 0x00000000e9d00000, 0x00000000e9d00000|100%| E|CS|TAMS 0x00000000e9c00000, 0x00000000e9c00000| Complete 
| 157|0x00000000e9d00000, 0x00000000e9e00000, 0x00000000e9e00000|100%| E|CS|TAMS 0x00000000e9d00000, 0x00000000e9d00000| Complete 
| 158|0x00000000e9e00000, 0x00000000e9f00000, 0x00000000e9f00000|100%| E|CS|TAMS 0x00000000e9e00000, 0x00000000e9e00000| Complete 
| 159|0x00000000e9f00000, 0x00000000ea000000, 0x00000000ea000000|100%| E|CS|TAMS 0x00000000e9f00000, 0x00000000e9f00000| Complete 
| 160|0x00000000ea000000, 0x00000000ea100000, 0x00000000ea100000|100%| E|CS|TAMS 0x00000000ea000000, 0x00000000ea000000| Complete 
| 161|0x00000000ea100000, 0x00000000ea200000, 0x00000000ea200000|100%| E|CS|TAMS 0x00000000ea100000, 0x00000000ea100000| Complete 
| 162|0x00000000ea200000, 0x00000000ea300000, 0x00000000ea300000|100%| E|CS|TAMS 0x00000000ea200000, 0x00000000ea200000| Complete 
| 163|0x00000000ea300000, 0x00000000ea400000, 0x00000000ea400000|100%| E|CS|TAMS 0x00000000ea300000, 0x00000000ea300000| Complete 
| 164|0x00000000ea400000, 0x00000000ea500000, 0x00000000ea500000|100%| E|CS|TAMS 0x00000000ea400000, 0x00000000ea400000| Complete 
| 165|0x00000000ea500000, 0x00000000ea600000, 0x00000000ea600000|100%| E|CS|TAMS 0x00000000ea500000, 0x00000000ea500000| Complete 
| 166|0x00000000ea600000, 0x00000000ea700000, 0x00000000ea700000|100%| E|CS|TAMS 0x00000000ea600000, 0x00000000ea600000| Complete 
| 167|0x00000000ea700000, 0x00000000ea800000, 0x00000000ea800000|100%| E|CS|TAMS 0x00000000ea700000, 0x00000000ea700000| Complete 
| 168|0x00000000ea800000, 0x00000000ea900000, 0x00000000ea900000|100%| E|CS|TAMS 0x00000000ea800000, 0x00000000ea800000| Complete 
| 169|0x00000000ea900000, 0x00000000eaa00000, 0x00000000eaa00000|100%| E|CS|TAMS 0x00000000ea900000, 0x00000000ea900000| Complete 
| 170|0x00000000eaa00000, 0x00000000eab00000, 0x00000000eab00000|100%| E|CS|TAMS 0x00000000eaa00000, 0x00000000eaa00000| Complete 
| 171|0x00000000eab00000, 0x00000000eac00000, 0x00000000eac00000|100%| E|CS|TAMS 0x00000000eab00000, 0x00000000eab00000| Complete 
| 172|0x00000000eac00000, 0x00000000ead00000, 0x00000000ead00000|100%| E|CS|TAMS 0x00000000eac00000, 0x00000000eac00000| Complete 
| 173|0x00000000ead00000, 0x00000000eae00000, 0x00000000eae00000|100%| E|CS|TAMS 0x00000000ead00000, 0x00000000ead00000| Complete 
| 174|0x00000000eae00000, 0x00000000eaf00000, 0x00000000eaf00000|100%| E|CS|TAMS 0x00000000eae00000, 0x00000000eae00000| Complete 
| 175|0x00000000eaf00000, 0x00000000eb000000, 0x00000000eb000000|100%| E|CS|TAMS 0x00000000eaf00000, 0x00000000eaf00000| Complete 
| 176|0x00000000eb000000, 0x00000000eb100000, 0x00000000eb100000|100%| E|CS|TAMS 0x00000000eb000000, 0x00000000eb000000| Complete 
| 177|0x00000000eb100000, 0x00000000eb200000, 0x00000000eb200000|100%| E|  |TAMS 0x00000000eb100000, 0x00000000eb100000| Complete 
| 178|0x00000000eb200000, 0x00000000eb300000, 0x00000000eb300000|100%| E|CS|TAMS 0x00000000eb200000, 0x00000000eb200000| Complete 
| 179|0x00000000eb300000, 0x00000000eb400000, 0x00000000eb400000|100%| E|CS|TAMS 0x00000000eb300000, 0x00000000eb300000| Complete 
| 180|0x00000000eb400000, 0x00000000eb500000, 0x00000000eb500000|100%| E|CS|TAMS 0x00000000eb400000, 0x00000000eb400000| Complete 
| 181|0x00000000eb500000, 0x00000000eb600000, 0x00000000eb600000|100%| E|CS|TAMS 0x00000000eb500000, 0x00000000eb500000| Complete 
| 182|0x00000000eb600000, 0x00000000eb700000, 0x00000000eb700000|100%| E|CS|TAMS 0x00000000eb600000, 0x00000000eb600000| Complete 
| 183|0x00000000eb700000, 0x00000000eb800000, 0x00000000eb800000|100%| E|CS|TAMS 0x00000000eb700000, 0x00000000eb700000| Complete 
| 184|0x00000000eb800000, 0x00000000eb900000, 0x00000000eb900000|100%| E|CS|TAMS 0x00000000eb800000, 0x00000000eb800000| Complete 
| 185|0x00000000eb900000, 0x00000000eba00000, 0x00000000eba00000|100%| E|CS|TAMS 0x00000000eb900000, 0x00000000eb900000| Complete 
| 186|0x00000000eba00000, 0x00000000ebb00000, 0x00000000ebb00000|100%| E|CS|TAMS 0x00000000eba00000, 0x00000000eba00000| Complete 
| 187|0x00000000ebb00000, 0x00000000ebc00000, 0x00000000ebc00000|100%| E|CS|TAMS 0x00000000ebb00000, 0x00000000ebb00000| Complete 
| 188|0x00000000ebc00000, 0x00000000ebd00000, 0x00000000ebd00000|100%| E|CS|TAMS 0x00000000ebc00000, 0x00000000ebc00000| Complete 
| 189|0x00000000ebd00000, 0x00000000ebe00000, 0x00000000ebe00000|100%| E|CS|TAMS 0x00000000ebd00000, 0x00000000ebd00000| Complete 
| 190|0x00000000ebe00000, 0x00000000ebf00000, 0x00000000ebf00000|100%| E|CS|TAMS 0x00000000ebe00000, 0x00000000ebe00000| Complete 
| 191|0x00000000ebf00000, 0x00000000ec000000, 0x00000000ec000000|100%| E|CS|TAMS 0x00000000ebf00000, 0x00000000ebf00000| Complete 
| 192|0x00000000ec000000, 0x00000000ec100000, 0x00000000ec100000|100%| E|CS|TAMS 0x00000000ec000000, 0x00000000ec000000| Complete 
| 193|0x00000000ec100000, 0x00000000ec200000, 0x00000000ec200000|100%| E|CS|TAMS 0x00000000ec100000, 0x00000000ec100000| Complete 
| 194|0x00000000ec200000, 0x00000000ec300000, 0x00000000ec300000|100%| E|CS|TAMS 0x00000000ec200000, 0x00000000ec200000| Complete 
| 195|0x00000000ec300000, 0x00000000ec400000, 0x00000000ec400000|100%| E|CS|TAMS 0x00000000ec300000, 0x00000000ec300000| Complete 
| 196|0x00000000ec400000, 0x00000000ec500000, 0x00000000ec500000|100%| E|CS|TAMS 0x00000000ec400000, 0x00000000ec400000| Complete 
| 197|0x00000000ec500000, 0x00000000ec600000, 0x00000000ec600000|100%| E|CS|TAMS 0x00000000ec500000, 0x00000000ec500000| Complete 
| 198|0x00000000ec600000, 0x00000000ec700000, 0x00000000ec700000|100%| E|CS|TAMS 0x00000000ec600000, 0x00000000ec600000| Complete 
| 199|0x00000000ec700000, 0x00000000ec800000, 0x00000000ec800000|100%| E|CS|TAMS 0x00000000ec700000, 0x00000000ec700000| Complete 
| 200|0x00000000ec800000, 0x00000000ec900000, 0x00000000ec900000|100%| E|CS|TAMS 0x00000000ec800000, 0x00000000ec800000| Complete 
| 201|0x00000000ec900000, 0x00000000eca00000, 0x00000000eca00000|100%| E|CS|TAMS 0x00000000ec900000, 0x00000000ec900000| Complete 
| 202|0x00000000eca00000, 0x00000000ecb00000, 0x00000000ecb00000|100%| E|CS|TAMS 0x00000000eca00000, 0x00000000eca00000| Complete 
| 203|0x00000000ecb00000, 0x00000000ecc00000, 0x00000000ecc00000|100%| E|CS|TAMS 0x00000000ecb00000, 0x00000000ecb00000| Complete 
| 204|0x00000000ecc00000, 0x00000000ecd00000, 0x00000000ecd00000|100%| E|CS|TAMS 0x00000000ecc00000, 0x00000000ecc00000| Complete 
| 205|0x00000000ecd00000, 0x00000000ece00000, 0x00000000ece00000|100%| E|CS|TAMS 0x00000000ecd00000, 0x00000000ecd00000| Complete 
| 206|0x00000000ece00000, 0x00000000ecf00000, 0x00000000ecf00000|100%| E|CS|TAMS 0x00000000ece00000, 0x00000000ece00000| Complete 
| 207|0x00000000ecf00000, 0x00000000ed000000, 0x00000000ed000000|100%| E|CS|TAMS 0x00000000ecf00000, 0x00000000ecf00000| Complete 
| 208|0x00000000ed000000, 0x00000000ed100000, 0x00000000ed100000|100%| E|CS|TAMS 0x00000000ed000000, 0x00000000ed000000| Complete 
| 209|0x00000000ed100000, 0x00000000ed200000, 0x00000000ed200000|100%| E|CS|TAMS 0x00000000ed100000, 0x00000000ed100000| Complete 
| 210|0x00000000ed200000, 0x00000000ed300000, 0x00000000ed300000|100%| E|CS|TAMS 0x00000000ed200000, 0x00000000ed200000| Complete 
| 211|0x00000000ed300000, 0x00000000ed400000, 0x00000000ed400000|100%| E|CS|TAMS 0x00000000ed300000, 0x00000000ed300000| Complete 
| 212|0x00000000ed400000, 0x00000000ed500000, 0x00000000ed500000|100%| E|CS|TAMS 0x00000000ed400000, 0x00000000ed400000| Complete 
| 213|0x00000000ed500000, 0x00000000ed600000, 0x00000000ed600000|100%| E|CS|TAMS 0x00000000ed500000, 0x00000000ed500000| Complete 
| 214|0x00000000ed600000, 0x00000000ed700000, 0x00000000ed700000|100%| E|CS|TAMS 0x00000000ed600000, 0x00000000ed600000| Complete 
| 215|0x00000000ed700000, 0x00000000ed800000, 0x00000000ed800000|100%| E|CS|TAMS 0x00000000ed700000, 0x00000000ed700000| Complete 
| 216|0x00000000ed800000, 0x00000000ed900000, 0x00000000ed900000|100%| E|CS|TAMS 0x00000000ed800000, 0x00000000ed800000| Complete 
| 217|0x00000000ed900000, 0x00000000eda00000, 0x00000000eda00000|100%| E|CS|TAMS 0x00000000ed900000, 0x00000000ed900000| Complete 
| 218|0x00000000eda00000, 0x00000000edb00000, 0x00000000edb00000|100%| E|CS|TAMS 0x00000000eda00000, 0x00000000eda00000| Complete 
| 219|0x00000000edb00000, 0x00000000edc00000, 0x00000000edc00000|100%| E|CS|TAMS 0x00000000edb00000, 0x00000000edb00000| Complete 
| 220|0x00000000edc00000, 0x00000000edd00000, 0x00000000edd00000|100%| E|CS|TAMS 0x00000000edc00000, 0x00000000edc00000| Complete 
| 221|0x00000000edd00000, 0x00000000ede00000, 0x00000000ede00000|100%| E|CS|TAMS 0x00000000edd00000, 0x00000000edd00000| Complete 
| 222|0x00000000ede00000, 0x00000000edf00000, 0x00000000edf00000|100%| E|CS|TAMS 0x00000000ede00000, 0x00000000ede00000| Complete 
| 223|0x00000000edf00000, 0x00000000ee000000, 0x00000000ee000000|100%| E|CS|TAMS 0x00000000edf00000, 0x00000000edf00000| Complete 
| 224|0x00000000ee000000, 0x00000000ee100000, 0x00000000ee100000|100%| E|CS|TAMS 0x00000000ee000000, 0x00000000ee000000| Complete 
| 225|0x00000000ee100000, 0x00000000ee200000, 0x00000000ee200000|100%| E|CS|TAMS 0x00000000ee100000, 0x00000000ee100000| Complete 
| 226|0x00000000ee200000, 0x00000000ee300000, 0x00000000ee300000|100%| E|CS|TAMS 0x00000000ee200000, 0x00000000ee200000| Complete 
| 227|0x00000000ee300000, 0x00000000ee400000, 0x00000000ee400000|100%| E|CS|TAMS 0x00000000ee300000, 0x00000000ee300000| Complete 
| 228|0x00000000ee400000, 0x00000000ee500000, 0x00000000ee500000|100%| E|CS|TAMS 0x00000000ee400000, 0x00000000ee400000| Complete 
| 229|0x00000000ee500000, 0x00000000ee600000, 0x00000000ee600000|100%| E|CS|TAMS 0x00000000ee500000, 0x00000000ee500000| Complete 
| 230|0x00000000ee600000, 0x00000000ee700000, 0x00000000ee700000|100%| E|CS|TAMS 0x00000000ee600000, 0x00000000ee600000| Complete 
| 231|0x00000000ee700000, 0x00000000ee800000, 0x00000000ee800000|100%| E|CS|TAMS 0x00000000ee700000, 0x00000000ee700000| Complete 
| 232|0x00000000ee800000, 0x00000000ee900000, 0x00000000ee900000|100%| E|CS|TAMS 0x00000000ee800000, 0x00000000ee800000| Complete 
| 233|0x00000000ee900000, 0x00000000eea00000, 0x00000000eea00000|100%| E|CS|TAMS 0x00000000ee900000, 0x00000000ee900000| Complete 
| 234|0x00000000eea00000, 0x00000000eeb00000, 0x00000000eeb00000|100%| E|CS|TAMS 0x00000000eea00000, 0x00000000eea00000| Complete 
| 235|0x00000000eeb00000, 0x00000000eec00000, 0x00000000eec00000|100%| E|CS|TAMS 0x00000000eeb00000, 0x00000000eeb00000| Complete 
| 236|0x00000000eec00000, 0x00000000eed00000, 0x00000000eed00000|100%| E|CS|TAMS 0x00000000eec00000, 0x00000000eec00000| Complete 
| 237|0x00000000eed00000, 0x00000000eee00000, 0x00000000eee00000|100%| E|CS|TAMS 0x00000000eed00000, 0x00000000eed00000| Complete 
| 238|0x00000000eee00000, 0x00000000eef00000, 0x00000000eef00000|100%| E|CS|TAMS 0x00000000eee00000, 0x00000000eee00000| Complete 
| 239|0x00000000eef00000, 0x00000000ef000000, 0x00000000ef000000|100%| E|CS|TAMS 0x00000000eef00000, 0x00000000eef00000| Complete 
| 240|0x00000000ef000000, 0x00000000ef100000, 0x00000000ef100000|100%| E|CS|TAMS 0x00000000ef000000, 0x00000000ef000000| Complete 
| 241|0x00000000ef100000, 0x00000000ef200000, 0x00000000ef200000|100%| E|CS|TAMS 0x00000000ef100000, 0x00000000ef100000| Complete 
| 242|0x00000000ef200000, 0x00000000ef300000, 0x00000000ef300000|100%| E|CS|TAMS 0x00000000ef200000, 0x00000000ef200000| Complete 
| 243|0x00000000ef300000, 0x00000000ef400000, 0x00000000ef400000|100%| E|CS|TAMS 0x00000000ef300000, 0x00000000ef300000| Complete 
| 244|0x00000000ef400000, 0x00000000ef500000, 0x00000000ef500000|100%| E|CS|TAMS 0x00000000ef400000, 0x00000000ef400000| Complete 
| 245|0x00000000ef500000, 0x00000000ef600000, 0x00000000ef600000|100%| E|CS|TAMS 0x00000000ef500000, 0x00000000ef500000| Complete 
| 246|0x00000000ef600000, 0x00000000ef700000, 0x00000000ef700000|100%| E|CS|TAMS 0x00000000ef600000, 0x00000000ef600000| Complete 
| 247|0x00000000ef700000, 0x00000000ef800000, 0x00000000ef800000|100%| E|CS|TAMS 0x00000000ef700000, 0x00000000ef700000| Complete 
| 248|0x00000000ef800000, 0x00000000ef900000, 0x00000000ef900000|100%| E|CS|TAMS 0x00000000ef800000, 0x00000000ef800000| Complete 
| 249|0x00000000ef900000, 0x00000000efa00000, 0x00000000efa00000|100%| E|CS|TAMS 0x00000000ef900000, 0x00000000ef900000| Complete 
| 250|0x00000000efa00000, 0x00000000efb00000, 0x00000000efb00000|100%| E|CS|TAMS 0x00000000efa00000, 0x00000000efa00000| Complete 
| 251|0x00000000efb00000, 0x00000000efc00000, 0x00000000efc00000|100%| E|CS|TAMS 0x00000000efb00000, 0x00000000efb00000| Complete 
| 252|0x00000000efc00000, 0x00000000efd00000, 0x00000000efd00000|100%| E|CS|TAMS 0x00000000efc00000, 0x00000000efc00000| Complete 
| 253|0x00000000efd00000, 0x00000000efe00000, 0x00000000efe00000|100%| E|CS|TAMS 0x00000000efd00000, 0x00000000efd00000| Complete 
| 254|0x00000000efe00000, 0x00000000eff00000, 0x00000000eff00000|100%| E|CS|TAMS 0x00000000efe00000, 0x00000000efe00000| Complete 
| 255|0x00000000eff00000, 0x00000000f0000000, 0x00000000f0000000|100%| E|CS|TAMS 0x00000000eff00000, 0x00000000eff00000| Complete 

Card table byte_map: [0x00000167c5810000,0x00000167c5910000] _byte_map_base: 0x00000167c5110000

Marking Bits (Prev, Next): (CMBitMap*) 0x00000167ae977860, (CMBitMap*) 0x00000167ae9778a0
 Prev Bits: [0x00000167c5a10000, 0x00000167c6210000)
 Next Bits: [0x00000167c6210000, 0x00000167c6a10000)

Polling page: 0x00000167ae110000

Metaspace:

Usage:
  Non-class:     46.81 MB used.
      Class:      7.59 MB used.
       Both:     54.40 MB used.

Virtual space:
  Non-class space:       48.00 MB reserved,      47.12 MB ( 98%) committed,  6 nodes.
      Class space:      308.00 MB reserved,       7.88 MB (  3%) committed,  1 nodes.
             Both:      356.00 MB reserved,      55.00 MB ( 15%) committed. 

Chunk freelists:
   Non-Class:  870.00 KB
       Class:  42.00 KB
        Both:  912.00 KB

MaxMetaspaceSize: 384.00 MB
CompressedClassSpaceSize: 308.00 MB
Initial GC threshold: 21.00 MB
Current GC threshold: 58.69 MB
CDS: on
MetaspaceReclaimPolicy: balanced
 - commit_granule_bytes: 65536.
 - commit_granule_words: 8192.
 - virtual_space_node_default_size: 1048576.
 - enlarge_chunks_in_place: 1.
 - new_chunks_are_fully_committed: 0.
 - uncommit_free_chunks: 1.
 - use_allocation_guard: 0.
 - handle_deallocations: 1.


Internal statistics:

num_allocs_failed_limit: 6.
num_arena_births: 638.
num_arena_deaths: 0.
num_vsnodes_births: 7.
num_vsnodes_deaths: 0.
num_space_committed: 880.
num_space_uncommitted: 0.
num_chunks_returned_to_freelist: 6.
num_chunks_taken_from_freelist: 2956.
num_chunk_merges: 6.
num_chunk_splits: 1910.
num_chunks_enlarged: 1264.
num_purges: 0.
num_inconsistent_stats: 0.

CodeHeap 'non-profiled nmethods': size=120000Kb used=4158Kb max_used=4158Kb free=115841Kb
 bounds [0x00000167bdc90000, 0x00000167be0a0000, 0x00000167c51c0000]
CodeHeap 'profiled nmethods': size=120000Kb used=14116Kb max_used=14116Kb free=105883Kb
 bounds [0x00000167b61c0000, 0x00000167b6f90000, 0x00000167bd6f0000]
CodeHeap 'non-nmethods': size=5760Kb used=2338Kb max_used=2392Kb free=3421Kb
 bounds [0x00000167bd6f0000, 0x00000167bd960000, 0x00000167bdc90000]
 total_blobs=7964 nmethods=7108 adapters=768
 compilation: enabled
              stopped_count=0, restarted_count=0
 full_count=0

Compilation events (20 events):
Event: 92.038 Thread 0x00000167c966ed60 nmethod 7893 0x00000167b6f83e10 code [0x00000167b6f84060, 0x00000167b6f84ac8]
Event: 92.039 Thread 0x00000167c9663920 7894       4       io.spring.gradle.dependencymanagement.org.apache.maven.model.interpolation.StringSearchModelInterpolator$InterpolateObjectAction::traverseObjectWithParents (49 bytes)
Event: 92.039 Thread 0x00000167c966ed60 7896       1       io.spring.gradle.dependencymanagement.org.apache.maven.model.Model::getVersion (5 bytes)
Event: 92.039 Thread 0x00000167c966ed60 nmethod 7896 0x00000167be09f090 code [0x00000167be09f220, 0x00000167be09f2f8]
Event: 92.041 Thread 0x00000167c966ed60 7897       3       org.gradle.util.Path::getPath (20 bytes)
Event: 92.042 Thread 0x00000167c966ed60 nmethod 7897 0x00000167b6f84e90 code [0x00000167b6f85040, 0x00000167b6f85228]
Event: 92.148 Thread 0x00000167c966ed60 7898       3       java.util.ArrayDeque::getFirst (26 bytes)
Event: 92.149 Thread 0x00000167c966ed60 nmethod 7898 0x00000167b6f85310 code [0x00000167b6f854c0, 0x00000167b6f85768]
Event: 92.162 Thread 0x00000167c966ed60 7899       1       java.lang.Thread::isDaemon (5 bytes)
Event: 92.162 Thread 0x00000167c966ed60 nmethod 7899 0x00000167be09f390 code [0x00000167be09f520, 0x00000167be09f5f8]
Event: 92.162 Thread 0x00000167c966ed60 7900       1       java.lang.Thread::getPriority (5 bytes)
Event: 92.162 Thread 0x00000167c966ed60 nmethod 7900 0x00000167be09f690 code [0x00000167be09f820, 0x00000167be09f8f8]
Event: 92.171 Thread 0x00000167c966ed60 7901       3       com.esotericsoftware.kryo.io.Output::writeLong (162 bytes)
Event: 92.171 Thread 0x00000167c966ed60 nmethod 7901 0x00000167b6f85910 code [0x00000167b6f85ac0, 0x00000167b6f85dc8]
Event: 92.237 Thread 0x00000167c966ed60 7902   !   3       org.gradle.cache.internal.locklistener.FileLockPacketPayload::encode (92 bytes)
Event: 92.242 Thread 0x00000167c966ed60 nmethod 7902 0x00000167b6f85f90 code [0x00000167b6f862e0, 0x00000167b6f87958]
Event: 92.286 Thread 0x00000167c966ed60 7903       3       org.gradle.cache.internal.btree.CachingBlockStore::flush (63 bytes)
Event: 92.287 Thread 0x00000167c966ed60 nmethod 7903 0x00000167b6f88290 code [0x00000167b6f884c0, 0x00000167b6f88d08]
Event: 92.287 Thread 0x00000167c966ed60 7904       3       org.gradle.cache.internal.btree.FileBackedBlockStore::flush (1 bytes)
Event: 92.287 Thread 0x00000167c966ed60 nmethod 7904 0x00000167b6f88f10 code [0x00000167b6f890a0, 0x00000167b6f891b8]

GC Heap History (12 events):
Event: 1.711 GC heap before
{Heap before GC invocations=0 (full 0):
 garbage-first heap   total 262144K, used 22528K [0x00000000e0000000, 0x0000000100000000)
  region size 1024K, 23 young (23552K), 0 survivors (0K)
 Metaspace       used 1070K, committed 1216K, reserved 323584K
  class space    used 73K, committed 128K, reserved 315392K
}
Event: 1.717 GC heap after
{Heap after GC invocations=1 (full 0):
 garbage-first heap   total 262144K, used 2687K [0x00000000e0000000, 0x0000000100000000)
  region size 1024K, 3 young (3072K), 3 survivors (3072K)
 Metaspace       used 1070K, committed 1216K, reserved 323584K
  class space    used 73K, committed 128K, reserved 315392K
}
Event: 4.927 GC heap before
{Heap before GC invocations=1 (full 0):
 garbage-first heap   total 262144K, used 40575K [0x00000000e0000000, 0x0000000100000000)
  region size 1024K, 38 young (38912K), 3 survivors (3072K)
 Metaspace       used 4422K, committed 4608K, reserved 323584K
  class space    used 549K, committed 640K, reserved 315392K
}
Event: 4.934 GC heap after
{Heap after GC invocations=2 (full 0):
 garbage-first heap   total 262144K, used 10879K [0x00000000e0000000, 0x0000000100000000)
  region size 1024K, 5 young (5120K), 5 survivors (5120K)
 Metaspace       used 4422K, committed 4608K, reserved 323584K
  class space    used 549K, committed 640K, reserved 315392K
}
Event: 7.784 GC heap before
{Heap before GC invocations=2 (full 0):
 garbage-first heap   total 262144K, used 59007K [0x00000000e0000000, 0x0000000100000000)
  region size 1024K, 50 young (51200K), 5 survivors (5120K)
 Metaspace       used 5032K, committed 5248K, reserved 323584K
  class space    used 658K, committed 768K, reserved 315392K
}
Event: 7.794 GC heap after
{Heap after GC invocations=3 (full 0):
 garbage-first heap   total 262144K, used 16078K [0x00000000e0000000, 0x0000000100000000)
  region size 1024K, 7 young (7168K), 7 survivors (7168K)
 Metaspace       used 5032K, committed 5248K, reserved 323584K
  class space    used 658K, committed 768K, reserved 315392K
}
Event: 22.506 GC heap before
{Heap before GC invocations=3 (full 0):
 garbage-first heap   total 262144K, used 123598K [0x00000000e0000000, 0x0000000100000000)
  region size 1024K, 113 young (115712K), 7 survivors (7168K)
 Metaspace       used 21165K, committed 21504K, reserved 339968K
  class space    used 3093K, committed 3264K, reserved 315392K
}
Event: 22.666 GC heap after
{Heap after GC invocations=4 (full 0):
 garbage-first heap   total 262144K, used 23992K [0x00000000e0000000, 0x0000000100000000)
  region size 1024K, 15 young (15360K), 15 survivors (15360K)
 Metaspace       used 21165K, committed 21504K, reserved 339968K
  class space    used 3093K, committed 3264K, reserved 315392K
}
Event: 41.644 GC heap before
{Heap before GC invocations=5 (full 0):
 garbage-first heap   total 262144K, used 144824K [0x00000000e0000000, 0x0000000100000000)
  region size 1024K, 130 young (133120K), 15 survivors (15360K)
 Metaspace       used 35578K, committed 35968K, reserved 348160K
  class space    used 4940K, committed 5120K, reserved 315392K
}
Event: 41.682 GC heap after
{Heap after GC invocations=6 (full 0):
 garbage-first heap   total 262144K, used 32095K [0x00000000e0000000, 0x0000000100000000)
  region size 1024K, 16 young (16384K), 16 survivors (16384K)
 Metaspace       used 35578K, committed 35968K, reserved 348160K
  class space    used 4940K, committed 5120K, reserved 315392K
}
Event: 52.865 GC heap before
{Heap before GC invocations=7 (full 0):
 garbage-first heap   total 262144K, used 142687K [0x00000000e0000000, 0x0000000100000000)
  region size 1024K, 123 young (125952K), 16 survivors (16384K)
 Metaspace       used 46580K, committed 47104K, reserved 364544K
  class space    used 6566K, committed 6784K, reserved 315392K
}
Event: 52.894 GC heap after
{Heap after GC invocations=8 (full 0):
 garbage-first heap   total 262144K, used 38370K [0x00000000e0000000, 0x0000000100000000)
  region size 1024K, 8 young (8192K), 8 survivors (8192K)
 Metaspace       used 46580K, committed 47104K, reserved 364544K
  class space    used 6566K, committed 6784K, reserved 315392K
}

Deoptimization events (20 events):
Event: 86.654 Thread 0x00000167cb076810 Uncommon trap: trap_request=0xffffff45 fr.pc=0x00000167be06d4c8 relative=0x00000000000004a8
Event: 86.654 Thread 0x00000167cb076810 Uncommon trap: reason=unstable_if action=reinterpret pc=0x00000167be06d4c8 method=java.lang.String.trim()Ljava/lang/String; @ 4 c2
Event: 86.654 Thread 0x00000167cb076810 DEOPT PACKING pc=0x00000167be06d4c8 sp=0x00000041a1bf7690
Event: 86.654 Thread 0x00000167cb076810 DEOPT UNPACKING pc=0x00000167bd7423a3 sp=0x00000041a1bf7670 mode 2
Event: 86.673 Thread 0x00000167cb076810 Uncommon trap: trap_request=0xffffff45 fr.pc=0x00000167be066d50 relative=0x0000000000001890
Event: 86.673 Thread 0x00000167cb076810 Uncommon trap: reason=unstable_if action=reinterpret pc=0x00000167be066d50 method=java.lang.String.indexOf(Ljava/lang/String;)I @ 10 c2
Event: 86.673 Thread 0x00000167cb076810 DEOPT PACKING pc=0x00000167be066d50 sp=0x00000041a1bf7790
Event: 86.673 Thread 0x00000167cb076810 DEOPT UNPACKING pc=0x00000167bd7423a3 sp=0x00000041a1bf7560 mode 2
Event: 88.252 Thread 0x00000167cb076810 Uncommon trap: trap_request=0xffffff45 fr.pc=0x00000167be07e4a0 relative=0x0000000000000d00
Event: 88.252 Thread 0x00000167cb076810 Uncommon trap: reason=unstable_if action=reinterpret pc=0x00000167be07e4a0 method=io.spring.gradle.dependencymanagement.org.codehaus.plexus.util.xml.pull.MXParser.nextImpl()I @ 280 c2
Event: 88.252 Thread 0x00000167cb076810 DEOPT PACKING pc=0x00000167be07e4a0 sp=0x00000041a1bf72f0
Event: 88.252 Thread 0x00000167cb076810 DEOPT UNPACKING pc=0x00000167bd7423a3 sp=0x00000041a1bf7270 mode 2
Event: 91.485 Thread 0x00000167cb076810 Uncommon trap: trap_request=0xffffff45 fr.pc=0x00000167be08759c relative=0x000000000000027c
Event: 91.485 Thread 0x00000167cb076810 Uncommon trap: reason=unstable_if action=reinterpret pc=0x00000167be08759c method=io.spring.gradle.dependencymanagement.org.codehaus.plexus.util.xml.pull.MXParser.isS(C)Z @ 21 c2
Event: 91.485 Thread 0x00000167cb076810 DEOPT PACKING pc=0x00000167be08759c sp=0x00000041a1bf74a0
Event: 91.485 Thread 0x00000167cb076810 DEOPT UNPACKING pc=0x00000167bd7423a3 sp=0x00000041a1bf73c0 mode 2
Event: 91.577 Thread 0x00000167cb076810 Uncommon trap: trap_request=0xffffff45 fr.pc=0x00000167be0922ac relative=0x00000000000000ac
Event: 91.577 Thread 0x00000167cb076810 Uncommon trap: reason=unstable_if action=reinterpret pc=0x00000167be0922ac method=io.spring.gradle.dependencymanagement.org.apache.maven.model.validation.DefaultModelValidator.isValidIdCharacter(C)Z @ 45 c2
Event: 91.577 Thread 0x00000167cb076810 DEOPT PACKING pc=0x00000167be0922ac sp=0x00000041a1bf7540
Event: 91.577 Thread 0x00000167cb076810 DEOPT UNPACKING pc=0x00000167bd7423a3 sp=0x00000041a1bf74c8 mode 2

Classes unloaded (0 events):
No events

Classes redefined (0 events):
No events

Internal exceptions (20 events):
Event: 57.151 Thread 0x00000167cea60590 Implicit null exception at 0x00000167bdf5fbdd to 0x00000167bdf5fd18
Event: 57.330 Thread 0x00000167cea64420 Exception <a 'java/lang/NoSuchMethodError'{0x00000000e9aa5d58}: 'void java.lang.invoke.DirectMethodHandle$Holder.invokeStatic(java.lang.Object, long)'> (0x00000000e9aa5d58) 
thrown [s\open\src\hotspot\share\interpreter\linkResolver.cpp, line 759]
Event: 57.335 Thread 0x00000167cea64420 Exception <a 'java/lang/NoSuchMethodError'{0x00000000e9ab0b78}: 'java.lang.Object java.lang.invoke.DirectMethodHandle$Holder.invokeStatic(java.lang.Object, java.lang.Object, long, java.lang.Object)'> (0x00000000e9ab0b78) 
thrown [s\open\src\hotspot\share\interpreter\linkResolver.cpp, line 759]
Event: 57.338 Thread 0x00000167cea64420 Exception <a 'java/lang/NoSuchMethodError'{0x00000000e9ab4350}: 'java.lang.Object java.lang.invoke.DirectMethodHandle$Holder.invokeStaticInit(java.lang.Object, java.lang.Object, long, java.lang.Object)'> (0x00000000e9ab4350) 
thrown [s\open\src\hotspot\share\interpreter\linkResolver.cpp, line 759]
Event: 60.390 Thread 0x00000167cea64420 Exception <a 'java/lang/NoSuchMethodError'{0x00000000e9aebd10}: 'void java.lang.invoke.DirectMethodHandle$Holder.invokeSpecial(java.lang.Object, java.lang.Object, int)'> (0x00000000e9aebd10) 
thrown [s\open\src\hotspot\share\interpreter\linkResolver.cpp, line 759]
Event: 72.387 Thread 0x00000167cb076810 Implicit null exception at 0x00000167be0344cf to 0x00000167be0355a4
Event: 72.842 Thread 0x00000167cb076810 Exception <a 'java/lang/ClassNotFoundException'{0x00000000e7e48fd8}: org/gradle/plugin/software/internal/SoftwareFeaturesDynamicObject_DecoratedBeanInfo> (0x00000000e7e48fd8) 
thrown [s\open\src\hotspot\share\classfile\systemDictionary.cpp, line 256]
Event: 72.860 Thread 0x00000167cb076810 Exception <a 'java/lang/ClassNotFoundException'{0x00000000e7e57230}: org/gradle/plugin/software/internal/SoftwareFeaturesDynamicObjectBeanInfo> (0x00000000e7e57230) 
thrown [s\open\src\hotspot\share\classfile\systemDictionary.cpp, line 256]
Event: 72.865 Thread 0x00000167cb076810 Exception <a 'java/lang/ClassNotFoundException'{0x00000000e7e65ad0}: org/gradle/internal/metaobject/AbstractDynamicObjectBeanInfo> (0x00000000e7e65ad0) 
thrown [s\open\src\hotspot\share\classfile\systemDictionary.cpp, line 256]
Event: 72.865 Thread 0x00000167cb076810 Exception <a 'java/lang/ClassNotFoundException'{0x00000000e7e740b0}: org/gradle/internal/metaobject/AbstractDynamicObjectCustomizer> (0x00000000e7e740b0) 
thrown [s\open\src\hotspot\share\classfile\systemDictionary.cpp, line 256]
Event: 72.894 Thread 0x00000167cb076810 Exception <a 'java/lang/ClassNotFoundException'{0x00000000e7e8e310}: org/gradle/plugin/software/internal/SoftwareFeaturesDynamicObjectCustomizer> (0x00000000e7e8e310) 
thrown [s\open\src\hotspot\share\classfile\systemDictionary.cpp, line 256]
Event: 72.910 Thread 0x00000167cb076810 Exception <a 'java/lang/ClassNotFoundException'{0x00000000e7ea3890}: org/gradle/plugin/software/internal/SoftwareFeaturesDynamicObject_DecoratedCustomizer> (0x00000000e7ea3890) 
thrown [s\open\src\hotspot\share\classfile\systemDictionary.cpp, line 256]
Event: 73.003 Thread 0x00000167cb076810 Exception <a 'java/lang/ClassNotFoundException'{0x00000000e7ee6690}: org/gradle/api/internal/plugins/NaggingBasePluginConventionBeanInfo> (0x00000000e7ee6690) 
thrown [s\open\src\hotspot\share\classfile\systemDictionary.cpp, line 256]
Event: 73.025 Thread 0x00000167cb076810 Exception <a 'java/lang/ClassNotFoundException'{0x00000000e7ef60c0}: org/gradle/api/plugins/BasePluginConventionBeanInfo> (0x00000000e7ef60c0) 
thrown [s\open\src\hotspot\share\classfile\systemDictionary.cpp, line 256]
Event: 73.044 Thread 0x00000167cb076810 Exception <a 'java/lang/ClassNotFoundException'{0x00000000e7d05f78}: org/gradle/api/plugins/BasePluginConventionCustomizer> (0x00000000e7d05f78) 
thrown [s\open\src\hotspot\share\classfile\systemDictionary.cpp, line 256]
Event: 73.051 Thread 0x00000167cb076810 Exception <a 'java/lang/ClassNotFoundException'{0x00000000e7d20078}: org/gradle/api/internal/plugins/NaggingBasePluginConventionCustomizer> (0x00000000e7d20078) 
thrown [s\open\src\hotspot\share\classfile\systemDictionary.cpp, line 256]
Event: 73.088 Thread 0x00000167cb076810 Exception <a 'java/lang/ClassNotFoundException'{0x00000000e7d61678}: org/gradle/api/plugins/internal/NaggingJavaPluginConventionBeanInfo> (0x00000000e7d61678) 
thrown [s\open\src\hotspot\share\classfile\systemDictionary.cpp, line 256]
Event: 73.098 Thread 0x00000167cb076810 Exception <a 'java/lang/ClassNotFoundException'{0x00000000e7d710a8}: org/gradle/api/plugins/JavaPluginConventionBeanInfo> (0x00000000e7d710a8) 
thrown [s\open\src\hotspot\share\classfile\systemDictionary.cpp, line 256]
Event: 73.101 Thread 0x00000167cb076810 Exception <a 'java/lang/ClassNotFoundException'{0x00000000e7d80d38}: org/gradle/api/plugins/JavaPluginConventionCustomizer> (0x00000000e7d80d38) 
thrown [s\open\src\hotspot\share\classfile\systemDictionary.cpp, line 256]
Event: 73.127 Thread 0x00000167cb076810 Exception <a 'java/lang/ClassNotFoundException'{0x00000000e7da4ad8}: org/gradle/api/plugins/internal/NaggingJavaPluginConventionCustomizer> (0x00000000e7da4ad8) 
thrown [s\open\src\hotspot\share\classfile\systemDictionary.cpp, line 256]

VM Operations (20 events):
Event: 74.497 Executing VM operation: HandshakeAllThreads done
Event: 75.504 Executing VM operation: Cleanup
Event: 75.504 Executing VM operation: Cleanup done
Event: 78.524 Executing VM operation: Cleanup
Event: 78.528 Executing VM operation: Cleanup done
Event: 82.548 Executing VM operation: Cleanup
Event: 82.602 Executing VM operation: Cleanup done
Event: 84.606 Executing VM operation: Cleanup
Event: 84.624 Executing VM operation: Cleanup done
Event: 86.624 Executing VM operation: Cleanup
Event: 86.640 Executing VM operation: Cleanup done
Event: 87.178 Executing VM operation: HandshakeAllThreads
Event: 87.195 Executing VM operation: HandshakeAllThreads done
Event: 88.204 Executing VM operation: Cleanup
Event: 88.204 Executing VM operation: Cleanup done
Event: 89.212 Executing VM operation: Cleanup
Event: 89.261 Executing VM operation: Cleanup done
Event: 90.264 Executing VM operation: Cleanup
Event: 90.265 Executing VM operation: Cleanup done
Event: 92.274 Executing VM operation: Cleanup

Events (20 events):
Event: 82.060 Thread 0x00000167ca06bdf0 Thread added: 0x00000167ca06bdf0
Event: 84.797 Thread 0x00000167ca06b920 Thread added: 0x00000167ca06b920
Event: 85.737 Thread 0x00000167ca06aab0 Thread added: 0x00000167ca06aab0
Event: 85.845 Thread 0x00000167ca06b450 Thread added: 0x00000167ca06b450
Event: 86.066 Thread 0x00000167ca069770 Thread added: 0x00000167ca069770
Event: 87.037 Thread 0x00000167ca069c40 Thread added: 0x00000167ca069c40
Event: 87.215 Thread 0x00000167ca06a110 Thread added: 0x00000167ca06a110
Event: 87.462 Thread 0x00000167c9670290 flushing nmethod 0x00000167b6729190
Event: 87.645 Thread 0x00000167ca06c2c0 Thread added: 0x00000167ca06c2c0
Event: 90.096 Thread 0x00000167ca06c790 Thread added: 0x00000167ca06c790
Event: 91.384 Thread 0x00000167ca06dfa0 Thread added: 0x00000167ca06dfa0
Event: 91.476 Thread 0x00000167ca06d130 Thread added: 0x00000167ca06d130
Event: 91.609 Thread 0x00000167ca06d600 Thread added: 0x00000167ca06d600
Event: 91.640 Thread 0x00000167ca06a5e0 Thread added: 0x00000167ca06a5e0
Event: 91.708 Thread 0x00000167ca06e470 Thread added: 0x00000167ca06e470
Event: 91.758 Thread 0x00000167ca06e940 Thread added: 0x00000167ca06e940
Event: 91.885 Thread 0x00000167ca06af80 Thread added: 0x00000167ca06af80
Event: 91.948 Thread 0x00000167ca06fc80 Thread added: 0x00000167ca06fc80
Event: 92.005 Thread 0x00000167ca070fc0 Thread added: 0x00000167ca070fc0
Event: 94.170 Thread 0x00000167ca070af0 Thread added: 0x00000167ca070af0


Dynamic libraries:
0x00007ff6b4df0000 - 0x00007ff6b4e00000 	C:\Program Files\Java\jdk-17\bin\java.exe
0x00007ffd88700000 - 0x00007ffd88966000 	C:\WINDOWS\SYSTEM32\ntdll.dll
0x00007ffd878f0000 - 0x00007ffd879b9000 	C:\WINDOWS\System32\KERNEL32.DLL
0x00007ffd85a10000 - 0x00007ffd85ddc000 	C:\WINDOWS\System32\KERNELBASE.dll
0x00007ffd860f0000 - 0x00007ffd8623b000 	C:\WINDOWS\System32\ucrtbase.dll
0x00007ffd5ff20000 - 0x00007ffd5ff38000 	C:\Program Files\Java\jdk-17\bin\jli.dll
0x00007ffd5eba0000 - 0x00007ffd5ebbb000 	C:\Program Files\Java\jdk-17\bin\VCRUNTIME140.dll
0x00007ffd88150000 - 0x00007ffd88202000 	C:\WINDOWS\System32\ADVAPI32.dll
0x00007ffd86c70000 - 0x00007ffd86d19000 	C:\WINDOWS\System32\msvcrt.dll
0x00007ffd86760000 - 0x00007ffd86806000 	C:\WINDOWS\System32\sechost.dll
0x00007ffd86ae0000 - 0x00007ffd86bf6000 	C:\WINDOWS\System32\RPCRT4.dll
0x00007ffd87660000 - 0x00007ffd8782a000 	C:\WINDOWS\System32\USER32.dll
0x00007ffd860c0000 - 0x00007ffd860e7000 	C:\WINDOWS\System32\win32u.dll
0x00007ffd61440000 - 0x00007ffd616da000 	C:\WINDOWS\WinSxS\amd64_microsoft.windows.common-controls_6595b64144ccf1df_6.0.26100.3912_none_3e07963ce335137e\COMCTL32.dll
0x00007ffd86550000 - 0x00007ffd8657b000 	C:\WINDOWS\System32\GDI32.dll
0x00007ffd86240000 - 0x00007ffd86372000 	C:\WINDOWS\System32\gdi32full.dll
0x00007ffd86380000 - 0x00007ffd86423000 	C:\WINDOWS\System32\msvcp_win.dll
0x00007ffd7b540000 - 0x00007ffd7b54b000 	C:\WINDOWS\SYSTEM32\VERSION.dll
0x00007ffd87830000 - 0x00007ffd87860000 	C:\WINDOWS\System32\IMM32.DLL
0x00007ffd6cd20000 - 0x00007ffd6cd2c000 	C:\Program Files\Java\jdk-17\bin\vcruntime140_1.dll
0x00007ffd3d640000 - 0x00007ffd3d6ce000 	C:\Program Files\Java\jdk-17\bin\msvcp140.dll
0x00007ffca6ea0000 - 0x00007ffca7a77000 	C:\Program Files\Java\jdk-17\bin\server\jvm.dll
0x00007ffd87f50000 - 0x00007ffd87f58000 	C:\WINDOWS\System32\PSAPI.DLL
0x00007ffd534e0000 - 0x00007ffd534ea000 	C:\WINDOWS\SYSTEM32\WSOCK32.dll
0x00007ffd880d0000 - 0x00007ffd88144000 	C:\WINDOWS\System32\WS2_32.dll
0x00007ffd7a8e0000 - 0x00007ffd7a916000 	C:\WINDOWS\SYSTEM32\WINMM.dll
0x00007ffd84750000 - 0x00007ffd8476a000 	C:\WINDOWS\SYSTEM32\kernel.appcore.dll
0x00007ffd601f0000 - 0x00007ffd601fa000 	C:\Program Files\Java\jdk-17\bin\jimage.dll
0x00007ffd82ee0000 - 0x00007ffd83121000 	C:\WINDOWS\SYSTEM32\DBGHELP.DLL
0x00007ffd882d0000 - 0x00007ffd88654000 	C:\WINDOWS\System32\combase.dll
0x00007ffd87e60000 - 0x00007ffd87f40000 	C:\WINDOWS\System32\OLEAUT32.dll
0x00007ffd485b0000 - 0x00007ffd485e9000 	C:\WINDOWS\SYSTEM32\dbgcore.DLL
0x00007ffd86020000 - 0x00007ffd860b9000 	C:\WINDOWS\System32\bcryptPrimitives.dll
0x00007ffd5d0d0000 - 0x00007ffd5d0de000 	C:\Program Files\Java\jdk-17\bin\instrument.dll
0x00007ffd53590000 - 0x00007ffd535b5000 	C:\Program Files\Java\jdk-17\bin\java.dll
0x00007ffd21190000 - 0x00007ffd21267000 	C:\Program Files\Java\jdk-17\bin\jsvml.dll
0x00007ffd86f30000 - 0x00007ffd8765d000 	C:\WINDOWS\System32\SHELL32.dll
0x00007ffd85890000 - 0x00007ffd85a04000 	C:\WINDOWS\System32\wintypes.dll
0x00007ffd834c0000 - 0x00007ffd83d16000 	C:\WINDOWS\SYSTEM32\windows.storage.dll
0x00007ffd86e30000 - 0x00007ffd86f1f000 	C:\WINDOWS\System32\SHCORE.dll
0x00007ffd86c00000 - 0x00007ffd86c69000 	C:\WINDOWS\System32\shlwapi.dll
0x00007ffd857a0000 - 0x00007ffd857cf000 	C:\WINDOWS\SYSTEM32\profapi.dll
0x00007ffd5aa30000 - 0x00007ffd5aa48000 	C:\Program Files\Java\jdk-17\bin\zip.dll
0x00007ffd51630000 - 0x00007ffd51649000 	C:\Program Files\Java\jdk-17\bin\net.dll
0x00007ffd7d050000 - 0x00007ffd7d16e000 	C:\WINDOWS\SYSTEM32\WINHTTP.dll
0x00007ffd84ce0000 - 0x00007ffd84d4a000 	C:\WINDOWS\system32\mswsock.dll
0x00007ffd51610000 - 0x00007ffd51626000 	C:\Program Files\Java\jdk-17\bin\nio.dll
0x00007ffd5c0c0000 - 0x00007ffd5c0d0000 	C:\Program Files\Java\jdk-17\bin\verify.dll
0x00007ffd5b9e0000 - 0x00007ffd5ba07000 	C:\Users\neman\.gradle\native\1def1411415f61bf3af743bc5b6707747c0891f09f0c88961ee8f79bc544acac\windows-amd64\native-platform.dll
0x00007ffd3d5c0000 - 0x00007ffd3d638000 	C:\Users\neman\.gradle\native\0.2.7\x86_64-windows-gnu\gradle-fileevents.dll
0x00007ffd5bf90000 - 0x00007ffd5bf9a000 	C:\Program Files\Java\jdk-17\bin\management.dll
0x00007ffd5bf40000 - 0x00007ffd5bf4b000 	C:\Program Files\Java\jdk-17\bin\management_ext.dll
0x00007ffd840d0000 - 0x00007ffd84103000 	C:\WINDOWS\SYSTEM32\IPHLPAPI.DLL
0x00007ffd86e20000 - 0x00007ffd86e2a000 	C:\WINDOWS\System32\NSI.dll
0x00007ffd7d390000 - 0x00007ffd7d3af000 	C:\WINDOWS\SYSTEM32\dhcpcsvc6.DLL
0x00007ffd7d1f0000 - 0x00007ffd7d215000 	C:\WINDOWS\SYSTEM32\dhcpcsvc.DLL
0x00007ffd84160000 - 0x00007ffd84287000 	C:\WINDOWS\SYSTEM32\DNSAPI.dll
0x00007ffd84f80000 - 0x00007ffd84f9c000 	C:\WINDOWS\SYSTEM32\CRYPTSP.dll
0x00007ffd846b0000 - 0x00007ffd846ea000 	C:\WINDOWS\system32\rsaenh.dll
0x00007ffd84d80000 - 0x00007ffd84dab000 	C:\WINDOWS\SYSTEM32\USERENV.dll
0x00007ffd85770000 - 0x00007ffd85796000 	C:\WINDOWS\SYSTEM32\bcrypt.dll
0x00007ffd84fa0000 - 0x00007ffd84fac000 	C:\WINDOWS\SYSTEM32\CRYPTBASE.dll
0x00007ffd5bea0000 - 0x00007ffd5bead000 	C:\Program Files\Java\jdk-17\bin\sunmscapi.dll
0x00007ffd85de0000 - 0x00007ffd85f57000 	C:\WINDOWS\System32\CRYPT32.dll
0x00007ffd85190000 - 0x00007ffd851c0000 	C:\WINDOWS\SYSTEM32\ncrypt.dll
0x00007ffd85140000 - 0x00007ffd8517f000 	C:\WINDOWS\SYSTEM32\NTASN1.dll
0x00007ffd73620000 - 0x00007ffd73628000 	C:\WINDOWS\system32\wshunix.dll

dbghelp: loaded successfully - version: 4.0.5 - missing functions: none
symbol engine: initialized successfully - sym options: 0x614 - pdb path: .;C:\Program Files\Java\jdk-17\bin;C:\WINDOWS\SYSTEM32;C:\WINDOWS\WinSxS\amd64_microsoft.windows.common-controls_6595b64144ccf1df_6.0.26100.3912_none_3e07963ce335137e;C:\Program Files\Java\jdk-17\bin\server;C:\Users\neman\.gradle\native\1def1411415f61bf3af743bc5b6707747c0891f09f0c88961ee8f79bc544acac\windows-amd64;C:\Users\neman\.gradle\native\0.2.7\x86_64-windows-gnu

VM Arguments:
jvm_args: --add-opens=java.base/java.lang=ALL-UNNAMED --add-opens=java.base/java.lang.invoke=ALL-UNNAMED --add-opens=java.base/java.util=ALL-UNNAMED --add-opens=java.prefs/java.util.prefs=ALL-UNNAMED --add-exports=jdk.compiler/com.sun.tools.javac.api=ALL-UNNAMED --add-exports=jdk.compiler/com.sun.tools.javac.util=ALL-UNNAMED --add-opens=java.base/java.util=ALL-UNNAMED --add-opens=java.prefs/java.util.prefs=ALL-UNNAMED --add-opens=java.base/java.nio.charset=ALL-UNNAMED --add-opens=java.base/java.net=ALL-UNNAMED --add-opens=java.base/java.util.concurrent.atomic=ALL-UNNAMED --add-opens=java.xml/javax.xml.namespace=ALL-UNNAMED -XX:MaxMetaspaceSize=384m -XX:+HeapDumpOnOutOfMemoryError -Xms256m -Xmx512m -Dfile.encoding=UTF-8 -Duser.country=US -Duser.language=en -Duser.variant -javaagent:C:\Users\neman\.gradle\wrapper\dists\gradle-8.13-bin\5xuhj0ry160q40clulazy9h7d\gradle-8.13\lib\agents\gradle-instrumentation-agent-8.13.jar 
java_command: org.gradle.launcher.daemon.bootstrap.GradleDaemon 8.13
java_class_path (initial): C:\Users\neman\.gradle\wrapper\dists\gradle-8.13-bin\5xuhj0ry160q40clulazy9h7d\gradle-8.13\lib\gradle-daemon-main-8.13.jar
Launcher Type: SUN_STANDARD

[Global flags]
     intx CICompilerCount                          = 4                                         {product} {ergonomic}
   size_t CompressedClassSpaceSize                 = 322961408                                 {product} {ergonomic}
     uint ConcGCThreads                            = 3                                         {product} {ergonomic}
     uint G1ConcRefinementThreads                  = 10                                        {product} {ergonomic}
   size_t G1HeapRegionSize                         = 1048576                                   {product} {ergonomic}
    uintx GCDrainStackTargetSize                   = 64                                        {product} {ergonomic}
     bool HeapDumpOnOutOfMemoryError               = true                                   {manageable} {command line}
   size_t InitialHeapSize                          = 268435456                                 {product} {command line}
   size_t MarkStackSize                            = 4194304                                   {product} {ergonomic}
   size_t MaxHeapSize                              = 536870912                                 {product} {command line}
   size_t MaxMetaspaceSize                         = 402653184                                 {product} {command line}
   size_t MaxNewSize                               = 321912832                                 {product} {ergonomic}
   size_t MinHeapDeltaBytes                        = 1048576                                   {product} {ergonomic}
   size_t MinHeapSize                              = 268435456                                 {product} {command line}
    uintx NonNMethodCodeHeapSize                   = 5839372                                {pd product} {ergonomic}
    uintx NonProfiledCodeHeapSize                  = 122909434                              {pd product} {ergonomic}
    uintx ProfiledCodeHeapSize                     = 122909434                              {pd product} {ergonomic}
    uintx ReservedCodeCacheSize                    = 251658240                              {pd product} {ergonomic}
     bool SegmentedCodeCache                       = true                                      {product} {ergonomic}
   size_t SoftMaxHeapSize                          = 536870912                              {manageable} {ergonomic}
     bool UseCompressedClassPointers               = true                           {product lp64_product} {ergonomic}
     bool UseCompressedOops                        = true                           {product lp64_product} {ergonomic}
     bool UseG1GC                                  = true                                      {product} {ergonomic}
     bool UseLargePagesIndividualAllocation        = false                                  {pd product} {ergonomic}

Logging:
Log output configuration:
 #0: stdout all=warning uptime,level,tags
 #1: stderr all=off uptime,level,tags

Environment Variables:
JAVA_HOME=C:\Program Files\Java\jdk-24
PATH=C:\Program Files\NVIDIA GPU Computing Toolkit\CUDA\v12.8\bin;C:\Program Files\NVIDIA GPU Computing Toolkit\CUDA\v12.8\libnvvp;C:\app\neman\product\21c\dbhomeXE\bin;C:\windows\system32;C:\windows;C:\windows\System32\Wbem;C:\windows\System32\WindowsPowerShell\v1.0\;C:\windows\System32\OpenSSH\;C:\Program Files (x86)\NVIDIA Corporation\PhysX\Common;C:\Program Files\NVIDIA Corporation\NVIDIA NvDLISR;C:\Program Files\Docker\Docker\resources\bin;C:\Program Files\TortoiseGit\bin;C:\Program Files\PuTTY\;C:\Program Files\HP\HP One Agent;C:\Program Files\Git\cmd;C:\Program Files\MySQL\mysql-connector-java-8.0.11;C:\WINDOWS\system32;C:\WINDOWS;C:\WINDOWS\System32\Wbem;C:\WINDOWS\System32\WindowsPowerShell\v1.0\;C:\WINDOWS\System32\OpenSSH\;C:\Program Files\dotnet\;C:\Users\neman\AppData\Local\Programs\Python\Python311\;C:\Program Files\NVIDIA Corporation\Nsight Compute 2025.1.1\;C:\Program Files\NVIDIA Corporation\NVIDIA app\NvDLISR;C:\Gradle\gradle-8.6\bin;C:\Program Files\nodejs\;C:\Program Files\MySQL\MySQL Server 8.0\bin;C:\Program Files\Java\jdk-24\bin;C:\Users\neman\AppData\Local\Programs\Python\Python311\Scripts\;C:\Users\neman\AppData\Local\Programs\Python\Python311\;C:\Users\neman\AppData\Local\Programs\Python\Launcher\;C:\Users\neman\AppData\Local\Microsoft\WindowsApps;;C:\Users\neman\AppData\Local\Programs\Microsoft VS Code\bin;C:\Users\neman\AppData\Local\Muse Hub\lib;C:\Users\neman\AppData\Roaming\npm;C:\Users\neman\AppData\Local\Programs\cursor\resources\app\bin
USERNAME=neman
OS=Windows_NT
PROCESSOR_IDENTIFIER=Intel64 Family 6 Model 154 Stepping 3, GenuineIntel



---------------  S Y S T E M  ---------------

OS:
 Windows 11 , 64 bit Build 26100 (10.0.26100.3912)
OS uptime: 4 days 7:40 hours
Hyper-V role detected

CPU: total 12 (initial active 12) (6 cores per cpu, 2 threads per core) family 6 model 154 stepping 3 microcode 0x434, cx8, cmov, fxsr, ht, mmx, 3dnowpref, sse, sse2, sse3, ssse3, sse4.1, sse4.2, popcnt, lzcnt, tsc, tscinvbit, avx, avx2, aes, erms, clmul, bmi1, bmi2, adx, sha, fma, vzeroupper, clflush, clflushopt, clwb, hv

Memory: 4k page, system-wide physical 7860M (80M free)
TotalPageFile size 32436M (AvailPageFile size 45M)
current process WorkingSet (physical memory assigned to process): 65M, peak: 283M
current process commit charge ("private bytes"): 481M, peak: 488M

vm_info: Java HotSpot(TM) 64-Bit Server VM (17.0.6+9-LTS-190) for windows-amd64 JRE (17.0.6+9-LTS-190), built on Dec  6 2022 15:53:54 by "mach5one" with MS VC++ 17.1 (VS2022)

END.
