#
# There is insufficient memory for the Java Runtime Environment to continue.
# Native memory allocation (malloc) failed to allocate 1239696 bytes for Chunk::new
# Possible reasons:
#   The system is out of physical RAM or swap space
#   The process is running with CompressedOops enabled, and the Java Heap may be blocking the growth of the native heap
# Possible solutions:
#   Reduce memory load on the system
#   Increase physical memory or swap space
#   Check if swap backing store is full
#   Decrease Java heap size (-Xmx/-Xms)
#   Decrease number of Java threads
#   Decrease Java thread stack sizes (-Xss)
#   Set larger code cache with -XX:ReservedCodeCacheSize=
#   JVM is running with Unscaled Compressed Oops mode in which the Java heap is
#     placed in the first 4GB address space. The Java Heap base address is the
#     maximum limit for the native heap growth. Please use -XX:HeapBaseMinAddress
#     to set the Java Heap base and to place the Java Heap above 4GB virtual address.
# This output file may be truncated or incomplete.
#
#  Out of Memory Error (arena.cpp:189), pid=26864, tid=27564
#
# JRE version: Java(TM) SE Runtime Environment (17.0.6+9) (build 17.0.6+9-LTS-190)
# Java VM: Java HotSpot(TM) 64-Bit Server VM (17.0.6+9-LTS-190, mixed mode, sharing, tiered, compressed oops, compressed class ptrs, g1 gc, windows-amd64)
# No core dump will be written. Minidumps are not enabled by default on client versions of Windows
#

---------------  S U M M A R Y ------------

Command Line: --add-opens=java.base/java.lang=ALL-UNNAMED --add-opens=java.base/java.lang.invoke=ALL-UNNAMED --add-opens=java.base/java.util=ALL-UNNAMED --add-opens=java.prefs/java.util.prefs=ALL-UNNAMED --add-exports=jdk.compiler/com.sun.tools.javac.api=ALL-UNNAMED --add-exports=jdk.compiler/com.sun.tools.javac.util=ALL-UNNAMED --add-opens=java.base/java.util=ALL-UNNAMED --add-opens=java.prefs/java.util.prefs=ALL-UNNAMED --add-opens=java.base/java.nio.charset=ALL-UNNAMED --add-opens=java.base/java.net=ALL-UNNAMED --add-opens=java.base/java.util.concurrent.atomic=ALL-UNNAMED --add-opens=java.xml/javax.xml.namespace=ALL-UNNAMED -XX:MaxMetaspaceSize=384m -XX:+HeapDumpOnOutOfMemoryError -Xms256m -Xmx512m -Dfile.encoding=UTF-8 -Duser.country=US -Duser.language=en -Duser.variant -javaagent:C:\Users\neman\.gradle\wrapper\dists\gradle-8.13-bin\5xuhj0ry160q40clulazy9h7d\gradle-8.13\lib\agents\gradle-instrumentation-agent-8.13.jar org.gradle.launcher.daemon.bootstrap.GradleDaemon 8.13

Host: 12th Gen Intel(R) Core(TM) i5-12450H, 12 cores, 7G,  Windows 11 , 64 bit Build 26100 (10.0.26100.3912)
Time: Sat May 24 16:40:37 2025 Azerbaijan Standard Time elapsed time: 40.959741 seconds (0d 0h 0m 40s)

---------------  T H R E A D  ---------------

Current thread (0x000002049c5ff0d0):  JavaThread "C2 CompilerThread0" daemon [_thread_in_native, id=27564, stack(0x00000057bbc00000,0x00000057bbd00000)]


Current CompileTask:
C2:  40960 4117       4       org.codehaus.groovy.runtime.metaclass.MetaMethodIndex::addMethodToList (128 bytes)

Stack: [0x00000057bbc00000,0x00000057bbd00000]
Native frames: (J=compiled Java code, j=interpreted, Vv=VM code, C=native code)
V  [jvm.dll+0x6734ea]
V  [jvm.dll+0x7d18f4]
V  [jvm.dll+0x7d309e]
V  [jvm.dll+0x7d3703]
V  [jvm.dll+0x2433c5]
V  [jvm.dll+0xaa46b]
V  [jvm.dll+0xaaa0c]
V  [jvm.dll+0x35eadf]
V  [jvm.dll+0x329401]
V  [jvm.dll+0x32889a]
V  [jvm.dll+0x215ddf]
V  [jvm.dll+0x215211]
V  [jvm.dll+0x1a1730]
V  [jvm.dll+0x224b6e]
V  [jvm.dll+0x222f15]
V  [jvm.dll+0x78753c]
V  [jvm.dll+0x781a7a]
V  [jvm.dll+0x672375]
C  [ucrtbase.dll+0x37b0]
C  [KERNEL32.DLL+0x2e8d7]
C  [ntdll.dll+0x9c5dc]


---------------  P R O C E S S  ---------------

Threads class SMR info:
_java_thread_list=0x00000204a00bb490, length=36, elements={
0x00000204ffc75610, 0x000002049c5e43a0, 0x000002049c5e5600, 0x000002049c5f8230,
0x000002049c5f8af0, 0x000002049c5fb3c0, 0x000002049c5fbc80, 0x000002049c5ff0d0,
0x000002049c603a90, 0x000002049c604390, 0x000002049c5d29d0, 0x000002049d1b5c50,
0x000002049d090be0, 0x000002049dfce1b0, 0x000002049dfae040, 0x000002049d4e5580,
0x000002049d3a85f0, 0x000002049d0be640, 0x000002049e0ed810, 0x000002049e091e60,
0x000002049d23a6f0, 0x000002049d23b560, 0x000002049d238070, 0x000002049d23a220,
0x000002049d238ee0, 0x000002049d238540, 0x000002049d239880, 0x000002049d23ba30,
0x000002049d238a10, 0x000002049d2393b0, 0x000002049d239d50, 0x00000204a0919a00,
0x00000204a0917850, 0x00000204a0916eb0, 0x00000204a0917d20, 0x000002049ff6f2a0
}

Java Threads: ( => current thread )
  0x00000204ffc75610 JavaThread "main" [_thread_blocked, id=41424, stack(0x00000057baf00000,0x00000057bb000000)]
  0x000002049c5e43a0 JavaThread "Reference Handler" daemon [_thread_blocked, id=18760, stack(0x00000057bb600000,0x00000057bb700000)]
  0x000002049c5e5600 JavaThread "Finalizer" daemon [_thread_blocked, id=37088, stack(0x00000057bb700000,0x00000057bb800000)]
  0x000002049c5f8230 JavaThread "Signal Dispatcher" daemon [_thread_blocked, id=29424, stack(0x00000057bb800000,0x00000057bb900000)]
  0x000002049c5f8af0 JavaThread "Attach Listener" daemon [_thread_blocked, id=1788, stack(0x00000057bb900000,0x00000057bba00000)]
  0x000002049c5fb3c0 JavaThread "Service Thread" daemon [_thread_blocked, id=40112, stack(0x00000057bba00000,0x00000057bbb00000)]
  0x000002049c5fbc80 JavaThread "Monitor Deflation Thread" daemon [_thread_blocked, id=41032, stack(0x00000057bbb00000,0x00000057bbc00000)]
=>0x000002049c5ff0d0 JavaThread "C2 CompilerThread0" daemon [_thread_in_native, id=27564, stack(0x00000057bbc00000,0x00000057bbd00000)]
  0x000002049c603a90 JavaThread "C1 CompilerThread0" daemon [_thread_blocked, id=33540, stack(0x00000057bbd00000,0x00000057bbe00000)]
  0x000002049c604390 JavaThread "Sweeper thread" daemon [_thread_blocked, id=39516, stack(0x00000057bbe00000,0x00000057bbf00000)]
  0x000002049c5d29d0 JavaThread "Common-Cleaner" daemon [_thread_blocked, id=6940, stack(0x00000057bbf00000,0x00000057bc000000)]
  0x000002049d1b5c50 JavaThread "Notification Thread" daemon [_thread_blocked, id=22384, stack(0x00000057bc000000,0x00000057bc100000)]
  0x000002049d090be0 JavaThread "Daemon health stats" [_thread_blocked, id=19812, stack(0x00000057bc200000,0x00000057bc300000)]
  0x000002049dfce1b0 JavaThread "Incoming local TCP Connector on port 61608" [_thread_in_native, id=29428, stack(0x00000057bc800000,0x00000057bc900000)]
  0x000002049dfae040 JavaThread "Daemon periodic checks" [_thread_in_native, id=2780, stack(0x00000057bc900000,0x00000057bca00000)]
  0x000002049d4e5580 JavaThread "Daemon" [_thread_blocked, id=38516, stack(0x00000057bca00000,0x00000057bcb00000)]
  0x000002049d3a85f0 JavaThread "Handler for socket connection from /127.0.0.1:61608 to /127.0.0.1:61613" [_thread_in_native, id=41464, stack(0x00000057bcb00000,0x00000057bcc00000)]
  0x000002049d0be640 JavaThread "Cancel handler" [_thread_blocked, id=17736, stack(0x00000057bcc00000,0x00000057bcd00000)]
  0x000002049e0ed810 JavaThread "Daemon worker" [_thread_in_Java, id=36824, stack(0x00000057bcd00000,0x00000057bce00000)]
  0x000002049e091e60 JavaThread "Asynchronous log dispatcher for DefaultDaemonConnection: socket connection from /127.0.0.1:61608 to /127.0.0.1:61613" [_thread_blocked, id=8936, stack(0x00000057bce00000,0x00000057bcf00000)]
  0x000002049d23a6f0 JavaThread "Stdin handler" [_thread_blocked, id=39464, stack(0x00000057bcf00000,0x00000057bd000000)]
  0x000002049d23b560 JavaThread "Daemon client event forwarder" [_thread_blocked, id=13228, stack(0x00000057bd000000,0x00000057bd100000)]
  0x000002049d238070 JavaThread "Cache worker for journal cache (C:\Users\neman\.gradle\caches\journal-1)" [_thread_blocked, id=26232, stack(0x00000057bd100000,0x00000057bd200000)]
  0x000002049d23a220 JavaThread "File lock request listener" [_thread_in_native, id=41524, stack(0x00000057bd200000,0x00000057bd300000)]
  0x000002049d238ee0 JavaThread "File lock release action executor" [_thread_blocked, id=7068, stack(0x00000057bd300000,0x00000057bd400000)]
  0x000002049d238540 JavaThread "Cache worker for file hash cache (C:\Users\neman\.gradle\caches\8.13\fileHashes)" [_thread_blocked, id=40288, stack(0x00000057bd400000,0x00000057bd500000)]
  0x000002049d239880 JavaThread "Cache worker for file hash cache (C:\Users\neman\Desktop\MicroserviceProject\User-ms\.gradle\8.13\fileHashes)" [_thread_blocked, id=37816, stack(0x00000057bd500000,0x00000057bd600000)]
  0x000002049d23ba30 JavaThread "Cache worker for Build Output Cleanup Cache (C:\Users\neman\Desktop\MicroserviceProject\User-ms\.gradle\buildOutputCleanup)" [_thread_blocked, id=33504, stack(0x00000057bd600000,0x00000057bd700000)]
  0x000002049d238a10 JavaThread "File watcher server" daemon [_thread_in_native, id=16048, stack(0x00000057bdd00000,0x00000057bde00000)]
  0x000002049d2393b0 JavaThread "File watcher consumer" daemon [_thread_blocked, id=38704, stack(0x00000057bde00000,0x00000057bdf00000)]
  0x000002049d239d50 JavaThread "jar transforms" [_thread_blocked, id=32596, stack(0x00000057bdf00000,0x00000057be000000)]
  0x00000204a0919a00 JavaThread "jar transforms Thread 2" [_thread_blocked, id=41840, stack(0x00000057be000000,0x00000057be100000)]
  0x00000204a0917850 JavaThread "Cache worker for checksums cache (C:\Users\neman\Desktop\MicroserviceProject\User-ms\.gradle\8.13\checksums)" [_thread_blocked, id=6028, stack(0x00000057be300000,0x00000057be400000)]
  0x00000204a0916eb0 JavaThread "Cache worker for file content cache (C:\Users\neman\.gradle\caches\8.13\fileContent)" [_thread_blocked, id=3532, stack(0x00000057be400000,0x00000057be500000)]
  0x00000204a0917d20 JavaThread "jar transforms Thread 3" [_thread_blocked, id=10540, stack(0x00000057be500000,0x00000057be600000)]
  0x000002049ff6f2a0 JavaThread "C2 CompilerThread1" daemon [_thread_in_native, id=17424, stack(0x00000057be600000,0x00000057be700000)]

Other Threads:
  0x000002049c5e16c0 VMThread "VM Thread" [stack: 0x00000057bb500000,0x00000057bb600000] [id=39976]
  0x000002049d1b6120 WatcherThread [stack: 0x00000057bc100000,0x00000057bc200000] [id=32888]
  0x00000204ffca5490 GCTaskThread "GC Thread#0" [stack: 0x00000057bb000000,0x00000057bb100000] [id=31084]
  0x000002049d4f0b00 GCTaskThread "GC Thread#1" [stack: 0x00000057bc300000,0x00000057bc400000] [id=29100]
  0x000002049d432d10 GCTaskThread "GC Thread#2" [stack: 0x00000057bc400000,0x00000057bc500000] [id=40992]
  0x000002049d27aef0 GCTaskThread "GC Thread#3" [stack: 0x00000057bc500000,0x00000057bc600000] [id=21008]
  0x000002049d3f9850 GCTaskThread "GC Thread#4" [stack: 0x00000057bc600000,0x00000057bc700000] [id=36720]
  0x000002049d3f9b00 GCTaskThread "GC Thread#5" [stack: 0x00000057bc700000,0x00000057bc800000] [id=7272]
  0x00000204a0b3bfd0 GCTaskThread "GC Thread#6" [stack: 0x00000057bd700000,0x00000057bd800000] [id=26420]
  0x00000204a0b3ba70 GCTaskThread "GC Thread#7" [stack: 0x00000057bd800000,0x00000057bd900000] [id=39168]
  0x00000204a0b3c280 GCTaskThread "GC Thread#8" [stack: 0x00000057bd900000,0x00000057bda00000] [id=22264]
  0x00000204a0b3b510 GCTaskThread "GC Thread#9" [stack: 0x00000057bda00000,0x00000057bdb00000] [id=500]
  0x00000204ffcab190 ConcurrentGCThread "G1 Main Marker" [stack: 0x00000057bb100000,0x00000057bb200000] [id=41444]
  0x00000204ffcab950 ConcurrentGCThread "G1 Conc#0" [stack: 0x00000057bb200000,0x00000057bb300000] [id=3308]
  0x00000204a0b3b260 ConcurrentGCThread "G1 Conc#1" [stack: 0x00000057bdb00000,0x00000057bdc00000] [id=39200]
  0x00000204a0b3ca90 ConcurrentGCThread "G1 Conc#2" [stack: 0x00000057bdc00000,0x00000057bdd00000] [id=11896]
  0x00000204ffd3e880 ConcurrentGCThread "G1 Refine#0" [stack: 0x00000057bb300000,0x00000057bb400000] [id=19580]
  0x000002049c4a8690 ConcurrentGCThread "G1 Service" [stack: 0x00000057bb400000,0x00000057bb500000] [id=11364]

Threads with active compile tasks:
C2 CompilerThread0    41025 4117       4       org.codehaus.groovy.runtime.metaclass.MetaMethodIndex::addMethodToList (128 bytes)
C2 CompilerThread1    41025 4126       4       groovy.lang.MetaClassImpl$1MOPIter::methodNameAction (325 bytes)

VM state: not at safepoint (normal execution)

VM Mutex/Monitor currently owned by a thread: None

Heap address: 0x00000000e0000000, size: 512 MB, Compressed Oops mode: 32-bit

CDS archive(s) mapped at: [0x0000000800000000-0x0000000800bd0000-0x0000000800bd0000), size 12386304, SharedBaseAddress: 0x0000000800000000, ArchiveRelocationMode: 0.
Compressed class space mapped at: 0x0000000800c00000-0x0000000814000000, reserved size: 322961408
Narrow klass base: 0x0000000800000000, Narrow klass shift: 0, Narrow klass range: 0x100000000

GC Precious Log:
 CPUs: 12 total, 12 available
 Memory: 7860M
 Large Page Support: Disabled
 NUMA Support: Disabled
 Compressed Oops: Enabled (32-bit)
 Heap Region Size: 1M
 Heap Min Capacity: 256M
 Heap Initial Capacity: 256M
 Heap Max Capacity: 512M
 Pre-touch: Disabled
 Parallel Workers: 10
 Concurrent Workers: 3
 Concurrent Refinement Workers: 10
 Periodic GC: Disabled

Heap:
 garbage-first heap   total 262144K, used 120046K [0x00000000e0000000, 0x0000000100000000)
  region size 1024K, 106 young (108544K), 15 survivors (15360K)
 Metaspace       used 33057K, committed 33536K, reserved 348160K
  class space    used 4543K, committed 4736K, reserved 315392K

Heap Regions: E=young(eden), S=young(survivor), O=old, HS=humongous(starts), HC=humongous(continues), CS=collection set, F=free, OA=open archive, CA=closed archive, TAMS=top-at-mark-start (previous, next)
|   0|0x00000000e0000000, 0x00000000e0100000, 0x00000000e0100000|100%|HS|  |TAMS 0x00000000e0100000, 0x00000000e0000000| Complete 
|   1|0x00000000e0100000, 0x00000000e0200000, 0x00000000e0200000|100%|HC|  |TAMS 0x00000000e0200000, 0x00000000e0100000| Complete 
|   2|0x00000000e0200000, 0x00000000e0300000, 0x00000000e0300000|100%|HC|  |TAMS 0x00000000e0300000, 0x00000000e0200000| Complete 
|   3|0x00000000e0300000, 0x00000000e0400000, 0x00000000e0400000|100%| O|  |TAMS 0x00000000e0400000, 0x00000000e0300000| Complete 
|   4|0x00000000e0400000, 0x00000000e0500000, 0x00000000e0500000|100%| O|  |TAMS 0x00000000e0500000, 0x00000000e0400000| Untracked 
|   5|0x00000000e0500000, 0x00000000e0600000, 0x00000000e0600000|100%| O|  |TAMS 0x00000000e0600000, 0x00000000e0500000| Untracked 
|   6|0x00000000e0600000, 0x00000000e0700000, 0x00000000e0700000|100%|HS|  |TAMS 0x00000000e0700000, 0x00000000e0600000| Complete 
|   7|0x00000000e0700000, 0x00000000e0800000, 0x00000000e0800000|100%|HS|  |TAMS 0x00000000e0700000, 0x00000000e0700000| Complete 
|   8|0x00000000e0800000, 0x00000000e0900000, 0x00000000e0900000|100%| O|  |TAMS 0x00000000e0900000, 0x00000000e0800000| Untracked 
|   9|0x00000000e0900000, 0x00000000e0a00000, 0x00000000e0a00000|100%| O|  |TAMS 0x00000000e0a00000, 0x00000000e0900000| Untracked 
|  10|0x00000000e0a00000, 0x00000000e0a2ae00, 0x00000000e0b00000| 16%| O|  |TAMS 0x00000000e0a2ae00, 0x00000000e0a00000| Untracked 
|  11|0x00000000e0b00000, 0x00000000e0c00000, 0x00000000e0c00000|100%|HS|  |TAMS 0x00000000e0b00000, 0x00000000e0b00000| Complete 
|  12|0x00000000e0c00000, 0x00000000e0d00000, 0x00000000e0d00000|100%|HC|  |TAMS 0x00000000e0c00000, 0x00000000e0c00000| Complete 
|  13|0x00000000e0d00000, 0x00000000e0e00000, 0x00000000e0e00000|100%|HS|  |TAMS 0x00000000e0d00000, 0x00000000e0d00000| Complete 
|  14|0x00000000e0e00000, 0x00000000e0f00000, 0x00000000e0f00000|100%|HC|  |TAMS 0x00000000e0e00000, 0x00000000e0e00000| Complete 
|  15|0x00000000e0f00000, 0x00000000e0f00000, 0x00000000e1000000|  0%| F|  |TAMS 0x00000000e0f00000, 0x00000000e0f00000| Untracked 
|  16|0x00000000e1000000, 0x00000000e1000000, 0x00000000e1100000|  0%| F|  |TAMS 0x00000000e1000000, 0x00000000e1000000| Untracked 
|  17|0x00000000e1100000, 0x00000000e1100000, 0x00000000e1200000|  0%| F|  |TAMS 0x00000000e1100000, 0x00000000e1100000| Untracked 
|  18|0x00000000e1200000, 0x00000000e1200000, 0x00000000e1300000|  0%| F|  |TAMS 0x00000000e1200000, 0x00000000e1200000| Untracked 
|  19|0x00000000e1300000, 0x00000000e1300000, 0x00000000e1400000|  0%| F|  |TAMS 0x00000000e1300000, 0x00000000e1300000| Untracked 
|  20|0x00000000e1400000, 0x00000000e1400000, 0x00000000e1500000|  0%| F|  |TAMS 0x00000000e1400000, 0x00000000e1400000| Untracked 
|  21|0x00000000e1500000, 0x00000000e1500000, 0x00000000e1600000|  0%| F|  |TAMS 0x00000000e1500000, 0x00000000e1500000| Untracked 
|  22|0x00000000e1600000, 0x00000000e1600000, 0x00000000e1700000|  0%| F|  |TAMS 0x00000000e1600000, 0x00000000e1600000| Untracked 
|  23|0x00000000e1700000, 0x00000000e1700000, 0x00000000e1800000|  0%| F|  |TAMS 0x00000000e1700000, 0x00000000e1700000| Untracked 
|  24|0x00000000e1800000, 0x00000000e1800000, 0x00000000e1900000|  0%| F|  |TAMS 0x00000000e1800000, 0x00000000e1800000| Untracked 
|  25|0x00000000e1900000, 0x00000000e1900000, 0x00000000e1a00000|  0%| F|  |TAMS 0x00000000e1900000, 0x00000000e1900000| Untracked 
|  26|0x00000000e1a00000, 0x00000000e1a00000, 0x00000000e1b00000|  0%| F|  |TAMS 0x00000000e1a00000, 0x00000000e1a00000| Untracked 
|  27|0x00000000e1b00000, 0x00000000e1b00000, 0x00000000e1c00000|  0%| F|  |TAMS 0x00000000e1b00000, 0x00000000e1b00000| Untracked 
|  28|0x00000000e1c00000, 0x00000000e1c00000, 0x00000000e1d00000|  0%| F|  |TAMS 0x00000000e1c00000, 0x00000000e1c00000| Untracked 
|  29|0x00000000e1d00000, 0x00000000e1d00000, 0x00000000e1e00000|  0%| F|  |TAMS 0x00000000e1d00000, 0x00000000e1d00000| Untracked 
|  30|0x00000000e1e00000, 0x00000000e1e00000, 0x00000000e1f00000|  0%| F|  |TAMS 0x00000000e1e00000, 0x00000000e1e00000| Untracked 
|  31|0x00000000e1f00000, 0x00000000e1f00000, 0x00000000e2000000|  0%| F|  |TAMS 0x00000000e1f00000, 0x00000000e1f00000| Untracked 
|  32|0x00000000e2000000, 0x00000000e2000000, 0x00000000e2100000|  0%| F|  |TAMS 0x00000000e2000000, 0x00000000e2000000| Untracked 
|  33|0x00000000e2100000, 0x00000000e2100000, 0x00000000e2200000|  0%| F|  |TAMS 0x00000000e2100000, 0x00000000e2100000| Untracked 
|  34|0x00000000e2200000, 0x00000000e2200000, 0x00000000e2300000|  0%| F|  |TAMS 0x00000000e2200000, 0x00000000e2200000| Untracked 
|  35|0x00000000e2300000, 0x00000000e2300000, 0x00000000e2400000|  0%| F|  |TAMS 0x00000000e2300000, 0x00000000e2300000| Untracked 
|  36|0x00000000e2400000, 0x00000000e2400000, 0x00000000e2500000|  0%| F|  |TAMS 0x00000000e2400000, 0x00000000e2400000| Untracked 
|  37|0x00000000e2500000, 0x00000000e2500000, 0x00000000e2600000|  0%| F|  |TAMS 0x00000000e2500000, 0x00000000e2500000| Untracked 
|  38|0x00000000e2600000, 0x00000000e2600000, 0x00000000e2700000|  0%| F|  |TAMS 0x00000000e2600000, 0x00000000e2600000| Untracked 
|  39|0x00000000e2700000, 0x00000000e2700000, 0x00000000e2800000|  0%| F|  |TAMS 0x00000000e2700000, 0x00000000e2700000| Untracked 
|  40|0x00000000e2800000, 0x00000000e2800000, 0x00000000e2900000|  0%| F|  |TAMS 0x00000000e2800000, 0x00000000e2800000| Untracked 
|  41|0x00000000e2900000, 0x00000000e2900000, 0x00000000e2a00000|  0%| F|  |TAMS 0x00000000e2900000, 0x00000000e2900000| Untracked 
|  42|0x00000000e2a00000, 0x00000000e2a00000, 0x00000000e2b00000|  0%| F|  |TAMS 0x00000000e2a00000, 0x00000000e2a00000| Untracked 
|  43|0x00000000e2b00000, 0x00000000e2b00000, 0x00000000e2c00000|  0%| F|  |TAMS 0x00000000e2b00000, 0x00000000e2b00000| Untracked 
|  44|0x00000000e2c00000, 0x00000000e2c00000, 0x00000000e2d00000|  0%| F|  |TAMS 0x00000000e2c00000, 0x00000000e2c00000| Untracked 
|  45|0x00000000e2d00000, 0x00000000e2d00000, 0x00000000e2e00000|  0%| F|  |TAMS 0x00000000e2d00000, 0x00000000e2d00000| Untracked 
|  46|0x00000000e2e00000, 0x00000000e2e00000, 0x00000000e2f00000|  0%| F|  |TAMS 0x00000000e2e00000, 0x00000000e2e00000| Untracked 
|  47|0x00000000e2f00000, 0x00000000e2f00000, 0x00000000e3000000|  0%| F|  |TAMS 0x00000000e2f00000, 0x00000000e2f00000| Untracked 
|  48|0x00000000e3000000, 0x00000000e3000000, 0x00000000e3100000|  0%| F|  |TAMS 0x00000000e3000000, 0x00000000e3000000| Untracked 
|  49|0x00000000e3100000, 0x00000000e3100000, 0x00000000e3200000|  0%| F|  |TAMS 0x00000000e3100000, 0x00000000e3100000| Untracked 
|  50|0x00000000e3200000, 0x00000000e3200000, 0x00000000e3300000|  0%| F|  |TAMS 0x00000000e3200000, 0x00000000e3200000| Untracked 
|  51|0x00000000e3300000, 0x00000000e3300000, 0x00000000e3400000|  0%| F|  |TAMS 0x00000000e3300000, 0x00000000e3300000| Untracked 
|  52|0x00000000e3400000, 0x00000000e3400000, 0x00000000e3500000|  0%| F|  |TAMS 0x00000000e3400000, 0x00000000e3400000| Untracked 
|  53|0x00000000e3500000, 0x00000000e3500000, 0x00000000e3600000|  0%| F|  |TAMS 0x00000000e3500000, 0x00000000e3500000| Untracked 
|  54|0x00000000e3600000, 0x00000000e3600000, 0x00000000e3700000|  0%| F|  |TAMS 0x00000000e3600000, 0x00000000e3600000| Untracked 
|  55|0x00000000e3700000, 0x00000000e3700000, 0x00000000e3800000|  0%| F|  |TAMS 0x00000000e3700000, 0x00000000e3700000| Untracked 
|  56|0x00000000e3800000, 0x00000000e3800000, 0x00000000e3900000|  0%| F|  |TAMS 0x00000000e3800000, 0x00000000e3800000| Untracked 
|  57|0x00000000e3900000, 0x00000000e3900000, 0x00000000e3a00000|  0%| F|  |TAMS 0x00000000e3900000, 0x00000000e3900000| Untracked 
|  58|0x00000000e3a00000, 0x00000000e3a00000, 0x00000000e3b00000|  0%| F|  |TAMS 0x00000000e3a00000, 0x00000000e3a00000| Untracked 
|  59|0x00000000e3b00000, 0x00000000e3b00000, 0x00000000e3c00000|  0%| F|  |TAMS 0x00000000e3b00000, 0x00000000e3b00000| Untracked 
|  60|0x00000000e3c00000, 0x00000000e3c00000, 0x00000000e3d00000|  0%| F|  |TAMS 0x00000000e3c00000, 0x00000000e3c00000| Untracked 
|  61|0x00000000e3d00000, 0x00000000e3d00000, 0x00000000e3e00000|  0%| F|  |TAMS 0x00000000e3d00000, 0x00000000e3d00000| Untracked 
|  62|0x00000000e3e00000, 0x00000000e3e00000, 0x00000000e3f00000|  0%| F|  |TAMS 0x00000000e3e00000, 0x00000000e3e00000| Untracked 
|  63|0x00000000e3f00000, 0x00000000e3f00000, 0x00000000e4000000|  0%| F|  |TAMS 0x00000000e3f00000, 0x00000000e3f00000| Untracked 
|  64|0x00000000e4000000, 0x00000000e4000000, 0x00000000e4100000|  0%| F|  |TAMS 0x00000000e4000000, 0x00000000e4000000| Untracked 
|  65|0x00000000e4100000, 0x00000000e4100000, 0x00000000e4200000|  0%| F|  |TAMS 0x00000000e4100000, 0x00000000e4100000| Untracked 
|  66|0x00000000e4200000, 0x00000000e4200000, 0x00000000e4300000|  0%| F|  |TAMS 0x00000000e4200000, 0x00000000e4200000| Untracked 
|  67|0x00000000e4300000, 0x00000000e4300000, 0x00000000e4400000|  0%| F|  |TAMS 0x00000000e4300000, 0x00000000e4300000| Untracked 
|  68|0x00000000e4400000, 0x00000000e4400000, 0x00000000e4500000|  0%| F|  |TAMS 0x00000000e4400000, 0x00000000e4400000| Untracked 
|  69|0x00000000e4500000, 0x00000000e4500000, 0x00000000e4600000|  0%| F|  |TAMS 0x00000000e4500000, 0x00000000e4500000| Untracked 
|  70|0x00000000e4600000, 0x00000000e4600000, 0x00000000e4700000|  0%| F|  |TAMS 0x00000000e4600000, 0x00000000e4600000| Untracked 
|  71|0x00000000e4700000, 0x00000000e4700000, 0x00000000e4800000|  0%| F|  |TAMS 0x00000000e4700000, 0x00000000e4700000| Untracked 
|  72|0x00000000e4800000, 0x00000000e4800000, 0x00000000e4900000|  0%| F|  |TAMS 0x00000000e4800000, 0x00000000e4800000| Untracked 
|  73|0x00000000e4900000, 0x00000000e4900000, 0x00000000e4a00000|  0%| F|  |TAMS 0x00000000e4900000, 0x00000000e4900000| Untracked 
|  74|0x00000000e4a00000, 0x00000000e4a00000, 0x00000000e4b00000|  0%| F|  |TAMS 0x00000000e4a00000, 0x00000000e4a00000| Untracked 
|  75|0x00000000e4b00000, 0x00000000e4b00000, 0x00000000e4c00000|  0%| F|  |TAMS 0x00000000e4b00000, 0x00000000e4b00000| Untracked 
|  76|0x00000000e4c00000, 0x00000000e4c00000, 0x00000000e4d00000|  0%| F|  |TAMS 0x00000000e4c00000, 0x00000000e4c00000| Untracked 
|  77|0x00000000e4d00000, 0x00000000e4d00000, 0x00000000e4e00000|  0%| F|  |TAMS 0x00000000e4d00000, 0x00000000e4d00000| Untracked 
|  78|0x00000000e4e00000, 0x00000000e4e00000, 0x00000000e4f00000|  0%| F|  |TAMS 0x00000000e4e00000, 0x00000000e4e00000| Untracked 
|  79|0x00000000e4f00000, 0x00000000e4f00000, 0x00000000e5000000|  0%| F|  |TAMS 0x00000000e4f00000, 0x00000000e4f00000| Untracked 
|  80|0x00000000e5000000, 0x00000000e5000000, 0x00000000e5100000|  0%| F|  |TAMS 0x00000000e5000000, 0x00000000e5000000| Untracked 
|  81|0x00000000e5100000, 0x00000000e5100000, 0x00000000e5200000|  0%| F|  |TAMS 0x00000000e5100000, 0x00000000e5100000| Untracked 
|  82|0x00000000e5200000, 0x00000000e5200000, 0x00000000e5300000|  0%| F|  |TAMS 0x00000000e5200000, 0x00000000e5200000| Untracked 
|  83|0x00000000e5300000, 0x00000000e5300000, 0x00000000e5400000|  0%| F|  |TAMS 0x00000000e5300000, 0x00000000e5300000| Untracked 
|  84|0x00000000e5400000, 0x00000000e5400000, 0x00000000e5500000|  0%| F|  |TAMS 0x00000000e5400000, 0x00000000e5400000| Untracked 
|  85|0x00000000e5500000, 0x00000000e5500000, 0x00000000e5600000|  0%| F|  |TAMS 0x00000000e5500000, 0x00000000e5500000| Untracked 
|  86|0x00000000e5600000, 0x00000000e5600000, 0x00000000e5700000|  0%| F|  |TAMS 0x00000000e5600000, 0x00000000e5600000| Untracked 
|  87|0x00000000e5700000, 0x00000000e5700000, 0x00000000e5800000|  0%| F|  |TAMS 0x00000000e5700000, 0x00000000e5700000| Untracked 
|  88|0x00000000e5800000, 0x00000000e5800000, 0x00000000e5900000|  0%| F|  |TAMS 0x00000000e5800000, 0x00000000e5800000| Untracked 
|  89|0x00000000e5900000, 0x00000000e5900000, 0x00000000e5a00000|  0%| F|  |TAMS 0x00000000e5900000, 0x00000000e5900000| Untracked 
|  90|0x00000000e5a00000, 0x00000000e5a00000, 0x00000000e5b00000|  0%| F|  |TAMS 0x00000000e5a00000, 0x00000000e5a00000| Untracked 
|  91|0x00000000e5b00000, 0x00000000e5b00000, 0x00000000e5c00000|  0%| F|  |TAMS 0x00000000e5b00000, 0x00000000e5b00000| Untracked 
|  92|0x00000000e5c00000, 0x00000000e5c00000, 0x00000000e5d00000|  0%| F|  |TAMS 0x00000000e5c00000, 0x00000000e5c00000| Untracked 
|  93|0x00000000e5d00000, 0x00000000e5d00000, 0x00000000e5e00000|  0%| F|  |TAMS 0x00000000e5d00000, 0x00000000e5d00000| Untracked 
|  94|0x00000000e5e00000, 0x00000000e5e00000, 0x00000000e5f00000|  0%| F|  |TAMS 0x00000000e5e00000, 0x00000000e5e00000| Untracked 
|  95|0x00000000e5f00000, 0x00000000e5f00000, 0x00000000e6000000|  0%| F|  |TAMS 0x00000000e5f00000, 0x00000000e5f00000| Untracked 
|  96|0x00000000e6000000, 0x00000000e6000000, 0x00000000e6100000|  0%| F|  |TAMS 0x00000000e6000000, 0x00000000e6000000| Untracked 
|  97|0x00000000e6100000, 0x00000000e6100000, 0x00000000e6200000|  0%| F|  |TAMS 0x00000000e6100000, 0x00000000e6100000| Untracked 
|  98|0x00000000e6200000, 0x00000000e6200000, 0x00000000e6300000|  0%| F|  |TAMS 0x00000000e6200000, 0x00000000e6200000| Untracked 
|  99|0x00000000e6300000, 0x00000000e6300000, 0x00000000e6400000|  0%| F|  |TAMS 0x00000000e6300000, 0x00000000e6300000| Untracked 
| 100|0x00000000e6400000, 0x00000000e6400000, 0x00000000e6500000|  0%| F|  |TAMS 0x00000000e6400000, 0x00000000e6400000| Untracked 
| 101|0x00000000e6500000, 0x00000000e6500000, 0x00000000e6600000|  0%| F|  |TAMS 0x00000000e6500000, 0x00000000e6500000| Untracked 
| 102|0x00000000e6600000, 0x00000000e6600000, 0x00000000e6700000|  0%| F|  |TAMS 0x00000000e6600000, 0x00000000e6600000| Untracked 
| 103|0x00000000e6700000, 0x00000000e6700000, 0x00000000e6800000|  0%| F|  |TAMS 0x00000000e6700000, 0x00000000e6700000| Untracked 
| 104|0x00000000e6800000, 0x00000000e6800000, 0x00000000e6900000|  0%| F|  |TAMS 0x00000000e6800000, 0x00000000e6800000| Untracked 
| 105|0x00000000e6900000, 0x00000000e6900000, 0x00000000e6a00000|  0%| F|  |TAMS 0x00000000e6900000, 0x00000000e6900000| Untracked 
| 106|0x00000000e6a00000, 0x00000000e6a00000, 0x00000000e6b00000|  0%| F|  |TAMS 0x00000000e6a00000, 0x00000000e6a00000| Untracked 
| 107|0x00000000e6b00000, 0x00000000e6b00000, 0x00000000e6c00000|  0%| F|  |TAMS 0x00000000e6b00000, 0x00000000e6b00000| Untracked 
| 108|0x00000000e6c00000, 0x00000000e6c00000, 0x00000000e6d00000|  0%| F|  |TAMS 0x00000000e6c00000, 0x00000000e6c00000| Untracked 
| 109|0x00000000e6d00000, 0x00000000e6d00000, 0x00000000e6e00000|  0%| F|  |TAMS 0x00000000e6d00000, 0x00000000e6d00000| Untracked 
| 110|0x00000000e6e00000, 0x00000000e6e00000, 0x00000000e6f00000|  0%| F|  |TAMS 0x00000000e6e00000, 0x00000000e6e00000| Untracked 
| 111|0x00000000e6f00000, 0x00000000e6f00000, 0x00000000e7000000|  0%| F|  |TAMS 0x00000000e6f00000, 0x00000000e6f00000| Untracked 
| 112|0x00000000e7000000, 0x00000000e7000000, 0x00000000e7100000|  0%| F|  |TAMS 0x00000000e7000000, 0x00000000e7000000| Untracked 
| 113|0x00000000e7100000, 0x00000000e7100000, 0x00000000e7200000|  0%| F|  |TAMS 0x00000000e7100000, 0x00000000e7100000| Untracked 
| 114|0x00000000e7200000, 0x00000000e7200000, 0x00000000e7300000|  0%| F|  |TAMS 0x00000000e7200000, 0x00000000e7200000| Untracked 
| 115|0x00000000e7300000, 0x00000000e7300000, 0x00000000e7400000|  0%| F|  |TAMS 0x00000000e7300000, 0x00000000e7300000| Untracked 
| 116|0x00000000e7400000, 0x00000000e7400000, 0x00000000e7500000|  0%| F|  |TAMS 0x00000000e7400000, 0x00000000e7400000| Untracked 
| 117|0x00000000e7500000, 0x00000000e7500000, 0x00000000e7600000|  0%| F|  |TAMS 0x00000000e7500000, 0x00000000e7500000| Untracked 
| 118|0x00000000e7600000, 0x00000000e7600000, 0x00000000e7700000|  0%| F|  |TAMS 0x00000000e7600000, 0x00000000e7600000| Untracked 
| 119|0x00000000e7700000, 0x00000000e7700000, 0x00000000e7800000|  0%| F|  |TAMS 0x00000000e7700000, 0x00000000e7700000| Untracked 
| 120|0x00000000e7800000, 0x00000000e7800000, 0x00000000e7900000|  0%| F|  |TAMS 0x00000000e7800000, 0x00000000e7800000| Untracked 
| 121|0x00000000e7900000, 0x00000000e7900000, 0x00000000e7a00000|  0%| F|  |TAMS 0x00000000e7900000, 0x00000000e7900000| Untracked 
| 122|0x00000000e7a00000, 0x00000000e7a00000, 0x00000000e7b00000|  0%| F|  |TAMS 0x00000000e7a00000, 0x00000000e7a00000| Untracked 
| 123|0x00000000e7b00000, 0x00000000e7b00000, 0x00000000e7c00000|  0%| F|  |TAMS 0x00000000e7b00000, 0x00000000e7b00000| Untracked 
| 124|0x00000000e7c00000, 0x00000000e7c00000, 0x00000000e7d00000|  0%| F|  |TAMS 0x00000000e7c00000, 0x00000000e7c00000| Untracked 
| 125|0x00000000e7d00000, 0x00000000e7d00000, 0x00000000e7e00000|  0%| F|  |TAMS 0x00000000e7d00000, 0x00000000e7d00000| Untracked 
| 126|0x00000000e7e00000, 0x00000000e7e00000, 0x00000000e7f00000|  0%| F|  |TAMS 0x00000000e7e00000, 0x00000000e7e00000| Untracked 
| 127|0x00000000e7f00000, 0x00000000e7f00000, 0x00000000e8000000|  0%| F|  |TAMS 0x00000000e7f00000, 0x00000000e7f00000| Untracked 
| 128|0x00000000e8000000, 0x00000000e8000000, 0x00000000e8100000|  0%| F|  |TAMS 0x00000000e8000000, 0x00000000e8000000| Untracked 
| 129|0x00000000e8100000, 0x00000000e8110cf8, 0x00000000e8200000|  6%| S|CS|TAMS 0x00000000e8100000, 0x00000000e8100000| Complete 
| 130|0x00000000e8200000, 0x00000000e8300000, 0x00000000e8300000|100%| S|CS|TAMS 0x00000000e8200000, 0x00000000e8200000| Complete 
| 131|0x00000000e8300000, 0x00000000e8400000, 0x00000000e8400000|100%| S|CS|TAMS 0x00000000e8300000, 0x00000000e8300000| Complete 
| 132|0x00000000e8400000, 0x00000000e8500000, 0x00000000e8500000|100%| S|CS|TAMS 0x00000000e8400000, 0x00000000e8400000| Complete 
| 133|0x00000000e8500000, 0x00000000e8600000, 0x00000000e8600000|100%| S|CS|TAMS 0x00000000e8500000, 0x00000000e8500000| Complete 
| 134|0x00000000e8600000, 0x00000000e8700000, 0x00000000e8700000|100%| S|CS|TAMS 0x00000000e8600000, 0x00000000e8600000| Complete 
| 135|0x00000000e8700000, 0x00000000e8800000, 0x00000000e8800000|100%| S|CS|TAMS 0x00000000e8700000, 0x00000000e8700000| Complete 
| 136|0x00000000e8800000, 0x00000000e8900000, 0x00000000e8900000|100%| S|CS|TAMS 0x00000000e8800000, 0x00000000e8800000| Complete 
| 137|0x00000000e8900000, 0x00000000e8a00000, 0x00000000e8a00000|100%| S|CS|TAMS 0x00000000e8900000, 0x00000000e8900000| Complete 
| 138|0x00000000e8a00000, 0x00000000e8b00000, 0x00000000e8b00000|100%| S|CS|TAMS 0x00000000e8a00000, 0x00000000e8a00000| Complete 
| 139|0x00000000e8b00000, 0x00000000e8c00000, 0x00000000e8c00000|100%| S|CS|TAMS 0x00000000e8b00000, 0x00000000e8b00000| Complete 
| 140|0x00000000e8c00000, 0x00000000e8d00000, 0x00000000e8d00000|100%| S|CS|TAMS 0x00000000e8c00000, 0x00000000e8c00000| Complete 
| 141|0x00000000e8d00000, 0x00000000e8e00000, 0x00000000e8e00000|100%| S|CS|TAMS 0x00000000e8d00000, 0x00000000e8d00000| Complete 
| 142|0x00000000e8e00000, 0x00000000e8f00000, 0x00000000e8f00000|100%| S|CS|TAMS 0x00000000e8e00000, 0x00000000e8e00000| Complete 
| 143|0x00000000e8f00000, 0x00000000e9000000, 0x00000000e9000000|100%| S|CS|TAMS 0x00000000e8f00000, 0x00000000e8f00000| Complete 
| 144|0x00000000e9000000, 0x00000000e9000000, 0x00000000e9100000|  0%| F|  |TAMS 0x00000000e9000000, 0x00000000e9000000| Untracked 
| 145|0x00000000e9100000, 0x00000000e9100000, 0x00000000e9200000|  0%| F|  |TAMS 0x00000000e9100000, 0x00000000e9100000| Untracked 
| 146|0x00000000e9200000, 0x00000000e9200000, 0x00000000e9300000|  0%| F|  |TAMS 0x00000000e9200000, 0x00000000e9200000| Untracked 
| 147|0x00000000e9300000, 0x00000000e9300000, 0x00000000e9400000|  0%| F|  |TAMS 0x00000000e9300000, 0x00000000e9300000| Untracked 
| 148|0x00000000e9400000, 0x00000000e9400000, 0x00000000e9500000|  0%| F|  |TAMS 0x00000000e9400000, 0x00000000e9400000| Untracked 
| 149|0x00000000e9500000, 0x00000000e9500000, 0x00000000e9600000|  0%| F|  |TAMS 0x00000000e9500000, 0x00000000e9500000| Untracked 
| 150|0x00000000e9600000, 0x00000000e9600000, 0x00000000e9700000|  0%| F|  |TAMS 0x00000000e9600000, 0x00000000e9600000| Untracked 
| 151|0x00000000e9700000, 0x00000000e9700000, 0x00000000e9800000|  0%| F|  |TAMS 0x00000000e9700000, 0x00000000e9700000| Untracked 
| 152|0x00000000e9800000, 0x00000000e9800000, 0x00000000e9900000|  0%| F|  |TAMS 0x00000000e9800000, 0x00000000e9800000| Untracked 
| 153|0x00000000e9900000, 0x00000000e9900000, 0x00000000e9a00000|  0%| F|  |TAMS 0x00000000e9900000, 0x00000000e9900000| Untracked 
| 154|0x00000000e9a00000, 0x00000000e9a00000, 0x00000000e9b00000|  0%| F|  |TAMS 0x00000000e9a00000, 0x00000000e9a00000| Untracked 
| 155|0x00000000e9b00000, 0x00000000e9b00000, 0x00000000e9c00000|  0%| F|  |TAMS 0x00000000e9b00000, 0x00000000e9b00000| Untracked 
| 156|0x00000000e9c00000, 0x00000000e9c00000, 0x00000000e9d00000|  0%| F|  |TAMS 0x00000000e9c00000, 0x00000000e9c00000| Untracked 
| 157|0x00000000e9d00000, 0x00000000e9d00000, 0x00000000e9e00000|  0%| F|  |TAMS 0x00000000e9d00000, 0x00000000e9d00000| Untracked 
| 158|0x00000000e9e00000, 0x00000000e9e00000, 0x00000000e9f00000|  0%| F|  |TAMS 0x00000000e9e00000, 0x00000000e9e00000| Untracked 
| 159|0x00000000e9f00000, 0x00000000e9f00000, 0x00000000ea000000|  0%| F|  |TAMS 0x00000000e9f00000, 0x00000000e9f00000| Untracked 
| 160|0x00000000ea000000, 0x00000000ea000000, 0x00000000ea100000|  0%| F|  |TAMS 0x00000000ea000000, 0x00000000ea000000| Untracked 
| 161|0x00000000ea100000, 0x00000000ea100000, 0x00000000ea200000|  0%| F|  |TAMS 0x00000000ea100000, 0x00000000ea100000| Untracked 
| 162|0x00000000ea200000, 0x00000000ea200000, 0x00000000ea300000|  0%| F|  |TAMS 0x00000000ea200000, 0x00000000ea200000| Untracked 
| 163|0x00000000ea300000, 0x00000000ea300000, 0x00000000ea400000|  0%| F|  |TAMS 0x00000000ea300000, 0x00000000ea300000| Untracked 
| 164|0x00000000ea400000, 0x00000000ea400000, 0x00000000ea500000|  0%| F|  |TAMS 0x00000000ea400000, 0x00000000ea400000| Untracked 
| 165|0x00000000ea500000, 0x00000000ea580800, 0x00000000ea600000| 50%| E|  |TAMS 0x00000000ea500000, 0x00000000ea500000| Complete 
| 166|0x00000000ea600000, 0x00000000ea700000, 0x00000000ea700000|100%| E|CS|TAMS 0x00000000ea600000, 0x00000000ea600000| Complete 
| 167|0x00000000ea700000, 0x00000000ea800000, 0x00000000ea800000|100%| E|CS|TAMS 0x00000000ea700000, 0x00000000ea700000| Complete 
| 168|0x00000000ea800000, 0x00000000ea900000, 0x00000000ea900000|100%| E|CS|TAMS 0x00000000ea800000, 0x00000000ea800000| Complete 
| 169|0x00000000ea900000, 0x00000000eaa00000, 0x00000000eaa00000|100%| E|CS|TAMS 0x00000000ea900000, 0x00000000ea900000| Complete 
| 170|0x00000000eaa00000, 0x00000000eab00000, 0x00000000eab00000|100%| E|CS|TAMS 0x00000000eaa00000, 0x00000000eaa00000| Complete 
| 171|0x00000000eab00000, 0x00000000eac00000, 0x00000000eac00000|100%| E|  |TAMS 0x00000000eab00000, 0x00000000eab00000| Complete 
| 172|0x00000000eac00000, 0x00000000ead00000, 0x00000000ead00000|100%| E|CS|TAMS 0x00000000eac00000, 0x00000000eac00000| Complete 
| 173|0x00000000ead00000, 0x00000000eae00000, 0x00000000eae00000|100%| E|CS|TAMS 0x00000000ead00000, 0x00000000ead00000| Complete 
| 174|0x00000000eae00000, 0x00000000eaf00000, 0x00000000eaf00000|100%| E|CS|TAMS 0x00000000eae00000, 0x00000000eae00000| Complete 
| 175|0x00000000eaf00000, 0x00000000eb000000, 0x00000000eb000000|100%| E|CS|TAMS 0x00000000eaf00000, 0x00000000eaf00000| Complete 
| 176|0x00000000eb000000, 0x00000000eb100000, 0x00000000eb100000|100%| E|CS|TAMS 0x00000000eb000000, 0x00000000eb000000| Complete 
| 177|0x00000000eb100000, 0x00000000eb200000, 0x00000000eb200000|100%| E|CS|TAMS 0x00000000eb100000, 0x00000000eb100000| Complete 
| 178|0x00000000eb200000, 0x00000000eb300000, 0x00000000eb300000|100%| E|CS|TAMS 0x00000000eb200000, 0x00000000eb200000| Complete 
| 179|0x00000000eb300000, 0x00000000eb400000, 0x00000000eb400000|100%| E|CS|TAMS 0x00000000eb300000, 0x00000000eb300000| Complete 
| 180|0x00000000eb400000, 0x00000000eb500000, 0x00000000eb500000|100%| E|CS|TAMS 0x00000000eb400000, 0x00000000eb400000| Complete 
| 181|0x00000000eb500000, 0x00000000eb600000, 0x00000000eb600000|100%| E|CS|TAMS 0x00000000eb500000, 0x00000000eb500000| Complete 
| 182|0x00000000eb600000, 0x00000000eb700000, 0x00000000eb700000|100%| E|CS|TAMS 0x00000000eb600000, 0x00000000eb600000| Complete 
| 183|0x00000000eb700000, 0x00000000eb800000, 0x00000000eb800000|100%| E|CS|TAMS 0x00000000eb700000, 0x00000000eb700000| Complete 
| 184|0x00000000eb800000, 0x00000000eb900000, 0x00000000eb900000|100%| E|CS|TAMS 0x00000000eb800000, 0x00000000eb800000| Complete 
| 185|0x00000000eb900000, 0x00000000eba00000, 0x00000000eba00000|100%| E|CS|TAMS 0x00000000eb900000, 0x00000000eb900000| Complete 
| 186|0x00000000eba00000, 0x00000000ebb00000, 0x00000000ebb00000|100%| E|CS|TAMS 0x00000000eba00000, 0x00000000eba00000| Complete 
| 187|0x00000000ebb00000, 0x00000000ebc00000, 0x00000000ebc00000|100%| E|CS|TAMS 0x00000000ebb00000, 0x00000000ebb00000| Complete 
| 188|0x00000000ebc00000, 0x00000000ebd00000, 0x00000000ebd00000|100%| E|CS|TAMS 0x00000000ebc00000, 0x00000000ebc00000| Complete 
| 189|0x00000000ebd00000, 0x00000000ebe00000, 0x00000000ebe00000|100%| E|CS|TAMS 0x00000000ebd00000, 0x00000000ebd00000| Complete 
| 190|0x00000000ebe00000, 0x00000000ebf00000, 0x00000000ebf00000|100%| E|CS|TAMS 0x00000000ebe00000, 0x00000000ebe00000| Complete 
| 191|0x00000000ebf00000, 0x00000000ec000000, 0x00000000ec000000|100%| E|CS|TAMS 0x00000000ebf00000, 0x00000000ebf00000| Complete 
| 192|0x00000000ec000000, 0x00000000ec100000, 0x00000000ec100000|100%| E|CS|TAMS 0x00000000ec000000, 0x00000000ec000000| Complete 
| 193|0x00000000ec100000, 0x00000000ec200000, 0x00000000ec200000|100%| E|CS|TAMS 0x00000000ec100000, 0x00000000ec100000| Complete 
| 194|0x00000000ec200000, 0x00000000ec300000, 0x00000000ec300000|100%| E|CS|TAMS 0x00000000ec200000, 0x00000000ec200000| Complete 
| 195|0x00000000ec300000, 0x00000000ec400000, 0x00000000ec400000|100%| E|CS|TAMS 0x00000000ec300000, 0x00000000ec300000| Complete 
| 196|0x00000000ec400000, 0x00000000ec500000, 0x00000000ec500000|100%| E|CS|TAMS 0x00000000ec400000, 0x00000000ec400000| Complete 
| 197|0x00000000ec500000, 0x00000000ec600000, 0x00000000ec600000|100%| E|CS|TAMS 0x00000000ec500000, 0x00000000ec500000| Complete 
| 198|0x00000000ec600000, 0x00000000ec700000, 0x00000000ec700000|100%| E|CS|TAMS 0x00000000ec600000, 0x00000000ec600000| Complete 
| 199|0x00000000ec700000, 0x00000000ec800000, 0x00000000ec800000|100%| E|CS|TAMS 0x00000000ec700000, 0x00000000ec700000| Complete 
| 200|0x00000000ec800000, 0x00000000ec900000, 0x00000000ec900000|100%| E|CS|TAMS 0x00000000ec800000, 0x00000000ec800000| Complete 
| 201|0x00000000ec900000, 0x00000000eca00000, 0x00000000eca00000|100%| E|CS|TAMS 0x00000000ec900000, 0x00000000ec900000| Complete 
| 202|0x00000000eca00000, 0x00000000ecb00000, 0x00000000ecb00000|100%| E|CS|TAMS 0x00000000eca00000, 0x00000000eca00000| Complete 
| 203|0x00000000ecb00000, 0x00000000ecc00000, 0x00000000ecc00000|100%| E|CS|TAMS 0x00000000ecb00000, 0x00000000ecb00000| Complete 
| 204|0x00000000ecc00000, 0x00000000ecd00000, 0x00000000ecd00000|100%| E|CS|TAMS 0x00000000ecc00000, 0x00000000ecc00000| Complete 
| 205|0x00000000ecd00000, 0x00000000ece00000, 0x00000000ece00000|100%| E|CS|TAMS 0x00000000ecd00000, 0x00000000ecd00000| Complete 
| 206|0x00000000ece00000, 0x00000000ecf00000, 0x00000000ecf00000|100%| E|CS|TAMS 0x00000000ece00000, 0x00000000ece00000| Complete 
| 207|0x00000000ecf00000, 0x00000000ed000000, 0x00000000ed000000|100%| E|CS|TAMS 0x00000000ecf00000, 0x00000000ecf00000| Complete 
| 208|0x00000000ed000000, 0x00000000ed100000, 0x00000000ed100000|100%| E|CS|TAMS 0x00000000ed000000, 0x00000000ed000000| Complete 
| 209|0x00000000ed100000, 0x00000000ed200000, 0x00000000ed200000|100%| E|CS|TAMS 0x00000000ed100000, 0x00000000ed100000| Complete 
| 210|0x00000000ed200000, 0x00000000ed300000, 0x00000000ed300000|100%| E|CS|TAMS 0x00000000ed200000, 0x00000000ed200000| Complete 
| 211|0x00000000ed300000, 0x00000000ed400000, 0x00000000ed400000|100%| E|CS|TAMS 0x00000000ed300000, 0x00000000ed300000| Complete 
| 212|0x00000000ed400000, 0x00000000ed500000, 0x00000000ed500000|100%| E|CS|TAMS 0x00000000ed400000, 0x00000000ed400000| Complete 
| 213|0x00000000ed500000, 0x00000000ed600000, 0x00000000ed600000|100%| E|CS|TAMS 0x00000000ed500000, 0x00000000ed500000| Complete 
| 214|0x00000000ed600000, 0x00000000ed700000, 0x00000000ed700000|100%| E|CS|TAMS 0x00000000ed600000, 0x00000000ed600000| Complete 
| 215|0x00000000ed700000, 0x00000000ed800000, 0x00000000ed800000|100%| E|CS|TAMS 0x00000000ed700000, 0x00000000ed700000| Complete 
| 216|0x00000000ed800000, 0x00000000ed900000, 0x00000000ed900000|100%| E|CS|TAMS 0x00000000ed800000, 0x00000000ed800000| Complete 
| 217|0x00000000ed900000, 0x00000000eda00000, 0x00000000eda00000|100%| E|CS|TAMS 0x00000000ed900000, 0x00000000ed900000| Complete 
| 218|0x00000000eda00000, 0x00000000edb00000, 0x00000000edb00000|100%| E|CS|TAMS 0x00000000eda00000, 0x00000000eda00000| Complete 
| 219|0x00000000edb00000, 0x00000000edc00000, 0x00000000edc00000|100%| E|CS|TAMS 0x00000000edb00000, 0x00000000edb00000| Complete 
| 220|0x00000000edc00000, 0x00000000edd00000, 0x00000000edd00000|100%| E|CS|TAMS 0x00000000edc00000, 0x00000000edc00000| Complete 
| 221|0x00000000edd00000, 0x00000000ede00000, 0x00000000ede00000|100%| E|CS|TAMS 0x00000000edd00000, 0x00000000edd00000| Complete 
| 222|0x00000000ede00000, 0x00000000edf00000, 0x00000000edf00000|100%| E|CS|TAMS 0x00000000ede00000, 0x00000000ede00000| Complete 
| 223|0x00000000edf00000, 0x00000000ee000000, 0x00000000ee000000|100%| E|CS|TAMS 0x00000000edf00000, 0x00000000edf00000| Complete 
| 224|0x00000000ee000000, 0x00000000ee100000, 0x00000000ee100000|100%| E|CS|TAMS 0x00000000ee000000, 0x00000000ee000000| Complete 
| 225|0x00000000ee100000, 0x00000000ee200000, 0x00000000ee200000|100%| E|CS|TAMS 0x00000000ee100000, 0x00000000ee100000| Complete 
| 226|0x00000000ee200000, 0x00000000ee300000, 0x00000000ee300000|100%| E|CS|TAMS 0x00000000ee200000, 0x00000000ee200000| Complete 
| 227|0x00000000ee300000, 0x00000000ee400000, 0x00000000ee400000|100%| E|CS|TAMS 0x00000000ee300000, 0x00000000ee300000| Complete 
| 228|0x00000000ee400000, 0x00000000ee500000, 0x00000000ee500000|100%| E|CS|TAMS 0x00000000ee400000, 0x00000000ee400000| Complete 
| 229|0x00000000ee500000, 0x00000000ee600000, 0x00000000ee600000|100%| E|CS|TAMS 0x00000000ee500000, 0x00000000ee500000| Complete 
| 230|0x00000000ee600000, 0x00000000ee700000, 0x00000000ee700000|100%| E|CS|TAMS 0x00000000ee600000, 0x00000000ee600000| Complete 
| 231|0x00000000ee700000, 0x00000000ee800000, 0x00000000ee800000|100%| E|CS|TAMS 0x00000000ee700000, 0x00000000ee700000| Complete 
| 232|0x00000000ee800000, 0x00000000ee900000, 0x00000000ee900000|100%| E|CS|TAMS 0x00000000ee800000, 0x00000000ee800000| Complete 
| 233|0x00000000ee900000, 0x00000000eea00000, 0x00000000eea00000|100%| E|CS|TAMS 0x00000000ee900000, 0x00000000ee900000| Complete 
| 234|0x00000000eea00000, 0x00000000eeb00000, 0x00000000eeb00000|100%| E|CS|TAMS 0x00000000eea00000, 0x00000000eea00000| Complete 
| 235|0x00000000eeb00000, 0x00000000eec00000, 0x00000000eec00000|100%| E|CS|TAMS 0x00000000eeb00000, 0x00000000eeb00000| Complete 
| 236|0x00000000eec00000, 0x00000000eed00000, 0x00000000eed00000|100%| E|CS|TAMS 0x00000000eec00000, 0x00000000eec00000| Complete 
| 237|0x00000000eed00000, 0x00000000eee00000, 0x00000000eee00000|100%| E|CS|TAMS 0x00000000eed00000, 0x00000000eed00000| Complete 
| 238|0x00000000eee00000, 0x00000000eef00000, 0x00000000eef00000|100%| E|CS|TAMS 0x00000000eee00000, 0x00000000eee00000| Complete 
| 239|0x00000000eef00000, 0x00000000ef000000, 0x00000000ef000000|100%| E|CS|TAMS 0x00000000eef00000, 0x00000000eef00000| Complete 
| 240|0x00000000ef000000, 0x00000000ef100000, 0x00000000ef100000|100%| E|CS|TAMS 0x00000000ef000000, 0x00000000ef000000| Complete 
| 241|0x00000000ef100000, 0x00000000ef200000, 0x00000000ef200000|100%| E|CS|TAMS 0x00000000ef100000, 0x00000000ef100000| Complete 
| 242|0x00000000ef200000, 0x00000000ef300000, 0x00000000ef300000|100%| E|CS|TAMS 0x00000000ef200000, 0x00000000ef200000| Complete 
| 243|0x00000000ef300000, 0x00000000ef400000, 0x00000000ef400000|100%| E|CS|TAMS 0x00000000ef300000, 0x00000000ef300000| Complete 
| 244|0x00000000ef400000, 0x00000000ef500000, 0x00000000ef500000|100%| E|CS|TAMS 0x00000000ef400000, 0x00000000ef400000| Complete 
| 245|0x00000000ef500000, 0x00000000ef600000, 0x00000000ef600000|100%| E|CS|TAMS 0x00000000ef500000, 0x00000000ef500000| Complete 
| 246|0x00000000ef600000, 0x00000000ef700000, 0x00000000ef700000|100%| E|CS|TAMS 0x00000000ef600000, 0x00000000ef600000| Complete 
| 247|0x00000000ef700000, 0x00000000ef800000, 0x00000000ef800000|100%| E|CS|TAMS 0x00000000ef700000, 0x00000000ef700000| Complete 
| 248|0x00000000ef800000, 0x00000000ef900000, 0x00000000ef900000|100%| E|CS|TAMS 0x00000000ef800000, 0x00000000ef800000| Complete 
| 249|0x00000000ef900000, 0x00000000efa00000, 0x00000000efa00000|100%| E|CS|TAMS 0x00000000ef900000, 0x00000000ef900000| Complete 
| 250|0x00000000efa00000, 0x00000000efb00000, 0x00000000efb00000|100%| E|CS|TAMS 0x00000000efa00000, 0x00000000efa00000| Complete 
| 251|0x00000000efb00000, 0x00000000efc00000, 0x00000000efc00000|100%| E|CS|TAMS 0x00000000efb00000, 0x00000000efb00000| Complete 
| 252|0x00000000efc00000, 0x00000000efd00000, 0x00000000efd00000|100%| E|CS|TAMS 0x00000000efc00000, 0x00000000efc00000| Complete 
| 253|0x00000000efd00000, 0x00000000efe00000, 0x00000000efe00000|100%| E|CS|TAMS 0x00000000efd00000, 0x00000000efd00000| Complete 
| 254|0x00000000efe00000, 0x00000000eff00000, 0x00000000eff00000|100%| E|CS|TAMS 0x00000000efe00000, 0x00000000efe00000| Complete 
| 255|0x00000000eff00000, 0x00000000f0000000, 0x00000000f0000000|100%| E|CS|TAMS 0x00000000eff00000, 0x00000000eff00000| Complete 

Card table byte_map: [0x0000020498780000,0x0000020498880000] _byte_map_base: 0x0000020498080000

Marking Bits (Prev, Next): (CMBitMap*) 0x00000204ffca5890, (CMBitMap*) 0x00000204ffca5850
 Prev Bits: [0x0000020499180000, 0x0000020499980000)
 Next Bits: [0x0000020498980000, 0x0000020499180000)

Polling page: 0x00000204ff800000

Metaspace:

Usage:
  Non-class:     27.85 MB used.
      Class:      4.44 MB used.
       Both:     32.28 MB used.

Virtual space:
  Non-class space:       32.00 MB reserved,      28.12 MB ( 88%) committed,  4 nodes.
      Class space:      308.00 MB reserved,       4.62 MB (  2%) committed,  1 nodes.
             Both:      340.00 MB reserved,      32.75 MB ( 10%) committed. 

Chunk freelists:
   Non-Class:  3.86 MB
       Class:  3.42 MB
        Both:  7.28 MB

MaxMetaspaceSize: 384.00 MB
CompressedClassSpaceSize: 308.00 MB
Initial GC threshold: 21.00 MB
Current GC threshold: 35.12 MB
CDS: on
MetaspaceReclaimPolicy: balanced
 - commit_granule_bytes: 65536.
 - commit_granule_words: 8192.
 - virtual_space_node_default_size: 1048576.
 - enlarge_chunks_in_place: 1.
 - new_chunks_are_fully_committed: 0.
 - uncommit_free_chunks: 1.
 - use_allocation_guard: 0.
 - handle_deallocations: 1.


Internal statistics:

num_allocs_failed_limit: 3.
num_arena_births: 402.
num_arena_deaths: 0.
num_vsnodes_births: 5.
num_vsnodes_deaths: 0.
num_space_committed: 524.
num_space_uncommitted: 0.
num_chunks_returned_to_freelist: 3.
num_chunks_taken_from_freelist: 1615.
num_chunk_merges: 3.
num_chunk_splits: 1067.
num_chunks_enlarged: 754.
num_purges: 0.
num_inconsistent_stats: 0.

CodeHeap 'non-profiled nmethods': size=120000Kb used=2492Kb max_used=2492Kb free=117507Kb
 bounds [0x0000020490690000, 0x0000020490900000, 0x0000020497bc0000]
CodeHeap 'profiled nmethods': size=120000Kb used=8572Kb max_used=8572Kb free=111427Kb
 bounds [0x0000020488bc0000, 0x0000020489420000, 0x00000204900f0000]
CodeHeap 'non-nmethods': size=5760Kb used=2291Kb max_used=2309Kb free=3468Kb
 bounds [0x00000204900f0000, 0x0000020490360000, 0x0000020490690000]
 total_blobs=4927 nmethods=4129 adapters=710
 compilation: enabled
              stopped_count=0, restarted_count=0
 full_count=0

Compilation events (20 events):
Event: 39.899 Thread 0x000002049c603a90 4123       3       org.codehaus.groovy.reflection.CachedClass::getMethods (11 bytes)
Event: 39.899 Thread 0x000002049c603a90 nmethod 4123 0x0000020489417a10 code [0x0000020489417bc0, 0x0000020489417e88]
Event: 39.900 Thread 0x000002049ff6f2a0 4120       4       java.lang.Integer::stringSize (47 bytes)
Event: 39.900 Thread 0x000002049c603a90 4124       3       groovy.lang.MetaClassImpl::establishStaticMetaProperty (262 bytes)
Event: 39.902 Thread 0x000002049ff6f2a0 nmethod 4120 0x00000204908fc490 code [0x00000204908fc600, 0x00000204908fc6d8]
Event: 39.902 Thread 0x000002049c603a90 nmethod 4124 0x0000020489417f90 code [0x0000020489418240, 0x0000020489419ab8]
Event: 39.902 Thread 0x000002049ff6f2a0 4121       4       java.lang.Integer::getChars (131 bytes)
Event: 39.910 Thread 0x000002049ff6f2a0 nmethod 4121 0x00000204908fc790 code [0x00000204908fc920, 0x00000204908fcd38]
Event: 39.910 Thread 0x000002049ff6f2a0 4122       4       java.util.Objects::equals (23 bytes)
Event: 39.910 Thread 0x000002049ff6f2a0 nmethod 4122 0x00000204908fcf90 code [0x00000204908fd100, 0x00000204908fd198]
Event: 39.910 Thread 0x000002049ff6f2a0 4119       4       java.lang.AbstractStringBuilder::append (55 bytes)
Event: 39.926 Thread 0x000002049ff6f2a0 nmethod 4119 0x00000204908fd290 code [0x00000204908fd440, 0x00000204908fdf98]
Event: 39.929 Thread 0x000002049c603a90 4125       3       groovyjarjarasm.asm.SymbolTable::get (13 bytes)
Event: 39.929 Thread 0x000002049c603a90 nmethod 4125 0x000002048941a010 code [0x000002048941a1a0, 0x000002048941a2f8]
Event: 39.949 Thread 0x000002049ff6f2a0 4126       4       groovy.lang.MetaClassImpl$1MOPIter::methodNameAction (325 bytes)
Event: 39.959 Thread 0x000002049c603a90 4127       3       sun.reflect.misc.ReflectUtil::checkPackageAccess (14 bytes)
Event: 39.960 Thread 0x000002049c603a90 nmethod 4127 0x000002048941a410 code [0x000002048941a720, 0x000002048941b9f8]
Event: 39.960 Thread 0x000002049c603a90 4129  s    3       java.beans.MethodDescriptor::setParams (74 bytes)
Event: 39.961 Thread 0x000002049c603a90 nmethod 4129 0x000002048941c090 code [0x000002048941c2e0, 0x000002048941cec8]
Event: 39.961 Thread 0x000002049c603a90 4128  s    3       java.beans.MethodDescriptor::setMethod (41 bytes)

GC Heap History (8 events):
Event: 1.180 GC heap before
{Heap before GC invocations=0 (full 0):
 garbage-first heap   total 262144K, used 22528K [0x00000000e0000000, 0x0000000100000000)
  region size 1024K, 23 young (23552K), 0 survivors (0K)
 Metaspace       used 1074K, committed 1216K, reserved 323584K
  class space    used 73K, committed 128K, reserved 315392K
}
Event: 1.194 GC heap after
{Heap after GC invocations=1 (full 0):
 garbage-first heap   total 262144K, used 2581K [0x00000000e0000000, 0x0000000100000000)
  region size 1024K, 3 young (3072K), 3 survivors (3072K)
 Metaspace       used 1074K, committed 1216K, reserved 323584K
  class space    used 73K, committed 128K, reserved 315392K
}
Event: 3.251 GC heap before
{Heap before GC invocations=1 (full 0):
 garbage-first heap   total 262144K, used 40469K [0x00000000e0000000, 0x0000000100000000)
  region size 1024K, 38 young (38912K), 3 survivors (3072K)
 Metaspace       used 4417K, committed 4608K, reserved 323584K
  class space    used 548K, committed 640K, reserved 315392K
}
Event: 3.258 GC heap after
{Heap after GC invocations=2 (full 0):
 garbage-first heap   total 262144K, used 11235K [0x00000000e0000000, 0x0000000100000000)
  region size 1024K, 5 young (5120K), 5 survivors (5120K)
 Metaspace       used 4417K, committed 4608K, reserved 323584K
  class space    used 548K, committed 640K, reserved 315392K
}
Event: 5.550 GC heap before
{Heap before GC invocations=2 (full 0):
 garbage-first heap   total 262144K, used 59363K [0x00000000e0000000, 0x0000000100000000)
  region size 1024K, 50 young (51200K), 5 survivors (5120K)
 Metaspace       used 5006K, committed 5184K, reserved 323584K
  class space    used 642K, committed 704K, reserved 315392K
}
Event: 5.556 GC heap after
{Heap after GC invocations=3 (full 0):
 garbage-first heap   total 262144K, used 16555K [0x00000000e0000000, 0x0000000100000000)
  region size 1024K, 7 young (7168K), 7 survivors (7168K)
 Metaspace       used 5006K, committed 5184K, reserved 323584K
  class space    used 642K, committed 704K, reserved 315392K
}
Event: 23.246 GC heap before
{Heap before GC invocations=3 (full 0):
 garbage-first heap   total 262144K, used 123051K [0x00000000e0000000, 0x0000000100000000)
  region size 1024K, 112 young (114688K), 7 survivors (7168K)
 Metaspace       used 21163K, committed 21504K, reserved 339968K
  class space    used 3088K, committed 3264K, reserved 315392K
}
Event: 23.318 GC heap after
{Heap after GC invocations=4 (full 0):
 garbage-first heap   total 262144K, used 23790K [0x00000000e0000000, 0x0000000100000000)
  region size 1024K, 15 young (15360K), 15 survivors (15360K)
 Metaspace       used 21163K, committed 21504K, reserved 339968K
  class space    used 3088K, committed 3264K, reserved 315392K
}

Deoptimization events (20 events):
Event: 39.419 Thread 0x000002049e0ed810 Uncommon trap: trap_request=0xffffffc6 fr.pc=0x00000204908f43e0 relative=0x0000000000000c20
Event: 39.419 Thread 0x000002049e0ed810 Uncommon trap: reason=bimorphic_or_optimized_type_check action=maybe_recompile pc=0x00000204908f43e0 method=java.lang.ClassLoader.loadClass(Ljava/lang/String;Z)Ljava/lang/Class; @ 69 c2
Event: 39.419 Thread 0x000002049e0ed810 DEOPT PACKING pc=0x00000204908f43e0 sp=0x00000057bcdf8dc0
Event: 39.419 Thread 0x000002049e0ed810 DEOPT UNPACKING pc=0x00000204901423a3 sp=0x00000057bcdf8d80 mode 2
Event: 39.428 Thread 0x000002049e0ed810 Uncommon trap: trap_request=0xffffffde fr.pc=0x00000204908c02fc relative=0x000000000000041c
Event: 39.428 Thread 0x000002049e0ed810 Uncommon trap: reason=class_check action=maybe_recompile pc=0x00000204908c02fc method=java.util.regex.Pattern$Start.match(Ljava/util/regex/Matcher;ILjava/lang/CharSequence;)Z @ 44 c2
Event: 39.428 Thread 0x000002049e0ed810 DEOPT PACKING pc=0x00000204908c02fc sp=0x00000057bcdf9730
Event: 39.428 Thread 0x000002049e0ed810 DEOPT UNPACKING pc=0x00000204901423a3 sp=0x00000057bcdf95f8 mode 2
Event: 39.429 Thread 0x000002049e0ed810 Uncommon trap: trap_request=0xffffffde fr.pc=0x00000204908c02fc relative=0x000000000000041c
Event: 39.429 Thread 0x000002049e0ed810 Uncommon trap: reason=class_check action=maybe_recompile pc=0x00000204908c02fc method=java.util.regex.Pattern$Start.match(Ljava/util/regex/Matcher;ILjava/lang/CharSequence;)Z @ 44 c2
Event: 39.429 Thread 0x000002049e0ed810 DEOPT PACKING pc=0x00000204908c02fc sp=0x00000057bcdf9730
Event: 39.429 Thread 0x000002049e0ed810 DEOPT UNPACKING pc=0x00000204901423a3 sp=0x00000057bcdf95f8 mode 2
Event: 39.435 Thread 0x000002049e0ed810 Uncommon trap: trap_request=0xffffffde fr.pc=0x00000204908b0b60 relative=0x0000000000000400
Event: 39.435 Thread 0x000002049e0ed810 Uncommon trap: reason=class_check action=maybe_recompile pc=0x00000204908b0b60 method=java.util.regex.Pattern$Start.match(Ljava/util/regex/Matcher;ILjava/lang/CharSequence;)Z @ 44 c2
Event: 39.435 Thread 0x000002049e0ed810 DEOPT PACKING pc=0x00000204908b0b60 sp=0x00000057bcdf96c0
Event: 39.435 Thread 0x000002049e0ed810 DEOPT UNPACKING pc=0x00000204901423a3 sp=0x00000057bcdf9600 mode 2
Event: 39.580 Thread 0x000002049e0ed810 Uncommon trap: trap_request=0xffffffcc fr.pc=0x00000204908f61d8 relative=0x0000000000000338
Event: 39.580 Thread 0x000002049e0ed810 Uncommon trap: reason=intrinsic_or_type_checked_inlining action=make_not_entrant pc=0x00000204908f61d8 method=java.util.Arrays.copyOf([Ljava/lang/Object;ILjava/lang/Class;)[Ljava/lang/Object; @ 35 c2
Event: 39.580 Thread 0x000002049e0ed810 DEOPT PACKING pc=0x00000204908f61d8 sp=0x00000057bcdfa130
Event: 39.580 Thread 0x000002049e0ed810 DEOPT UNPACKING pc=0x00000204901423a3 sp=0x00000057bcdfa0c0 mode 2

Classes unloaded (0 events):
No events

Classes redefined (0 events):
No events

Internal exceptions (20 events):
Event: 37.379 Thread 0x000002049e0ed810 Exception <a 'java/lang/ClassNotFoundException'{0x00000000eb2f7620}: org/gradle/internal/extensibility/DefaultExtraPropertiesExtensionBeanInfo> (0x00000000eb2f7620) 
thrown [s\open\src\hotspot\share\classfile\systemDictionary.cpp, line 256]
Event: 37.379 Thread 0x000002049e0ed810 Exception <a 'java/lang/ClassNotFoundException'{0x00000000eb101ff8}: org/gradle/internal/extensibility/DefaultExtraPropertiesExtensionCustomizer> (0x00000000eb101ff8) 
thrown [s\open\src\hotspot\share\classfile\systemDictionary.cpp, line 256]
Event: 37.833 Thread 0x000002049e0ed810 Exception <a 'java/lang/NoSuchMethodError'{0x00000000eb003a58}: 'java.lang.Object java.lang.invoke.DirectMethodHandle$Holder.invokeSpecialIFC(java.lang.Object, java.lang.Object, java.lang.Object, java.lang.Object)'> (0x00000000eb003a58) 
thrown [s\open\src\hotspot\share\interpreter\linkResolver.cpp, line 759]
Event: 37.904 Thread 0x000002049e0ed810 Exception <a 'java/lang/NoSuchMethodError'{0x00000000eb062400}: 'java.lang.Object java.lang.invoke.DirectMethodHandle$Holder.newInvokeSpecial(java.lang.Object, java.lang.Object, java.lang.Object, java.lang.Object, java.lang.Object, java.lang.Object, java.lang.Object, java.lang.Object, java.lang.Object, java.lang.Object)'> (0x00000000eb062400) 
thrown [s\open\src\hotspot\share\interpreter\linkResolver.cpp, line 759]
Event: 37.908 Thread 0x000002049e0ed810 Exception <a 'java/lang/NoSuchMethodError'{0x00000000eb067040}: 'java.lang.Object java.lang.invoke.Invokers$Holder.linkToTargetMethod(java.lang.Object, java.lang.Object, java.lang.Object, java.lang.Object, java.lang.Object, java.lang.Object, java.lang.Object, java.lang.Object, java.lang.Object, java.lang.Object)'> (0x00000000eb067040) 
thrown [s\open\src\hotspot\share\interpreter\linkResolver.cpp, line 759]
Event: 38.405 Thread 0x000002049e0ed810 Exception <a 'java/lang/NoSuchMethodError'{0x00000000eae14870}: 'void java.lang.invoke.Invokers$Holder.invoke_MT(java.lang.Object, java.lang.Object, java.lang.Object, java.lang.Object)'> (0x00000000eae14870) 
thrown [s\open\src\hotspot\share\interpreter\linkResolver.cpp, line 759]
Event: 38.728 Thread 0x000002049e0ed810 Exception <a 'java/lang/ClassNotFoundException'{0x00000000ead921e8}: org/gradle/invocation/DefaultGradle_DecoratedBeanInfo> (0x00000000ead921e8) 
thrown [s\open\src\hotspot\share\classfile\systemDictionary.cpp, line 256]
Event: 38.739 Thread 0x000002049e0ed810 Exception <a 'java/lang/ClassNotFoundException'{0x00000000eada0b60}: org/gradle/invocation/DefaultGradleBeanInfo> (0x00000000eada0b60) 
thrown [s\open\src\hotspot\share\classfile\systemDictionary.cpp, line 256]
Event: 38.752 Thread 0x000002049e0ed810 Exception <a 'java/lang/ClassNotFoundException'{0x00000000eadafb30}: org/gradle/api/internal/project/AbstractPluginAwareBeanInfo> (0x00000000eadafb30) 
thrown [s\open\src\hotspot\share\classfile\systemDictionary.cpp, line 256]
Event: 38.760 Thread 0x000002049e0ed810 Exception <a 'java/lang/ClassNotFoundException'{0x00000000eadbeb50}: org/gradle/api/internal/project/AbstractPluginAwareCustomizer> (0x00000000eadbeb50) 
thrown [s\open\src\hotspot\share\classfile\systemDictionary.cpp, line 256]
Event: 38.776 Thread 0x000002049e0ed810 Exception <a 'java/lang/ClassNotFoundException'{0x00000000eadd30e8}: org/gradle/invocation/DefaultGradleCustomizer> (0x00000000eadd30e8) 
thrown [s\open\src\hotspot\share\classfile\systemDictionary.cpp, line 256]
Event: 38.788 Thread 0x000002049e0ed810 Exception <a 'java/lang/ClassNotFoundException'{0x00000000eac14628}: org/gradle/invocation/DefaultGradle_DecoratedCustomizer> (0x00000000eac14628) 
thrown [s\open\src\hotspot\share\classfile\systemDictionary.cpp, line 256]
Event: 39.408 Thread 0x000002049e0ed810 Exception <a 'java/lang/ClassNotFoundException'{0x00000000ea9e7240}: groovy/lang/Closure$1BeanInfo> (0x00000000ea9e7240) 
thrown [s\open\src\hotspot\share\classfile\systemDictionary.cpp, line 256]
Event: 39.422 Thread 0x000002049e0ed810 Exception <a 'java/lang/ClassNotFoundException'{0x00000000ea8035d0}: groovy/lang/ClosureBeanInfo> (0x00000000ea8035d0) 
thrown [s\open\src\hotspot\share\classfile\systemDictionary.cpp, line 256]
Event: 39.424 Thread 0x000002049e0ed810 Exception <a 'java/lang/ClassNotFoundException'{0x00000000ea81f3a0}: groovy/lang/ClosureCustomizer> (0x00000000ea81f3a0) 
thrown [s\open\src\hotspot\share\classfile\systemDictionary.cpp, line 256]
Event: 39.459 Thread 0x000002049e0ed810 Exception <a 'java/lang/ClassNotFoundException'{0x00000000ea85f1a8}: groovy/lang/Closure$1Customizer> (0x00000000ea85f1a8) 
thrown [s\open\src\hotspot\share\classfile\systemDictionary.cpp, line 256]
Event: 39.885 Thread 0x000002049e0ed810 Exception <a 'java/lang/ClassNotFoundException'{0x00000000ea66b618}: ijresolvers1_74hplw7srz8cmuowuu90pwgwpBeanInfo> (0x00000000ea66b618) 
thrown [s\open\src\hotspot\share\classfile\systemDictionary.cpp, line 256]
Event: 39.892 Thread 0x000002049e0ed810 Exception <a 'java/lang/ClassNotFoundException'{0x00000000ea671df0}: ijresolvers1_74hplw7srz8cmuowuu90pwgwpCustomizer> (0x00000000ea671df0) 
thrown [s\open\src\hotspot\share\classfile\systemDictionary.cpp, line 256]
Event: 39.954 Thread 0x000002049e0ed810 Exception <a 'java/lang/ClassNotFoundException'{0x00000000ea6c8a10}: org/gradle/internal/metaobject/ConfigureDelegateBeanInfo> (0x00000000ea6c8a10) 
thrown [s\open\src\hotspot\share\classfile\systemDictionary.cpp, line 256]
Event: 39.958 Thread 0x000002049e0ed810 Exception <a 'java/lang/ClassNotFoundException'{0x00000000ea6d7920}: org/gradle/internal/metaobject/ConfigureDelegateCustomizer> (0x00000000ea6d7920) 
thrown [s\open\src\hotspot\share\classfile\systemDictionary.cpp, line 256]

VM Operations (20 events):
Event: 34.707 Executing VM operation: HandshakeAllThreads done
Event: 34.944 Executing VM operation: HandshakeAllThreads
Event: 34.945 Executing VM operation: HandshakeAllThreads done
Event: 34.945 Executing VM operation: Cleanup
Event: 34.945 Executing VM operation: Cleanup done
Event: 35.520 Executing VM operation: HandshakeAllThreads
Event: 35.520 Executing VM operation: HandshakeAllThreads done
Event: 35.528 Executing VM operation: HandshakeAllThreads
Event: 35.529 Executing VM operation: HandshakeAllThreads done
Event: 36.028 Executing VM operation: HandshakeAllThreads
Event: 36.029 Executing VM operation: HandshakeAllThreads done
Event: 36.029 Executing VM operation: Cleanup
Event: 36.029 Executing VM operation: Cleanup done
Event: 37.029 Executing VM operation: Cleanup
Event: 37.051 Executing VM operation: Cleanup done
Event: 38.057 Executing VM operation: Cleanup
Event: 38.057 Executing VM operation: Cleanup done
Event: 39.064 Executing VM operation: Cleanup
Event: 39.072 Executing VM operation: Cleanup done
Event: 40.078 Executing VM operation: Cleanup

Events (20 events):
Event: 37.533 Thread 0x00000204a0917850 Thread added: 0x00000204a0917850
Event: 38.041 Thread 0x00000204a0916eb0 Thread added: 0x00000204a0916eb0
Event: 38.855 loading class jdk/internal/reflect/UnsafeObjectFieldAccessorImpl
Event: 38.855 loading class jdk/internal/reflect/UnsafeObjectFieldAccessorImpl done
Event: 39.059 loading class sun/reflect/MagicAccessorImpl
Event: 39.059 loading class sun/reflect/MagicAccessorImpl done
Event: 39.428 loading class sun/reflect/generics/tree/IntSignature
Event: 39.428 loading class sun/reflect/generics/tree/IntSignature done
Event: 39.428 loading class sun/reflect/generics/tree/ArrayTypeSignature
Event: 39.428 loading class sun/reflect/generics/tree/ArrayTypeSignature done
Event: 39.460 loading class com/sun/beans/finder/MethodFinder
Event: 39.461 loading class com/sun/beans/finder/AbstractFinder
Event: 39.461 loading class com/sun/beans/finder/AbstractFinder done
Event: 39.461 loading class com/sun/beans/finder/MethodFinder done
Event: 39.461 loading class com/sun/beans/finder/MethodFinder$1
Event: 39.461 loading class com/sun/beans/finder/MethodFinder$1 done
Event: 39.461 loading class com/sun/beans/finder/FinderUtils
Event: 39.461 loading class com/sun/beans/finder/FinderUtils done
Event: 39.826 Thread 0x00000204a0917d20 Thread added: 0x00000204a0917d20
Event: 39.900 Thread 0x000002049ff6f2a0 Thread added: 0x000002049ff6f2a0


Dynamic libraries:
0x00007ff6b4df0000 - 0x00007ff6b4e00000 	C:\Program Files\Java\jdk-17\bin\java.exe
0x00007ffd88700000 - 0x00007ffd88966000 	C:\WINDOWS\SYSTEM32\ntdll.dll
0x00007ffd878f0000 - 0x00007ffd879b9000 	C:\WINDOWS\System32\KERNEL32.DLL
0x00007ffd85a10000 - 0x00007ffd85ddc000 	C:\WINDOWS\System32\KERNELBASE.dll
0x00007ffd860f0000 - 0x00007ffd8623b000 	C:\WINDOWS\System32\ucrtbase.dll
0x00007ffd5ff20000 - 0x00007ffd5ff38000 	C:\Program Files\Java\jdk-17\bin\jli.dll
0x00007ffd5eba0000 - 0x00007ffd5ebbb000 	C:\Program Files\Java\jdk-17\bin\VCRUNTIME140.dll
0x00007ffd88150000 - 0x00007ffd88202000 	C:\WINDOWS\System32\ADVAPI32.dll
0x00007ffd86c70000 - 0x00007ffd86d19000 	C:\WINDOWS\System32\msvcrt.dll
0x00007ffd86760000 - 0x00007ffd86806000 	C:\WINDOWS\System32\sechost.dll
0x00007ffd86ae0000 - 0x00007ffd86bf6000 	C:\WINDOWS\System32\RPCRT4.dll
0x00007ffd87660000 - 0x00007ffd8782a000 	C:\WINDOWS\System32\USER32.dll
0x00007ffd860c0000 - 0x00007ffd860e7000 	C:\WINDOWS\System32\win32u.dll
0x00007ffd86550000 - 0x00007ffd8657b000 	C:\WINDOWS\System32\GDI32.dll
0x00007ffd86240000 - 0x00007ffd86372000 	C:\WINDOWS\System32\gdi32full.dll
0x00007ffd61440000 - 0x00007ffd616da000 	C:\WINDOWS\WinSxS\amd64_microsoft.windows.common-controls_6595b64144ccf1df_6.0.26100.3912_none_3e07963ce335137e\COMCTL32.dll
0x00007ffd86380000 - 0x00007ffd86423000 	C:\WINDOWS\System32\msvcp_win.dll
0x00007ffd7b540000 - 0x00007ffd7b54b000 	C:\WINDOWS\SYSTEM32\VERSION.dll
0x00007ffd87830000 - 0x00007ffd87860000 	C:\WINDOWS\System32\IMM32.DLL
0x00007ffd6cd20000 - 0x00007ffd6cd2c000 	C:\Program Files\Java\jdk-17\bin\vcruntime140_1.dll
0x00007ffd3d640000 - 0x00007ffd3d6ce000 	C:\Program Files\Java\jdk-17\bin\msvcp140.dll
0x00007ffca6ea0000 - 0x00007ffca7a77000 	C:\Program Files\Java\jdk-17\bin\server\jvm.dll
0x00007ffd87f50000 - 0x00007ffd87f58000 	C:\WINDOWS\System32\PSAPI.DLL
0x00007ffd7a8e0000 - 0x00007ffd7a916000 	C:\WINDOWS\SYSTEM32\WINMM.dll
0x00007ffd534e0000 - 0x00007ffd534ea000 	C:\WINDOWS\SYSTEM32\WSOCK32.dll
0x00007ffd880d0000 - 0x00007ffd88144000 	C:\WINDOWS\System32\WS2_32.dll
0x00007ffd84750000 - 0x00007ffd8476a000 	C:\WINDOWS\SYSTEM32\kernel.appcore.dll
0x00007ffd601f0000 - 0x00007ffd601fa000 	C:\Program Files\Java\jdk-17\bin\jimage.dll
0x00007ffd82ee0000 - 0x00007ffd83121000 	C:\WINDOWS\SYSTEM32\DBGHELP.DLL
0x00007ffd882d0000 - 0x00007ffd88654000 	C:\WINDOWS\System32\combase.dll
0x00007ffd87e60000 - 0x00007ffd87f40000 	C:\WINDOWS\System32\OLEAUT32.dll
0x00007ffd485b0000 - 0x00007ffd485e9000 	C:\WINDOWS\SYSTEM32\dbgcore.DLL
0x00007ffd86020000 - 0x00007ffd860b9000 	C:\WINDOWS\System32\bcryptPrimitives.dll
0x00007ffd5d0d0000 - 0x00007ffd5d0de000 	C:\Program Files\Java\jdk-17\bin\instrument.dll
0x00007ffd53590000 - 0x00007ffd535b5000 	C:\Program Files\Java\jdk-17\bin\java.dll
0x00007ffd21190000 - 0x00007ffd21267000 	C:\Program Files\Java\jdk-17\bin\jsvml.dll
0x00007ffd86f30000 - 0x00007ffd8765d000 	C:\WINDOWS\System32\SHELL32.dll
0x00007ffd85890000 - 0x00007ffd85a04000 	C:\WINDOWS\System32\wintypes.dll
0x00007ffd834c0000 - 0x00007ffd83d16000 	C:\WINDOWS\SYSTEM32\windows.storage.dll
0x00007ffd86e30000 - 0x00007ffd86f1f000 	C:\WINDOWS\System32\SHCORE.dll
0x00007ffd86c00000 - 0x00007ffd86c69000 	C:\WINDOWS\System32\shlwapi.dll
0x00007ffd857a0000 - 0x00007ffd857cf000 	C:\WINDOWS\SYSTEM32\profapi.dll
0x00007ffd5aa30000 - 0x00007ffd5aa48000 	C:\Program Files\Java\jdk-17\bin\zip.dll
0x00007ffd51630000 - 0x00007ffd51649000 	C:\Program Files\Java\jdk-17\bin\net.dll
0x00007ffd7d050000 - 0x00007ffd7d16e000 	C:\WINDOWS\SYSTEM32\WINHTTP.dll
0x00007ffd84ce0000 - 0x00007ffd84d4a000 	C:\WINDOWS\system32\mswsock.dll
0x00007ffd51610000 - 0x00007ffd51626000 	C:\Program Files\Java\jdk-17\bin\nio.dll
0x00007ffd5c0c0000 - 0x00007ffd5c0d0000 	C:\Program Files\Java\jdk-17\bin\verify.dll
0x00007ffd5b9e0000 - 0x00007ffd5ba07000 	C:\Users\neman\.gradle\native\1def1411415f61bf3af743bc5b6707747c0891f09f0c88961ee8f79bc544acac\windows-amd64\native-platform.dll
0x00007ffd3d5c0000 - 0x00007ffd3d638000 	C:\Users\neman\.gradle\native\0.2.7\x86_64-windows-gnu\gradle-fileevents.dll
0x00007ffd5bf90000 - 0x00007ffd5bf9a000 	C:\Program Files\Java\jdk-17\bin\management.dll
0x00007ffd5bf40000 - 0x00007ffd5bf4b000 	C:\Program Files\Java\jdk-17\bin\management_ext.dll
0x00007ffd840d0000 - 0x00007ffd84103000 	C:\WINDOWS\SYSTEM32\IPHLPAPI.DLL
0x00007ffd86e20000 - 0x00007ffd86e2a000 	C:\WINDOWS\System32\NSI.dll
0x00007ffd7d390000 - 0x00007ffd7d3af000 	C:\WINDOWS\SYSTEM32\dhcpcsvc6.DLL
0x00007ffd7d1f0000 - 0x00007ffd7d215000 	C:\WINDOWS\SYSTEM32\dhcpcsvc.DLL
0x00007ffd84160000 - 0x00007ffd84287000 	C:\WINDOWS\SYSTEM32\DNSAPI.dll
0x00007ffd84f80000 - 0x00007ffd84f9c000 	C:\WINDOWS\SYSTEM32\CRYPTSP.dll
0x00007ffd846b0000 - 0x00007ffd846ea000 	C:\WINDOWS\system32\rsaenh.dll
0x00007ffd84d80000 - 0x00007ffd84dab000 	C:\WINDOWS\SYSTEM32\USERENV.dll
0x00007ffd85770000 - 0x00007ffd85796000 	C:\WINDOWS\SYSTEM32\bcrypt.dll
0x00007ffd84fa0000 - 0x00007ffd84fac000 	C:\WINDOWS\SYSTEM32\CRYPTBASE.dll
0x00007ffd5bea0000 - 0x00007ffd5bead000 	C:\Program Files\Java\jdk-17\bin\sunmscapi.dll
0x00007ffd85de0000 - 0x00007ffd85f57000 	C:\WINDOWS\System32\CRYPT32.dll
0x00007ffd85190000 - 0x00007ffd851c0000 	C:\WINDOWS\SYSTEM32\ncrypt.dll
0x00007ffd85140000 - 0x00007ffd8517f000 	C:\WINDOWS\SYSTEM32\NTASN1.dll
0x00007ffd73620000 - 0x00007ffd73628000 	C:\WINDOWS\system32\wshunix.dll

dbghelp: loaded successfully - version: 4.0.5 - missing functions: none
symbol engine: initialized successfully - sym options: 0x614 - pdb path: .;C:\Program Files\Java\jdk-17\bin;C:\WINDOWS\SYSTEM32;C:\WINDOWS\WinSxS\amd64_microsoft.windows.common-controls_6595b64144ccf1df_6.0.26100.3912_none_3e07963ce335137e;C:\Program Files\Java\jdk-17\bin\server;C:\Users\neman\.gradle\native\1def1411415f61bf3af743bc5b6707747c0891f09f0c88961ee8f79bc544acac\windows-amd64;C:\Users\neman\.gradle\native\0.2.7\x86_64-windows-gnu

VM Arguments:
jvm_args: --add-opens=java.base/java.lang=ALL-UNNAMED --add-opens=java.base/java.lang.invoke=ALL-UNNAMED --add-opens=java.base/java.util=ALL-UNNAMED --add-opens=java.prefs/java.util.prefs=ALL-UNNAMED --add-exports=jdk.compiler/com.sun.tools.javac.api=ALL-UNNAMED --add-exports=jdk.compiler/com.sun.tools.javac.util=ALL-UNNAMED --add-opens=java.base/java.util=ALL-UNNAMED --add-opens=java.prefs/java.util.prefs=ALL-UNNAMED --add-opens=java.base/java.nio.charset=ALL-UNNAMED --add-opens=java.base/java.net=ALL-UNNAMED --add-opens=java.base/java.util.concurrent.atomic=ALL-UNNAMED --add-opens=java.xml/javax.xml.namespace=ALL-UNNAMED -XX:MaxMetaspaceSize=384m -XX:+HeapDumpOnOutOfMemoryError -Xms256m -Xmx512m -Dfile.encoding=UTF-8 -Duser.country=US -Duser.language=en -Duser.variant -javaagent:C:\Users\neman\.gradle\wrapper\dists\gradle-8.13-bin\5xuhj0ry160q40clulazy9h7d\gradle-8.13\lib\agents\gradle-instrumentation-agent-8.13.jar 
java_command: org.gradle.launcher.daemon.bootstrap.GradleDaemon 8.13
java_class_path (initial): C:\Users\neman\.gradle\wrapper\dists\gradle-8.13-bin\5xuhj0ry160q40clulazy9h7d\gradle-8.13\lib\gradle-daemon-main-8.13.jar
Launcher Type: SUN_STANDARD

[Global flags]
     intx CICompilerCount                          = 4                                         {product} {ergonomic}
   size_t CompressedClassSpaceSize                 = 322961408                                 {product} {ergonomic}
     uint ConcGCThreads                            = 3                                         {product} {ergonomic}
     uint G1ConcRefinementThreads                  = 10                                        {product} {ergonomic}
   size_t G1HeapRegionSize                         = 1048576                                   {product} {ergonomic}
    uintx GCDrainStackTargetSize                   = 64                                        {product} {ergonomic}
     bool HeapDumpOnOutOfMemoryError               = true                                   {manageable} {command line}
   size_t InitialHeapSize                          = 268435456                                 {product} {command line}
   size_t MarkStackSize                            = 4194304                                   {product} {ergonomic}
   size_t MaxHeapSize                              = 536870912                                 {product} {command line}
   size_t MaxMetaspaceSize                         = 402653184                                 {product} {command line}
   size_t MaxNewSize                               = 321912832                                 {product} {ergonomic}
   size_t MinHeapDeltaBytes                        = 1048576                                   {product} {ergonomic}
   size_t MinHeapSize                              = 268435456                                 {product} {command line}
    uintx NonNMethodCodeHeapSize                   = 5839372                                {pd product} {ergonomic}
    uintx NonProfiledCodeHeapSize                  = 122909434                              {pd product} {ergonomic}
    uintx ProfiledCodeHeapSize                     = 122909434                              {pd product} {ergonomic}
    uintx ReservedCodeCacheSize                    = 251658240                              {pd product} {ergonomic}
     bool SegmentedCodeCache                       = true                                      {product} {ergonomic}
   size_t SoftMaxHeapSize                          = 536870912                              {manageable} {ergonomic}
     bool UseCompressedClassPointers               = true                           {product lp64_product} {ergonomic}
     bool UseCompressedOops                        = true                           {product lp64_product} {ergonomic}
     bool UseG1GC                                  = true                                      {product} {ergonomic}
     bool UseLargePagesIndividualAllocation        = false                                  {pd product} {ergonomic}

Logging:
Log output configuration:
 #0: stdout all=warning uptime,level,tags
 #1: stderr all=off uptime,level,tags

Environment Variables:
JAVA_HOME=C:\Program Files\Java\jdk-24
PATH=C:\Program Files\NVIDIA GPU Computing Toolkit\CUDA\v12.8\bin;C:\Program Files\NVIDIA GPU Computing Toolkit\CUDA\v12.8\libnvvp;C:\app\neman\product\21c\dbhomeXE\bin;C:\windows\system32;C:\windows;C:\windows\System32\Wbem;C:\windows\System32\WindowsPowerShell\v1.0\;C:\windows\System32\OpenSSH\;C:\Program Files (x86)\NVIDIA Corporation\PhysX\Common;C:\Program Files\NVIDIA Corporation\NVIDIA NvDLISR;C:\Program Files\Docker\Docker\resources\bin;C:\Program Files\TortoiseGit\bin;C:\Program Files\PuTTY\;C:\Program Files\HP\HP One Agent;C:\Program Files\Git\cmd;C:\Program Files\MySQL\mysql-connector-java-8.0.11;C:\WINDOWS\system32;C:\WINDOWS;C:\WINDOWS\System32\Wbem;C:\WINDOWS\System32\WindowsPowerShell\v1.0\;C:\WINDOWS\System32\OpenSSH\;C:\Program Files\dotnet\;C:\Users\neman\AppData\Local\Programs\Python\Python311\;C:\Program Files\NVIDIA Corporation\Nsight Compute 2025.1.1\;C:\Program Files\NVIDIA Corporation\NVIDIA app\NvDLISR;C:\Gradle\gradle-8.6\bin;C:\Program Files\nodejs\;C:\Program Files\MySQL\MySQL Server 8.0\bin;C:\Program Files\Java\jdk-24\bin;C:\Users\neman\AppData\Local\Programs\Python\Python311\Scripts\;C:\Users\neman\AppData\Local\Programs\Python\Python311\;C:\Users\neman\AppData\Local\Programs\Python\Launcher\;C:\Users\neman\AppData\Local\Microsoft\WindowsApps;;C:\Users\neman\AppData\Local\Programs\Microsoft VS Code\bin;C:\Users\neman\AppData\Local\Muse Hub\lib;C:\Users\neman\AppData\Roaming\npm;C:\Users\neman\AppData\Local\Programs\cursor\resources\app\bin
USERNAME=neman
OS=Windows_NT
PROCESSOR_IDENTIFIER=Intel64 Family 6 Model 154 Stepping 3, GenuineIntel



---------------  S Y S T E M  ---------------

OS:
 Windows 11 , 64 bit Build 26100 (10.0.26100.3912)
OS uptime: 4 days 7:39 hours
Hyper-V role detected

CPU: total 12 (initial active 12) (6 cores per cpu, 2 threads per core) family 6 model 154 stepping 3 microcode 0x434, cx8, cmov, fxsr, ht, mmx, 3dnowpref, sse, sse2, sse3, ssse3, sse4.1, sse4.2, popcnt, lzcnt, tsc, tscinvbit, avx, avx2, aes, erms, clmul, bmi1, bmi2, adx, sha, fma, vzeroupper, clflush, clflushopt, clwb, hv

Memory: 4k page, system-wide physical 7860M (756M free)
TotalPageFile size 32436M (AvailPageFile size 30M)
current process WorkingSet (physical memory assigned to process): 172M, peak: 172M
current process commit charge ("private bytes"): 440M, peak: 440M

vm_info: Java HotSpot(TM) 64-Bit Server VM (17.0.6+9-LTS-190) for windows-amd64 JRE (17.0.6+9-LTS-190), built on Dec  6 2022 15:53:54 by "mach5one" with MS VC++ 17.1 (VS2022)

END.
