#
# There is insufficient memory for the Java Runtime Environment to continue.
# Native memory allocation (malloc) failed to allocate 1574576 bytes for Chunk::new
# Possible reasons:
#   The system is out of physical RAM or swap space
#   The process is running with CompressedOops enabled, and the Java Heap may be blocking the growth of the native heap
# Possible solutions:
#   Reduce memory load on the system
#   Increase physical memory or swap space
#   Check if swap backing store is full
#   Decrease Java heap size (-Xmx/-Xms)
#   Decrease number of Java threads
#   Decrease Java thread stack sizes (-Xss)
#   Set larger code cache with -XX:ReservedCodeCacheSize=
#   JVM is running with Unscaled Compressed Oops mode in which the Java heap is
#     placed in the first 4GB address space. The Java Heap base address is the
#     maximum limit for the native heap growth. Please use -XX:HeapBaseMinAddress
#     to set the Java Heap base and to place the Java Heap above 4GB virtual address.
# This output file may be truncated or incomplete.
#
#  Out of Memory Error (arena.cpp:189), pid=4828, tid=13844
#
# JRE version: Java(TM) SE Runtime Environment (17.0.6+9) (build 17.0.6+9-LTS-190)
# Java VM: Java HotSpot(TM) 64-Bit Server VM (17.0.6+9-LTS-190, mixed mode, sharing, tiered, compressed oops, compressed class ptrs, g1 gc, windows-amd64)
# No core dump will be written. Minidumps are not enabled by default on client versions of Windows
#

---------------  S U M M A R Y ------------

Command Line: --add-opens=java.base/java.lang=ALL-UNNAMED --add-opens=java.base/java.lang.invoke=ALL-UNNAMED --add-opens=java.base/java.util=ALL-UNNAMED --add-opens=java.prefs/java.util.prefs=ALL-UNNAMED --add-exports=jdk.compiler/com.sun.tools.javac.api=ALL-UNNAMED --add-exports=jdk.compiler/com.sun.tools.javac.util=ALL-UNNAMED --add-opens=java.base/java.util=ALL-UNNAMED --add-opens=java.prefs/java.util.prefs=ALL-UNNAMED --add-opens=java.base/java.nio.charset=ALL-UNNAMED --add-opens=java.base/java.net=ALL-UNNAMED --add-opens=java.base/java.util.concurrent.atomic=ALL-UNNAMED --add-opens=java.xml/javax.xml.namespace=ALL-UNNAMED -XX:MaxMetaspaceSize=384m -XX:+HeapDumpOnOutOfMemoryError -Xms256m -Xmx512m -Dfile.encoding=UTF-8 -Duser.country=US -Duser.language=en -Duser.variant -javaagent:C:\Users\neman\.gradle\wrapper\dists\gradle-8.13-bin\5xuhj0ry160q40clulazy9h7d\gradle-8.13\lib\agents\gradle-instrumentation-agent-8.13.jar org.gradle.launcher.daemon.bootstrap.GradleDaemon 8.13

Host: 12th Gen Intel(R) Core(TM) i5-12450H, 12 cores, 7G,  Windows 11 , 64 bit Build 26100 (10.0.26100.3912)
Time: Wed May 28 21:42:16 2025 Azerbaijan Standard Time elapsed time: 74.861148 seconds (0d 0h 1m 14s)

---------------  T H R E A D  ---------------

Current thread (0x000002b75de576e0):  JavaThread "C2 CompilerThread0" daemon [_thread_in_native, id=13844, stack(0x000000c239000000,0x000000c239100000)]


Current CompileTask:
C2:  74861 3660       4       java.lang.String::split (327 bytes)

Stack: [0x000000c239000000,0x000000c239100000]
Native frames: (J=compiled Java code, j=interpreted, Vv=VM code, C=native code)
V  [jvm.dll+0x6734ea]
V  [jvm.dll+0x7d18f4]
V  [jvm.dll+0x7d309e]
V  [jvm.dll+0x7d3703]
V  [jvm.dll+0x2433c5]
V  [jvm.dll+0xaa46b]
V  [jvm.dll+0xaaa0c]
V  [jvm.dll+0x35eadf]
V  [jvm.dll+0x329401]
V  [jvm.dll+0x32889a]
V  [jvm.dll+0x215ddf]
V  [jvm.dll+0x215211]
V  [jvm.dll+0x1a1730]
V  [jvm.dll+0x224b6e]
V  [jvm.dll+0x222f15]
V  [jvm.dll+0x78753c]
V  [jvm.dll+0x781a7a]
V  [jvm.dll+0x672375]
C  [ucrtbase.dll+0x37b0]
C  [KERNEL32.DLL+0x2e8d7]
C  [ntdll.dll+0x9c5dc]


---------------  P R O C E S S  ---------------

Threads class SMR info:
_java_thread_list=0x000002b75fec4950, length=32, elements={
0x000002b7429045e0, 0x000002b75de3a1d0, 0x000002b75de3b800, 0x000002b75de51810,
0x000002b75de521d0, 0x000002b75de55610, 0x000002b75de56a40, 0x000002b75de576e0,
0x000002b75de58090, 0x000002b75de59500, 0x000002b75de279e0, 0x000002b75e989210,
0x000002b75eb5fea0, 0x000002b75f41f030, 0x000002b75fea7e40, 0x000002b75fb5c9a0,
0x000002b75facb120, 0x000002b75f6e8d60, 0x000002b760392dd0, 0x000002b75f0ec940,
0x000002b75f0ec470, 0x000002b75f0ece10, 0x000002b75f0ed2e0, 0x000002b75f0edc80,
0x000002b75f0ed7b0, 0x000002b75f0eac60, 0x000002b75f0eb600, 0x000002b75f0eb130,
0x000002b75f0ee150, 0x000002b75f0ebad0, 0x000002b761a0bd40, 0x000002b761a0a060
}

Java Threads: ( => current thread )
  0x000002b7429045e0 JavaThread "main" [_thread_blocked, id=26220, stack(0x000000c238300000,0x000000c238400000)]
  0x000002b75de3a1d0 JavaThread "Reference Handler" daemon [_thread_blocked, id=14844, stack(0x000000c238a00000,0x000000c238b00000)]
  0x000002b75de3b800 JavaThread "Finalizer" daemon [_thread_blocked, id=33348, stack(0x000000c238b00000,0x000000c238c00000)]
  0x000002b75de51810 JavaThread "Signal Dispatcher" daemon [_thread_blocked, id=20160, stack(0x000000c238c00000,0x000000c238d00000)]
  0x000002b75de521d0 JavaThread "Attach Listener" daemon [_thread_blocked, id=29316, stack(0x000000c238d00000,0x000000c238e00000)]
  0x000002b75de55610 JavaThread "Service Thread" daemon [_thread_blocked, id=18820, stack(0x000000c238e00000,0x000000c238f00000)]
  0x000002b75de56a40 JavaThread "Monitor Deflation Thread" daemon [_thread_blocked, id=32660, stack(0x000000c238f00000,0x000000c239000000)]
=>0x000002b75de576e0 JavaThread "C2 CompilerThread0" daemon [_thread_in_native, id=13844, stack(0x000000c239000000,0x000000c239100000)]
  0x000002b75de58090 JavaThread "C1 CompilerThread0" daemon [_thread_in_vm, id=25060, stack(0x000000c239100000,0x000000c239200000)]
  0x000002b75de59500 JavaThread "Sweeper thread" daemon [_thread_blocked, id=33248, stack(0x000000c239200000,0x000000c239300000)]
  0x000002b75de279e0 JavaThread "Common-Cleaner" daemon [_thread_blocked, id=13484, stack(0x000000c239300000,0x000000c239400000)]
  0x000002b75e989210 JavaThread "Notification Thread" daemon [_thread_blocked, id=32984, stack(0x000000c239400000,0x000000c239500000)]
  0x000002b75eb5fea0 JavaThread "Daemon health stats" [_thread_blocked, id=33060, stack(0x000000c239b00000,0x000000c239c00000)]
  0x000002b75f41f030 JavaThread "Incoming local TCP Connector on port 61751" [_thread_in_native, id=5312, stack(0x000000c239c00000,0x000000c239d00000)]
  0x000002b75fea7e40 JavaThread "Daemon periodic checks" [_thread_blocked, id=33640, stack(0x000000c239d00000,0x000000c239e00000)]
  0x000002b75fb5c9a0 JavaThread "Daemon" [_thread_blocked, id=29700, stack(0x000000c239e00000,0x000000c239f00000)]
  0x000002b75facb120 JavaThread "Handler for socket connection from /127.0.0.1:61751 to /127.0.0.1:61752" [_thread_in_native, id=32880, stack(0x000000c239f00000,0x000000c23a000000)]
  0x000002b75f6e8d60 JavaThread "Cancel handler" [_thread_blocked, id=7812, stack(0x000000c23a000000,0x000000c23a100000)]
  0x000002b760392dd0 JavaThread "Daemon worker" [_thread_in_Java, id=29724, stack(0x000000c23a100000,0x000000c23a200000)]
  0x000002b75f0ec940 JavaThread "Asynchronous log dispatcher for DefaultDaemonConnection: socket connection from /127.0.0.1:61751 to /127.0.0.1:61752" [_thread_blocked, id=12876, stack(0x000000c23a200000,0x000000c23a300000)]
  0x000002b75f0ec470 JavaThread "Stdin handler" [_thread_blocked, id=21860, stack(0x000000c23a300000,0x000000c23a400000)]
  0x000002b75f0ece10 JavaThread "Daemon client event forwarder" [_thread_blocked, id=32680, stack(0x000000c23a400000,0x000000c23a500000)]
  0x000002b75f0ed2e0 JavaThread "Cache worker for journal cache (C:\Users\neman\.gradle\caches\journal-1)" [_thread_blocked, id=23336, stack(0x000000c23a500000,0x000000c23a600000)]
  0x000002b75f0edc80 JavaThread "File lock request listener" [_thread_in_native, id=3456, stack(0x000000c23a600000,0x000000c23a700000)]
  0x000002b75f0ed7b0 JavaThread "File lock release action executor" [_thread_blocked, id=6516, stack(0x000000c23a700000,0x000000c23a800000)]
  0x000002b75f0eac60 JavaThread "Cache worker for file hash cache (C:\Users\neman\.gradle\caches\8.13\fileHashes)" [_thread_blocked, id=14436, stack(0x000000c23a800000,0x000000c23a900000)]
  0x000002b75f0eb600 JavaThread "Cache worker for file hash cache (C:\Users\neman\Desktop\MicroserviceProject\User-ms\.gradle\8.13\fileHashes)" [_thread_blocked, id=33788, stack(0x000000c238100000,0x000000c238200000)]
  0x000002b75f0eb130 JavaThread "Cache worker for Build Output Cleanup Cache (C:\Users\neman\Desktop\MicroserviceProject\User-ms\.gradle\buildOutputCleanup)" [_thread_blocked, id=33720, stack(0x000000c23a900000,0x000000c23aa00000)]
  0x000002b75f0ee150 JavaThread "File watcher server" daemon [_thread_in_native, id=22236, stack(0x000000c23b000000,0x000000c23b100000)]
  0x000002b75f0ebad0 JavaThread "File watcher consumer" daemon [_thread_blocked, id=15768, stack(0x000000c23b100000,0x000000c23b200000)]
  0x000002b761a0bd40 JavaThread "jar transforms" [_thread_blocked, id=31760, stack(0x000000c23b200000,0x000000c23b300000)]
  0x000002b761a0a060 JavaThread "jar transforms Thread 2" [_thread_blocked, id=33540, stack(0x000000c23b300000,0x000000c23b400000)]

Other Threads:
  0x000002b75de38030 VMThread "VM Thread" [stack: 0x000000c238900000,0x000000c238a00000] [id=1672]
  0x000002b742905260 WatcherThread [stack: 0x000000c239500000,0x000000c239600000] [id=23348]
  0x000002b742933780 GCTaskThread "GC Thread#0" [stack: 0x000000c238400000,0x000000c238500000] [id=27392]
  0x000002b75ea46b10 GCTaskThread "GC Thread#1" [stack: 0x000000c239600000,0x000000c239700000] [id=26880]
  0x000002b75ea8b300 GCTaskThread "GC Thread#2" [stack: 0x000000c239700000,0x000000c239800000] [id=28752]
  0x000002b75ea8b5b0 GCTaskThread "GC Thread#3" [stack: 0x000000c239800000,0x000000c239900000] [id=16924]
  0x000002b75edda5e0 GCTaskThread "GC Thread#4" [stack: 0x000000c239900000,0x000000c239a00000] [id=32932]
  0x000002b75edda890 GCTaskThread "GC Thread#5" [stack: 0x000000c239a00000,0x000000c239b00000] [id=12880]
  0x000002b7625efa90 GCTaskThread "GC Thread#6" [stack: 0x000000c23aa00000,0x000000c23ab00000] [id=33520]
  0x000002b7625efff0 GCTaskThread "GC Thread#7" [stack: 0x000000c23ab00000,0x000000c23ac00000] [id=18048]
  0x000002b7625f0800 GCTaskThread "GC Thread#8" [stack: 0x000000c23ac00000,0x000000c23ad00000] [id=16084]
  0x000002b7625f02a0 GCTaskThread "GC Thread#9" [stack: 0x000000c23ad00000,0x000000c23ae00000] [id=19856]
  0x000002b7429385d0 ConcurrentGCThread "G1 Main Marker" [stack: 0x000000c238500000,0x000000c238600000] [id=33124]
  0x000002b742939bc0 ConcurrentGCThread "G1 Conc#0" [stack: 0x000000c238600000,0x000000c238700000] [id=16276]
  0x000002b7625f0550 ConcurrentGCThread "G1 Conc#1" [stack: 0x000000c23ae00000,0x000000c23af00000] [id=22324]
  0x000002b7625f0ab0 ConcurrentGCThread "G1 Conc#2" [stack: 0x000000c23af00000,0x000000c23b000000] [id=28796]
  0x000002b75dcf28e0 ConcurrentGCThread "G1 Refine#0" [stack: 0x000000c238700000,0x000000c238800000] [id=2292]
  0x000002b75dcf4c30 ConcurrentGCThread "G1 Service" [stack: 0x000000c238800000,0x000000c238900000] [id=33000]

Threads with active compile tasks:
C2 CompilerThread0    74957 3660       4       java.lang.String::split (327 bytes)

VM state: not at safepoint (normal execution)

VM Mutex/Monitor currently owned by a thread: None

Heap address: 0x00000000e0000000, size: 512 MB, Compressed Oops mode: 32-bit

CDS archive(s) mapped at: [0x0000000800000000-0x0000000800bd0000-0x0000000800bd0000), size 12386304, SharedBaseAddress: 0x0000000800000000, ArchiveRelocationMode: 0.
Compressed class space mapped at: 0x0000000800c00000-0x0000000814000000, reserved size: 322961408
Narrow klass base: 0x0000000800000000, Narrow klass shift: 0, Narrow klass range: 0x100000000

GC Precious Log:
 CPUs: 12 total, 12 available
 Memory: 7860M
 Large Page Support: Disabled
 NUMA Support: Disabled
 Compressed Oops: Enabled (32-bit)
 Heap Region Size: 1M
 Heap Min Capacity: 256M
 Heap Initial Capacity: 256M
 Heap Max Capacity: 512M
 Pre-touch: Disabled
 Parallel Workers: 10
 Concurrent Workers: 3
 Concurrent Refinement Workers: 10
 Periodic GC: Disabled

Heap:
 garbage-first heap   total 262144K, used 98316K [0x00000000e0000000, 0x0000000100000000)
  region size 1024K, 87 young (89088K), 12 survivors (12288K)
 Metaspace       used 30965K, committed 31360K, reserved 348160K
  class space    used 4381K, committed 4544K, reserved 315392K

Heap Regions: E=young(eden), S=young(survivor), O=old, HS=humongous(starts), HC=humongous(continues), CS=collection set, F=free, OA=open archive, CA=closed archive, TAMS=top-at-mark-start (previous, next)
|   0|0x00000000e0000000, 0x00000000e0100000, 0x00000000e0100000|100%|HS|  |TAMS 0x00000000e0100000, 0x00000000e0000000| Complete 
|   1|0x00000000e0100000, 0x00000000e0200000, 0x00000000e0200000|100%|HC|  |TAMS 0x00000000e0200000, 0x00000000e0100000| Complete 
|   2|0x00000000e0200000, 0x00000000e0300000, 0x00000000e0300000|100%|HC|  |TAMS 0x00000000e0300000, 0x00000000e0200000| Complete 
|   3|0x00000000e0300000, 0x00000000e0400000, 0x00000000e0400000|100%| O|  |TAMS 0x00000000e0400000, 0x00000000e0300000| Untracked 
|   4|0x00000000e0400000, 0x00000000e0500000, 0x00000000e0500000|100%| O|  |TAMS 0x00000000e0500000, 0x00000000e0400000| Untracked 
|   5|0x00000000e0500000, 0x00000000e0600000, 0x00000000e0600000|100%| O|  |TAMS 0x00000000e0600000, 0x00000000e0500000| Untracked 
|   6|0x00000000e0600000, 0x00000000e0700000, 0x00000000e0700000|100%|HS|  |TAMS 0x00000000e0700000, 0x00000000e0600000| Complete 
|   7|0x00000000e0700000, 0x00000000e0700000, 0x00000000e0800000|  0%| F|  |TAMS 0x00000000e0700000, 0x00000000e0700000| Untracked 
|   8|0x00000000e0800000, 0x00000000e0900000, 0x00000000e0900000|100%| O|  |TAMS 0x00000000e0900000, 0x00000000e0800000| Untracked 
|   9|0x00000000e0900000, 0x00000000e0a00000, 0x00000000e0a00000|100%| O|  |TAMS 0x00000000e0a00000, 0x00000000e0900000| Untracked 
|  10|0x00000000e0a00000, 0x00000000e0b00000, 0x00000000e0b00000|100%| O|  |TAMS 0x00000000e0b00000, 0x00000000e0a00000| Untracked 
|  11|0x00000000e0b00000, 0x00000000e0c00000, 0x00000000e0c00000|100%| O|  |TAMS 0x00000000e0c00000, 0x00000000e0b00000| Untracked 
|  12|0x00000000e0c00000, 0x00000000e0ccd600, 0x00000000e0d00000| 80%| O|  |TAMS 0x00000000e0ccd600, 0x00000000e0c00000| Untracked 
|  13|0x00000000e0d00000, 0x00000000e0d00000, 0x00000000e0e00000|  0%| F|  |TAMS 0x00000000e0d00000, 0x00000000e0d00000| Untracked 
|  14|0x00000000e0e00000, 0x00000000e0e00000, 0x00000000e0f00000|  0%| F|  |TAMS 0x00000000e0e00000, 0x00000000e0e00000| Untracked 
|  15|0x00000000e0f00000, 0x00000000e0f00000, 0x00000000e1000000|  0%| F|  |TAMS 0x00000000e0f00000, 0x00000000e0f00000| Untracked 
|  16|0x00000000e1000000, 0x00000000e1000000, 0x00000000e1100000|  0%| F|  |TAMS 0x00000000e1000000, 0x00000000e1000000| Untracked 
|  17|0x00000000e1100000, 0x00000000e1100000, 0x00000000e1200000|  0%| F|  |TAMS 0x00000000e1100000, 0x00000000e1100000| Untracked 
|  18|0x00000000e1200000, 0x00000000e1200000, 0x00000000e1300000|  0%| F|  |TAMS 0x00000000e1200000, 0x00000000e1200000| Untracked 
|  19|0x00000000e1300000, 0x00000000e1300000, 0x00000000e1400000|  0%| F|  |TAMS 0x00000000e1300000, 0x00000000e1300000| Untracked 
|  20|0x00000000e1400000, 0x00000000e1400000, 0x00000000e1500000|  0%| F|  |TAMS 0x00000000e1400000, 0x00000000e1400000| Untracked 
|  21|0x00000000e1500000, 0x00000000e1500000, 0x00000000e1600000|  0%| F|  |TAMS 0x00000000e1500000, 0x00000000e1500000| Untracked 
|  22|0x00000000e1600000, 0x00000000e1600000, 0x00000000e1700000|  0%| F|  |TAMS 0x00000000e1600000, 0x00000000e1600000| Untracked 
|  23|0x00000000e1700000, 0x00000000e1700000, 0x00000000e1800000|  0%| F|  |TAMS 0x00000000e1700000, 0x00000000e1700000| Untracked 
|  24|0x00000000e1800000, 0x00000000e1800000, 0x00000000e1900000|  0%| F|  |TAMS 0x00000000e1800000, 0x00000000e1800000| Untracked 
|  25|0x00000000e1900000, 0x00000000e1900000, 0x00000000e1a00000|  0%| F|  |TAMS 0x00000000e1900000, 0x00000000e1900000| Untracked 
|  26|0x00000000e1a00000, 0x00000000e1a00000, 0x00000000e1b00000|  0%| F|  |TAMS 0x00000000e1a00000, 0x00000000e1a00000| Untracked 
|  27|0x00000000e1b00000, 0x00000000e1b00000, 0x00000000e1c00000|  0%| F|  |TAMS 0x00000000e1b00000, 0x00000000e1b00000| Untracked 
|  28|0x00000000e1c00000, 0x00000000e1c00000, 0x00000000e1d00000|  0%| F|  |TAMS 0x00000000e1c00000, 0x00000000e1c00000| Untracked 
|  29|0x00000000e1d00000, 0x00000000e1d00000, 0x00000000e1e00000|  0%| F|  |TAMS 0x00000000e1d00000, 0x00000000e1d00000| Untracked 
|  30|0x00000000e1e00000, 0x00000000e1e00000, 0x00000000e1f00000|  0%| F|  |TAMS 0x00000000e1e00000, 0x00000000e1e00000| Untracked 
|  31|0x00000000e1f00000, 0x00000000e1f00000, 0x00000000e2000000|  0%| F|  |TAMS 0x00000000e1f00000, 0x00000000e1f00000| Untracked 
|  32|0x00000000e2000000, 0x00000000e2000000, 0x00000000e2100000|  0%| F|  |TAMS 0x00000000e2000000, 0x00000000e2000000| Untracked 
|  33|0x00000000e2100000, 0x00000000e2100000, 0x00000000e2200000|  0%| F|  |TAMS 0x00000000e2100000, 0x00000000e2100000| Untracked 
|  34|0x00000000e2200000, 0x00000000e2200000, 0x00000000e2300000|  0%| F|  |TAMS 0x00000000e2200000, 0x00000000e2200000| Untracked 
|  35|0x00000000e2300000, 0x00000000e2300000, 0x00000000e2400000|  0%| F|  |TAMS 0x00000000e2300000, 0x00000000e2300000| Untracked 
|  36|0x00000000e2400000, 0x00000000e2400000, 0x00000000e2500000|  0%| F|  |TAMS 0x00000000e2400000, 0x00000000e2400000| Untracked 
|  37|0x00000000e2500000, 0x00000000e2500000, 0x00000000e2600000|  0%| F|  |TAMS 0x00000000e2500000, 0x00000000e2500000| Untracked 
|  38|0x00000000e2600000, 0x00000000e2600000, 0x00000000e2700000|  0%| F|  |TAMS 0x00000000e2600000, 0x00000000e2600000| Untracked 
|  39|0x00000000e2700000, 0x00000000e2700000, 0x00000000e2800000|  0%| F|  |TAMS 0x00000000e2700000, 0x00000000e2700000| Untracked 
|  40|0x00000000e2800000, 0x00000000e2800000, 0x00000000e2900000|  0%| F|  |TAMS 0x00000000e2800000, 0x00000000e2800000| Untracked 
|  41|0x00000000e2900000, 0x00000000e2900000, 0x00000000e2a00000|  0%| F|  |TAMS 0x00000000e2900000, 0x00000000e2900000| Untracked 
|  42|0x00000000e2a00000, 0x00000000e2a00000, 0x00000000e2b00000|  0%| F|  |TAMS 0x00000000e2a00000, 0x00000000e2a00000| Untracked 
|  43|0x00000000e2b00000, 0x00000000e2b00000, 0x00000000e2c00000|  0%| F|  |TAMS 0x00000000e2b00000, 0x00000000e2b00000| Untracked 
|  44|0x00000000e2c00000, 0x00000000e2c00000, 0x00000000e2d00000|  0%| F|  |TAMS 0x00000000e2c00000, 0x00000000e2c00000| Untracked 
|  45|0x00000000e2d00000, 0x00000000e2d00000, 0x00000000e2e00000|  0%| F|  |TAMS 0x00000000e2d00000, 0x00000000e2d00000| Untracked 
|  46|0x00000000e2e00000, 0x00000000e2e00000, 0x00000000e2f00000|  0%| F|  |TAMS 0x00000000e2e00000, 0x00000000e2e00000| Untracked 
|  47|0x00000000e2f00000, 0x00000000e2f00000, 0x00000000e3000000|  0%| F|  |TAMS 0x00000000e2f00000, 0x00000000e2f00000| Untracked 
|  48|0x00000000e3000000, 0x00000000e3000000, 0x00000000e3100000|  0%| F|  |TAMS 0x00000000e3000000, 0x00000000e3000000| Untracked 
|  49|0x00000000e3100000, 0x00000000e3100000, 0x00000000e3200000|  0%| F|  |TAMS 0x00000000e3100000, 0x00000000e3100000| Untracked 
|  50|0x00000000e3200000, 0x00000000e3200000, 0x00000000e3300000|  0%| F|  |TAMS 0x00000000e3200000, 0x00000000e3200000| Untracked 
|  51|0x00000000e3300000, 0x00000000e3300000, 0x00000000e3400000|  0%| F|  |TAMS 0x00000000e3300000, 0x00000000e3300000| Untracked 
|  52|0x00000000e3400000, 0x00000000e3400000, 0x00000000e3500000|  0%| F|  |TAMS 0x00000000e3400000, 0x00000000e3400000| Untracked 
|  53|0x00000000e3500000, 0x00000000e3500000, 0x00000000e3600000|  0%| F|  |TAMS 0x00000000e3500000, 0x00000000e3500000| Untracked 
|  54|0x00000000e3600000, 0x00000000e3600000, 0x00000000e3700000|  0%| F|  |TAMS 0x00000000e3600000, 0x00000000e3600000| Untracked 
|  55|0x00000000e3700000, 0x00000000e3700000, 0x00000000e3800000|  0%| F|  |TAMS 0x00000000e3700000, 0x00000000e3700000| Untracked 
|  56|0x00000000e3800000, 0x00000000e3800000, 0x00000000e3900000|  0%| F|  |TAMS 0x00000000e3800000, 0x00000000e3800000| Untracked 
|  57|0x00000000e3900000, 0x00000000e3900000, 0x00000000e3a00000|  0%| F|  |TAMS 0x00000000e3900000, 0x00000000e3900000| Untracked 
|  58|0x00000000e3a00000, 0x00000000e3a00000, 0x00000000e3b00000|  0%| F|  |TAMS 0x00000000e3a00000, 0x00000000e3a00000| Untracked 
|  59|0x00000000e3b00000, 0x00000000e3b00000, 0x00000000e3c00000|  0%| F|  |TAMS 0x00000000e3b00000, 0x00000000e3b00000| Untracked 
|  60|0x00000000e3c00000, 0x00000000e3c00000, 0x00000000e3d00000|  0%| F|  |TAMS 0x00000000e3c00000, 0x00000000e3c00000| Untracked 
|  61|0x00000000e3d00000, 0x00000000e3d00000, 0x00000000e3e00000|  0%| F|  |TAMS 0x00000000e3d00000, 0x00000000e3d00000| Untracked 
|  62|0x00000000e3e00000, 0x00000000e3e00000, 0x00000000e3f00000|  0%| F|  |TAMS 0x00000000e3e00000, 0x00000000e3e00000| Untracked 
|  63|0x00000000e3f00000, 0x00000000e3f00000, 0x00000000e4000000|  0%| F|  |TAMS 0x00000000e3f00000, 0x00000000e3f00000| Untracked 
|  64|0x00000000e4000000, 0x00000000e4000000, 0x00000000e4100000|  0%| F|  |TAMS 0x00000000e4000000, 0x00000000e4000000| Untracked 
|  65|0x00000000e4100000, 0x00000000e4100000, 0x00000000e4200000|  0%| F|  |TAMS 0x00000000e4100000, 0x00000000e4100000| Untracked 
|  66|0x00000000e4200000, 0x00000000e4200000, 0x00000000e4300000|  0%| F|  |TAMS 0x00000000e4200000, 0x00000000e4200000| Untracked 
|  67|0x00000000e4300000, 0x00000000e4300000, 0x00000000e4400000|  0%| F|  |TAMS 0x00000000e4300000, 0x00000000e4300000| Untracked 
|  68|0x00000000e4400000, 0x00000000e4400000, 0x00000000e4500000|  0%| F|  |TAMS 0x00000000e4400000, 0x00000000e4400000| Untracked 
|  69|0x00000000e4500000, 0x00000000e4500000, 0x00000000e4600000|  0%| F|  |TAMS 0x00000000e4500000, 0x00000000e4500000| Untracked 
|  70|0x00000000e4600000, 0x00000000e4600000, 0x00000000e4700000|  0%| F|  |TAMS 0x00000000e4600000, 0x00000000e4600000| Untracked 
|  71|0x00000000e4700000, 0x00000000e4700000, 0x00000000e4800000|  0%| F|  |TAMS 0x00000000e4700000, 0x00000000e4700000| Untracked 
|  72|0x00000000e4800000, 0x00000000e4800000, 0x00000000e4900000|  0%| F|  |TAMS 0x00000000e4800000, 0x00000000e4800000| Untracked 
|  73|0x00000000e4900000, 0x00000000e4900000, 0x00000000e4a00000|  0%| F|  |TAMS 0x00000000e4900000, 0x00000000e4900000| Untracked 
|  74|0x00000000e4a00000, 0x00000000e4a00000, 0x00000000e4b00000|  0%| F|  |TAMS 0x00000000e4a00000, 0x00000000e4a00000| Untracked 
|  75|0x00000000e4b00000, 0x00000000e4b00000, 0x00000000e4c00000|  0%| F|  |TAMS 0x00000000e4b00000, 0x00000000e4b00000| Untracked 
|  76|0x00000000e4c00000, 0x00000000e4c00000, 0x00000000e4d00000|  0%| F|  |TAMS 0x00000000e4c00000, 0x00000000e4c00000| Untracked 
|  77|0x00000000e4d00000, 0x00000000e4d00000, 0x00000000e4e00000|  0%| F|  |TAMS 0x00000000e4d00000, 0x00000000e4d00000| Untracked 
|  78|0x00000000e4e00000, 0x00000000e4e00000, 0x00000000e4f00000|  0%| F|  |TAMS 0x00000000e4e00000, 0x00000000e4e00000| Untracked 
|  79|0x00000000e4f00000, 0x00000000e4f00000, 0x00000000e5000000|  0%| F|  |TAMS 0x00000000e4f00000, 0x00000000e4f00000| Untracked 
|  80|0x00000000e5000000, 0x00000000e5000000, 0x00000000e5100000|  0%| F|  |TAMS 0x00000000e5000000, 0x00000000e5000000| Untracked 
|  81|0x00000000e5100000, 0x00000000e5100000, 0x00000000e5200000|  0%| F|  |TAMS 0x00000000e5100000, 0x00000000e5100000| Untracked 
|  82|0x00000000e5200000, 0x00000000e5200000, 0x00000000e5300000|  0%| F|  |TAMS 0x00000000e5200000, 0x00000000e5200000| Untracked 
|  83|0x00000000e5300000, 0x00000000e5300000, 0x00000000e5400000|  0%| F|  |TAMS 0x00000000e5300000, 0x00000000e5300000| Untracked 
|  84|0x00000000e5400000, 0x00000000e5400000, 0x00000000e5500000|  0%| F|  |TAMS 0x00000000e5400000, 0x00000000e5400000| Untracked 
|  85|0x00000000e5500000, 0x00000000e5500000, 0x00000000e5600000|  0%| F|  |TAMS 0x00000000e5500000, 0x00000000e5500000| Untracked 
|  86|0x00000000e5600000, 0x00000000e5600000, 0x00000000e5700000|  0%| F|  |TAMS 0x00000000e5600000, 0x00000000e5600000| Untracked 
|  87|0x00000000e5700000, 0x00000000e5700000, 0x00000000e5800000|  0%| F|  |TAMS 0x00000000e5700000, 0x00000000e5700000| Untracked 
|  88|0x00000000e5800000, 0x00000000e5800000, 0x00000000e5900000|  0%| F|  |TAMS 0x00000000e5800000, 0x00000000e5800000| Untracked 
|  89|0x00000000e5900000, 0x00000000e5900000, 0x00000000e5a00000|  0%| F|  |TAMS 0x00000000e5900000, 0x00000000e5900000| Untracked 
|  90|0x00000000e5a00000, 0x00000000e5a00000, 0x00000000e5b00000|  0%| F|  |TAMS 0x00000000e5a00000, 0x00000000e5a00000| Untracked 
|  91|0x00000000e5b00000, 0x00000000e5b00000, 0x00000000e5c00000|  0%| F|  |TAMS 0x00000000e5b00000, 0x00000000e5b00000| Untracked 
|  92|0x00000000e5c00000, 0x00000000e5c00000, 0x00000000e5d00000|  0%| F|  |TAMS 0x00000000e5c00000, 0x00000000e5c00000| Untracked 
|  93|0x00000000e5d00000, 0x00000000e5d00000, 0x00000000e5e00000|  0%| F|  |TAMS 0x00000000e5d00000, 0x00000000e5d00000| Untracked 
|  94|0x00000000e5e00000, 0x00000000e5e00000, 0x00000000e5f00000|  0%| F|  |TAMS 0x00000000e5e00000, 0x00000000e5e00000| Untracked 
|  95|0x00000000e5f00000, 0x00000000e5f00000, 0x00000000e6000000|  0%| F|  |TAMS 0x00000000e5f00000, 0x00000000e5f00000| Untracked 
|  96|0x00000000e6000000, 0x00000000e6000000, 0x00000000e6100000|  0%| F|  |TAMS 0x00000000e6000000, 0x00000000e6000000| Untracked 
|  97|0x00000000e6100000, 0x00000000e6100000, 0x00000000e6200000|  0%| F|  |TAMS 0x00000000e6100000, 0x00000000e6100000| Untracked 
|  98|0x00000000e6200000, 0x00000000e6200000, 0x00000000e6300000|  0%| F|  |TAMS 0x00000000e6200000, 0x00000000e6200000| Untracked 
|  99|0x00000000e6300000, 0x00000000e6300000, 0x00000000e6400000|  0%| F|  |TAMS 0x00000000e6300000, 0x00000000e6300000| Untracked 
| 100|0x00000000e6400000, 0x00000000e6400000, 0x00000000e6500000|  0%| F|  |TAMS 0x00000000e6400000, 0x00000000e6400000| Untracked 
| 101|0x00000000e6500000, 0x00000000e6500000, 0x00000000e6600000|  0%| F|  |TAMS 0x00000000e6500000, 0x00000000e6500000| Untracked 
| 102|0x00000000e6600000, 0x00000000e6600000, 0x00000000e6700000|  0%| F|  |TAMS 0x00000000e6600000, 0x00000000e6600000| Untracked 
| 103|0x00000000e6700000, 0x00000000e6700000, 0x00000000e6800000|  0%| F|  |TAMS 0x00000000e6700000, 0x00000000e6700000| Untracked 
| 104|0x00000000e6800000, 0x00000000e6800000, 0x00000000e6900000|  0%| F|  |TAMS 0x00000000e6800000, 0x00000000e6800000| Untracked 
| 105|0x00000000e6900000, 0x00000000e6900000, 0x00000000e6a00000|  0%| F|  |TAMS 0x00000000e6900000, 0x00000000e6900000| Untracked 
| 106|0x00000000e6a00000, 0x00000000e6a00000, 0x00000000e6b00000|  0%| F|  |TAMS 0x00000000e6a00000, 0x00000000e6a00000| Untracked 
| 107|0x00000000e6b00000, 0x00000000e6b00000, 0x00000000e6c00000|  0%| F|  |TAMS 0x00000000e6b00000, 0x00000000e6b00000| Untracked 
| 108|0x00000000e6c00000, 0x00000000e6c00000, 0x00000000e6d00000|  0%| F|  |TAMS 0x00000000e6c00000, 0x00000000e6c00000| Untracked 
| 109|0x00000000e6d00000, 0x00000000e6d00000, 0x00000000e6e00000|  0%| F|  |TAMS 0x00000000e6d00000, 0x00000000e6d00000| Untracked 
| 110|0x00000000e6e00000, 0x00000000e6e00000, 0x00000000e6f00000|  0%| F|  |TAMS 0x00000000e6e00000, 0x00000000e6e00000| Untracked 
| 111|0x00000000e6f00000, 0x00000000e6f00000, 0x00000000e7000000|  0%| F|  |TAMS 0x00000000e6f00000, 0x00000000e6f00000| Untracked 
| 112|0x00000000e7000000, 0x00000000e7000000, 0x00000000e7100000|  0%| F|  |TAMS 0x00000000e7000000, 0x00000000e7000000| Untracked 
| 113|0x00000000e7100000, 0x00000000e7100000, 0x00000000e7200000|  0%| F|  |TAMS 0x00000000e7100000, 0x00000000e7100000| Untracked 
| 114|0x00000000e7200000, 0x00000000e7200000, 0x00000000e7300000|  0%| F|  |TAMS 0x00000000e7200000, 0x00000000e7200000| Untracked 
| 115|0x00000000e7300000, 0x00000000e7300000, 0x00000000e7400000|  0%| F|  |TAMS 0x00000000e7300000, 0x00000000e7300000| Untracked 
| 116|0x00000000e7400000, 0x00000000e7400000, 0x00000000e7500000|  0%| F|  |TAMS 0x00000000e7400000, 0x00000000e7400000| Untracked 
| 117|0x00000000e7500000, 0x00000000e7500000, 0x00000000e7600000|  0%| F|  |TAMS 0x00000000e7500000, 0x00000000e7500000| Untracked 
| 118|0x00000000e7600000, 0x00000000e7600000, 0x00000000e7700000|  0%| F|  |TAMS 0x00000000e7600000, 0x00000000e7600000| Untracked 
| 119|0x00000000e7700000, 0x00000000e7700000, 0x00000000e7800000|  0%| F|  |TAMS 0x00000000e7700000, 0x00000000e7700000| Untracked 
| 120|0x00000000e7800000, 0x00000000e7800000, 0x00000000e7900000|  0%| F|  |TAMS 0x00000000e7800000, 0x00000000e7800000| Untracked 
| 121|0x00000000e7900000, 0x00000000e7900000, 0x00000000e7a00000|  0%| F|  |TAMS 0x00000000e7900000, 0x00000000e7900000| Untracked 
| 122|0x00000000e7a00000, 0x00000000e7a00000, 0x00000000e7b00000|  0%| F|  |TAMS 0x00000000e7a00000, 0x00000000e7a00000| Untracked 
| 123|0x00000000e7b00000, 0x00000000e7b00000, 0x00000000e7c00000|  0%| F|  |TAMS 0x00000000e7b00000, 0x00000000e7b00000| Untracked 
| 124|0x00000000e7c00000, 0x00000000e7c00000, 0x00000000e7d00000|  0%| F|  |TAMS 0x00000000e7c00000, 0x00000000e7c00000| Untracked 
| 125|0x00000000e7d00000, 0x00000000e7d00000, 0x00000000e7e00000|  0%| F|  |TAMS 0x00000000e7d00000, 0x00000000e7d00000| Untracked 
| 126|0x00000000e7e00000, 0x00000000e7e00000, 0x00000000e7f00000|  0%| F|  |TAMS 0x00000000e7e00000, 0x00000000e7e00000| Untracked 
| 127|0x00000000e7f00000, 0x00000000e7f00000, 0x00000000e8000000|  0%| F|  |TAMS 0x00000000e7f00000, 0x00000000e7f00000| Untracked 
| 128|0x00000000e8000000, 0x00000000e8000000, 0x00000000e8100000|  0%| F|  |TAMS 0x00000000e8000000, 0x00000000e8000000| Untracked 
| 129|0x00000000e8100000, 0x00000000e8100000, 0x00000000e8200000|  0%| F|  |TAMS 0x00000000e8100000, 0x00000000e8100000| Untracked 
| 130|0x00000000e8200000, 0x00000000e8235ac0, 0x00000000e8300000| 20%| S|CS|TAMS 0x00000000e8200000, 0x00000000e8200000| Complete 
| 131|0x00000000e8300000, 0x00000000e8400000, 0x00000000e8400000|100%| S|CS|TAMS 0x00000000e8300000, 0x00000000e8300000| Complete 
| 132|0x00000000e8400000, 0x00000000e8500000, 0x00000000e8500000|100%| S|CS|TAMS 0x00000000e8400000, 0x00000000e8400000| Complete 
| 133|0x00000000e8500000, 0x00000000e8600000, 0x00000000e8600000|100%| S|CS|TAMS 0x00000000e8500000, 0x00000000e8500000| Complete 
| 134|0x00000000e8600000, 0x00000000e8700000, 0x00000000e8700000|100%| S|CS|TAMS 0x00000000e8600000, 0x00000000e8600000| Complete 
| 135|0x00000000e8700000, 0x00000000e8800000, 0x00000000e8800000|100%| S|CS|TAMS 0x00000000e8700000, 0x00000000e8700000| Complete 
| 136|0x00000000e8800000, 0x00000000e8900000, 0x00000000e8900000|100%| S|CS|TAMS 0x00000000e8800000, 0x00000000e8800000| Complete 
| 137|0x00000000e8900000, 0x00000000e8a00000, 0x00000000e8a00000|100%| S|CS|TAMS 0x00000000e8900000, 0x00000000e8900000| Complete 
| 138|0x00000000e8a00000, 0x00000000e8b00000, 0x00000000e8b00000|100%| S|CS|TAMS 0x00000000e8a00000, 0x00000000e8a00000| Complete 
| 139|0x00000000e8b00000, 0x00000000e8c00000, 0x00000000e8c00000|100%| S|CS|TAMS 0x00000000e8b00000, 0x00000000e8b00000| Complete 
| 140|0x00000000e8c00000, 0x00000000e8d00000, 0x00000000e8d00000|100%| S|CS|TAMS 0x00000000e8c00000, 0x00000000e8c00000| Complete 
| 141|0x00000000e8d00000, 0x00000000e8e00000, 0x00000000e8e00000|100%| S|CS|TAMS 0x00000000e8d00000, 0x00000000e8d00000| Complete 
| 142|0x00000000e8e00000, 0x00000000e8e00000, 0x00000000e8f00000|  0%| F|  |TAMS 0x00000000e8e00000, 0x00000000e8e00000| Untracked 
| 143|0x00000000e8f00000, 0x00000000e8f00000, 0x00000000e9000000|  0%| F|  |TAMS 0x00000000e8f00000, 0x00000000e8f00000| Untracked 
| 144|0x00000000e9000000, 0x00000000e9000000, 0x00000000e9100000|  0%| F|  |TAMS 0x00000000e9000000, 0x00000000e9000000| Untracked 
| 145|0x00000000e9100000, 0x00000000e9100000, 0x00000000e9200000|  0%| F|  |TAMS 0x00000000e9100000, 0x00000000e9100000| Untracked 
| 146|0x00000000e9200000, 0x00000000e9200000, 0x00000000e9300000|  0%| F|  |TAMS 0x00000000e9200000, 0x00000000e9200000| Untracked 
| 147|0x00000000e9300000, 0x00000000e9300000, 0x00000000e9400000|  0%| F|  |TAMS 0x00000000e9300000, 0x00000000e9300000| Untracked 
| 148|0x00000000e9400000, 0x00000000e9400000, 0x00000000e9500000|  0%| F|  |TAMS 0x00000000e9400000, 0x00000000e9400000| Untracked 
| 149|0x00000000e9500000, 0x00000000e9500000, 0x00000000e9600000|  0%| F|  |TAMS 0x00000000e9500000, 0x00000000e9500000| Untracked 
| 150|0x00000000e9600000, 0x00000000e9600000, 0x00000000e9700000|  0%| F|  |TAMS 0x00000000e9600000, 0x00000000e9600000| Untracked 
| 151|0x00000000e9700000, 0x00000000e9700000, 0x00000000e9800000|  0%| F|  |TAMS 0x00000000e9700000, 0x00000000e9700000| Untracked 
| 152|0x00000000e9800000, 0x00000000e9800000, 0x00000000e9900000|  0%| F|  |TAMS 0x00000000e9800000, 0x00000000e9800000| Untracked 
| 153|0x00000000e9900000, 0x00000000e9900000, 0x00000000e9a00000|  0%| F|  |TAMS 0x00000000e9900000, 0x00000000e9900000| Untracked 
| 154|0x00000000e9a00000, 0x00000000e9a00000, 0x00000000e9b00000|  0%| F|  |TAMS 0x00000000e9a00000, 0x00000000e9a00000| Untracked 
| 155|0x00000000e9b00000, 0x00000000e9b00000, 0x00000000e9c00000|  0%| F|  |TAMS 0x00000000e9b00000, 0x00000000e9b00000| Untracked 
| 156|0x00000000e9c00000, 0x00000000e9c00000, 0x00000000e9d00000|  0%| F|  |TAMS 0x00000000e9c00000, 0x00000000e9c00000| Untracked 
| 157|0x00000000e9d00000, 0x00000000e9d00000, 0x00000000e9e00000|  0%| F|  |TAMS 0x00000000e9d00000, 0x00000000e9d00000| Untracked 
| 158|0x00000000e9e00000, 0x00000000e9e00000, 0x00000000e9f00000|  0%| F|  |TAMS 0x00000000e9e00000, 0x00000000e9e00000| Untracked 
| 159|0x00000000e9f00000, 0x00000000e9f00000, 0x00000000ea000000|  0%| F|  |TAMS 0x00000000e9f00000, 0x00000000e9f00000| Untracked 
| 160|0x00000000ea000000, 0x00000000ea000000, 0x00000000ea100000|  0%| F|  |TAMS 0x00000000ea000000, 0x00000000ea000000| Untracked 
| 161|0x00000000ea100000, 0x00000000ea100000, 0x00000000ea200000|  0%| F|  |TAMS 0x00000000ea100000, 0x00000000ea100000| Untracked 
| 162|0x00000000ea200000, 0x00000000ea200000, 0x00000000ea300000|  0%| F|  |TAMS 0x00000000ea200000, 0x00000000ea200000| Untracked 
| 163|0x00000000ea300000, 0x00000000ea300000, 0x00000000ea400000|  0%| F|  |TAMS 0x00000000ea300000, 0x00000000ea300000| Untracked 
| 164|0x00000000ea400000, 0x00000000ea400000, 0x00000000ea500000|  0%| F|  |TAMS 0x00000000ea400000, 0x00000000ea400000| Untracked 
| 165|0x00000000ea500000, 0x00000000ea500000, 0x00000000ea600000|  0%| F|  |TAMS 0x00000000ea500000, 0x00000000ea500000| Untracked 
| 166|0x00000000ea600000, 0x00000000ea600000, 0x00000000ea700000|  0%| F|  |TAMS 0x00000000ea600000, 0x00000000ea600000| Untracked 
| 167|0x00000000ea700000, 0x00000000ea700000, 0x00000000ea800000|  0%| F|  |TAMS 0x00000000ea700000, 0x00000000ea700000| Untracked 
| 168|0x00000000ea800000, 0x00000000ea800000, 0x00000000ea900000|  0%| F|  |TAMS 0x00000000ea800000, 0x00000000ea800000| Untracked 
| 169|0x00000000ea900000, 0x00000000ea900000, 0x00000000eaa00000|  0%| F|  |TAMS 0x00000000ea900000, 0x00000000ea900000| Untracked 
| 170|0x00000000eaa00000, 0x00000000eaa00000, 0x00000000eab00000|  0%| F|  |TAMS 0x00000000eaa00000, 0x00000000eaa00000| Untracked 
| 171|0x00000000eab00000, 0x00000000eab00000, 0x00000000eac00000|  0%| F|  |TAMS 0x00000000eab00000, 0x00000000eab00000| Untracked 
| 172|0x00000000eac00000, 0x00000000eac00000, 0x00000000ead00000|  0%| F|  |TAMS 0x00000000eac00000, 0x00000000eac00000| Untracked 
| 173|0x00000000ead00000, 0x00000000ead00000, 0x00000000eae00000|  0%| F|  |TAMS 0x00000000ead00000, 0x00000000ead00000| Untracked 
| 174|0x00000000eae00000, 0x00000000eae00000, 0x00000000eaf00000|  0%| F|  |TAMS 0x00000000eae00000, 0x00000000eae00000| Untracked 
| 175|0x00000000eaf00000, 0x00000000eaf00000, 0x00000000eb000000|  0%| F|  |TAMS 0x00000000eaf00000, 0x00000000eaf00000| Untracked 
| 176|0x00000000eb000000, 0x00000000eb000000, 0x00000000eb100000|  0%| F|  |TAMS 0x00000000eb000000, 0x00000000eb000000| Untracked 
| 177|0x00000000eb100000, 0x00000000eb100000, 0x00000000eb200000|  0%| F|  |TAMS 0x00000000eb100000, 0x00000000eb100000| Untracked 
| 178|0x00000000eb200000, 0x00000000eb200000, 0x00000000eb300000|  0%| F|  |TAMS 0x00000000eb200000, 0x00000000eb200000| Untracked 
| 179|0x00000000eb300000, 0x00000000eb300000, 0x00000000eb400000|  0%| F|  |TAMS 0x00000000eb300000, 0x00000000eb300000| Untracked 
| 180|0x00000000eb400000, 0x00000000eb480800, 0x00000000eb500000| 50%| E|  |TAMS 0x00000000eb400000, 0x00000000eb400000| Complete 
| 181|0x00000000eb500000, 0x00000000eb600000, 0x00000000eb600000|100%| E|CS|TAMS 0x00000000eb500000, 0x00000000eb500000| Complete 
| 182|0x00000000eb600000, 0x00000000eb700000, 0x00000000eb700000|100%| E|CS|TAMS 0x00000000eb600000, 0x00000000eb600000| Complete 
| 183|0x00000000eb700000, 0x00000000eb800000, 0x00000000eb800000|100%| E|CS|TAMS 0x00000000eb700000, 0x00000000eb700000| Complete 
| 184|0x00000000eb800000, 0x00000000eb900000, 0x00000000eb900000|100%| E|CS|TAMS 0x00000000eb800000, 0x00000000eb800000| Complete 
| 185|0x00000000eb900000, 0x00000000eba00000, 0x00000000eba00000|100%| E|CS|TAMS 0x00000000eb900000, 0x00000000eb900000| Complete 
| 186|0x00000000eba00000, 0x00000000ebb00000, 0x00000000ebb00000|100%| E|CS|TAMS 0x00000000eba00000, 0x00000000eba00000| Complete 
| 187|0x00000000ebb00000, 0x00000000ebc00000, 0x00000000ebc00000|100%| E|CS|TAMS 0x00000000ebb00000, 0x00000000ebb00000| Complete 
| 188|0x00000000ebc00000, 0x00000000ebd00000, 0x00000000ebd00000|100%| E|CS|TAMS 0x00000000ebc00000, 0x00000000ebc00000| Complete 
| 189|0x00000000ebd00000, 0x00000000ebe00000, 0x00000000ebe00000|100%| E|CS|TAMS 0x00000000ebd00000, 0x00000000ebd00000| Complete 
| 190|0x00000000ebe00000, 0x00000000ebf00000, 0x00000000ebf00000|100%| E|CS|TAMS 0x00000000ebe00000, 0x00000000ebe00000| Complete 
| 191|0x00000000ebf00000, 0x00000000ec000000, 0x00000000ec000000|100%| E|CS|TAMS 0x00000000ebf00000, 0x00000000ebf00000| Complete 
| 192|0x00000000ec000000, 0x00000000ec100000, 0x00000000ec100000|100%| E|CS|TAMS 0x00000000ec000000, 0x00000000ec000000| Complete 
| 193|0x00000000ec100000, 0x00000000ec200000, 0x00000000ec200000|100%| E|CS|TAMS 0x00000000ec100000, 0x00000000ec100000| Complete 
| 194|0x00000000ec200000, 0x00000000ec300000, 0x00000000ec300000|100%| E|CS|TAMS 0x00000000ec200000, 0x00000000ec200000| Complete 
| 195|0x00000000ec300000, 0x00000000ec400000, 0x00000000ec400000|100%| E|CS|TAMS 0x00000000ec300000, 0x00000000ec300000| Complete 
| 196|0x00000000ec400000, 0x00000000ec500000, 0x00000000ec500000|100%| E|CS|TAMS 0x00000000ec400000, 0x00000000ec400000| Complete 
| 197|0x00000000ec500000, 0x00000000ec600000, 0x00000000ec600000|100%| E|CS|TAMS 0x00000000ec500000, 0x00000000ec500000| Complete 
| 198|0x00000000ec600000, 0x00000000ec700000, 0x00000000ec700000|100%| E|CS|TAMS 0x00000000ec600000, 0x00000000ec600000| Complete 
| 199|0x00000000ec700000, 0x00000000ec800000, 0x00000000ec800000|100%| E|  |TAMS 0x00000000ec700000, 0x00000000ec700000| Complete 
| 200|0x00000000ec800000, 0x00000000ec900000, 0x00000000ec900000|100%| E|CS|TAMS 0x00000000ec800000, 0x00000000ec800000| Complete 
| 201|0x00000000ec900000, 0x00000000eca00000, 0x00000000eca00000|100%| E|CS|TAMS 0x00000000ec900000, 0x00000000ec900000| Complete 
| 202|0x00000000eca00000, 0x00000000ecb00000, 0x00000000ecb00000|100%| E|CS|TAMS 0x00000000eca00000, 0x00000000eca00000| Complete 
| 203|0x00000000ecb00000, 0x00000000ecc00000, 0x00000000ecc00000|100%| E|CS|TAMS 0x00000000ecb00000, 0x00000000ecb00000| Complete 
| 204|0x00000000ecc00000, 0x00000000ecd00000, 0x00000000ecd00000|100%| E|CS|TAMS 0x00000000ecc00000, 0x00000000ecc00000| Complete 
| 205|0x00000000ecd00000, 0x00000000ece00000, 0x00000000ece00000|100%| E|CS|TAMS 0x00000000ecd00000, 0x00000000ecd00000| Complete 
| 206|0x00000000ece00000, 0x00000000ecf00000, 0x00000000ecf00000|100%| E|CS|TAMS 0x00000000ece00000, 0x00000000ece00000| Complete 
| 207|0x00000000ecf00000, 0x00000000ed000000, 0x00000000ed000000|100%| E|CS|TAMS 0x00000000ecf00000, 0x00000000ecf00000| Complete 
| 208|0x00000000ed000000, 0x00000000ed100000, 0x00000000ed100000|100%| E|CS|TAMS 0x00000000ed000000, 0x00000000ed000000| Complete 
| 209|0x00000000ed100000, 0x00000000ed200000, 0x00000000ed200000|100%| E|CS|TAMS 0x00000000ed100000, 0x00000000ed100000| Complete 
| 210|0x00000000ed200000, 0x00000000ed300000, 0x00000000ed300000|100%| E|CS|TAMS 0x00000000ed200000, 0x00000000ed200000| Complete 
| 211|0x00000000ed300000, 0x00000000ed400000, 0x00000000ed400000|100%| E|CS|TAMS 0x00000000ed300000, 0x00000000ed300000| Complete 
| 212|0x00000000ed400000, 0x00000000ed500000, 0x00000000ed500000|100%| E|CS|TAMS 0x00000000ed400000, 0x00000000ed400000| Complete 
| 213|0x00000000ed500000, 0x00000000ed600000, 0x00000000ed600000|100%| E|CS|TAMS 0x00000000ed500000, 0x00000000ed500000| Complete 
| 214|0x00000000ed600000, 0x00000000ed700000, 0x00000000ed700000|100%| E|CS|TAMS 0x00000000ed600000, 0x00000000ed600000| Complete 
| 215|0x00000000ed700000, 0x00000000ed800000, 0x00000000ed800000|100%| E|CS|TAMS 0x00000000ed700000, 0x00000000ed700000| Complete 
| 216|0x00000000ed800000, 0x00000000ed900000, 0x00000000ed900000|100%| E|CS|TAMS 0x00000000ed800000, 0x00000000ed800000| Complete 
| 217|0x00000000ed900000, 0x00000000eda00000, 0x00000000eda00000|100%| E|CS|TAMS 0x00000000ed900000, 0x00000000ed900000| Complete 
| 218|0x00000000eda00000, 0x00000000edb00000, 0x00000000edb00000|100%| E|CS|TAMS 0x00000000eda00000, 0x00000000eda00000| Complete 
| 219|0x00000000edb00000, 0x00000000edc00000, 0x00000000edc00000|100%| E|CS|TAMS 0x00000000edb00000, 0x00000000edb00000| Complete 
| 220|0x00000000edc00000, 0x00000000edd00000, 0x00000000edd00000|100%| E|CS|TAMS 0x00000000edc00000, 0x00000000edc00000| Complete 
| 221|0x00000000edd00000, 0x00000000ede00000, 0x00000000ede00000|100%| E|CS|TAMS 0x00000000edd00000, 0x00000000edd00000| Complete 
| 222|0x00000000ede00000, 0x00000000edf00000, 0x00000000edf00000|100%| E|CS|TAMS 0x00000000ede00000, 0x00000000ede00000| Complete 
| 223|0x00000000edf00000, 0x00000000ee000000, 0x00000000ee000000|100%| E|CS|TAMS 0x00000000edf00000, 0x00000000edf00000| Complete 
| 224|0x00000000ee000000, 0x00000000ee100000, 0x00000000ee100000|100%| E|CS|TAMS 0x00000000ee000000, 0x00000000ee000000| Complete 
| 225|0x00000000ee100000, 0x00000000ee200000, 0x00000000ee200000|100%| E|CS|TAMS 0x00000000ee100000, 0x00000000ee100000| Complete 
| 226|0x00000000ee200000, 0x00000000ee300000, 0x00000000ee300000|100%| E|CS|TAMS 0x00000000ee200000, 0x00000000ee200000| Complete 
| 227|0x00000000ee300000, 0x00000000ee400000, 0x00000000ee400000|100%| E|CS|TAMS 0x00000000ee300000, 0x00000000ee300000| Complete 
| 228|0x00000000ee400000, 0x00000000ee500000, 0x00000000ee500000|100%| E|CS|TAMS 0x00000000ee400000, 0x00000000ee400000| Complete 
| 229|0x00000000ee500000, 0x00000000ee600000, 0x00000000ee600000|100%| E|CS|TAMS 0x00000000ee500000, 0x00000000ee500000| Complete 
| 230|0x00000000ee600000, 0x00000000ee700000, 0x00000000ee700000|100%| E|CS|TAMS 0x00000000ee600000, 0x00000000ee600000| Complete 
| 231|0x00000000ee700000, 0x00000000ee800000, 0x00000000ee800000|100%| E|CS|TAMS 0x00000000ee700000, 0x00000000ee700000| Complete 
| 232|0x00000000ee800000, 0x00000000ee900000, 0x00000000ee900000|100%| E|CS|TAMS 0x00000000ee800000, 0x00000000ee800000| Complete 
| 233|0x00000000ee900000, 0x00000000eea00000, 0x00000000eea00000|100%| E|CS|TAMS 0x00000000ee900000, 0x00000000ee900000| Complete 
| 234|0x00000000eea00000, 0x00000000eeb00000, 0x00000000eeb00000|100%| E|CS|TAMS 0x00000000eea00000, 0x00000000eea00000| Complete 
| 235|0x00000000eeb00000, 0x00000000eec00000, 0x00000000eec00000|100%| E|CS|TAMS 0x00000000eeb00000, 0x00000000eeb00000| Complete 
| 236|0x00000000eec00000, 0x00000000eed00000, 0x00000000eed00000|100%| E|CS|TAMS 0x00000000eec00000, 0x00000000eec00000| Complete 
| 237|0x00000000eed00000, 0x00000000eee00000, 0x00000000eee00000|100%| E|CS|TAMS 0x00000000eed00000, 0x00000000eed00000| Complete 
| 238|0x00000000eee00000, 0x00000000eef00000, 0x00000000eef00000|100%| E|CS|TAMS 0x00000000eee00000, 0x00000000eee00000| Complete 
| 239|0x00000000eef00000, 0x00000000ef000000, 0x00000000ef000000|100%| E|CS|TAMS 0x00000000eef00000, 0x00000000eef00000| Complete 
| 240|0x00000000ef000000, 0x00000000ef100000, 0x00000000ef100000|100%| E|CS|TAMS 0x00000000ef000000, 0x00000000ef000000| Complete 
| 241|0x00000000ef100000, 0x00000000ef200000, 0x00000000ef200000|100%| E|CS|TAMS 0x00000000ef100000, 0x00000000ef100000| Complete 
| 242|0x00000000ef200000, 0x00000000ef300000, 0x00000000ef300000|100%| E|CS|TAMS 0x00000000ef200000, 0x00000000ef200000| Complete 
| 243|0x00000000ef300000, 0x00000000ef400000, 0x00000000ef400000|100%| E|CS|TAMS 0x00000000ef300000, 0x00000000ef300000| Complete 
| 244|0x00000000ef400000, 0x00000000ef500000, 0x00000000ef500000|100%| E|CS|TAMS 0x00000000ef400000, 0x00000000ef400000| Complete 
| 245|0x00000000ef500000, 0x00000000ef600000, 0x00000000ef600000|100%| E|CS|TAMS 0x00000000ef500000, 0x00000000ef500000| Complete 
| 246|0x00000000ef600000, 0x00000000ef700000, 0x00000000ef700000|100%| E|CS|TAMS 0x00000000ef600000, 0x00000000ef600000| Complete 
| 247|0x00000000ef700000, 0x00000000ef800000, 0x00000000ef800000|100%| E|CS|TAMS 0x00000000ef700000, 0x00000000ef700000| Complete 
| 248|0x00000000ef800000, 0x00000000ef900000, 0x00000000ef900000|100%| E|CS|TAMS 0x00000000ef800000, 0x00000000ef800000| Complete 
| 249|0x00000000ef900000, 0x00000000efa00000, 0x00000000efa00000|100%| E|CS|TAMS 0x00000000ef900000, 0x00000000ef900000| Complete 
| 250|0x00000000efa00000, 0x00000000efb00000, 0x00000000efb00000|100%| E|CS|TAMS 0x00000000efa00000, 0x00000000efa00000| Complete 
| 251|0x00000000efb00000, 0x00000000efc00000, 0x00000000efc00000|100%| E|CS|TAMS 0x00000000efb00000, 0x00000000efb00000| Complete 
| 252|0x00000000efc00000, 0x00000000efd00000, 0x00000000efd00000|100%| E|CS|TAMS 0x00000000efc00000, 0x00000000efc00000| Complete 
| 253|0x00000000efd00000, 0x00000000efe00000, 0x00000000efe00000|100%| E|CS|TAMS 0x00000000efd00000, 0x00000000efd00000| Complete 
| 254|0x00000000efe00000, 0x00000000eff00000, 0x00000000eff00000|100%| E|CS|TAMS 0x00000000efe00000, 0x00000000efe00000| Complete 
| 255|0x00000000eff00000, 0x00000000f0000000, 0x00000000f0000000|100%| E|CS|TAMS 0x00000000eff00000, 0x00000000eff00000| Complete 

Card table byte_map: [0x000002b75a000000,0x000002b75a100000] _byte_map_base: 0x000002b759900000

Marking Bits (Prev, Next): (CMBitMap*) 0x000002b742933ce0, (CMBitMap*) 0x000002b742933ca0
 Prev Bits: [0x000002b75aa00000, 0x000002b75b200000)
 Next Bits: [0x000002b75a200000, 0x000002b75aa00000)

Polling page: 0x000002b741110000

Metaspace:

Usage:
  Non-class:     25.96 MB used.
      Class:      4.28 MB used.
       Both:     30.24 MB used.

Virtual space:
  Non-class space:       32.00 MB reserved,      26.19 MB ( 82%) committed,  4 nodes.
      Class space:      308.00 MB reserved,       4.44 MB (  1%) committed,  1 nodes.
             Both:      340.00 MB reserved,      30.62 MB (  9%) committed. 

Chunk freelists:
   Non-Class:  1.58 MB
       Class:  3.58 MB
        Both:  5.16 MB

MaxMetaspaceSize: 384.00 MB
CompressedClassSpaceSize: 308.00 MB
Initial GC threshold: 21.00 MB
Current GC threshold: 35.12 MB
CDS: on
MetaspaceReclaimPolicy: balanced
 - commit_granule_bytes: 65536.
 - commit_granule_words: 8192.
 - virtual_space_node_default_size: 1048576.
 - enlarge_chunks_in_place: 1.
 - new_chunks_are_fully_committed: 0.
 - uncommit_free_chunks: 1.
 - use_allocation_guard: 0.
 - handle_deallocations: 1.


Internal statistics:

num_allocs_failed_limit: 3.
num_arena_births: 376.
num_arena_deaths: 0.
num_vsnodes_births: 5.
num_vsnodes_deaths: 0.
num_space_committed: 490.
num_space_uncommitted: 0.
num_chunks_returned_to_freelist: 3.
num_chunks_taken_from_freelist: 1525.
num_chunk_merges: 3.
num_chunk_splits: 987.
num_chunks_enlarged: 684.
num_purges: 0.
num_inconsistent_stats: 0.

CodeHeap 'non-profiled nmethods': size=120000Kb used=2132Kb max_used=2132Kb free=117867Kb
 bounds [0x000002b751d40000, 0x000002b751fb0000, 0x000002b759270000]
CodeHeap 'profiled nmethods': size=120000Kb used=7848Kb max_used=7848Kb free=112151Kb
 bounds [0x000002b74a270000, 0x000002b74aa20000, 0x000002b7517a0000]
CodeHeap 'non-nmethods': size=5760Kb used=1595Kb max_used=1608Kb free=4164Kb
 bounds [0x000002b7517a0000, 0x000002b751a10000, 0x000002b751d40000]
 total_blobs=4491 nmethods=3832 adapters=571
 compilation: enabled
              stopped_count=0, restarted_count=0
 full_count=0

Compilation events (20 events):
Event: 73.724 Thread 0x000002b75de58090 nmethod 3803 0x000002b74aa09810 code [0x000002b74aa099c0, 0x000002b74aa09b88]
Event: 73.724 Thread 0x000002b75de58090 3804       3       java.util.stream.SpinedBuffer::get (123 bytes)
Event: 73.724 Thread 0x000002b75de58090 nmethod 3804 0x000002b74aa09c90 code [0x000002b74aa09ee0, 0x000002b74aa0a6f8]
Event: 73.724 Thread 0x000002b75de58090 3805       3       jdk.internal.jrtfs.JrtDirectoryStream$1::next (5 bytes)
Event: 73.724 Thread 0x000002b75de58090 nmethod 3805 0x000002b74aa0aa90 code [0x000002b74aa0ac20, 0x000002b74aa0ad68]
Event: 73.724 Thread 0x000002b75de58090 3806   !   3       jdk.internal.jrtfs.JrtDirectoryStream$1::next (48 bytes)
Event: 73.724 Thread 0x000002b75de58090 nmethod 3806 0x000002b74aa0ae10 code [0x000002b74aa0afe0, 0x000002b74aa0b4d8]
Event: 73.726 Thread 0x000002b75de58090 3810       3       java.util.ArrayDeque::dec (13 bytes)
Event: 73.726 Thread 0x000002b75de58090 nmethod 3810 0x000002b74aa0b790 code [0x000002b74aa0b920, 0x000002b74aa0ba58]
Event: 73.757 Thread 0x000002b75de58090 3814       3       java.nio.MappedByteBuffer::limit (8 bytes)
Event: 73.757 Thread 0x000002b75de58090 nmethod 3814 0x000002b74aa0bb10 code [0x000002b74aa0bcc0, 0x000002b74aa0be68]
Event: 73.809 Thread 0x000002b75de58090 3818       1       java.nio.DirectByteBuffer::attachment (5 bytes)
Event: 73.810 Thread 0x000002b75de58090 nmethod 3818 0x000002b751f54a10 code [0x000002b751f54ba0, 0x000002b751f54c78]
Event: 73.814 Thread 0x000002b75de58090 3819       2       jdk.internal.jimage.ImageBufferCache::getCapacity (21 bytes)
Event: 73.814 Thread 0x000002b75de58090 nmethod 3819 0x000002b74aa0bf10 code [0x000002b74aa0c0c0, 0x000002b74aa0c228]
Event: 73.825 Thread 0x000002b75de58090 3821       1       jdk.internal.jimage.ImageReader$Directory::isDirectory (2 bytes)
Event: 73.825 Thread 0x000002b75de58090 nmethod 3821 0x000002b751f54d10 code [0x000002b751f54ea0, 0x000002b751f54f78]
Event: 73.825 Thread 0x000002b75de58090 3822       1       jdk.internal.jimage.ImageReader$Node::isCompleted (5 bytes)
Event: 74.808 Thread 0x000002b75de58090 nmethod 3822 0x000002b751f55010 code [0x000002b751f551a0, 0x000002b751f55278]
Event: 74.824 Thread 0x000002b75de58090 3823       2       java.util.stream.Collectors::toSet (26 bytes)

GC Heap History (8 events):
Event: 6.092 GC heap before
{Heap before GC invocations=0 (full 0):
 garbage-first heap   total 262144K, used 22528K [0x00000000e0000000, 0x0000000100000000)
  region size 1024K, 23 young (23552K), 0 survivors (0K)
 Metaspace       used 1082K, committed 1216K, reserved 323584K
  class space    used 73K, committed 128K, reserved 315392K
}
Event: 6.102 GC heap after
{Heap after GC invocations=1 (full 0):
 garbage-first heap   total 262144K, used 2794K [0x00000000e0000000, 0x0000000100000000)
  region size 1024K, 3 young (3072K), 3 survivors (3072K)
 Metaspace       used 1082K, committed 1216K, reserved 323584K
  class space    used 73K, committed 128K, reserved 315392K
}
Event: 22.680 GC heap before
{Heap before GC invocations=1 (full 0):
 garbage-first heap   total 262144K, used 39658K [0x00000000e0000000, 0x0000000100000000)
  region size 1024K, 37 young (37888K), 3 survivors (3072K)
 Metaspace       used 4421K, committed 4608K, reserved 323584K
  class space    used 550K, committed 640K, reserved 315392K
}
Event: 22.688 GC heap after
{Heap after GC invocations=2 (full 0):
 garbage-first heap   total 262144K, used 11193K [0x00000000e0000000, 0x0000000100000000)
  region size 1024K, 5 young (5120K), 5 survivors (5120K)
 Metaspace       used 4421K, committed 4608K, reserved 323584K
  class space    used 550K, committed 640K, reserved 315392K
}
Event: 28.234 GC heap before
{Heap before GC invocations=2 (full 0):
 garbage-first heap   total 262144K, used 57273K [0x00000000e0000000, 0x0000000100000000)
  region size 1024K, 48 young (49152K), 5 survivors (5120K)
 Metaspace       used 4672K, committed 4864K, reserved 323584K
  class space    used 589K, committed 704K, reserved 315392K
}
Event: 28.249 GC heap after
{Heap after GC invocations=3 (full 0):
 garbage-first heap   total 262144K, used 16373K [0x00000000e0000000, 0x0000000100000000)
  region size 1024K, 5 young (5120K), 5 survivors (5120K)
 Metaspace       used 4672K, committed 4864K, reserved 323584K
  class space    used 589K, committed 704K, reserved 315392K
}
Event: 62.494 GC heap before
{Heap before GC invocations=3 (full 0):
 garbage-first heap   total 262144K, used 126965K [0x00000000e0000000, 0x0000000100000000)
  region size 1024K, 114 young (116736K), 5 survivors (5120K)
 Metaspace       used 21165K, committed 21504K, reserved 339968K
  class space    used 3090K, committed 3264K, reserved 315392K
}
Event: 62.577 GC heap after
{Heap after GC invocations=4 (full 0):
 garbage-first heap   total 262144K, used 23564K [0x00000000e0000000, 0x0000000100000000)
  region size 1024K, 12 young (12288K), 12 survivors (12288K)
 Metaspace       used 21165K, committed 21504K, reserved 339968K
  class space    used 3090K, committed 3264K, reserved 315392K
}

Deoptimization events (20 events):
Event: 69.315 Thread 0x000002b760392dd0 Uncommon trap: trap_request=0xffffff45 fr.pc=0x000002b751ec5708 relative=0x00000000000005a8
Event: 69.315 Thread 0x000002b760392dd0 Uncommon trap: reason=unstable_if action=reinterpret pc=0x000002b751ec5708 method=jdk.internal.org.objectweb.asm.MethodWriter.visitVarInsn(II)V @ 108 c2
Event: 69.315 Thread 0x000002b760392dd0 DEOPT PACKING pc=0x000002b751ec5708 sp=0x000000c23a1f1460
Event: 69.315 Thread 0x000002b760392dd0 DEOPT UNPACKING pc=0x000002b7517f23a3 sp=0x000000c23a1f1428 mode 2
Event: 70.808 Thread 0x000002b760392dd0 DEOPT PACKING pc=0x000002b74a6b9c4b sp=0x000000c23a1f7ee0
Event: 70.809 Thread 0x000002b760392dd0 DEOPT UNPACKING pc=0x000002b7517f2b43 sp=0x000000c23a1f7400 mode 0
Event: 70.881 Thread 0x000002b760392dd0 Uncommon trap: trap_request=0xffffff45 fr.pc=0x000002b751def058 relative=0x00000000000005b8
Event: 70.881 Thread 0x000002b760392dd0 Uncommon trap: reason=unstable_if action=reinterpret pc=0x000002b751def058 method=java.util.Properties$LineReader.readLine()I @ 95 c2
Event: 70.882 Thread 0x000002b760392dd0 DEOPT PACKING pc=0x000002b751def058 sp=0x000000c23a1f82d0
Event: 70.882 Thread 0x000002b760392dd0 DEOPT UNPACKING pc=0x000002b7517f23a3 sp=0x000000c23a1f8280 mode 2
Event: 72.878 Thread 0x000002b760392dd0 DEOPT PACKING pc=0x000002b74a906695 sp=0x000000c23a1f7290
Event: 72.878 Thread 0x000002b760392dd0 DEOPT UNPACKING pc=0x000002b7517f2b43 sp=0x000000c23a1f6718 mode 0
Event: 73.247 Thread 0x000002b760392dd0 Uncommon trap: trap_request=0xffffff45 fr.pc=0x000002b751dcf5e8 relative=0x0000000000001288
Event: 73.248 Thread 0x000002b760392dd0 Uncommon trap: reason=unstable_if action=reinterpret pc=0x000002b751dcf5e8 method=sun.nio.fs.WindowsPathParser.isSlash(C)Z @ 9 c2
Event: 73.248 Thread 0x000002b760392dd0 DEOPT PACKING pc=0x000002b751dcf5e8 sp=0x000000c23a1f7fe0
Event: 73.248 Thread 0x000002b760392dd0 DEOPT UNPACKING pc=0x000002b7517f23a3 sp=0x000000c23a1f7f70 mode 2
Event: 73.248 Thread 0x000002b760392dd0 Uncommon trap: trap_request=0xffffff45 fr.pc=0x000002b751d5e7c0 relative=0x0000000000000040
Event: 73.249 Thread 0x000002b760392dd0 Uncommon trap: reason=unstable_if action=reinterpret pc=0x000002b751d5e7c0 method=sun.nio.fs.WindowsPathParser.isSlash(C)Z @ 9 c2
Event: 73.249 Thread 0x000002b760392dd0 DEOPT PACKING pc=0x000002b751d5e7c0 sp=0x000000c23a1f7fe0
Event: 73.249 Thread 0x000002b760392dd0 DEOPT UNPACKING pc=0x000002b7517f23a3 sp=0x000000c23a1f7f68 mode 2

Classes unloaded (0 events):
No events

Classes redefined (0 events):
No events

Internal exceptions (20 events):
Event: 66.334 Thread 0x000002b760392dd0 Exception <a 'java/lang/NoSuchMethodError'{0x00000000ee777900}: 'int java.lang.invoke.DirectMethodHandle$Holder.invokeInterface(java.lang.Object, java.lang.Object)'> (0x00000000ee777900) 
thrown [s\open\src\hotspot\share\interpreter\linkResolver.cpp, line 759]
Event: 66.366 Thread 0x000002b760392dd0 Exception <a 'java/lang/NoSuchMethodError'{0x00000000ee60f770}: 'java.lang.Object java.lang.invoke.DirectMethodHandle$Holder.invokeVirtual(java.lang.Object, java.lang.Object, int)'> (0x00000000ee60f770) 
thrown [s\open\src\hotspot\share\interpreter\linkResolver.cpp, line 759]
Event: 66.497 Thread 0x000002b760392dd0 Exception <a 'java/lang/NoSuchMethodError'{0x00000000ee6d4a38}: 'java.lang.Object java.lang.invoke.DirectMethodHandle$Holder.invokeStatic(java.lang.Object, java.lang.Object, int, java.lang.Object)'> (0x00000000ee6d4a38) 
thrown [s\open\src\hotspot\share\interpreter\linkResolver.cpp, line 759]
Event: 66.502 Thread 0x000002b760392dd0 Exception <a 'java/lang/NoSuchMethodError'{0x00000000ee6dc9b8}: 'java.lang.Object java.lang.invoke.DirectMethodHandle$Holder.newInvokeSpecial(java.lang.Object, java.lang.Object, int, java.lang.Object)'> (0x00000000ee6dc9b8) 
thrown [s\open\src\hotspot\share\interpreter\linkResolver.cpp, line 759]
Event: 66.504 Thread 0x000002b760392dd0 Exception <a 'java/lang/NoSuchMethodError'{0x00000000ee6e1398}: 'java.lang.Object java.lang.invoke.DirectMethodHandle$Holder.invokeSpecial(java.lang.Object, java.lang.Object, java.lang.Object, int, java.lang.Object)'> (0x00000000ee6e1398) 
thrown [s\open\src\hotspot\share\interpreter\linkResolver.cpp, line 759]
Event: 67.374 Thread 0x000002b760392dd0 Exception <a 'java/lang/NoSuchMethodError'{0x00000000ee161118}: 'java.lang.Object java.lang.invoke.DirectMethodHandle$Holder.invokeStaticInit(java.lang.Object, java.lang.Object, java.lang.Object, java.lang.Object, java.lang.Object, java.lang.Object, java.lang.Object)'> (0x00000000ee161118) 
thrown [s\open\src\hotspot\share\interpreter\linkResolver.cpp, line 759]
Event: 67.433 Thread 0x000002b760392dd0 Exception <a 'java/lang/NoSuchMethodError'{0x00000000ee18b090}: 'java.lang.Object java.lang.invoke.DirectMethodHandle$Holder.invokeSpecial(java.lang.Object, java.lang.Object, java.lang.Object, int, java.lang.Object, java.lang.Object)'> (0x00000000ee18b090) 
thrown [s\open\src\hotspot\share\interpreter\linkResolver.cpp, line 759]
Event: 69.314 Thread 0x000002b760392dd0 Implicit null exception at 0x000002b751ec526a to 0x000002b751ec56fc
Event: 69.381 Thread 0x000002b760392dd0 Exception <a 'java/lang/NoSuchMethodError'{0x00000000edab38d8}: 'java.lang.Object java.lang.invoke.DirectMethodHandle$Holder.invokeStaticInit(java.lang.Object, java.lang.Object, java.lang.Object)'> (0x00000000edab38d8) 
thrown [s\open\src\hotspot\share\interpreter\linkResolver.cpp, line 759]
Event: 69.446 Thread 0x000002b760392dd0 Exception <a 'java/lang/NoSuchMethodError'{0x00000000ed9d0408}: 'void java.lang.invoke.DirectMethodHandle$Holder.invokeStaticInit(java.lang.Object, java.lang.Object, java.lang.Object)'> (0x00000000ed9d0408) 
thrown [s\open\src\hotspot\share\interpreter\linkResolver.cpp, line 759]
Event: 69.447 Thread 0x000002b760392dd0 Exception <a 'java/lang/NoSuchMethodError'{0x00000000ed9d7820}: 'void java.lang.invoke.DirectMethodHandle$Holder.invokeStaticInit(java.lang.Object, java.lang.Object, java.lang.Object, java.lang.Object)'> (0x00000000ed9d7820) 
thrown [s\open\src\hotspot\share\interpreter\linkResolver.cpp, line 759]
Event: 69.454 Thread 0x000002b760392dd0 Exception <a 'java/lang/NoSuchMethodError'{0x00000000ed9f9d90}: 'void java.lang.invoke.DirectMethodHandle$Holder.invokeStaticInit(java.lang.Object, java.lang.Object, java.lang.Object, java.lang.Object, java.lang.Object)'> (0x00000000ed9f9d90) 
thrown [s\open\src\hotspot\share\interpreter\linkResolver.cpp, line 759]
Event: 69.483 Thread 0x000002b760392dd0 Exception <a 'java/lang/NoSuchMethodError'{0x00000000ed856040}: 'int java.lang.invoke.DirectMethodHandle$Holder.invokeStaticInit(java.lang.Object, java.lang.Object, java.lang.Object, java.lang.Object)'> (0x00000000ed856040) 
thrown [s\open\src\hotspot\share\interpreter\linkResolver.cpp, line 759]
Event: 72.799 Thread 0x000002b760392dd0 Exception <a 'java/lang/ClassNotFoundException'{0x00000000ecc67878}: groovy/lang/ExpandoMetaClassBeanInfo> (0x00000000ecc67878) 
thrown [s\open\src\hotspot\share\classfile\systemDictionary.cpp, line 256]
Event: 72.801 Thread 0x000002b760392dd0 Exception <a 'java/lang/ClassNotFoundException'{0x00000000ecc7ec30}: groovy/lang/MetaClassImplBeanInfo> (0x00000000ecc7ec30) 
thrown [s\open\src\hotspot\share\classfile\systemDictionary.cpp, line 256]
Event: 72.802 Thread 0x000002b760392dd0 Exception <a 'java/lang/ClassNotFoundException'{0x00000000ecc84368}: java/lang/ObjectBeanInfo> (0x00000000ecc84368) 
thrown [s\open\src\hotspot\share\classfile\systemDictionary.cpp, line 256]
Event: 72.810 Thread 0x000002b760392dd0 Exception <a 'java/lang/ClassNotFoundException'{0x00000000ecc8aa68}: java/lang/ObjectCustomizer> (0x00000000ecc8aa68) 
thrown [s\open\src\hotspot\share\classfile\systemDictionary.cpp, line 256]
Event: 72.842 Thread 0x000002b760392dd0 Exception <a 'java/lang/IncompatibleClassChangeError'{0x00000000ecc9a548}: Found class java.lang.Object, but interface was expected> (0x00000000ecc9a548) 
thrown [s\open\src\hotspot\share\interpreter\linkResolver.cpp, line 826]
Event: 72.871 Thread 0x000002b760392dd0 Exception <a 'java/lang/ClassNotFoundException'{0x00000000eccc06d8}: groovy/lang/MetaClassImplCustomizer> (0x00000000eccc06d8) 
thrown [s\open\src\hotspot\share\classfile\systemDictionary.cpp, line 256]
Event: 72.879 Thread 0x000002b760392dd0 Exception <a 'java/lang/ClassNotFoundException'{0x00000000eccf70e8}: groovy/lang/ExpandoMetaClassCustomizer> (0x00000000eccf70e8) 
thrown [s\open\src\hotspot\share\classfile\systemDictionary.cpp, line 256]

VM Operations (20 events):
Event: 70.296 Executing VM operation: Cleanup
Event: 70.750 Executing VM operation: Cleanup done
Event: 71.052 Executing VM operation: HandshakeAllThreads
Event: 71.052 Executing VM operation: HandshakeAllThreads done
Event: 72.065 Executing VM operation: Cleanup
Event: 72.143 Executing VM operation: Cleanup done
Event: 72.361 Executing VM operation: HandshakeAllThreads
Event: 72.361 Executing VM operation: HandshakeAllThreads done
Event: 72.545 Executing VM operation: HandshakeAllThreads
Event: 72.545 Executing VM operation: HandshakeAllThreads done
Event: 73.384 Executing VM operation: HandshakeAllThreads
Event: 73.384 Executing VM operation: HandshakeAllThreads done
Event: 73.384 Executing VM operation: Cleanup
Event: 73.384 Executing VM operation: Cleanup done
Event: 73.399 Executing VM operation: HandshakeAllThreads
Event: 73.400 Executing VM operation: HandshakeAllThreads done
Event: 73.658 Executing VM operation: HandshakeAllThreads
Event: 73.659 Executing VM operation: HandshakeAllThreads done
Event: 74.669 Executing VM operation: Cleanup
Event: 74.824 Executing VM operation: Cleanup done

Events (20 events):
Event: 73.649 loading class jdk/internal/jimage/ImageReader$Directory
Event: 73.649 loading class jdk/internal/jimage/ImageReader$Node
Event: 73.650 loading class jdk/internal/jimage/ImageReader$Node done
Event: 73.650 loading class jdk/internal/jimage/ImageReader$Directory done
Event: 73.650 loading class jdk/internal/jrtfs/SystemImage$1
Event: 73.650 loading class jdk/internal/jrtfs/SystemImage$1 done
Event: 73.652 loading class jdk/internal/jimage/ImageReader$SharedImageReader$LocationVisitor
Event: 73.652 loading class jdk/internal/jimage/ImageReader$SharedImageReader$LocationVisitor done
Event: 73.653 loading class java/nio/ByteBufferAsIntBufferL
Event: 73.655 loading class java/nio/ByteBufferAsIntBufferL done
Event: 73.661 loading class jdk/internal/jrtfs/JrtFileAttributes
Event: 73.662 loading class jdk/internal/jrtfs/JrtFileAttributes done
Event: 73.662 loading class jdk/internal/jrtfs/JrtDirectoryStream
Event: 73.663 loading class jdk/internal/jrtfs/JrtDirectoryStream done
Event: 73.668 loading class jdk/internal/jrtfs/JrtDirectoryStream$1
Event: 73.668 loading class jdk/internal/jrtfs/JrtDirectoryStream$1 done
Event: 73.674 loading class java/util/function/BooleanSupplier
Event: 73.675 loading class java/util/function/BooleanSupplier done
Event: 73.677 loading class jdk/internal/jimage/ImageReader$Resource
Event: 73.677 loading class jdk/internal/jimage/ImageReader$Resource done


Dynamic libraries:
0x00007ff7aa720000 - 0x00007ff7aa730000 	C:\Program Files\Java\jdk-17\bin\java.exe
0x00007ffc5a340000 - 0x00007ffc5a5a6000 	C:\WINDOWS\SYSTEM32\ntdll.dll
0x00007ffc59370000 - 0x00007ffc59439000 	C:\WINDOWS\System32\KERNEL32.DLL
0x00007ffc57620000 - 0x00007ffc579ec000 	C:\WINDOWS\System32\KERNELBASE.dll
0x00007ffc574d0000 - 0x00007ffc5761b000 	C:\WINDOWS\System32\ucrtbase.dll
0x00007ffc12280000 - 0x00007ffc1229b000 	C:\Program Files\Java\jdk-17\bin\VCRUNTIME140.dll
0x00007ffc30d90000 - 0x00007ffc30da8000 	C:\Program Files\Java\jdk-17\bin\jli.dll
0x00007ffc59d70000 - 0x00007ffc59e22000 	C:\WINDOWS\System32\ADVAPI32.dll
0x00007ffc59630000 - 0x00007ffc596d9000 	C:\WINDOWS\System32\msvcrt.dll
0x00007ffc59c70000 - 0x00007ffc59d16000 	C:\WINDOWS\System32\sechost.dll
0x00007ffc58c50000 - 0x00007ffc58d66000 	C:\WINDOWS\System32\RPCRT4.dll
0x00007ffc59e90000 - 0x00007ffc5a05a000 	C:\WINDOWS\System32\USER32.dll
0x00007ffc57ec0000 - 0x00007ffc57ee7000 	C:\WINDOWS\System32\win32u.dll
0x00007ffc58100000 - 0x00007ffc5812b000 	C:\WINDOWS\System32\GDI32.dll
0x00007ffc57d80000 - 0x00007ffc57eb2000 	C:\WINDOWS\System32\gdi32full.dll
0x00007ffc57fb0000 - 0x00007ffc58053000 	C:\WINDOWS\System32\msvcp_win.dll
0x00007ffc56740000 - 0x00007ffc569da000 	C:\WINDOWS\WinSxS\amd64_microsoft.windows.common-controls_6595b64144ccf1df_6.0.26100.3912_none_3e07963ce335137e\COMCTL32.dll
0x00007ffc45340000 - 0x00007ffc4534b000 	C:\WINDOWS\SYSTEM32\VERSION.dll
0x00007ffc59d20000 - 0x00007ffc59d50000 	C:\WINDOWS\System32\IMM32.DLL
0x00007ffc30ec0000 - 0x00007ffc30ecc000 	C:\Program Files\Java\jdk-17\bin\vcruntime140_1.dll
0x00007ffc121f0000 - 0x00007ffc1227e000 	C:\Program Files\Java\jdk-17\bin\msvcp140.dll
0x00007ffba6e30000 - 0x00007ffba7a07000 	C:\Program Files\Java\jdk-17\bin\server\jvm.dll
0x00007ffc59e30000 - 0x00007ffc59e38000 	C:\WINDOWS\System32\PSAPI.DLL
0x00007ffc26f20000 - 0x00007ffc26f2a000 	C:\WINDOWS\SYSTEM32\WSOCK32.dll
0x00007ffc4a5b0000 - 0x00007ffc4a5e6000 	C:\WINDOWS\SYSTEM32\WINMM.dll
0x00007ffc5a0f0000 - 0x00007ffc5a164000 	C:\WINDOWS\System32\WS2_32.dll
0x00007ffc55960000 - 0x00007ffc5597a000 	C:\WINDOWS\SYSTEM32\kernel.appcore.dll
0x00007ffc121e0000 - 0x00007ffc121ea000 	C:\Program Files\Java\jdk-17\bin\jimage.dll
0x00007ffc56d80000 - 0x00007ffc56fc1000 	C:\WINDOWS\SYSTEM32\DBGHELP.DLL
0x00007ffc58d70000 - 0x00007ffc590f4000 	C:\WINDOWS\System32\combase.dll
0x00007ffc5a180000 - 0x00007ffc5a260000 	C:\WINDOWS\System32\OLEAUT32.dll
0x00007ffc56c00000 - 0x00007ffc56c39000 	C:\WINDOWS\SYSTEM32\dbgcore.DLL
0x00007ffc58060000 - 0x00007ffc580f9000 	C:\WINDOWS\System32\bcryptPrimitives.dll
0x00007ffc121d0000 - 0x00007ffc121de000 	C:\Program Files\Java\jdk-17\bin\instrument.dll
0x00007ffc121a0000 - 0x00007ffc121c5000 	C:\Program Files\Java\jdk-17\bin\java.dll
0x00007ffc120c0000 - 0x00007ffc12197000 	C:\Program Files\Java\jdk-17\bin\jsvml.dll
0x00007ffc584f0000 - 0x00007ffc58c1d000 	C:\WINDOWS\System32\SHELL32.dll
0x00007ffc57b70000 - 0x00007ffc57ce4000 	C:\WINDOWS\System32\wintypes.dll
0x00007ffc546b0000 - 0x00007ffc54f06000 	C:\WINDOWS\SYSTEM32\windows.storage.dll
0x00007ffc583f0000 - 0x00007ffc584df000 	C:\WINDOWS\System32\SHCORE.dll
0x00007ffc5a290000 - 0x00007ffc5a2f9000 	C:\WINDOWS\System32\shlwapi.dll
0x00007ffc573e0000 - 0x00007ffc5740f000 	C:\WINDOWS\SYSTEM32\profapi.dll
0x00007ffc120a0000 - 0x00007ffc120b8000 	C:\Program Files\Java\jdk-17\bin\zip.dll
0x00007ffc12080000 - 0x00007ffc12099000 	C:\Program Files\Java\jdk-17\bin\net.dll
0x00007ffc4e350000 - 0x00007ffc4e46e000 	C:\WINDOWS\SYSTEM32\WINHTTP.dll
0x00007ffc55ef0000 - 0x00007ffc55f5a000 	C:\WINDOWS\system32\mswsock.dll
0x00007ffc031e0000 - 0x00007ffc031f6000 	C:\Program Files\Java\jdk-17\bin\nio.dll
0x00007ffc12070000 - 0x00007ffc12080000 	C:\Program Files\Java\jdk-17\bin\verify.dll
0x00007ffc2cc70000 - 0x00007ffc2cc97000 	C:\Users\neman\.gradle\native\1def1411415f61bf3af743bc5b6707747c0891f09f0c88961ee8f79bc544acac\windows-amd64\native-platform.dll
0x00007ffbe49e0000 - 0x00007ffbe4a58000 	C:\Users\neman\.gradle\native\0.2.7\x86_64-windows-gnu\gradle-fileevents.dll
0x00007ffc11b30000 - 0x00007ffc11b3a000 	C:\Program Files\Java\jdk-17\bin\management.dll
0x00007ffc11320000 - 0x00007ffc1132b000 	C:\Program Files\Java\jdk-17\bin\management_ext.dll
0x00007ffc553a0000 - 0x00007ffc553d3000 	C:\WINDOWS\SYSTEM32\IPHLPAPI.DLL
0x00007ffc5a170000 - 0x00007ffc5a17a000 	C:\WINDOWS\System32\NSI.dll
0x00007ffc4e690000 - 0x00007ffc4e6af000 	C:\WINDOWS\SYSTEM32\dhcpcsvc6.DLL
0x00007ffc4e660000 - 0x00007ffc4e685000 	C:\WINDOWS\SYSTEM32\dhcpcsvc.DLL
0x00007ffc55490000 - 0x00007ffc555b7000 	C:\WINDOWS\SYSTEM32\DNSAPI.dll
0x00007ffc570f0000 - 0x00007ffc5710c000 	C:\WINDOWS\SYSTEM32\CRYPTSP.dll
0x00007ffc56470000 - 0x00007ffc564aa000 	C:\WINDOWS\system32\rsaenh.dll
0x00007ffc55f60000 - 0x00007ffc55f8b000 	C:\WINDOWS\SYSTEM32\USERENV.dll
0x00007ffc573b0000 - 0x00007ffc573d6000 	C:\WINDOWS\SYSTEM32\bcrypt.dll
0x00007ffc56460000 - 0x00007ffc5646c000 	C:\WINDOWS\SYSTEM32\CRYPTBASE.dll
0x00007ffc11250000 - 0x00007ffc1125d000 	C:\Program Files\Java\jdk-17\bin\sunmscapi.dll
0x00007ffc579f0000 - 0x00007ffc57b67000 	C:\WINDOWS\System32\CRYPT32.dll
0x00007ffc56600000 - 0x00007ffc56630000 	C:\WINDOWS\SYSTEM32\ncrypt.dll
0x00007ffc565b0000 - 0x00007ffc565ef000 	C:\WINDOWS\SYSTEM32\NTASN1.dll
0x00007ffc21b50000 - 0x00007ffc21b58000 	C:\WINDOWS\system32\wshunix.dll

dbghelp: loaded successfully - version: 4.0.5 - missing functions: none
symbol engine: initialized successfully - sym options: 0x614 - pdb path: .;C:\Program Files\Java\jdk-17\bin;C:\WINDOWS\SYSTEM32;C:\WINDOWS\WinSxS\amd64_microsoft.windows.common-controls_6595b64144ccf1df_6.0.26100.3912_none_3e07963ce335137e;C:\Program Files\Java\jdk-17\bin\server;C:\Users\neman\.gradle\native\1def1411415f61bf3af743bc5b6707747c0891f09f0c88961ee8f79bc544acac\windows-amd64;C:\Users\neman\.gradle\native\0.2.7\x86_64-windows-gnu

VM Arguments:
jvm_args: --add-opens=java.base/java.lang=ALL-UNNAMED --add-opens=java.base/java.lang.invoke=ALL-UNNAMED --add-opens=java.base/java.util=ALL-UNNAMED --add-opens=java.prefs/java.util.prefs=ALL-UNNAMED --add-exports=jdk.compiler/com.sun.tools.javac.api=ALL-UNNAMED --add-exports=jdk.compiler/com.sun.tools.javac.util=ALL-UNNAMED --add-opens=java.base/java.util=ALL-UNNAMED --add-opens=java.prefs/java.util.prefs=ALL-UNNAMED --add-opens=java.base/java.nio.charset=ALL-UNNAMED --add-opens=java.base/java.net=ALL-UNNAMED --add-opens=java.base/java.util.concurrent.atomic=ALL-UNNAMED --add-opens=java.xml/javax.xml.namespace=ALL-UNNAMED -XX:MaxMetaspaceSize=384m -XX:+HeapDumpOnOutOfMemoryError -Xms256m -Xmx512m -Dfile.encoding=UTF-8 -Duser.country=US -Duser.language=en -Duser.variant -javaagent:C:\Users\neman\.gradle\wrapper\dists\gradle-8.13-bin\5xuhj0ry160q40clulazy9h7d\gradle-8.13\lib\agents\gradle-instrumentation-agent-8.13.jar 
java_command: org.gradle.launcher.daemon.bootstrap.GradleDaemon 8.13
java_class_path (initial): C:\Users\neman\.gradle\wrapper\dists\gradle-8.13-bin\5xuhj0ry160q40clulazy9h7d\gradle-8.13\lib\gradle-daemon-main-8.13.jar
Launcher Type: SUN_STANDARD

[Global flags]
     intx CICompilerCount                          = 4                                         {product} {ergonomic}
   size_t CompressedClassSpaceSize                 = 322961408                                 {product} {ergonomic}
     uint ConcGCThreads                            = 3                                         {product} {ergonomic}
     uint G1ConcRefinementThreads                  = 10                                        {product} {ergonomic}
   size_t G1HeapRegionSize                         = 1048576                                   {product} {ergonomic}
    uintx GCDrainStackTargetSize                   = 64                                        {product} {ergonomic}
     bool HeapDumpOnOutOfMemoryError               = true                                   {manageable} {command line}
   size_t InitialHeapSize                          = 268435456                                 {product} {command line}
   size_t MarkStackSize                            = 4194304                                   {product} {ergonomic}
   size_t MaxHeapSize                              = 536870912                                 {product} {command line}
   size_t MaxMetaspaceSize                         = 402653184                                 {product} {command line}
   size_t MaxNewSize                               = 321912832                                 {product} {ergonomic}
   size_t MinHeapDeltaBytes                        = 1048576                                   {product} {ergonomic}
   size_t MinHeapSize                              = 268435456                                 {product} {command line}
    uintx NonNMethodCodeHeapSize                   = 5839372                                {pd product} {ergonomic}
    uintx NonProfiledCodeHeapSize                  = 122909434                              {pd product} {ergonomic}
    uintx ProfiledCodeHeapSize                     = 122909434                              {pd product} {ergonomic}
    uintx ReservedCodeCacheSize                    = 251658240                              {pd product} {ergonomic}
     bool SegmentedCodeCache                       = true                                      {product} {ergonomic}
   size_t SoftMaxHeapSize                          = 536870912                              {manageable} {ergonomic}
     bool UseCompressedClassPointers               = true                           {product lp64_product} {ergonomic}
     bool UseCompressedOops                        = true                           {product lp64_product} {ergonomic}
     bool UseG1GC                                  = true                                      {product} {ergonomic}
     bool UseLargePagesIndividualAllocation        = false                                  {pd product} {ergonomic}

Logging:
Log output configuration:
 #0: stdout all=warning uptime,level,tags
 #1: stderr all=off uptime,level,tags

Environment Variables:
JAVA_HOME=C:\Program Files\Java\jdk-17
PATH=C:\Program Files\NVIDIA GPU Computing Toolkit\CUDA\v12.8\bin;C:\Program Files\NVIDIA GPU Computing Toolkit\CUDA\v12.8\libnvvp;C:\app\neman\product\21c\dbhomeXE\bin;C:\windows\system32;C:\windows;C:\windows\System32\Wbem;C:\windows\System32\WindowsPowerShell\v1.0\;C:\windows\System32\OpenSSH\;C:\Program Files (x86)\NVIDIA Corporation\PhysX\Common;C:\Program Files\NVIDIA Corporation\NVIDIA NvDLISR;C:\Program Files\Docker\Docker\resources\bin;C:\Program Files\TortoiseGit\bin;C:\Program Files\PuTTY\;C:\Program Files\HP\HP One Agent;C:\Program Files\MySQL\mysql-connector-java-8.0.11;C:\WINDOWS\system32;C:\WINDOWS;C:\WINDOWS\System32\Wbem;C:\WINDOWS\System32\WindowsPowerShell\v1.0\;C:\WINDOWS\System32\OpenSSH\;C:\Program Files\dotnet\;C:\Users\neman\AppData\Local\Programs\Python\Python311\;C:\Program Files\NVIDIA Corporation\Nsight Compute 2025.1.1\;C:\Program Files\NVIDIA Corporation\NVIDIA app\NvDLISR;C:\Gradle\gradle-8.6\bin;C:\Program Files\nodejs\;C:\Program Files\MySQL\MySQL Server 8.0\bin;C:\Program Files\Java\jdk-17\bin;C:\Program Files\Git\cmd;C:\Users\neman\AppData\Local\Programs\Python\Python311\Scripts\;C:\Users\neman\AppData\Local\Programs\Python\Python311\;C:\Users\neman\AppData\Local\Programs\Python\Launcher\;C:\Users\neman\AppData\Local\Microsoft\WindowsApps;;C:\Users\neman\AppData\Local\Programs\Microsoft VS Code\bin;C:\Users\neman\AppData\Local\Muse Hub\lib;C:\Users\neman\AppData\Roaming\npm;C:\Users\neman\AppData\Local\Programs\cursor\resources\app\bin
USERNAME=neman
OS=Windows_NT
PROCESSOR_IDENTIFIER=Intel64 Family 6 Model 154 Stepping 3, GenuineIntel



---------------  S Y S T E M  ---------------

OS:
 Windows 11 , 64 bit Build 26100 (10.0.26100.3912)
OS uptime: 0 days 10:02 hours
Hyper-V role detected

CPU: total 12 (initial active 12) (6 cores per cpu, 2 threads per core) family 6 model 154 stepping 3 microcode 0x434, cx8, cmov, fxsr, ht, mmx, 3dnowpref, sse, sse2, sse3, ssse3, sse4.1, sse4.2, popcnt, lzcnt, tsc, tscinvbit, avx, avx2, aes, erms, clmul, bmi1, bmi2, adx, sha, fma, vzeroupper, clflush, clflushopt, clwb, hv

Memory: 4k page, system-wide physical 7860M (13M free)
TotalPageFile size 32436M (AvailPageFile size 15M)
current process WorkingSet (physical memory assigned to process): 38M, peak: 130M
current process commit charge ("private bytes"): 439M, peak: 440M

vm_info: Java HotSpot(TM) 64-Bit Server VM (17.0.6+9-LTS-190) for windows-amd64 JRE (17.0.6+9-LTS-190), built on Dec  6 2022 15:53:54 by "mach5one" with MS VC++ 17.1 (VS2022)

END.
