#
# There is insufficient memory for the Java Runtime Environment to continue.
# Native memory allocation (malloc) failed to allocate 1105456 bytes for Chunk::new
# Possible reasons:
#   The system is out of physical RAM or swap space
#   The process is running with CompressedOops enabled, and the Java Heap may be blocking the growth of the native heap
# Possible solutions:
#   Reduce memory load on the system
#   Increase physical memory or swap space
#   Check if swap backing store is full
#   Decrease Java heap size (-Xmx/-Xms)
#   Decrease number of Java threads
#   Decrease Java thread stack sizes (-Xss)
#   Set larger code cache with -XX:ReservedCodeCacheSize=
#   JVM is running with Unscaled Compressed Oops mode in which the Java heap is
#     placed in the first 4GB address space. The Java Heap base address is the
#     maximum limit for the native heap growth. Please use -XX:HeapBaseMinAddress
#     to set the Java Heap base and to place the Java Heap above 4GB virtual address.
# This output file may be truncated or incomplete.
#
#  Out of Memory Error (arena.cpp:189), pid=31240, tid=27784
#
# JRE version: Java(TM) SE Runtime Environment (17.0.6+9) (build 17.0.6+9-LTS-190)
# Java VM: Java HotSpot(TM) 64-Bit Server VM (17.0.6+9-LTS-190, mixed mode, sharing, tiered, compressed oops, compressed class ptrs, g1 gc, windows-amd64)
# No core dump will be written. Minidumps are not enabled by default on client versions of Windows
#

---------------  S U M M A R Y ------------

Command Line: --add-opens=java.base/java.lang=ALL-UNNAMED --add-opens=java.base/java.lang.invoke=ALL-UNNAMED --add-opens=java.base/java.util=ALL-UNNAMED --add-opens=java.prefs/java.util.prefs=ALL-UNNAMED --add-exports=jdk.compiler/com.sun.tools.javac.api=ALL-UNNAMED --add-exports=jdk.compiler/com.sun.tools.javac.util=ALL-UNNAMED --add-opens=java.base/java.util=ALL-UNNAMED --add-opens=java.prefs/java.util.prefs=ALL-UNNAMED --add-opens=java.base/java.nio.charset=ALL-UNNAMED --add-opens=java.base/java.net=ALL-UNNAMED --add-opens=java.base/java.util.concurrent.atomic=ALL-UNNAMED --add-opens=java.xml/javax.xml.namespace=ALL-UNNAMED -XX:MaxMetaspaceSize=384m -XX:+HeapDumpOnOutOfMemoryError -Xms256m -Xmx512m -Dfile.encoding=UTF-8 -Duser.country=US -Duser.language=en -Duser.variant -javaagent:C:\Users\neman\.gradle\wrapper\dists\gradle-8.13-bin\5xuhj0ry160q40clulazy9h7d\gradle-8.13\lib\agents\gradle-instrumentation-agent-8.13.jar org.gradle.launcher.daemon.bootstrap.GradleDaemon 8.13

Host: 12th Gen Intel(R) Core(TM) i5-12450H, 12 cores, 7G,  Windows 11 , 64 bit Build 26100 (10.0.26100.3912)
Time: Sat May 24 16:42:17 2025 Azerbaijan Standard Time elapsed time: 112.880964 seconds (0d 0h 1m 52s)

---------------  T H R E A D  ---------------

Current thread (0x000002087cbe9a20):  JavaThread "C2 CompilerThread0" daemon [_thread_in_native, id=27784, stack(0x00000091bf600000,0x00000091bf700000)]


Current CompileTask:
C2: 112881 6402       4       java.util.regex.Pattern::compile (500 bytes)

Stack: [0x00000091bf600000,0x00000091bf700000]
Native frames: (J=compiled Java code, j=interpreted, Vv=VM code, C=native code)
V  [jvm.dll+0x6734ea]
V  [jvm.dll+0x7d18f4]
V  [jvm.dll+0x7d309e]
V  [jvm.dll+0x7d3703]
V  [jvm.dll+0x2433c5]
V  [jvm.dll+0xaa46b]
V  [jvm.dll+0xaaa0c]
V  [jvm.dll+0x35eadf]
V  [jvm.dll+0x329401]
V  [jvm.dll+0x32889a]
V  [jvm.dll+0x215ddf]
V  [jvm.dll+0x215211]
V  [jvm.dll+0x1a1730]
V  [jvm.dll+0x224b6e]
V  [jvm.dll+0x222f15]
V  [jvm.dll+0x78753c]
V  [jvm.dll+0x781a7a]
V  [jvm.dll+0x672375]
C  [ucrtbase.dll+0x37b0]
C  [KERNEL32.DLL+0x2e8d7]
C  [ntdll.dll+0x9c5dc]


---------------  P R O C E S S  ---------------

Threads class SMR info:
_java_thread_list=0x000002080fdc2450, length=76, elements={
0x0000020870e65cf0, 0x000002087cbc0960, 0x000002087cbc1420, 0x000002087cbd37e0,
0x000002087cbd40a0, 0x000002087cbd6970, 0x000002087cbdd660, 0x000002087cbe9a20,
0x000002087cbebf40, 0x000002087cbecbf0, 0x000002087d8d9040, 0x000002087d8dc530,
0x000002087d8da380, 0x000002087d8d8b70, 0x000002087d8dc060, 0x000002087d8db1f0,
0x000002087d8dbb90, 0x000002087d8d9510, 0x000002087d8d99e0, 0x000002087d8d9eb0,
0x000002087d8db6c0, 0x000002087d8da850, 0x000002080fc46290, 0x000002080fc48440,
0x000002080fc46760, 0x000002080fc45420, 0x000002080fc47100, 0x000002080fc45dc0,
0x000002080fc475d0, 0x000002080fc47aa0, 0x000002080fc47f70, 0x000002080fc44f50,
0x000002080fc49780, 0x000002080fc4b930, 0x000002080fc4a120, 0x000002080fc4a5f0,
0x000002080fc4c2d0, 0x000002080fc4aac0, 0x000002080fc4b460, 0x000002080fc48910,
0x000002087f26fb60, 0x000002087f26c670, 0x000002087f26d010, 0x000002087f26d9b0,
0x000002087f26c1a0, 0x000002087f26de80, 0x000002087f270500, 0x000002087f26e820,
0x000002087f270030, 0x000002087f26ecf0, 0x000002087f26f1c0, 0x000002087f26f690,
0x000002087f2709d0, 0x000002087f26e350, 0x000002087f270ea0, 0x000002087f26d4e0,
0x000002087f2726b0, 0x000002087f271d10, 0x000002087f271370, 0x000002087f273520,
0x000002087f271840, 0x000002087f2721e0, 0x000002087f272b80, 0x000002087f273050,
0x000002087f2739f0, 0x000002087d8dad20, 0x000002087e631b90, 0x000002087e62f9e0,
0x000002087e630380, 0x000002087e630850, 0x000002087e62feb0, 0x000002087e6316c0,
0x000002087e630d20, 0x000002087e632060, 0x000002087e632530, 0x000002087e62f510
}

Java Threads: ( => current thread )
  0x0000020870e65cf0 JavaThread "main" [_thread_blocked, id=36516, stack(0x00000091be900000,0x00000091bea00000)]
  0x000002087cbc0960 JavaThread "Reference Handler" daemon [_thread_blocked, id=24648, stack(0x00000091bf000000,0x00000091bf100000)]
  0x000002087cbc1420 JavaThread "Finalizer" daemon [_thread_blocked, id=41400, stack(0x00000091bf100000,0x00000091bf200000)]
  0x000002087cbd37e0 JavaThread "Signal Dispatcher" daemon [_thread_blocked, id=25764, stack(0x00000091bf200000,0x00000091bf300000)]
  0x000002087cbd40a0 JavaThread "Attach Listener" daemon [_thread_blocked, id=18280, stack(0x00000091bf300000,0x00000091bf400000)]
  0x000002087cbd6970 JavaThread "Service Thread" daemon [_thread_blocked, id=8244, stack(0x00000091bf400000,0x00000091bf500000)]
  0x000002087cbdd660 JavaThread "Monitor Deflation Thread" daemon [_thread_blocked, id=1000, stack(0x00000091bf500000,0x00000091bf600000)]
=>0x000002087cbe9a20 JavaThread "C2 CompilerThread0" daemon [_thread_in_native, id=27784, stack(0x00000091bf600000,0x00000091bf700000)]
  0x000002087cbebf40 JavaThread "C1 CompilerThread0" daemon [_thread_blocked, id=21144, stack(0x00000091bf700000,0x00000091bf800000)]
  0x000002087cbecbf0 JavaThread "Sweeper thread" daemon [_thread_blocked, id=16180, stack(0x00000091bf800000,0x00000091bf900000)]
  0x000002087d8d9040 JavaThread "Common-Cleaner" daemon [_thread_blocked, id=41980, stack(0x00000091bf900000,0x00000091bfa00000)]
  0x000002087d8dc530 JavaThread "Notification Thread" daemon [_thread_blocked, id=9140, stack(0x00000091bfa00000,0x00000091bfb00000)]
  0x000002087d8da380 JavaThread "Daemon health stats" [_thread_blocked, id=28612, stack(0x00000091c0100000,0x00000091c0200000)]
  0x000002087d8d8b70 JavaThread "Incoming local TCP Connector on port 61639" [_thread_in_native, id=40384, stack(0x00000091c0200000,0x00000091c0300000)]
  0x000002087d8dc060 JavaThread "Daemon periodic checks" [_thread_blocked, id=25480, stack(0x00000091c0300000,0x00000091c0400000)]
  0x000002087d8db1f0 JavaThread "Daemon" [_thread_blocked, id=12384, stack(0x00000091c0400000,0x00000091c0500000)]
  0x000002087d8dbb90 JavaThread "Handler for socket connection from /127.0.0.1:61639 to /127.0.0.1:61641" [_thread_in_native, id=4488, stack(0x00000091c0500000,0x00000091c0600000)]
  0x000002087d8d9510 JavaThread "Cancel handler" [_thread_blocked, id=14416, stack(0x00000091c0600000,0x00000091c0700000)]
  0x000002087d8d99e0 JavaThread "Daemon worker" [_thread_in_native, id=38416, stack(0x00000091c0700000,0x00000091c0800000)]
  0x000002087d8d9eb0 JavaThread "Asynchronous log dispatcher for DefaultDaemonConnection: socket connection from /127.0.0.1:61639 to /127.0.0.1:61641" [_thread_blocked, id=2108, stack(0x00000091c0800000,0x00000091c0900000)]
  0x000002087d8db6c0 JavaThread "Stdin handler" [_thread_blocked, id=34356, stack(0x00000091c0900000,0x00000091c0a00000)]
  0x000002087d8da850 JavaThread "Daemon client event forwarder" [_thread_blocked, id=37100, stack(0x00000091c0a00000,0x00000091c0b00000)]
  0x000002080fc46290 JavaThread "Cache worker for journal cache (C:\Users\neman\.gradle\caches\journal-1)" [_thread_blocked, id=39628, stack(0x00000091c0b00000,0x00000091c0c00000)]
  0x000002080fc48440 JavaThread "File lock request listener" [_thread_in_native, id=20128, stack(0x00000091c0c00000,0x00000091c0d00000)]
  0x000002080fc46760 JavaThread "Cache worker for file hash cache (C:\Users\neman\.gradle\caches\8.13\fileHashes)" [_thread_blocked, id=41868, stack(0x00000091c0d00000,0x00000091c0e00000)]
  0x000002080fc45420 JavaThread "Cache worker for file hash cache (C:\Users\neman\Desktop\MicroserviceProject\Order-ms\.gradle\8.13\fileHashes)" [_thread_blocked, id=7688, stack(0x00000091c0e00000,0x00000091c0f00000)]
  0x000002080fc47100 JavaThread "Cache worker for Build Output Cleanup Cache (C:\Users\neman\Desktop\MicroserviceProject\Order-ms\.gradle\buildOutputCleanup)" [_thread_blocked, id=5708, stack(0x00000091c0f00000,0x00000091c1000000)]
  0x000002080fc45dc0 JavaThread "File watcher server" daemon [_thread_in_native, id=13608, stack(0x00000091c1600000,0x00000091c1700000)]
  0x000002080fc475d0 JavaThread "File watcher consumer" daemon [_thread_blocked, id=25428, stack(0x00000091c1700000,0x00000091c1800000)]
  0x000002080fc47aa0 JavaThread "jar transforms" [_thread_blocked, id=21244, stack(0x00000091c1800000,0x00000091c1900000)]
  0x000002080fc47f70 JavaThread "jar transforms Thread 2" [_thread_blocked, id=36460, stack(0x00000091c1900000,0x00000091c1a00000)]
  0x000002080fc44f50 JavaThread "File lock release action executor" [_thread_blocked, id=34196, stack(0x00000091c1a00000,0x00000091c1b00000)]
  0x000002080fc49780 JavaThread "Cache worker for checksums cache (C:\Users\neman\Desktop\MicroserviceProject\Order-ms\.gradle\8.13\checksums)" [_thread_blocked, id=41476, stack(0x00000091c1b00000,0x00000091c1c00000)]
  0x000002080fc4b930 JavaThread "Cache worker for file content cache (C:\Users\neman\.gradle\caches\8.13\fileContent)" [_thread_blocked, id=33504, stack(0x00000091c1c00000,0x00000091c1d00000)]
  0x000002080fc4a120 JavaThread "jar transforms Thread 3" [_thread_blocked, id=27324, stack(0x00000091c1f00000,0x00000091c2000000)]
  0x000002080fc4a5f0 JavaThread "Cache worker for cache directory md-supplier (C:\Users\neman\.gradle\caches\8.13\md-supplier)" [_thread_blocked, id=33104, stack(0x00000091c2000000,0x00000091c2100000)]
  0x000002080fc4c2d0 JavaThread "Cache worker for cache directory md-rule (C:\Users\neman\.gradle\caches\8.13\md-rule)" [_thread_blocked, id=29296, stack(0x00000091c2100000,0x00000091c2200000)]
  0x000002080fc4aac0 JavaThread "Unconstrained build operations" [_thread_blocked, id=13520, stack(0x00000091be600000,0x00000091be700000)]
  0x000002080fc4b460 JavaThread "Unconstrained build operations Thread 2" [_thread_blocked, id=35800, stack(0x00000091be700000,0x00000091be800000)]
  0x000002080fc48910 JavaThread "jar transforms Thread 4" [_thread_blocked, id=39464, stack(0x00000091be800000,0x00000091be900000)]
  0x000002087f26fb60 JavaThread "jar transforms Thread 5" [_thread_blocked, id=38192, stack(0x00000091c2200000,0x00000091c2300000)]
  0x000002087f26c670 JavaThread "jar transforms Thread 6" [_thread_blocked, id=35916, stack(0x00000091c2300000,0x00000091c2400000)]
  0x000002087f26d010 JavaThread "jar transforms Thread 7" [_thread_blocked, id=21872, stack(0x00000091c2400000,0x00000091c2500000)]
  0x000002087f26d9b0 JavaThread "Unconstrained build operations Thread 3" [_thread_blocked, id=24952, stack(0x00000091c2500000,0x00000091c2600000)]
  0x000002087f26c1a0 JavaThread "Unconstrained build operations Thread 4" [_thread_blocked, id=4124, stack(0x00000091c2600000,0x00000091c2700000)]
  0x000002087f26de80 JavaThread "Unconstrained build operations Thread 5" [_thread_blocked, id=36720, stack(0x00000091c2700000,0x00000091c2800000)]
  0x000002087f270500 JavaThread "Unconstrained build operations Thread 6" [_thread_blocked, id=33028, stack(0x00000091c2800000,0x00000091c2900000)]
  0x000002087f26e820 JavaThread "Unconstrained build operations Thread 7" [_thread_blocked, id=20532, stack(0x00000091c2900000,0x00000091c2a00000)]
  0x000002087f270030 JavaThread "Unconstrained build operations Thread 8" [_thread_blocked, id=34636, stack(0x00000091c2a00000,0x00000091c2b00000)]
  0x000002087f26ecf0 JavaThread "Unconstrained build operations Thread 9" [_thread_blocked, id=41756, stack(0x00000091c2b00000,0x00000091c2c00000)]
  0x000002087f26f1c0 JavaThread "Unconstrained build operations Thread 10" [_thread_blocked, id=26152, stack(0x00000091c2c00000,0x00000091c2d00000)]
  0x000002087f26f690 JavaThread "Unconstrained build operations Thread 11" [_thread_blocked, id=34064, stack(0x00000091c2d00000,0x00000091c2e00000)]
  0x000002087f2709d0 JavaThread "Unconstrained build operations Thread 12" [_thread_blocked, id=41332, stack(0x00000091c2e00000,0x00000091c2f00000)]
  0x000002087f26e350 JavaThread "Unconstrained build operations Thread 13" [_thread_blocked, id=16052, stack(0x00000091c2f00000,0x00000091c3000000)]
  0x000002087f270ea0 JavaThread "Unconstrained build operations Thread 14" [_thread_blocked, id=4388, stack(0x00000091c3000000,0x00000091c3100000)]
  0x000002087f26d4e0 JavaThread "Unconstrained build operations Thread 15" [_thread_blocked, id=25804, stack(0x00000091c3100000,0x00000091c3200000)]
  0x000002087f2726b0 JavaThread "Unconstrained build operations Thread 16" [_thread_blocked, id=11108, stack(0x00000091c3200000,0x00000091c3300000)]
  0x000002087f271d10 JavaThread "Unconstrained build operations Thread 17" [_thread_blocked, id=11220, stack(0x00000091c3300000,0x00000091c3400000)]
  0x000002087f271370 JavaThread "Unconstrained build operations Thread 18" [_thread_blocked, id=25056, stack(0x00000091c3400000,0x00000091c3500000)]
  0x000002087f273520 JavaThread "Unconstrained build operations Thread 19" [_thread_blocked, id=33896, stack(0x00000091c3500000,0x00000091c3600000)]
  0x000002087f271840 JavaThread "Unconstrained build operations Thread 20" [_thread_blocked, id=8812, stack(0x00000091c3600000,0x00000091c3700000)]
  0x000002087f2721e0 JavaThread "Unconstrained build operations Thread 21" [_thread_blocked, id=34460, stack(0x00000091c3700000,0x00000091c3800000)]
  0x000002087f272b80 JavaThread "Unconstrained build operations Thread 22" [_thread_blocked, id=32740, stack(0x00000091c3800000,0x00000091c3900000)]
  0x000002087f273050 JavaThread "Unconstrained build operations Thread 23" [_thread_blocked, id=9492, stack(0x00000091c3900000,0x00000091c3a00000)]
  0x000002087f2739f0 JavaThread "Unconstrained build operations Thread 24" [_thread_blocked, id=18332, stack(0x00000091c3a00000,0x00000091c3b00000)]
  0x000002087d8dad20 JavaThread "Unconstrained build operations Thread 25" [_thread_blocked, id=21192, stack(0x00000091c3b00000,0x00000091c3c00000)]
  0x000002087e631b90 JavaThread "Unconstrained build operations Thread 26" [_thread_blocked, id=29260, stack(0x00000091c3c00000,0x00000091c3d00000)]
  0x000002087e62f9e0 JavaThread "Unconstrained build operations Thread 27" [_thread_blocked, id=14620, stack(0x00000091c3d00000,0x00000091c3e00000)]
  0x000002087e630380 JavaThread "Unconstrained build operations Thread 28" [_thread_blocked, id=22556, stack(0x00000091c3e00000,0x00000091c3f00000)]
  0x000002087e630850 JavaThread "Unconstrained build operations Thread 29" [_thread_blocked, id=29100, stack(0x00000091c3f00000,0x00000091c4000000)]
  0x000002087e62feb0 JavaThread "Unconstrained build operations Thread 30" [_thread_blocked, id=41672, stack(0x00000091c4000000,0x00000091c4100000)]
  0x000002087e6316c0 JavaThread "Unconstrained build operations Thread 31" [_thread_blocked, id=39876, stack(0x00000091c4100000,0x00000091c4200000)]
  0x000002087e630d20 JavaThread "Unconstrained build operations Thread 32" [_thread_blocked, id=30192, stack(0x00000091c4200000,0x00000091c4300000)]
  0x000002087e632060 JavaThread "Unconstrained build operations Thread 33" [_thread_blocked, id=28648, stack(0x00000091c4300000,0x00000091c4400000)]
  0x000002087e632530 JavaThread "Unconstrained build operations Thread 34" [_thread_blocked, id=27008, stack(0x00000091c4400000,0x00000091c4500000)]
  0x000002087e62f510 JavaThread "Unconstrained build operations Thread 35" [_thread_blocked, id=19376, stack(0x00000091c4500000,0x00000091c4600000)]

Other Threads:
  0x000002087cbbdc80 VMThread "VM Thread" [stack: 0x00000091bef00000,0x00000091bf000000] [id=36268]
  0x000002087d992c60 WatcherThread [stack: 0x00000091bfb00000,0x00000091bfc00000] [id=18492]
  0x0000020870e96800 GCTaskThread "GC Thread#0" [stack: 0x00000091bea00000,0x00000091beb00000] [id=19800]
  0x000002087dba1bb0 GCTaskThread "GC Thread#1" [stack: 0x00000091bfc00000,0x00000091bfd00000] [id=41932]
  0x000002087dcc57b0 GCTaskThread "GC Thread#2" [stack: 0x00000091bfd00000,0x00000091bfe00000] [id=24468]
  0x000002087dcb3270 GCTaskThread "GC Thread#3" [stack: 0x00000091bfe00000,0x00000091bff00000] [id=40432]
  0x000002087dcc94b0 GCTaskThread "GC Thread#4" [stack: 0x00000091bff00000,0x00000091c0000000] [id=36364]
  0x000002087db07240 GCTaskThread "GC Thread#5" [stack: 0x00000091c0000000,0x00000091c0100000] [id=24732]
  0x000002087db06a30 GCTaskThread "GC Thread#6" [stack: 0x00000091c1000000,0x00000091c1100000] [id=40748]
  0x000002087db06ce0 GCTaskThread "GC Thread#7" [stack: 0x00000091c1100000,0x00000091c1200000] [id=27240]
  0x0000020810da0f10 GCTaskThread "GC Thread#8" [stack: 0x00000091c1200000,0x00000091c1300000] [id=11288]
  0x0000020810da0450 GCTaskThread "GC Thread#9" [stack: 0x00000091c1300000,0x00000091c1400000] [id=5812]
  0x0000020870e9c800 ConcurrentGCThread "G1 Main Marker" [stack: 0x00000091beb00000,0x00000091bec00000] [id=40152]
  0x0000020870e9cfd0 ConcurrentGCThread "G1 Conc#0" [stack: 0x00000091bec00000,0x00000091bed00000] [id=31808]
  0x0000020810da2490 ConcurrentGCThread "G1 Conc#1" [stack: 0x00000091c1400000,0x00000091c1500000] [id=9476]
  0x0000020810d9f430 ConcurrentGCThread "G1 Conc#2" [stack: 0x00000091c1500000,0x00000091c1600000] [id=25320]
  0x0000020870f2e430 ConcurrentGCThread "G1 Refine#0" [stack: 0x00000091bed00000,0x00000091bee00000] [id=39228]
  0x0000020870f2ec00 ConcurrentGCThread "G1 Service" [stack: 0x00000091bee00000,0x00000091bef00000] [id=13004]

Threads with active compile tasks:
C2 CompilerThread0   112936 6402       4       java.util.regex.Pattern::compile (500 bytes)

VM state: not at safepoint (normal execution)

VM Mutex/Monitor currently owned by a thread: None

Heap address: 0x00000000e0000000, size: 512 MB, Compressed Oops mode: 32-bit

CDS archive(s) mapped at: [0x0000000800000000-0x0000000800bd0000-0x0000000800bd0000), size 12386304, SharedBaseAddress: 0x0000000800000000, ArchiveRelocationMode: 0.
Compressed class space mapped at: 0x0000000800c00000-0x0000000814000000, reserved size: 322961408
Narrow klass base: 0x0000000800000000, Narrow klass shift: 0, Narrow klass range: 0x100000000

GC Precious Log:
 CPUs: 12 total, 12 available
 Memory: 7860M
 Large Page Support: Disabled
 NUMA Support: Disabled
 Compressed Oops: Enabled (32-bit)
 Heap Region Size: 1M
 Heap Min Capacity: 256M
 Heap Initial Capacity: 256M
 Heap Max Capacity: 512M
 Pre-touch: Disabled
 Parallel Workers: 10
 Concurrent Workers: 3
 Concurrent Refinement Workers: 10
 Periodic GC: Disabled

Heap:
 garbage-first heap   total 262144K, used 170197K [0x00000000e0000000, 0x0000000100000000)
  region size 1024K, 151 young (154624K), 16 survivors (16384K)
 Metaspace       used 48183K, committed 48704K, reserved 364544K
  class space    used 6779K, committed 7040K, reserved 315392K

Heap Regions: E=young(eden), S=young(survivor), O=old, HS=humongous(starts), HC=humongous(continues), CS=collection set, F=free, OA=open archive, CA=closed archive, TAMS=top-at-mark-start (previous, next)
|   0|0x00000000e0000000, 0x00000000e0100000, 0x00000000e0100000|100%|HS|  |TAMS 0x00000000e0100000, 0x00000000e0000000| Complete 
|   1|0x00000000e0100000, 0x00000000e0200000, 0x00000000e0200000|100%|HC|  |TAMS 0x00000000e0200000, 0x00000000e0100000| Complete 
|   2|0x00000000e0200000, 0x00000000e0300000, 0x00000000e0300000|100%|HC|  |TAMS 0x00000000e0300000, 0x00000000e0200000| Complete 
|   3|0x00000000e0300000, 0x00000000e0400000, 0x00000000e0400000|100%| O|  |TAMS 0x00000000e0400000, 0x00000000e0300000| Untracked 
|   4|0x00000000e0400000, 0x00000000e0500000, 0x00000000e0500000|100%| O|  |TAMS 0x00000000e0500000, 0x00000000e0400000| Untracked 
|   5|0x00000000e0500000, 0x00000000e0600000, 0x00000000e0600000|100%| O|  |TAMS 0x00000000e0600000, 0x00000000e0500000| Untracked 
|   6|0x00000000e0600000, 0x00000000e0700000, 0x00000000e0700000|100%|HS|  |TAMS 0x00000000e0700000, 0x00000000e0600000| Complete 
|   7|0x00000000e0700000, 0x00000000e0800000, 0x00000000e0800000|100%|HS|  |TAMS 0x00000000e0700000, 0x00000000e0700000| Complete 
|   8|0x00000000e0800000, 0x00000000e0900000, 0x00000000e0900000|100%| O|  |TAMS 0x00000000e0900000, 0x00000000e0800000| Untracked 
|   9|0x00000000e0900000, 0x00000000e0a00000, 0x00000000e0a00000|100%| O|  |TAMS 0x00000000e09aac00, 0x00000000e0900000| Untracked 
|  10|0x00000000e0a00000, 0x00000000e0b00000, 0x00000000e0b00000|100%|HS|  |TAMS 0x00000000e0a00000, 0x00000000e0a00000| Complete 
|  11|0x00000000e0b00000, 0x00000000e0b00000, 0x00000000e0c00000|  0%| F|  |TAMS 0x00000000e0b00000, 0x00000000e0b00000| Untracked 
|  12|0x00000000e0c00000, 0x00000000e0c00000, 0x00000000e0d00000|  0%| F|  |TAMS 0x00000000e0c00000, 0x00000000e0c00000| Untracked 
|  13|0x00000000e0d00000, 0x00000000e0d00000, 0x00000000e0e00000|  0%| F|  |TAMS 0x00000000e0d00000, 0x00000000e0d00000| Untracked 
|  14|0x00000000e0e00000, 0x00000000e0f00000, 0x00000000e0f00000|100%| O|  |TAMS 0x00000000e0e00000, 0x00000000e0e00000| Untracked 
|  15|0x00000000e0f00000, 0x00000000e1000000, 0x00000000e1000000|100%| O|  |TAMS 0x00000000e0f00000, 0x00000000e0f00000| Untracked 
|  16|0x00000000e1000000, 0x00000000e1100000, 0x00000000e1100000|100%| O|  |TAMS 0x00000000e1000000, 0x00000000e1000000| Untracked 
|  17|0x00000000e1100000, 0x00000000e1200000, 0x00000000e1200000|100%| O|  |TAMS 0x00000000e1100000, 0x00000000e1100000| Untracked 
|  18|0x00000000e1200000, 0x00000000e1300000, 0x00000000e1300000|100%| O|  |TAMS 0x00000000e1200000, 0x00000000e1200000| Untracked 
|  19|0x00000000e1300000, 0x00000000e1400000, 0x00000000e1400000|100%| O|  |TAMS 0x00000000e1300000, 0x00000000e1300000| Untracked 
|  20|0x00000000e1400000, 0x00000000e14bf400, 0x00000000e1500000| 74%| O|  |TAMS 0x00000000e1400000, 0x00000000e1400000| Untracked 
|  21|0x00000000e1500000, 0x00000000e1500000, 0x00000000e1600000|  0%| F|  |TAMS 0x00000000e1500000, 0x00000000e1500000| Untracked 
|  22|0x00000000e1600000, 0x00000000e1600000, 0x00000000e1700000|  0%| F|  |TAMS 0x00000000e1600000, 0x00000000e1600000| Untracked 
|  23|0x00000000e1700000, 0x00000000e1700000, 0x00000000e1800000|  0%| F|  |TAMS 0x00000000e1700000, 0x00000000e1700000| Untracked 
|  24|0x00000000e1800000, 0x00000000e1800000, 0x00000000e1900000|  0%| F|  |TAMS 0x00000000e1800000, 0x00000000e1800000| Untracked 
|  25|0x00000000e1900000, 0x00000000e1900000, 0x00000000e1a00000|  0%| F|  |TAMS 0x00000000e1900000, 0x00000000e1900000| Untracked 
|  26|0x00000000e1a00000, 0x00000000e1a00000, 0x00000000e1b00000|  0%| F|  |TAMS 0x00000000e1a00000, 0x00000000e1a00000| Untracked 
|  27|0x00000000e1b00000, 0x00000000e1b00000, 0x00000000e1c00000|  0%| F|  |TAMS 0x00000000e1b00000, 0x00000000e1b00000| Untracked 
|  28|0x00000000e1c00000, 0x00000000e1c00000, 0x00000000e1d00000|  0%| F|  |TAMS 0x00000000e1c00000, 0x00000000e1c00000| Untracked 
|  29|0x00000000e1d00000, 0x00000000e1d00000, 0x00000000e1e00000|  0%| F|  |TAMS 0x00000000e1d00000, 0x00000000e1d00000| Untracked 
|  30|0x00000000e1e00000, 0x00000000e1e00000, 0x00000000e1f00000|  0%| F|  |TAMS 0x00000000e1e00000, 0x00000000e1e00000| Untracked 
|  31|0x00000000e1f00000, 0x00000000e1f00000, 0x00000000e2000000|  0%| F|  |TAMS 0x00000000e1f00000, 0x00000000e1f00000| Untracked 
|  32|0x00000000e2000000, 0x00000000e2000000, 0x00000000e2100000|  0%| F|  |TAMS 0x00000000e2000000, 0x00000000e2000000| Untracked 
|  33|0x00000000e2100000, 0x00000000e2100000, 0x00000000e2200000|  0%| F|  |TAMS 0x00000000e2100000, 0x00000000e2100000| Untracked 
|  34|0x00000000e2200000, 0x00000000e2200000, 0x00000000e2300000|  0%| F|  |TAMS 0x00000000e2200000, 0x00000000e2200000| Untracked 
|  35|0x00000000e2300000, 0x00000000e2300000, 0x00000000e2400000|  0%| F|  |TAMS 0x00000000e2300000, 0x00000000e2300000| Untracked 
|  36|0x00000000e2400000, 0x00000000e2400000, 0x00000000e2500000|  0%| F|  |TAMS 0x00000000e2400000, 0x00000000e2400000| Untracked 
|  37|0x00000000e2500000, 0x00000000e2500000, 0x00000000e2600000|  0%| F|  |TAMS 0x00000000e2500000, 0x00000000e2500000| Untracked 
|  38|0x00000000e2600000, 0x00000000e2600000, 0x00000000e2700000|  0%| F|  |TAMS 0x00000000e2600000, 0x00000000e2600000| Untracked 
|  39|0x00000000e2700000, 0x00000000e2700000, 0x00000000e2800000|  0%| F|  |TAMS 0x00000000e2700000, 0x00000000e2700000| Untracked 
|  40|0x00000000e2800000, 0x00000000e2800000, 0x00000000e2900000|  0%| F|  |TAMS 0x00000000e2800000, 0x00000000e2800000| Untracked 
|  41|0x00000000e2900000, 0x00000000e2900000, 0x00000000e2a00000|  0%| F|  |TAMS 0x00000000e2900000, 0x00000000e2900000| Untracked 
|  42|0x00000000e2a00000, 0x00000000e2a00000, 0x00000000e2b00000|  0%| F|  |TAMS 0x00000000e2a00000, 0x00000000e2a00000| Untracked 
|  43|0x00000000e2b00000, 0x00000000e2b00000, 0x00000000e2c00000|  0%| F|  |TAMS 0x00000000e2b00000, 0x00000000e2b00000| Untracked 
|  44|0x00000000e2c00000, 0x00000000e2c00000, 0x00000000e2d00000|  0%| F|  |TAMS 0x00000000e2c00000, 0x00000000e2c00000| Untracked 
|  45|0x00000000e2d00000, 0x00000000e2d00000, 0x00000000e2e00000|  0%| F|  |TAMS 0x00000000e2d00000, 0x00000000e2d00000| Untracked 
|  46|0x00000000e2e00000, 0x00000000e2e00000, 0x00000000e2f00000|  0%| F|  |TAMS 0x00000000e2e00000, 0x00000000e2e00000| Untracked 
|  47|0x00000000e2f00000, 0x00000000e2f00000, 0x00000000e3000000|  0%| F|  |TAMS 0x00000000e2f00000, 0x00000000e2f00000| Untracked 
|  48|0x00000000e3000000, 0x00000000e3000000, 0x00000000e3100000|  0%| F|  |TAMS 0x00000000e3000000, 0x00000000e3000000| Untracked 
|  49|0x00000000e3100000, 0x00000000e3100000, 0x00000000e3200000|  0%| F|  |TAMS 0x00000000e3100000, 0x00000000e3100000| Untracked 
|  50|0x00000000e3200000, 0x00000000e3200000, 0x00000000e3300000|  0%| F|  |TAMS 0x00000000e3200000, 0x00000000e3200000| Untracked 
|  51|0x00000000e3300000, 0x00000000e3300000, 0x00000000e3400000|  0%| F|  |TAMS 0x00000000e3300000, 0x00000000e3300000| Untracked 
|  52|0x00000000e3400000, 0x00000000e3400000, 0x00000000e3500000|  0%| F|  |TAMS 0x00000000e3400000, 0x00000000e3400000| Untracked 
|  53|0x00000000e3500000, 0x00000000e3500000, 0x00000000e3600000|  0%| F|  |TAMS 0x00000000e3500000, 0x00000000e3500000| Untracked 
|  54|0x00000000e3600000, 0x00000000e3600000, 0x00000000e3700000|  0%| F|  |TAMS 0x00000000e3600000, 0x00000000e3600000| Untracked 
|  55|0x00000000e3700000, 0x00000000e3700000, 0x00000000e3800000|  0%| F|  |TAMS 0x00000000e3700000, 0x00000000e3700000| Untracked 
|  56|0x00000000e3800000, 0x00000000e3800000, 0x00000000e3900000|  0%| F|  |TAMS 0x00000000e3800000, 0x00000000e3800000| Untracked 
|  57|0x00000000e3900000, 0x00000000e3900000, 0x00000000e3a00000|  0%| F|  |TAMS 0x00000000e3900000, 0x00000000e3900000| Untracked 
|  58|0x00000000e3a00000, 0x00000000e3a00000, 0x00000000e3b00000|  0%| F|  |TAMS 0x00000000e3a00000, 0x00000000e3a00000| Untracked 
|  59|0x00000000e3b00000, 0x00000000e3b00000, 0x00000000e3c00000|  0%| F|  |TAMS 0x00000000e3b00000, 0x00000000e3b00000| Untracked 
|  60|0x00000000e3c00000, 0x00000000e3c00000, 0x00000000e3d00000|  0%| F|  |TAMS 0x00000000e3c00000, 0x00000000e3c00000| Untracked 
|  61|0x00000000e3d00000, 0x00000000e3d00000, 0x00000000e3e00000|  0%| F|  |TAMS 0x00000000e3d00000, 0x00000000e3d00000| Untracked 
|  62|0x00000000e3e00000, 0x00000000e3e00000, 0x00000000e3f00000|  0%| F|  |TAMS 0x00000000e3e00000, 0x00000000e3e00000| Untracked 
|  63|0x00000000e3f00000, 0x00000000e3f00000, 0x00000000e4000000|  0%| F|  |TAMS 0x00000000e3f00000, 0x00000000e3f00000| Untracked 
|  64|0x00000000e4000000, 0x00000000e4000000, 0x00000000e4100000|  0%| F|  |TAMS 0x00000000e4000000, 0x00000000e4000000| Untracked 
|  65|0x00000000e4100000, 0x00000000e4100000, 0x00000000e4200000|  0%| F|  |TAMS 0x00000000e4100000, 0x00000000e4100000| Untracked 
|  66|0x00000000e4200000, 0x00000000e4200000, 0x00000000e4300000|  0%| F|  |TAMS 0x00000000e4200000, 0x00000000e4200000| Untracked 
|  67|0x00000000e4300000, 0x00000000e4300000, 0x00000000e4400000|  0%| F|  |TAMS 0x00000000e4300000, 0x00000000e4300000| Untracked 
|  68|0x00000000e4400000, 0x00000000e4400000, 0x00000000e4500000|  0%| F|  |TAMS 0x00000000e4400000, 0x00000000e4400000| Untracked 
|  69|0x00000000e4500000, 0x00000000e4500000, 0x00000000e4600000|  0%| F|  |TAMS 0x00000000e4500000, 0x00000000e4500000| Untracked 
|  70|0x00000000e4600000, 0x00000000e4600000, 0x00000000e4700000|  0%| F|  |TAMS 0x00000000e4600000, 0x00000000e4600000| Untracked 
|  71|0x00000000e4700000, 0x00000000e4700000, 0x00000000e4800000|  0%| F|  |TAMS 0x00000000e4700000, 0x00000000e4700000| Untracked 
|  72|0x00000000e4800000, 0x00000000e4800000, 0x00000000e4900000|  0%| F|  |TAMS 0x00000000e4800000, 0x00000000e4800000| Untracked 
|  73|0x00000000e4900000, 0x00000000e4900000, 0x00000000e4a00000|  0%| F|  |TAMS 0x00000000e4900000, 0x00000000e4900000| Untracked 
|  74|0x00000000e4a00000, 0x00000000e4a00000, 0x00000000e4b00000|  0%| F|  |TAMS 0x00000000e4a00000, 0x00000000e4a00000| Untracked 
|  75|0x00000000e4b00000, 0x00000000e4b00000, 0x00000000e4c00000|  0%| F|  |TAMS 0x00000000e4b00000, 0x00000000e4b00000| Untracked 
|  76|0x00000000e4c00000, 0x00000000e4c00000, 0x00000000e4d00000|  0%| F|  |TAMS 0x00000000e4c00000, 0x00000000e4c00000| Untracked 
|  77|0x00000000e4d00000, 0x00000000e4d00000, 0x00000000e4e00000|  0%| F|  |TAMS 0x00000000e4d00000, 0x00000000e4d00000| Untracked 
|  78|0x00000000e4e00000, 0x00000000e4e00000, 0x00000000e4f00000|  0%| F|  |TAMS 0x00000000e4e00000, 0x00000000e4e00000| Untracked 
|  79|0x00000000e4f00000, 0x00000000e4f00000, 0x00000000e5000000|  0%| F|  |TAMS 0x00000000e4f00000, 0x00000000e4f00000| Untracked 
|  80|0x00000000e5000000, 0x00000000e5000000, 0x00000000e5100000|  0%| F|  |TAMS 0x00000000e5000000, 0x00000000e5000000| Untracked 
|  81|0x00000000e5100000, 0x00000000e5100000, 0x00000000e5200000|  0%| F|  |TAMS 0x00000000e5100000, 0x00000000e5100000| Untracked 
|  82|0x00000000e5200000, 0x00000000e5200000, 0x00000000e5300000|  0%| F|  |TAMS 0x00000000e5200000, 0x00000000e5200000| Untracked 
|  83|0x00000000e5300000, 0x00000000e5300000, 0x00000000e5400000|  0%| F|  |TAMS 0x00000000e5300000, 0x00000000e5300000| Untracked 
|  84|0x00000000e5400000, 0x00000000e5400000, 0x00000000e5500000|  0%| F|  |TAMS 0x00000000e5400000, 0x00000000e5400000| Untracked 
|  85|0x00000000e5500000, 0x00000000e5500000, 0x00000000e5600000|  0%| F|  |TAMS 0x00000000e5500000, 0x00000000e5500000| Untracked 
|  86|0x00000000e5600000, 0x00000000e5600000, 0x00000000e5700000|  0%| F|  |TAMS 0x00000000e5600000, 0x00000000e5600000| Untracked 
|  87|0x00000000e5700000, 0x00000000e5700000, 0x00000000e5800000|  0%| F|  |TAMS 0x00000000e5700000, 0x00000000e5700000| Untracked 
|  88|0x00000000e5800000, 0x00000000e5800000, 0x00000000e5900000|  0%| F|  |TAMS 0x00000000e5800000, 0x00000000e5800000| Untracked 
|  89|0x00000000e5900000, 0x00000000e5900000, 0x00000000e5a00000|  0%| F|  |TAMS 0x00000000e5900000, 0x00000000e5900000| Untracked 
|  90|0x00000000e5a00000, 0x00000000e5a00000, 0x00000000e5b00000|  0%| F|  |TAMS 0x00000000e5a00000, 0x00000000e5a00000| Untracked 
|  91|0x00000000e5b00000, 0x00000000e5b00000, 0x00000000e5c00000|  0%| F|  |TAMS 0x00000000e5b00000, 0x00000000e5b00000| Untracked 
|  92|0x00000000e5c00000, 0x00000000e5c00000, 0x00000000e5d00000|  0%| F|  |TAMS 0x00000000e5c00000, 0x00000000e5c00000| Untracked 
|  93|0x00000000e5d00000, 0x00000000e5d00000, 0x00000000e5e00000|  0%| F|  |TAMS 0x00000000e5d00000, 0x00000000e5d00000| Untracked 
|  94|0x00000000e5e00000, 0x00000000e5e00000, 0x00000000e5f00000|  0%| F|  |TAMS 0x00000000e5e00000, 0x00000000e5e00000| Untracked 
|  95|0x00000000e5f00000, 0x00000000e5f00000, 0x00000000e6000000|  0%| F|  |TAMS 0x00000000e5f00000, 0x00000000e5f00000| Untracked 
|  96|0x00000000e6000000, 0x00000000e6000000, 0x00000000e6100000|  0%| F|  |TAMS 0x00000000e6000000, 0x00000000e6000000| Untracked 
|  97|0x00000000e6100000, 0x00000000e6100000, 0x00000000e6200000|  0%| F|  |TAMS 0x00000000e6100000, 0x00000000e6100000| Untracked 
|  98|0x00000000e6200000, 0x00000000e6200000, 0x00000000e6300000|  0%| F|  |TAMS 0x00000000e6200000, 0x00000000e6200000| Untracked 
|  99|0x00000000e6300000, 0x00000000e6300000, 0x00000000e6400000|  0%| F|  |TAMS 0x00000000e6300000, 0x00000000e6300000| Untracked 
| 100|0x00000000e6400000, 0x00000000e6400000, 0x00000000e6500000|  0%| F|  |TAMS 0x00000000e6400000, 0x00000000e6400000| Untracked 
| 101|0x00000000e6500000, 0x00000000e6500000, 0x00000000e6600000|  0%| F|  |TAMS 0x00000000e6500000, 0x00000000e6500000| Untracked 
| 102|0x00000000e6600000, 0x00000000e6600000, 0x00000000e6700000|  0%| F|  |TAMS 0x00000000e6600000, 0x00000000e6600000| Untracked 
| 103|0x00000000e6700000, 0x00000000e6700000, 0x00000000e6800000|  0%| F|  |TAMS 0x00000000e6700000, 0x00000000e6700000| Untracked 
| 104|0x00000000e6800000, 0x00000000e6800000, 0x00000000e6900000|  0%| F|  |TAMS 0x00000000e6800000, 0x00000000e6800000| Untracked 
| 105|0x00000000e6900000, 0x00000000e6a00000, 0x00000000e6a00000|100%| E|  |TAMS 0x00000000e6900000, 0x00000000e6900000| Complete 
| 106|0x00000000e6a00000, 0x00000000e6b00000, 0x00000000e6b00000|100%| E|CS|TAMS 0x00000000e6a00000, 0x00000000e6a00000| Complete 
| 107|0x00000000e6b00000, 0x00000000e6c00000, 0x00000000e6c00000|100%| E|CS|TAMS 0x00000000e6b00000, 0x00000000e6b00000| Complete 
| 108|0x00000000e6c00000, 0x00000000e6d00000, 0x00000000e6d00000|100%| E|CS|TAMS 0x00000000e6c00000, 0x00000000e6c00000| Complete 
| 109|0x00000000e6d00000, 0x00000000e6e00000, 0x00000000e6e00000|100%| E|CS|TAMS 0x00000000e6d00000, 0x00000000e6d00000| Complete 
| 110|0x00000000e6e00000, 0x00000000e6e76190, 0x00000000e6f00000| 46%| S|CS|TAMS 0x00000000e6e00000, 0x00000000e6e00000| Complete 
| 111|0x00000000e6f00000, 0x00000000e7000000, 0x00000000e7000000|100%| S|CS|TAMS 0x00000000e6f00000, 0x00000000e6f00000| Complete 
| 112|0x00000000e7000000, 0x00000000e7100000, 0x00000000e7100000|100%| S|CS|TAMS 0x00000000e7000000, 0x00000000e7000000| Complete 
| 113|0x00000000e7100000, 0x00000000e7200000, 0x00000000e7200000|100%| S|CS|TAMS 0x00000000e7100000, 0x00000000e7100000| Complete 
| 114|0x00000000e7200000, 0x00000000e7300000, 0x00000000e7300000|100%| S|CS|TAMS 0x00000000e7200000, 0x00000000e7200000| Complete 
| 115|0x00000000e7300000, 0x00000000e7400000, 0x00000000e7400000|100%| S|CS|TAMS 0x00000000e7300000, 0x00000000e7300000| Complete 
| 116|0x00000000e7400000, 0x00000000e7500000, 0x00000000e7500000|100%| S|CS|TAMS 0x00000000e7400000, 0x00000000e7400000| Complete 
| 117|0x00000000e7500000, 0x00000000e7600000, 0x00000000e7600000|100%| S|CS|TAMS 0x00000000e7500000, 0x00000000e7500000| Complete 
| 118|0x00000000e7600000, 0x00000000e7700000, 0x00000000e7700000|100%| S|CS|TAMS 0x00000000e7600000, 0x00000000e7600000| Complete 
| 119|0x00000000e7700000, 0x00000000e7800000, 0x00000000e7800000|100%| S|CS|TAMS 0x00000000e7700000, 0x00000000e7700000| Complete 
| 120|0x00000000e7800000, 0x00000000e7900000, 0x00000000e7900000|100%| S|CS|TAMS 0x00000000e7800000, 0x00000000e7800000| Complete 
| 121|0x00000000e7900000, 0x00000000e7a00000, 0x00000000e7a00000|100%| S|CS|TAMS 0x00000000e7900000, 0x00000000e7900000| Complete 
| 122|0x00000000e7a00000, 0x00000000e7b00000, 0x00000000e7b00000|100%| S|CS|TAMS 0x00000000e7a00000, 0x00000000e7a00000| Complete 
| 123|0x00000000e7b00000, 0x00000000e7c00000, 0x00000000e7c00000|100%| S|CS|TAMS 0x00000000e7b00000, 0x00000000e7b00000| Complete 
| 124|0x00000000e7c00000, 0x00000000e7d00000, 0x00000000e7d00000|100%| S|CS|TAMS 0x00000000e7c00000, 0x00000000e7c00000| Complete 
| 125|0x00000000e7d00000, 0x00000000e7e00000, 0x00000000e7e00000|100%| S|CS|TAMS 0x00000000e7d00000, 0x00000000e7d00000| Complete 
| 126|0x00000000e7e00000, 0x00000000e7f00000, 0x00000000e7f00000|100%| E|CS|TAMS 0x00000000e7e00000, 0x00000000e7e00000| Complete 
| 127|0x00000000e7f00000, 0x00000000e8000000, 0x00000000e8000000|100%| E|CS|TAMS 0x00000000e7f00000, 0x00000000e7f00000| Complete 
| 128|0x00000000e8000000, 0x00000000e8100000, 0x00000000e8100000|100%| E|CS|TAMS 0x00000000e8000000, 0x00000000e8000000| Complete 
| 129|0x00000000e8100000, 0x00000000e8200000, 0x00000000e8200000|100%| E|CS|TAMS 0x00000000e8100000, 0x00000000e8100000| Complete 
| 130|0x00000000e8200000, 0x00000000e8300000, 0x00000000e8300000|100%| E|CS|TAMS 0x00000000e8200000, 0x00000000e8200000| Complete 
| 131|0x00000000e8300000, 0x00000000e8400000, 0x00000000e8400000|100%| E|CS|TAMS 0x00000000e8300000, 0x00000000e8300000| Complete 
| 132|0x00000000e8400000, 0x00000000e8500000, 0x00000000e8500000|100%| E|CS|TAMS 0x00000000e8400000, 0x00000000e8400000| Complete 
| 133|0x00000000e8500000, 0x00000000e8600000, 0x00000000e8600000|100%| E|CS|TAMS 0x00000000e8500000, 0x00000000e8500000| Complete 
| 134|0x00000000e8600000, 0x00000000e8700000, 0x00000000e8700000|100%| E|CS|TAMS 0x00000000e8600000, 0x00000000e8600000| Complete 
| 135|0x00000000e8700000, 0x00000000e8800000, 0x00000000e8800000|100%| E|CS|TAMS 0x00000000e8700000, 0x00000000e8700000| Complete 
| 136|0x00000000e8800000, 0x00000000e8900000, 0x00000000e8900000|100%| E|CS|TAMS 0x00000000e8800000, 0x00000000e8800000| Complete 
| 137|0x00000000e8900000, 0x00000000e8a00000, 0x00000000e8a00000|100%| E|CS|TAMS 0x00000000e8900000, 0x00000000e8900000| Complete 
| 138|0x00000000e8a00000, 0x00000000e8b00000, 0x00000000e8b00000|100%| E|CS|TAMS 0x00000000e8a00000, 0x00000000e8a00000| Complete 
| 139|0x00000000e8b00000, 0x00000000e8c00000, 0x00000000e8c00000|100%| E|CS|TAMS 0x00000000e8b00000, 0x00000000e8b00000| Complete 
| 140|0x00000000e8c00000, 0x00000000e8d00000, 0x00000000e8d00000|100%| E|CS|TAMS 0x00000000e8c00000, 0x00000000e8c00000| Complete 
| 141|0x00000000e8d00000, 0x00000000e8e00000, 0x00000000e8e00000|100%| E|CS|TAMS 0x00000000e8d00000, 0x00000000e8d00000| Complete 
| 142|0x00000000e8e00000, 0x00000000e8f00000, 0x00000000e8f00000|100%| E|CS|TAMS 0x00000000e8e00000, 0x00000000e8e00000| Complete 
| 143|0x00000000e8f00000, 0x00000000e9000000, 0x00000000e9000000|100%| E|CS|TAMS 0x00000000e8f00000, 0x00000000e8f00000| Complete 
| 144|0x00000000e9000000, 0x00000000e9100000, 0x00000000e9100000|100%| E|CS|TAMS 0x00000000e9000000, 0x00000000e9000000| Complete 
| 145|0x00000000e9100000, 0x00000000e9200000, 0x00000000e9200000|100%| E|CS|TAMS 0x00000000e9100000, 0x00000000e9100000| Complete 
| 146|0x00000000e9200000, 0x00000000e9300000, 0x00000000e9300000|100%| E|CS|TAMS 0x00000000e9200000, 0x00000000e9200000| Complete 
| 147|0x00000000e9300000, 0x00000000e9400000, 0x00000000e9400000|100%| E|CS|TAMS 0x00000000e9300000, 0x00000000e9300000| Complete 
| 148|0x00000000e9400000, 0x00000000e9500000, 0x00000000e9500000|100%| E|CS|TAMS 0x00000000e9400000, 0x00000000e9400000| Complete 
| 149|0x00000000e9500000, 0x00000000e9600000, 0x00000000e9600000|100%| E|CS|TAMS 0x00000000e9500000, 0x00000000e9500000| Complete 
| 150|0x00000000e9600000, 0x00000000e9700000, 0x00000000e9700000|100%| E|CS|TAMS 0x00000000e9600000, 0x00000000e9600000| Complete 
| 151|0x00000000e9700000, 0x00000000e9800000, 0x00000000e9800000|100%| E|CS|TAMS 0x00000000e9700000, 0x00000000e9700000| Complete 
| 152|0x00000000e9800000, 0x00000000e9900000, 0x00000000e9900000|100%| E|CS|TAMS 0x00000000e9800000, 0x00000000e9800000| Complete 
| 153|0x00000000e9900000, 0x00000000e9a00000, 0x00000000e9a00000|100%| E|CS|TAMS 0x00000000e9900000, 0x00000000e9900000| Complete 
| 154|0x00000000e9a00000, 0x00000000e9b00000, 0x00000000e9b00000|100%| E|CS|TAMS 0x00000000e9a00000, 0x00000000e9a00000| Complete 
| 155|0x00000000e9b00000, 0x00000000e9c00000, 0x00000000e9c00000|100%| E|CS|TAMS 0x00000000e9b00000, 0x00000000e9b00000| Complete 
| 156|0x00000000e9c00000, 0x00000000e9d00000, 0x00000000e9d00000|100%| E|CS|TAMS 0x00000000e9c00000, 0x00000000e9c00000| Complete 
| 157|0x00000000e9d00000, 0x00000000e9e00000, 0x00000000e9e00000|100%| E|CS|TAMS 0x00000000e9d00000, 0x00000000e9d00000| Complete 
| 158|0x00000000e9e00000, 0x00000000e9f00000, 0x00000000e9f00000|100%| E|CS|TAMS 0x00000000e9e00000, 0x00000000e9e00000| Complete 
| 159|0x00000000e9f00000, 0x00000000ea000000, 0x00000000ea000000|100%| E|CS|TAMS 0x00000000e9f00000, 0x00000000e9f00000| Complete 
| 160|0x00000000ea000000, 0x00000000ea100000, 0x00000000ea100000|100%| E|CS|TAMS 0x00000000ea000000, 0x00000000ea000000| Complete 
| 161|0x00000000ea100000, 0x00000000ea200000, 0x00000000ea200000|100%| E|CS|TAMS 0x00000000ea100000, 0x00000000ea100000| Complete 
| 162|0x00000000ea200000, 0x00000000ea300000, 0x00000000ea300000|100%| E|CS|TAMS 0x00000000ea200000, 0x00000000ea200000| Complete 
| 163|0x00000000ea300000, 0x00000000ea400000, 0x00000000ea400000|100%| E|CS|TAMS 0x00000000ea300000, 0x00000000ea300000| Complete 
| 164|0x00000000ea400000, 0x00000000ea500000, 0x00000000ea500000|100%| E|CS|TAMS 0x00000000ea400000, 0x00000000ea400000| Complete 
| 165|0x00000000ea500000, 0x00000000ea600000, 0x00000000ea600000|100%| E|CS|TAMS 0x00000000ea500000, 0x00000000ea500000| Complete 
| 166|0x00000000ea600000, 0x00000000ea700000, 0x00000000ea700000|100%| E|CS|TAMS 0x00000000ea600000, 0x00000000ea600000| Complete 
| 167|0x00000000ea700000, 0x00000000ea800000, 0x00000000ea800000|100%| E|CS|TAMS 0x00000000ea700000, 0x00000000ea700000| Complete 
| 168|0x00000000ea800000, 0x00000000ea900000, 0x00000000ea900000|100%| E|CS|TAMS 0x00000000ea800000, 0x00000000ea800000| Complete 
| 169|0x00000000ea900000, 0x00000000eaa00000, 0x00000000eaa00000|100%| E|CS|TAMS 0x00000000ea900000, 0x00000000ea900000| Complete 
| 170|0x00000000eaa00000, 0x00000000eab00000, 0x00000000eab00000|100%| E|CS|TAMS 0x00000000eaa00000, 0x00000000eaa00000| Complete 
| 171|0x00000000eab00000, 0x00000000eac00000, 0x00000000eac00000|100%| E|CS|TAMS 0x00000000eab00000, 0x00000000eab00000| Complete 
| 172|0x00000000eac00000, 0x00000000ead00000, 0x00000000ead00000|100%| E|CS|TAMS 0x00000000eac00000, 0x00000000eac00000| Complete 
| 173|0x00000000ead00000, 0x00000000eae00000, 0x00000000eae00000|100%| E|  |TAMS 0x00000000ead00000, 0x00000000ead00000| Complete 
| 174|0x00000000eae00000, 0x00000000eaf00000, 0x00000000eaf00000|100%| E|CS|TAMS 0x00000000eae00000, 0x00000000eae00000| Complete 
| 175|0x00000000eaf00000, 0x00000000eb000000, 0x00000000eb000000|100%| E|CS|TAMS 0x00000000eaf00000, 0x00000000eaf00000| Complete 
| 176|0x00000000eb000000, 0x00000000eb100000, 0x00000000eb100000|100%| E|CS|TAMS 0x00000000eb000000, 0x00000000eb000000| Complete 
| 177|0x00000000eb100000, 0x00000000eb200000, 0x00000000eb200000|100%| E|CS|TAMS 0x00000000eb100000, 0x00000000eb100000| Complete 
| 178|0x00000000eb200000, 0x00000000eb300000, 0x00000000eb300000|100%| E|CS|TAMS 0x00000000eb200000, 0x00000000eb200000| Complete 
| 179|0x00000000eb300000, 0x00000000eb400000, 0x00000000eb400000|100%| E|CS|TAMS 0x00000000eb300000, 0x00000000eb300000| Complete 
| 180|0x00000000eb400000, 0x00000000eb500000, 0x00000000eb500000|100%| E|CS|TAMS 0x00000000eb400000, 0x00000000eb400000| Complete 
| 181|0x00000000eb500000, 0x00000000eb600000, 0x00000000eb600000|100%| E|CS|TAMS 0x00000000eb500000, 0x00000000eb500000| Complete 
| 182|0x00000000eb600000, 0x00000000eb700000, 0x00000000eb700000|100%| E|CS|TAMS 0x00000000eb600000, 0x00000000eb600000| Complete 
| 183|0x00000000eb700000, 0x00000000eb800000, 0x00000000eb800000|100%| E|CS|TAMS 0x00000000eb700000, 0x00000000eb700000| Complete 
| 184|0x00000000eb800000, 0x00000000eb900000, 0x00000000eb900000|100%| E|CS|TAMS 0x00000000eb800000, 0x00000000eb800000| Complete 
| 185|0x00000000eb900000, 0x00000000eba00000, 0x00000000eba00000|100%| E|CS|TAMS 0x00000000eb900000, 0x00000000eb900000| Complete 
| 186|0x00000000eba00000, 0x00000000ebb00000, 0x00000000ebb00000|100%| E|CS|TAMS 0x00000000eba00000, 0x00000000eba00000| Complete 
| 187|0x00000000ebb00000, 0x00000000ebc00000, 0x00000000ebc00000|100%| E|CS|TAMS 0x00000000ebb00000, 0x00000000ebb00000| Complete 
| 188|0x00000000ebc00000, 0x00000000ebd00000, 0x00000000ebd00000|100%| E|CS|TAMS 0x00000000ebc00000, 0x00000000ebc00000| Complete 
| 189|0x00000000ebd00000, 0x00000000ebe00000, 0x00000000ebe00000|100%| E|CS|TAMS 0x00000000ebd00000, 0x00000000ebd00000| Complete 
| 190|0x00000000ebe00000, 0x00000000ebf00000, 0x00000000ebf00000|100%| E|CS|TAMS 0x00000000ebe00000, 0x00000000ebe00000| Complete 
| 191|0x00000000ebf00000, 0x00000000ec000000, 0x00000000ec000000|100%| E|CS|TAMS 0x00000000ebf00000, 0x00000000ebf00000| Complete 
| 192|0x00000000ec000000, 0x00000000ec100000, 0x00000000ec100000|100%| E|CS|TAMS 0x00000000ec000000, 0x00000000ec000000| Complete 
| 193|0x00000000ec100000, 0x00000000ec200000, 0x00000000ec200000|100%| E|CS|TAMS 0x00000000ec100000, 0x00000000ec100000| Complete 
| 194|0x00000000ec200000, 0x00000000ec300000, 0x00000000ec300000|100%| E|CS|TAMS 0x00000000ec200000, 0x00000000ec200000| Complete 
| 195|0x00000000ec300000, 0x00000000ec400000, 0x00000000ec400000|100%| E|CS|TAMS 0x00000000ec300000, 0x00000000ec300000| Complete 
| 196|0x00000000ec400000, 0x00000000ec500000, 0x00000000ec500000|100%| E|CS|TAMS 0x00000000ec400000, 0x00000000ec400000| Complete 
| 197|0x00000000ec500000, 0x00000000ec600000, 0x00000000ec600000|100%| E|CS|TAMS 0x00000000ec500000, 0x00000000ec500000| Complete 
| 198|0x00000000ec600000, 0x00000000ec700000, 0x00000000ec700000|100%| E|CS|TAMS 0x00000000ec600000, 0x00000000ec600000| Complete 
| 199|0x00000000ec700000, 0x00000000ec800000, 0x00000000ec800000|100%| E|CS|TAMS 0x00000000ec700000, 0x00000000ec700000| Complete 
| 200|0x00000000ec800000, 0x00000000ec900000, 0x00000000ec900000|100%| E|CS|TAMS 0x00000000ec800000, 0x00000000ec800000| Complete 
| 201|0x00000000ec900000, 0x00000000eca00000, 0x00000000eca00000|100%| E|CS|TAMS 0x00000000ec900000, 0x00000000ec900000| Complete 
| 202|0x00000000eca00000, 0x00000000ecb00000, 0x00000000ecb00000|100%| E|CS|TAMS 0x00000000eca00000, 0x00000000eca00000| Complete 
| 203|0x00000000ecb00000, 0x00000000ecc00000, 0x00000000ecc00000|100%| E|CS|TAMS 0x00000000ecb00000, 0x00000000ecb00000| Complete 
| 204|0x00000000ecc00000, 0x00000000ecd00000, 0x00000000ecd00000|100%| E|CS|TAMS 0x00000000ecc00000, 0x00000000ecc00000| Complete 
| 205|0x00000000ecd00000, 0x00000000ece00000, 0x00000000ece00000|100%| E|CS|TAMS 0x00000000ecd00000, 0x00000000ecd00000| Complete 
| 206|0x00000000ece00000, 0x00000000ecf00000, 0x00000000ecf00000|100%| E|CS|TAMS 0x00000000ece00000, 0x00000000ece00000| Complete 
| 207|0x00000000ecf00000, 0x00000000ed000000, 0x00000000ed000000|100%| E|CS|TAMS 0x00000000ecf00000, 0x00000000ecf00000| Complete 
| 208|0x00000000ed000000, 0x00000000ed100000, 0x00000000ed100000|100%| E|CS|TAMS 0x00000000ed000000, 0x00000000ed000000| Complete 
| 209|0x00000000ed100000, 0x00000000ed200000, 0x00000000ed200000|100%| E|CS|TAMS 0x00000000ed100000, 0x00000000ed100000| Complete 
| 210|0x00000000ed200000, 0x00000000ed300000, 0x00000000ed300000|100%| E|CS|TAMS 0x00000000ed200000, 0x00000000ed200000| Complete 
| 211|0x00000000ed300000, 0x00000000ed400000, 0x00000000ed400000|100%| E|CS|TAMS 0x00000000ed300000, 0x00000000ed300000| Complete 
| 212|0x00000000ed400000, 0x00000000ed500000, 0x00000000ed500000|100%| E|CS|TAMS 0x00000000ed400000, 0x00000000ed400000| Complete 
| 213|0x00000000ed500000, 0x00000000ed600000, 0x00000000ed600000|100%| E|CS|TAMS 0x00000000ed500000, 0x00000000ed500000| Complete 
| 214|0x00000000ed600000, 0x00000000ed700000, 0x00000000ed700000|100%| E|CS|TAMS 0x00000000ed600000, 0x00000000ed600000| Complete 
| 215|0x00000000ed700000, 0x00000000ed800000, 0x00000000ed800000|100%| E|CS|TAMS 0x00000000ed700000, 0x00000000ed700000| Complete 
| 216|0x00000000ed800000, 0x00000000ed900000, 0x00000000ed900000|100%| E|CS|TAMS 0x00000000ed800000, 0x00000000ed800000| Complete 
| 217|0x00000000ed900000, 0x00000000eda00000, 0x00000000eda00000|100%| E|CS|TAMS 0x00000000ed900000, 0x00000000ed900000| Complete 
| 218|0x00000000eda00000, 0x00000000edb00000, 0x00000000edb00000|100%| E|CS|TAMS 0x00000000eda00000, 0x00000000eda00000| Complete 
| 219|0x00000000edb00000, 0x00000000edc00000, 0x00000000edc00000|100%| E|CS|TAMS 0x00000000edb00000, 0x00000000edb00000| Complete 
| 220|0x00000000edc00000, 0x00000000edd00000, 0x00000000edd00000|100%| E|CS|TAMS 0x00000000edc00000, 0x00000000edc00000| Complete 
| 221|0x00000000edd00000, 0x00000000ede00000, 0x00000000ede00000|100%| E|CS|TAMS 0x00000000edd00000, 0x00000000edd00000| Complete 
| 222|0x00000000ede00000, 0x00000000edf00000, 0x00000000edf00000|100%| E|CS|TAMS 0x00000000ede00000, 0x00000000ede00000| Complete 
| 223|0x00000000edf00000, 0x00000000ee000000, 0x00000000ee000000|100%| E|CS|TAMS 0x00000000edf00000, 0x00000000edf00000| Complete 
| 224|0x00000000ee000000, 0x00000000ee100000, 0x00000000ee100000|100%| E|CS|TAMS 0x00000000ee000000, 0x00000000ee000000| Complete 
| 225|0x00000000ee100000, 0x00000000ee200000, 0x00000000ee200000|100%| E|CS|TAMS 0x00000000ee100000, 0x00000000ee100000| Complete 
| 226|0x00000000ee200000, 0x00000000ee300000, 0x00000000ee300000|100%| E|CS|TAMS 0x00000000ee200000, 0x00000000ee200000| Complete 
| 227|0x00000000ee300000, 0x00000000ee400000, 0x00000000ee400000|100%| E|CS|TAMS 0x00000000ee300000, 0x00000000ee300000| Complete 
| 228|0x00000000ee400000, 0x00000000ee500000, 0x00000000ee500000|100%| E|CS|TAMS 0x00000000ee400000, 0x00000000ee400000| Complete 
| 229|0x00000000ee500000, 0x00000000ee600000, 0x00000000ee600000|100%| E|CS|TAMS 0x00000000ee500000, 0x00000000ee500000| Complete 
| 230|0x00000000ee600000, 0x00000000ee700000, 0x00000000ee700000|100%| E|CS|TAMS 0x00000000ee600000, 0x00000000ee600000| Complete 
| 231|0x00000000ee700000, 0x00000000ee800000, 0x00000000ee800000|100%| E|CS|TAMS 0x00000000ee700000, 0x00000000ee700000| Complete 
| 232|0x00000000ee800000, 0x00000000ee900000, 0x00000000ee900000|100%| E|CS|TAMS 0x00000000ee800000, 0x00000000ee800000| Complete 
| 233|0x00000000ee900000, 0x00000000eea00000, 0x00000000eea00000|100%| E|CS|TAMS 0x00000000ee900000, 0x00000000ee900000| Complete 
| 234|0x00000000eea00000, 0x00000000eeb00000, 0x00000000eeb00000|100%| E|CS|TAMS 0x00000000eea00000, 0x00000000eea00000| Complete 
| 235|0x00000000eeb00000, 0x00000000eec00000, 0x00000000eec00000|100%| E|CS|TAMS 0x00000000eeb00000, 0x00000000eeb00000| Complete 
| 236|0x00000000eec00000, 0x00000000eed00000, 0x00000000eed00000|100%| E|CS|TAMS 0x00000000eec00000, 0x00000000eec00000| Complete 
| 237|0x00000000eed00000, 0x00000000eee00000, 0x00000000eee00000|100%| E|CS|TAMS 0x00000000eed00000, 0x00000000eed00000| Complete 
| 238|0x00000000eee00000, 0x00000000eef00000, 0x00000000eef00000|100%| E|CS|TAMS 0x00000000eee00000, 0x00000000eee00000| Complete 
| 239|0x00000000eef00000, 0x00000000ef000000, 0x00000000ef000000|100%| E|CS|TAMS 0x00000000eef00000, 0x00000000eef00000| Complete 
| 240|0x00000000ef000000, 0x00000000ef100000, 0x00000000ef100000|100%| E|CS|TAMS 0x00000000ef000000, 0x00000000ef000000| Complete 
| 241|0x00000000ef100000, 0x00000000ef200000, 0x00000000ef200000|100%| E|CS|TAMS 0x00000000ef100000, 0x00000000ef100000| Complete 
| 242|0x00000000ef200000, 0x00000000ef300000, 0x00000000ef300000|100%| E|CS|TAMS 0x00000000ef200000, 0x00000000ef200000| Complete 
| 243|0x00000000ef300000, 0x00000000ef400000, 0x00000000ef400000|100%| E|CS|TAMS 0x00000000ef300000, 0x00000000ef300000| Complete 
| 244|0x00000000ef400000, 0x00000000ef500000, 0x00000000ef500000|100%| E|CS|TAMS 0x00000000ef400000, 0x00000000ef400000| Complete 
| 245|0x00000000ef500000, 0x00000000ef600000, 0x00000000ef600000|100%| E|CS|TAMS 0x00000000ef500000, 0x00000000ef500000| Complete 
| 246|0x00000000ef600000, 0x00000000ef700000, 0x00000000ef700000|100%| E|CS|TAMS 0x00000000ef600000, 0x00000000ef600000| Complete 
| 247|0x00000000ef700000, 0x00000000ef800000, 0x00000000ef800000|100%| E|CS|TAMS 0x00000000ef700000, 0x00000000ef700000| Complete 
| 248|0x00000000ef800000, 0x00000000ef900000, 0x00000000ef900000|100%| E|CS|TAMS 0x00000000ef800000, 0x00000000ef800000| Complete 
| 249|0x00000000ef900000, 0x00000000efa00000, 0x00000000efa00000|100%| E|CS|TAMS 0x00000000ef900000, 0x00000000ef900000| Complete 
| 250|0x00000000efa00000, 0x00000000efb00000, 0x00000000efb00000|100%| E|CS|TAMS 0x00000000efa00000, 0x00000000efa00000| Complete 
| 251|0x00000000efb00000, 0x00000000efc00000, 0x00000000efc00000|100%| E|CS|TAMS 0x00000000efb00000, 0x00000000efb00000| Complete 
| 252|0x00000000efc00000, 0x00000000efd00000, 0x00000000efd00000|100%| E|CS|TAMS 0x00000000efc00000, 0x00000000efc00000| Complete 
| 253|0x00000000efd00000, 0x00000000efe00000, 0x00000000efe00000|100%| E|CS|TAMS 0x00000000efd00000, 0x00000000efd00000| Complete 
| 254|0x00000000efe00000, 0x00000000eff00000, 0x00000000eff00000|100%| E|CS|TAMS 0x00000000efe00000, 0x00000000efe00000| Complete 
| 255|0x00000000eff00000, 0x00000000f0000000, 0x00000000f0000000|100%| E|CS|TAMS 0x00000000eff00000, 0x00000000eff00000| Complete 

Card table byte_map: [0x0000020878d40000,0x0000020878e40000] _byte_map_base: 0x0000020878640000

Marking Bits (Prev, Next): (CMBitMap*) 0x0000020870e96bc0, (CMBitMap*) 0x0000020870e96c00
 Prev Bits: [0x0000020878f40000, 0x0000020879740000)
 Next Bits: [0x0000020879740000, 0x0000020879f40000)

Polling page: 0x000002086ed60000

Metaspace:

Usage:
  Non-class:     40.43 MB used.
      Class:      6.62 MB used.
       Both:     47.05 MB used.

Virtual space:
  Non-class space:       48.00 MB reserved,      40.69 MB ( 85%) committed,  6 nodes.
      Class space:      308.00 MB reserved,       6.88 MB (  2%) committed,  1 nodes.
             Both:      356.00 MB reserved,      47.56 MB ( 13%) committed. 

Chunk freelists:
   Non-Class:  2.88 MB
       Class:  1008.00 KB
        Both:  3.86 MB

MaxMetaspaceSize: 384.00 MB
CompressedClassSpaceSize: 308.00 MB
Initial GC threshold: 21.00 MB
Current GC threshold: 58.69 MB
CDS: on
MetaspaceReclaimPolicy: balanced
 - commit_granule_bytes: 65536.
 - commit_granule_words: 8192.
 - virtual_space_node_default_size: 1048576.
 - enlarge_chunks_in_place: 1.
 - new_chunks_are_fully_committed: 0.
 - uncommit_free_chunks: 1.
 - use_allocation_guard: 0.
 - handle_deallocations: 1.


Internal statistics:

num_allocs_failed_limit: 6.
num_arena_births: 570.
num_arena_deaths: 0.
num_vsnodes_births: 7.
num_vsnodes_deaths: 0.
num_space_committed: 761.
num_space_uncommitted: 0.
num_chunks_returned_to_freelist: 6.
num_chunks_taken_from_freelist: 2505.
num_chunk_merges: 6.
num_chunk_splits: 1633.
num_chunks_enlarged: 1103.
num_purges: 0.
num_inconsistent_stats: 0.

CodeHeap 'non-profiled nmethods': size=120000Kb used=3117Kb max_used=3296Kb free=116883Kb
 bounds [0x0000020807ad0000, 0x0000020807e10000, 0x000002080f000000]
CodeHeap 'profiled nmethods': size=120000Kb used=10887Kb max_used=10887Kb free=109112Kb
 bounds [0x0000020800000000, 0x0000020800ab0000, 0x0000020807530000]
CodeHeap 'non-nmethods': size=5760Kb used=2331Kb max_used=2365Kb free=3429Kb
 bounds [0x0000020807530000, 0x00000208077a0000, 0x0000020807ad0000]
 total_blobs=6430 nmethods=5582 adapters=760
 compilation: enabled
              stopped_count=0, restarted_count=0
 full_count=0

Compilation events (20 events):
Event: 110.765 Thread 0x000002087cbebf40 nmethod 6400 0x0000020800a9e410 code [0x0000020800a9e5a0, 0x0000020800a9e6b8]
Event: 110.765 Thread 0x000002087cbebf40 6401       3       jdk.internal.org.objectweb.asm.ClassReader::getFirstAttributeOffset (136 bytes)
Event: 110.766 Thread 0x000002087cbebf40 nmethod 6401 0x0000020800a9e790 code [0x0000020800a9e9c0, 0x0000020800a9f048]
Event: 110.770 Thread 0x000002087cbe9a20 6402       4       java.util.regex.Pattern::compile (500 bytes)
Event: 110.778 Thread 0x000002087cbebf40 6403       3       java.util.regex.Pattern$Branch::match (66 bytes)
Event: 110.778 Thread 0x000002087cbebf40 nmethod 6403 0x0000020800a9f290 code [0x0000020800a9f460, 0x0000020800a9f938]
Event: 110.780 Thread 0x000002087cbebf40 6404       3       java.util.regex.ASCII::toLower (16 bytes)
Event: 110.781 Thread 0x000002087cbebf40 nmethod 6404 0x0000020800a9fb10 code [0x0000020800a9fca0, 0x0000020800a9fe98]
Event: 110.781 Thread 0x000002087cbebf40 6405       3       java.util.regex.ASCII::isUpper (18 bytes)
Event: 110.781 Thread 0x000002087cbebf40 nmethod 6405 0x0000020800a9ff90 code [0x0000020800aa0120, 0x0000020800aa0278]
Event: 110.782 Thread 0x000002087cbebf40 6406       3       java.util.regex.Pattern$SliceI::match (96 bytes)
Event: 110.782 Thread 0x000002087cbebf40 nmethod 6406 0x0000020800aa0310 code [0x0000020800aa0500, 0x0000020800aa0b58]
Event: 110.783 Thread 0x000002087cbebf40 6409       3       org.gradle.api.internal.provider.AbstractMinimalProvider::<init> (5 bytes)
Event: 110.783 Thread 0x000002087cbebf40 nmethod 6409 0x0000020800aa0d90 code [0x0000020800aa0f20, 0x0000020800aa1078]
Event: 110.794 Thread 0x000002087cbebf40 6410       3       org.gradle.internal.instantiation.generator.AsmBackedClassGenerator$ClassBuilderImpl::access$2700 (4 bytes)
Event: 110.795 Thread 0x000002087cbebf40 nmethod 6410 0x0000020800aa1110 code [0x0000020800aa12a0, 0x0000020800aa1398]
Event: 110.858 Thread 0x000002087cbebf40 6411       3       java.util.concurrent.ConcurrentHashMap$ValuesView::iterator (34 bytes)
Event: 110.858 Thread 0x000002087cbebf40 nmethod 6411 0x0000020800aa1410 code [0x0000020800aa15c0, 0x0000020800aa17e8]
Event: 110.858 Thread 0x000002087cbebf40 6412       3       java.util.concurrent.ConcurrentHashMap$ValueIterator::<init> (12 bytes)
Event: 110.858 Thread 0x000002087cbebf40 nmethod 6412 0x0000020800aa1910 code [0x0000020800aa1aa0, 0x0000020800aa1be8]

GC Heap History (10 events):
Event: 1.914 GC heap before
{Heap before GC invocations=0 (full 0):
 garbage-first heap   total 262144K, used 22528K [0x00000000e0000000, 0x0000000100000000)
  region size 1024K, 23 young (23552K), 0 survivors (0K)
 Metaspace       used 1075K, committed 1216K, reserved 323584K
  class space    used 73K, committed 128K, reserved 315392K
}
Event: 1.921 GC heap after
{Heap after GC invocations=1 (full 0):
 garbage-first heap   total 262144K, used 2741K [0x00000000e0000000, 0x0000000100000000)
  region size 1024K, 3 young (3072K), 3 survivors (3072K)
 Metaspace       used 1075K, committed 1216K, reserved 323584K
  class space    used 73K, committed 128K, reserved 315392K
}
Event: 14.951 GC heap before
{Heap before GC invocations=1 (full 0):
 garbage-first heap   total 262144K, used 39605K [0x00000000e0000000, 0x0000000100000000)
  region size 1024K, 37 young (37888K), 3 survivors (3072K)
 Metaspace       used 4434K, committed 4608K, reserved 323584K
  class space    used 549K, committed 640K, reserved 315392K
}
Event: 14.957 GC heap after
{Heap after GC invocations=2 (full 0):
 garbage-first heap   total 262144K, used 10776K [0x00000000e0000000, 0x0000000100000000)
  region size 1024K, 5 young (5120K), 5 survivors (5120K)
 Metaspace       used 4434K, committed 4608K, reserved 323584K
  class space    used 549K, committed 640K, reserved 315392K
}
Event: 19.116 GC heap before
{Heap before GC invocations=2 (full 0):
 garbage-first heap   total 262144K, used 59928K [0x00000000e0000000, 0x0000000100000000)
  region size 1024K, 51 young (52224K), 5 survivors (5120K)
 Metaspace       used 5061K, committed 5248K, reserved 323584K
  class space    used 659K, committed 768K, reserved 315392K
}
Event: 19.125 GC heap after
{Heap after GC invocations=3 (full 0):
 garbage-first heap   total 262144K, used 16043K [0x00000000e0000000, 0x0000000100000000)
  region size 1024K, 7 young (7168K), 7 survivors (7168K)
 Metaspace       used 5061K, committed 5248K, reserved 323584K
  class space    used 659K, committed 768K, reserved 315392K
}
Event: 33.941 GC heap before
{Heap before GC invocations=3 (full 0):
 garbage-first heap   total 262144K, used 122539K [0x00000000e0000000, 0x0000000100000000)
  region size 1024K, 112 young (114688K), 7 survivors (7168K)
 Metaspace       used 21174K, committed 21504K, reserved 339968K
  class space    used 3086K, committed 3264K, reserved 315392K
}
Event: 33.973 GC heap after
{Heap after GC invocations=4 (full 0):
 garbage-first heap   total 262144K, used 23431K [0x00000000e0000000, 0x0000000100000000)
  region size 1024K, 15 young (15360K), 15 survivors (15360K)
 Metaspace       used 21174K, committed 21504K, reserved 339968K
  class space    used 3086K, committed 3264K, reserved 315392K
}
Event: 56.968 GC heap before
{Heap before GC invocations=5 (full 0):
 garbage-first heap   total 262144K, used 144263K [0x00000000e0000000, 0x0000000100000000)
  region size 1024K, 130 young (133120K), 15 survivors (15360K)
 Metaspace       used 35551K, committed 35968K, reserved 348160K
  class space    used 4931K, committed 5120K, reserved 315392K
}
Event: 57.029 GC heap after
{Heap after GC invocations=6 (full 0):
 garbage-first heap   total 262144K, used 31957K [0x00000000e0000000, 0x0000000100000000)
  region size 1024K, 16 young (16384K), 16 survivors (16384K)
 Metaspace       used 35551K, committed 35968K, reserved 348160K
  class space    used 4931K, committed 5120K, reserved 315392K
}

Deoptimization events (20 events):
Event: 110.778 Thread 0x000002087d8d99e0 Uncommon trap: trap_request=0xffffffc6 fr.pc=0x0000020807d72244 relative=0x00000000000007c4
Event: 110.778 Thread 0x000002087d8d99e0 Uncommon trap: reason=bimorphic_or_optimized_type_check action=maybe_recompile pc=0x0000020807d72244 method=java.util.regex.Pattern$Start.match(Ljava/util/regex/Matcher;ILjava/lang/CharSequence;)Z @ 44 c2
Event: 110.778 Thread 0x000002087d8d99e0 DEOPT PACKING pc=0x0000020807d72244 sp=0x00000091c07f52c0
Event: 110.778 Thread 0x000002087d8d99e0 DEOPT UNPACKING pc=0x00000208075823a3 sp=0x00000091c07f51a8 mode 2
Event: 110.780 Thread 0x000002087d8d99e0 Uncommon trap: trap_request=0xffffffc6 fr.pc=0x0000020807d72244 relative=0x00000000000007c4
Event: 110.780 Thread 0x000002087d8d99e0 Uncommon trap: reason=bimorphic_or_optimized_type_check action=maybe_recompile pc=0x0000020807d72244 method=java.util.regex.Pattern$Start.match(Ljava/util/regex/Matcher;ILjava/lang/CharSequence;)Z @ 44 c2
Event: 110.780 Thread 0x000002087d8d99e0 DEOPT PACKING pc=0x0000020807d72244 sp=0x00000091c07f52c0
Event: 110.780 Thread 0x000002087d8d99e0 DEOPT UNPACKING pc=0x00000208075823a3 sp=0x00000091c07f51a8 mode 2
Event: 110.780 Thread 0x000002087d8d99e0 Uncommon trap: trap_request=0xffffffc6 fr.pc=0x0000020807d72244 relative=0x00000000000007c4
Event: 110.780 Thread 0x000002087d8d99e0 Uncommon trap: reason=bimorphic_or_optimized_type_check action=maybe_recompile pc=0x0000020807d72244 method=java.util.regex.Pattern$Start.match(Ljava/util/regex/Matcher;ILjava/lang/CharSequence;)Z @ 44 c2
Event: 110.780 Thread 0x000002087d8d99e0 DEOPT PACKING pc=0x0000020807d72244 sp=0x00000091c07f52c0
Event: 110.780 Thread 0x000002087d8d99e0 DEOPT UNPACKING pc=0x00000208075823a3 sp=0x00000091c07f51a8 mode 2
Event: 110.780 Thread 0x000002087d8d99e0 Uncommon trap: trap_request=0xffffffc6 fr.pc=0x0000020807d72244 relative=0x00000000000007c4
Event: 110.780 Thread 0x000002087d8d99e0 Uncommon trap: reason=bimorphic_or_optimized_type_check action=maybe_recompile pc=0x0000020807d72244 method=java.util.regex.Pattern$Start.match(Ljava/util/regex/Matcher;ILjava/lang/CharSequence;)Z @ 44 c2
Event: 110.780 Thread 0x000002087d8d99e0 DEOPT PACKING pc=0x0000020807d72244 sp=0x00000091c07f52c0
Event: 110.780 Thread 0x000002087d8d99e0 DEOPT UNPACKING pc=0x00000208075823a3 sp=0x00000091c07f51a8 mode 2
Event: 110.782 Thread 0x000002087d8d99e0 Uncommon trap: trap_request=0xffffffc6 fr.pc=0x0000020807d669bc relative=0x000000000000075c
Event: 110.782 Thread 0x000002087d8d99e0 Uncommon trap: reason=bimorphic_or_optimized_type_check action=maybe_recompile pc=0x0000020807d669bc method=java.util.regex.Pattern$Start.match(Ljava/util/regex/Matcher;ILjava/lang/CharSequence;)Z @ 44 c2
Event: 110.782 Thread 0x000002087d8d99e0 DEOPT PACKING pc=0x0000020807d669bc sp=0x00000091c07f5240
Event: 110.782 Thread 0x000002087d8d99e0 DEOPT UNPACKING pc=0x00000208075823a3 sp=0x00000091c07f51a0 mode 2

Classes unloaded (0 events):
No events

Classes redefined (0 events):
No events

Internal exceptions (20 events):
Event: 84.632 Thread 0x000002087d8d99e0 Exception <a 'java/lang/ClassNotFoundException'{0x00000000ec970530}: settings_52fd29jkzvlvotw90guxiqhpyCustomizer> (0x00000000ec970530) 
thrown [s\open\src\hotspot\share\classfile\systemDictionary.cpp, line 256]
Event: 84.680 Thread 0x000002087d8d99e0 Exception <a 'java/lang/ClassNotFoundException'{0x00000000ec82aec8}: org/gradle/initialization/DefaultSettings_DecoratedBeanInfo> (0x00000000ec82aec8) 
thrown [s\open\src\hotspot\share\classfile\systemDictionary.cpp, line 256]
Event: 84.684 Thread 0x000002087d8d99e0 Exception <a 'java/lang/ClassNotFoundException'{0x00000000ec83a6f8}: org/gradle/initialization/DefaultSettingsBeanInfo> (0x00000000ec83a6f8) 
thrown [s\open\src\hotspot\share\classfile\systemDictionary.cpp, line 256]
Event: 84.690 Thread 0x000002087d8d99e0 Exception <a 'java/lang/ClassNotFoundException'{0x00000000ec849ad0}: org/gradle/initialization/DefaultSettingsCustomizer> (0x00000000ec849ad0) 
thrown [s\open\src\hotspot\share\classfile\systemDictionary.cpp, line 256]
Event: 84.725 Thread 0x000002087d8d99e0 Exception <a 'java/lang/ClassNotFoundException'{0x00000000ec892070}: org/gradle/initialization/DefaultSettings_DecoratedCustomizer> (0x00000000ec892070) 
thrown [s\open\src\hotspot\share\classfile\systemDictionary.cpp, line 256]
Event: 84.844 Thread 0x000002087d8d99e0 Exception <a 'java/lang/ClassNotFoundException'{0x00000000ec70cee8}: org/gradle/initialization/DefaultProjectDescriptorBeanInfo> (0x00000000ec70cee8) 
thrown [s\open\src\hotspot\share\classfile\systemDictionary.cpp, line 256]
Event: 84.902 Thread 0x000002087d8d99e0 Exception <a 'java/lang/ClassNotFoundException'{0x00000000ec71be98}: org/gradle/initialization/DefaultProjectDescriptorCustomizer> (0x00000000ec71be98) 
thrown [s\open\src\hotspot\share\classfile\systemDictionary.cpp, line 256]
Event: 85.224 Thread 0x000002087d8d99e0 Exception <a 'java/lang/NoSuchMethodError'{0x00000000ec76a268}: 'void java.lang.invoke.DirectMethodHandle$Holder.invokeInterface(java.lang.Object, java.lang.Object)'> (0x00000000ec76a268) 
thrown [s\open\src\hotspot\share\interpreter\linkResolver.cpp, line 759]
Event: 90.646 Thread 0x000002087d8d99e0 Exception <a 'java/lang/NoSuchMethodError'{0x00000000eb8d05f0}: 'long java.lang.invoke.DirectMethodHandle$Holder.invokeStatic(java.lang.Object, long)'> (0x00000000eb8d05f0) 
thrown [s\open\src\hotspot\share\interpreter\linkResolver.cpp, line 759]
Event: 91.155 Thread 0x000002087d8d99e0 Implicit null exception at 0x0000020807dfb27d to 0x0000020807dfb544
Event: 96.149 Thread 0x000002087d8d99e0 Exception <a 'java/lang/ClassNotFoundException'{0x00000000eabfc2d8}: build_5m5e7jxjzcv8anfo76mfbc7v3BeanInfo> (0x00000000eabfc2d8) 
thrown [s\open\src\hotspot\share\classfile\systemDictionary.cpp, line 256]
Event: 96.210 Thread 0x000002087d8d99e0 Exception <a 'java/lang/ClassNotFoundException'{0x00000000eaa07a00}: org/gradle/api/internal/project/ProjectScriptBeanInfo> (0x00000000eaa07a00) 
thrown [s\open\src\hotspot\share\classfile\systemDictionary.cpp, line 256]
Event: 96.213 Thread 0x000002087d8d99e0 Exception <a 'java/lang/ClassNotFoundException'{0x00000000eaa12d30}: org/gradle/api/internal/project/ProjectScriptCustomizer> (0x00000000eaa12d30) 
thrown [s\open\src\hotspot\share\classfile\systemDictionary.cpp, line 256]
Event: 96.254 Thread 0x000002087d8d99e0 Exception <a 'java/lang/ClassNotFoundException'{0x00000000eaa2af30}: build_5m5e7jxjzcv8anfo76mfbc7v3Customizer> (0x00000000eaa2af30) 
thrown [s\open\src\hotspot\share\classfile\systemDictionary.cpp, line 256]
Event: 96.476 Thread 0x000002087d8d99e0 Exception <a 'java/lang/ClassNotFoundException'{0x00000000eaa86bd8}: org/gradle/plugin/use/internal/PluginRequestCollector$PluginDependenciesSpecImplBeanInfo> (0x00000000eaa86bd8) 
thrown [s\open\src\hotspot\share\classfile\systemDictionary.cpp, line 256]
Event: 96.491 Thread 0x000002087d8d99e0 Exception <a 'java/lang/ClassNotFoundException'{0x00000000eaa98158}: org/gradle/plugin/use/internal/PluginRequestCollector$PluginDependenciesSpecImplCustomizer> (0x00000000eaa98158) 
thrown [s\open\src\hotspot\share\classfile\systemDictionary.cpp, line 256]
Event: 96.587 Thread 0x000002087d8d99e0 Exception <a 'java/lang/ClassNotFoundException'{0x00000000eaaddd58}: org/gradle/plugin/use/internal/PluginRequestCollector$PluginDependencySpecImplBeanInfo> (0x00000000eaaddd58) 
thrown [s\open\src\hotspot\share\classfile\systemDictionary.cpp, line 256]
Event: 96.595 Thread 0x000002087d8d99e0 Exception <a 'java/lang/ClassNotFoundException'{0x00000000eaaef278}: org/gradle/plugin/use/internal/PluginRequestCollector$PluginDependencySpecImplCustomizer> (0x00000000eaaef278) 
thrown [s\open\src\hotspot\share\classfile\systemDictionary.cpp, line 256]
Event: 100.687 Thread 0x000002087d8d99e0 Exception <a 'java/lang/NoSuchMethodError'{0x00000000ea1de690}: 'int java.lang.invoke.DirectMethodHandle$Holder.invokeSpecialIFC(java.lang.Object, java.lang.Object, java.lang.Object)'> (0x00000000ea1de690) 
thrown [s\open\src\hotspot\share\interpreter\linkResolver.cpp, line 759]
Event: 102.187 Thread 0x000002087d8d99e0 Exception <a 'java/lang/NoSuchMethodError'{0x00000000e9d9fc70}: 'void java.lang.invoke.DirectMethodHandle$Holder.invokeStatic(java.lang.Object, java.lang.Object, java.lang.Object, int, java.lang.Object)'> (0x00000000e9d9fc70) 
thrown [s\open\src\hotspot\share\interpreter\linkResolver.cpp, line 759]

VM Operations (20 events):
Event: 99.608 Executing VM operation: Cleanup
Event: 99.625 Executing VM operation: Cleanup done
Event: 101.017 Executing VM operation: HandshakeAllThreads
Event: 101.020 Executing VM operation: HandshakeAllThreads done
Event: 102.039 Executing VM operation: Cleanup
Event: 102.072 Executing VM operation: Cleanup done
Event: 103.083 Executing VM operation: Cleanup
Event: 103.084 Executing VM operation: Cleanup done
Event: 104.091 Executing VM operation: Cleanup
Event: 104.092 Executing VM operation: Cleanup done
Event: 105.102 Executing VM operation: Cleanup
Event: 105.103 Executing VM operation: Cleanup done
Event: 106.116 Executing VM operation: Cleanup
Event: 106.117 Executing VM operation: Cleanup done
Event: 109.137 Executing VM operation: Cleanup
Event: 109.156 Executing VM operation: Cleanup done
Event: 109.931 Executing VM operation: ICBufferFull
Event: 109.932 Executing VM operation: ICBufferFull done
Event: 110.946 Executing VM operation: Cleanup
Event: 110.946 Executing VM operation: Cleanup done

Events (20 events):
Event: 110.635 loading class javax/xml/parsers/FactoryFinder$1
Event: 110.635 loading class javax/xml/parsers/FactoryFinder$1 done
Event: 110.640 loading class com/sun/org/apache/xerces/internal/jaxp/DocumentBuilderFactoryImpl
Event: 110.641 loading class com/sun/org/apache/xerces/internal/jaxp/DocumentBuilderFactoryImpl done
Event: 110.641 loading class com/sun/org/apache/xerces/internal/utils/XMLSecurityManager
Event: 110.643 loading class com/sun/org/apache/xerces/internal/utils/XMLSecurityManager done
Event: 110.644 loading class com/sun/org/apache/xerces/internal/utils/XMLSecurityManager$Limit
Event: 110.644 loading class com/sun/org/apache/xerces/internal/utils/XMLSecurityManager$Limit done
Event: 110.644 loading class com/sun/org/apache/xerces/internal/utils/XMLSecurityManager$NameMap
Event: 110.644 loading class com/sun/org/apache/xerces/internal/utils/XMLSecurityManager$NameMap done
Event: 110.645 loading class com/sun/org/apache/xerces/internal/utils/XMLSecurityPropertyManager
Event: 110.645 loading class com/sun/org/apache/xerces/internal/utils/XMLSecurityPropertyManager done
Event: 110.645 loading class com/sun/org/apache/xerces/internal/utils/XMLSecurityPropertyManager$State
Event: 110.645 loading class com/sun/org/apache/xerces/internal/utils/XMLSecurityPropertyManager$State done
Event: 110.645 loading class com/sun/org/apache/xerces/internal/utils/XMLSecurityPropertyManager$Property
Event: 110.646 loading class com/sun/org/apache/xerces/internal/utils/XMLSecurityPropertyManager$Property done
Event: 110.703 loading class java/util/ArrayList$SubList$1
Event: 110.704 loading class java/util/ArrayList$SubList$1 done
Event: 110.770 loading class java/util/regex/Pattern$SliceI
Event: 110.770 loading class java/util/regex/Pattern$SliceI done


Dynamic libraries:
0x00007ff6b4df0000 - 0x00007ff6b4e00000 	C:\Program Files\Java\jdk-17\bin\java.exe
0x00007ffd88700000 - 0x00007ffd88966000 	C:\WINDOWS\SYSTEM32\ntdll.dll
0x00007ffd878f0000 - 0x00007ffd879b9000 	C:\WINDOWS\System32\KERNEL32.DLL
0x00007ffd85a10000 - 0x00007ffd85ddc000 	C:\WINDOWS\System32\KERNELBASE.dll
0x00007ffd860f0000 - 0x00007ffd8623b000 	C:\WINDOWS\System32\ucrtbase.dll
0x00007ffd5ff20000 - 0x00007ffd5ff38000 	C:\Program Files\Java\jdk-17\bin\jli.dll
0x00007ffd5eba0000 - 0x00007ffd5ebbb000 	C:\Program Files\Java\jdk-17\bin\VCRUNTIME140.dll
0x00007ffd88150000 - 0x00007ffd88202000 	C:\WINDOWS\System32\ADVAPI32.dll
0x00007ffd86c70000 - 0x00007ffd86d19000 	C:\WINDOWS\System32\msvcrt.dll
0x00007ffd86760000 - 0x00007ffd86806000 	C:\WINDOWS\System32\sechost.dll
0x00007ffd86ae0000 - 0x00007ffd86bf6000 	C:\WINDOWS\System32\RPCRT4.dll
0x00007ffd87660000 - 0x00007ffd8782a000 	C:\WINDOWS\System32\USER32.dll
0x00007ffd860c0000 - 0x00007ffd860e7000 	C:\WINDOWS\System32\win32u.dll
0x00007ffd86550000 - 0x00007ffd8657b000 	C:\WINDOWS\System32\GDI32.dll
0x00007ffd61440000 - 0x00007ffd616da000 	C:\WINDOWS\WinSxS\amd64_microsoft.windows.common-controls_6595b64144ccf1df_6.0.26100.3912_none_3e07963ce335137e\COMCTL32.dll
0x00007ffd86240000 - 0x00007ffd86372000 	C:\WINDOWS\System32\gdi32full.dll
0x00007ffd86380000 - 0x00007ffd86423000 	C:\WINDOWS\System32\msvcp_win.dll
0x00007ffd7b540000 - 0x00007ffd7b54b000 	C:\WINDOWS\SYSTEM32\VERSION.dll
0x00007ffd87830000 - 0x00007ffd87860000 	C:\WINDOWS\System32\IMM32.DLL
0x00007ffd6cd20000 - 0x00007ffd6cd2c000 	C:\Program Files\Java\jdk-17\bin\vcruntime140_1.dll
0x00007ffd3d640000 - 0x00007ffd3d6ce000 	C:\Program Files\Java\jdk-17\bin\msvcp140.dll
0x00007ffca6ea0000 - 0x00007ffca7a77000 	C:\Program Files\Java\jdk-17\bin\server\jvm.dll
0x00007ffd87f50000 - 0x00007ffd87f58000 	C:\WINDOWS\System32\PSAPI.DLL
0x00007ffd7a8e0000 - 0x00007ffd7a916000 	C:\WINDOWS\SYSTEM32\WINMM.dll
0x00007ffd534e0000 - 0x00007ffd534ea000 	C:\WINDOWS\SYSTEM32\WSOCK32.dll
0x00007ffd880d0000 - 0x00007ffd88144000 	C:\WINDOWS\System32\ws2_32.DLL
0x00007ffd84750000 - 0x00007ffd8476a000 	C:\WINDOWS\SYSTEM32\kernel.appcore.dll
0x00007ffd601f0000 - 0x00007ffd601fa000 	C:\Program Files\Java\jdk-17\bin\jimage.dll
0x00007ffd82ee0000 - 0x00007ffd83121000 	C:\WINDOWS\SYSTEM32\DBGHELP.DLL
0x00007ffd882d0000 - 0x00007ffd88654000 	C:\WINDOWS\System32\combase.dll
0x00007ffd87e60000 - 0x00007ffd87f40000 	C:\WINDOWS\System32\OLEAUT32.dll
0x00007ffd485b0000 - 0x00007ffd485e9000 	C:\WINDOWS\SYSTEM32\dbgcore.DLL
0x00007ffd86020000 - 0x00007ffd860b9000 	C:\WINDOWS\System32\bcryptPrimitives.dll
0x00007ffd5d0d0000 - 0x00007ffd5d0de000 	C:\Program Files\Java\jdk-17\bin\instrument.dll
0x00007ffd53590000 - 0x00007ffd535b5000 	C:\Program Files\Java\jdk-17\bin\java.dll
0x00007ffd21190000 - 0x00007ffd21267000 	C:\Program Files\Java\jdk-17\bin\jsvml.dll
0x00007ffd86f30000 - 0x00007ffd8765d000 	C:\WINDOWS\System32\SHELL32.dll
0x00007ffd85890000 - 0x00007ffd85a04000 	C:\WINDOWS\System32\wintypes.dll
0x00007ffd834c0000 - 0x00007ffd83d16000 	C:\WINDOWS\SYSTEM32\windows.storage.dll
0x00007ffd86e30000 - 0x00007ffd86f1f000 	C:\WINDOWS\System32\SHCORE.dll
0x00007ffd86c00000 - 0x00007ffd86c69000 	C:\WINDOWS\System32\shlwapi.dll
0x00007ffd857a0000 - 0x00007ffd857cf000 	C:\WINDOWS\SYSTEM32\profapi.dll
0x00007ffd5aa30000 - 0x00007ffd5aa48000 	C:\Program Files\Java\jdk-17\bin\zip.dll
0x00007ffd51630000 - 0x00007ffd51649000 	C:\Program Files\Java\jdk-17\bin\net.dll
0x00007ffd7d050000 - 0x00007ffd7d16e000 	C:\WINDOWS\SYSTEM32\WINHTTP.dll
0x00007ffd84ce0000 - 0x00007ffd84d4a000 	C:\WINDOWS\system32\mswsock.dll
0x00007ffd51610000 - 0x00007ffd51626000 	C:\Program Files\Java\jdk-17\bin\nio.dll
0x00007ffd5c0c0000 - 0x00007ffd5c0d0000 	C:\Program Files\Java\jdk-17\bin\verify.dll
0x00007ffd5b9e0000 - 0x00007ffd5ba07000 	C:\Users\neman\.gradle\native\1def1411415f61bf3af743bc5b6707747c0891f09f0c88961ee8f79bc544acac\windows-amd64\native-platform.dll
0x00007ffd3d5c0000 - 0x00007ffd3d638000 	C:\Users\neman\.gradle\native\0.2.7\x86_64-windows-gnu\gradle-fileevents.dll
0x00007ffd5bf90000 - 0x00007ffd5bf9a000 	C:\Program Files\Java\jdk-17\bin\management.dll
0x00007ffd5bf40000 - 0x00007ffd5bf4b000 	C:\Program Files\Java\jdk-17\bin\management_ext.dll
0x00007ffd840d0000 - 0x00007ffd84103000 	C:\WINDOWS\SYSTEM32\IPHLPAPI.DLL
0x00007ffd86e20000 - 0x00007ffd86e2a000 	C:\WINDOWS\System32\NSI.dll
0x00007ffd7d390000 - 0x00007ffd7d3af000 	C:\WINDOWS\SYSTEM32\dhcpcsvc6.DLL
0x00007ffd7d1f0000 - 0x00007ffd7d215000 	C:\WINDOWS\SYSTEM32\dhcpcsvc.DLL
0x00007ffd84160000 - 0x00007ffd84287000 	C:\WINDOWS\SYSTEM32\DNSAPI.dll
0x00007ffd84f80000 - 0x00007ffd84f9c000 	C:\WINDOWS\SYSTEM32\CRYPTSP.dll
0x00007ffd846b0000 - 0x00007ffd846ea000 	C:\WINDOWS\system32\rsaenh.dll
0x00007ffd84d80000 - 0x00007ffd84dab000 	C:\WINDOWS\SYSTEM32\USERENV.dll
0x00007ffd85770000 - 0x00007ffd85796000 	C:\WINDOWS\SYSTEM32\bcrypt.dll
0x00007ffd84fa0000 - 0x00007ffd84fac000 	C:\WINDOWS\SYSTEM32\CRYPTBASE.dll
0x00007ffd5bea0000 - 0x00007ffd5bead000 	C:\Program Files\Java\jdk-17\bin\sunmscapi.dll
0x00007ffd85de0000 - 0x00007ffd85f57000 	C:\WINDOWS\System32\CRYPT32.dll
0x00007ffd85190000 - 0x00007ffd851c0000 	C:\WINDOWS\SYSTEM32\ncrypt.dll
0x00007ffd85140000 - 0x00007ffd8517f000 	C:\WINDOWS\SYSTEM32\NTASN1.dll
0x00007ffd73620000 - 0x00007ffd73628000 	C:\WINDOWS\system32\wshunix.dll

dbghelp: loaded successfully - version: 4.0.5 - missing functions: none
symbol engine: initialized successfully - sym options: 0x614 - pdb path: .;C:\Program Files\Java\jdk-17\bin;C:\WINDOWS\SYSTEM32;C:\WINDOWS\WinSxS\amd64_microsoft.windows.common-controls_6595b64144ccf1df_6.0.26100.3912_none_3e07963ce335137e;C:\Program Files\Java\jdk-17\bin\server;C:\Users\neman\.gradle\native\1def1411415f61bf3af743bc5b6707747c0891f09f0c88961ee8f79bc544acac\windows-amd64;C:\Users\neman\.gradle\native\0.2.7\x86_64-windows-gnu

VM Arguments:
jvm_args: --add-opens=java.base/java.lang=ALL-UNNAMED --add-opens=java.base/java.lang.invoke=ALL-UNNAMED --add-opens=java.base/java.util=ALL-UNNAMED --add-opens=java.prefs/java.util.prefs=ALL-UNNAMED --add-exports=jdk.compiler/com.sun.tools.javac.api=ALL-UNNAMED --add-exports=jdk.compiler/com.sun.tools.javac.util=ALL-UNNAMED --add-opens=java.base/java.util=ALL-UNNAMED --add-opens=java.prefs/java.util.prefs=ALL-UNNAMED --add-opens=java.base/java.nio.charset=ALL-UNNAMED --add-opens=java.base/java.net=ALL-UNNAMED --add-opens=java.base/java.util.concurrent.atomic=ALL-UNNAMED --add-opens=java.xml/javax.xml.namespace=ALL-UNNAMED -XX:MaxMetaspaceSize=384m -XX:+HeapDumpOnOutOfMemoryError -Xms256m -Xmx512m -Dfile.encoding=UTF-8 -Duser.country=US -Duser.language=en -Duser.variant -javaagent:C:\Users\neman\.gradle\wrapper\dists\gradle-8.13-bin\5xuhj0ry160q40clulazy9h7d\gradle-8.13\lib\agents\gradle-instrumentation-agent-8.13.jar 
java_command: org.gradle.launcher.daemon.bootstrap.GradleDaemon 8.13
java_class_path (initial): C:\Users\neman\.gradle\wrapper\dists\gradle-8.13-bin\5xuhj0ry160q40clulazy9h7d\gradle-8.13\lib\gradle-daemon-main-8.13.jar
Launcher Type: SUN_STANDARD

[Global flags]
     intx CICompilerCount                          = 4                                         {product} {ergonomic}
   size_t CompressedClassSpaceSize                 = 322961408                                 {product} {ergonomic}
     uint ConcGCThreads                            = 3                                         {product} {ergonomic}
     uint G1ConcRefinementThreads                  = 10                                        {product} {ergonomic}
   size_t G1HeapRegionSize                         = 1048576                                   {product} {ergonomic}
    uintx GCDrainStackTargetSize                   = 64                                        {product} {ergonomic}
     bool HeapDumpOnOutOfMemoryError               = true                                   {manageable} {command line}
   size_t InitialHeapSize                          = 268435456                                 {product} {command line}
   size_t MarkStackSize                            = 4194304                                   {product} {ergonomic}
   size_t MaxHeapSize                              = 536870912                                 {product} {command line}
   size_t MaxMetaspaceSize                         = 402653184                                 {product} {command line}
   size_t MaxNewSize                               = 321912832                                 {product} {ergonomic}
   size_t MinHeapDeltaBytes                        = 1048576                                   {product} {ergonomic}
   size_t MinHeapSize                              = 268435456                                 {product} {command line}
    uintx NonNMethodCodeHeapSize                   = 5839372                                {pd product} {ergonomic}
    uintx NonProfiledCodeHeapSize                  = 122909434                              {pd product} {ergonomic}
    uintx ProfiledCodeHeapSize                     = 122909434                              {pd product} {ergonomic}
    uintx ReservedCodeCacheSize                    = 251658240                              {pd product} {ergonomic}
     bool SegmentedCodeCache                       = true                                      {product} {ergonomic}
   size_t SoftMaxHeapSize                          = 536870912                              {manageable} {ergonomic}
     bool UseCompressedClassPointers               = true                           {product lp64_product} {ergonomic}
     bool UseCompressedOops                        = true                           {product lp64_product} {ergonomic}
     bool UseG1GC                                  = true                                      {product} {ergonomic}
     bool UseLargePagesIndividualAllocation        = false                                  {pd product} {ergonomic}

Logging:
Log output configuration:
 #0: stdout all=warning uptime,level,tags
 #1: stderr all=off uptime,level,tags

Environment Variables:
JAVA_HOME=C:\Program Files\Java\jdk-24
PATH=C:\Program Files\NVIDIA GPU Computing Toolkit\CUDA\v12.8\bin;C:\Program Files\NVIDIA GPU Computing Toolkit\CUDA\v12.8\libnvvp;C:\app\neman\product\21c\dbhomeXE\bin;C:\windows\system32;C:\windows;C:\windows\System32\Wbem;C:\windows\System32\WindowsPowerShell\v1.0\;C:\windows\System32\OpenSSH\;C:\Program Files (x86)\NVIDIA Corporation\PhysX\Common;C:\Program Files\NVIDIA Corporation\NVIDIA NvDLISR;C:\Program Files\Docker\Docker\resources\bin;C:\Program Files\TortoiseGit\bin;C:\Program Files\PuTTY\;C:\Program Files\HP\HP One Agent;C:\Program Files\Git\cmd;C:\Program Files\MySQL\mysql-connector-java-8.0.11;C:\WINDOWS\system32;C:\WINDOWS;C:\WINDOWS\System32\Wbem;C:\WINDOWS\System32\WindowsPowerShell\v1.0\;C:\WINDOWS\System32\OpenSSH\;C:\Program Files\dotnet\;C:\Users\neman\AppData\Local\Programs\Python\Python311\;C:\Program Files\NVIDIA Corporation\Nsight Compute 2025.1.1\;C:\Program Files\NVIDIA Corporation\NVIDIA app\NvDLISR;C:\Gradle\gradle-8.6\bin;C:\Program Files\nodejs\;C:\Program Files\MySQL\MySQL Server 8.0\bin;C:\Program Files\Java\jdk-24\bin;C:\Users\neman\AppData\Local\Programs\Python\Python311\Scripts\;C:\Users\neman\AppData\Local\Programs\Python\Python311\;C:\Users\neman\AppData\Local\Programs\Python\Launcher\;C:\Users\neman\AppData\Local\Microsoft\WindowsApps;;C:\Users\neman\AppData\Local\Programs\Microsoft VS Code\bin;C:\Users\neman\AppData\Local\Muse Hub\lib;C:\Users\neman\AppData\Roaming\npm;C:\Users\neman\AppData\Local\Programs\cursor\resources\app\bin
USERNAME=neman
OS=Windows_NT
PROCESSOR_IDENTIFIER=Intel64 Family 6 Model 154 Stepping 3, GenuineIntel



---------------  S Y S T E M  ---------------

OS:
 Windows 11 , 64 bit Build 26100 (10.0.26100.3912)
OS uptime: 4 days 7:40 hours
Hyper-V role detected

CPU: total 12 (initial active 12) (6 cores per cpu, 2 threads per core) family 6 model 154 stepping 3 microcode 0x434, cx8, cmov, fxsr, ht, mmx, 3dnowpref, sse, sse2, sse3, ssse3, sse4.1, sse4.2, popcnt, lzcnt, tsc, tscinvbit, avx, avx2, aes, erms, clmul, bmi1, bmi2, adx, sha, fma, vzeroupper, clflush, clflushopt, clwb, hv

Memory: 4k page, system-wide physical 7860M (507M free)
TotalPageFile size 32436M (AvailPageFile size 28M)
current process WorkingSet (physical memory assigned to process): 153M, peak: 207M
current process commit charge ("private bytes"): 466M, peak: 468M

vm_info: Java HotSpot(TM) 64-Bit Server VM (17.0.6+9-LTS-190) for windows-amd64 JRE (17.0.6+9-LTS-190), built on Dec  6 2022 15:53:54 by "mach5one" with MS VC++ 17.1 (VS2022)

END.
