#
# There is insufficient memory for the Java Runtime Environment to continue.
# Native memory allocation (malloc) failed to allocate 1762128 bytes for Chunk::new
# Possible reasons:
#   The system is out of physical RAM or swap space
#   The process is running with CompressedOops enabled, and the Java Heap may be blocking the growth of the native heap
# Possible solutions:
#   Reduce memory load on the system
#   Increase physical memory or swap space
#   Check if swap backing store is full
#   Decrease Java heap size (-Xmx/-Xms)
#   Decrease number of Java threads
#   Decrease Java thread stack sizes (-Xss)
#   Set larger code cache with -XX:ReservedCodeCacheSize=
#   JVM is running with Unscaled Compressed Oops mode in which the Java heap is
#     placed in the first 4GB address space. The Java Heap base address is the
#     maximum limit for the native heap growth. Please use -XX:HeapBaseMinAddress
#     to set the Java Heap base and to place the Java Heap above 4GB virtual address.
# This output file may be truncated or incomplete.
#
#  Out of Memory Error (arena.cpp:189), pid=22152, tid=31560
#
# JRE version: Java(TM) SE Runtime Environment (17.0.6+9) (build 17.0.6+9-LTS-190)
# Java VM: Java HotSpot(TM) 64-Bit Server VM (17.0.6+9-LTS-190, mixed mode, sharing, tiered, compressed oops, compressed class ptrs, g1 gc, windows-amd64)
# No core dump will be written. Minidumps are not enabled by default on client versions of Windows
#

---------------  S U M M A R Y ------------

Command Line: --add-opens=java.base/java.lang=ALL-UNNAMED --add-opens=java.base/java.lang.invoke=ALL-UNNAMED --add-opens=java.base/java.util=ALL-UNNAMED --add-opens=java.prefs/java.util.prefs=ALL-UNNAMED --add-exports=jdk.compiler/com.sun.tools.javac.api=ALL-UNNAMED --add-exports=jdk.compiler/com.sun.tools.javac.util=ALL-UNNAMED --add-opens=java.base/java.util=ALL-UNNAMED --add-opens=java.prefs/java.util.prefs=ALL-UNNAMED --add-opens=java.base/java.nio.charset=ALL-UNNAMED --add-opens=java.base/java.net=ALL-UNNAMED --add-opens=java.base/java.util.concurrent.atomic=ALL-UNNAMED --add-opens=java.xml/javax.xml.namespace=ALL-UNNAMED -XX:MaxMetaspaceSize=384m -XX:+HeapDumpOnOutOfMemoryError -Xms256m -Xmx512m -Dfile.encoding=UTF-8 -Duser.country=US -Duser.language=en -Duser.variant -javaagent:C:\Users\neman\.gradle\wrapper\dists\gradle-8.13-bin\5xuhj0ry160q40clulazy9h7d\gradle-8.13\lib\agents\gradle-instrumentation-agent-8.13.jar org.gradle.launcher.daemon.bootstrap.GradleDaemon 8.13

Host: 12th Gen Intel(R) Core(TM) i5-12450H, 12 cores, 7G,  Windows 11 , 64 bit Build 26100 (10.0.26100.3912)
Time: Wed May 28 21:39:39 2025 Azerbaijan Standard Time elapsed time: 111.647786 seconds (0d 0h 1m 51s)

---------------  T H R E A D  ---------------

Current thread (0x0000023ef13420b0):  JavaThread "C2 CompilerThread0" daemon [_thread_in_native, id=31560, stack(0x000000ed5e900000,0x000000ed5ea00000)]


Current CompileTask:
C2: 111648 6927       4       javax.management.ObjectName::construct (1135 bytes)

Stack: [0x000000ed5e900000,0x000000ed5ea00000]
Native frames: (J=compiled Java code, j=interpreted, Vv=VM code, C=native code)
V  [jvm.dll+0x6734ea]
V  [jvm.dll+0x7d18f4]
V  [jvm.dll+0x7d309e]
V  [jvm.dll+0x7d3703]
V  [jvm.dll+0x2433c5]
V  [jvm.dll+0xaa46b]
V  [jvm.dll+0xaaa0c]
V  [jvm.dll+0x35eb2e]
V  [jvm.dll+0x1b986a]
V  [jvm.dll+0x215f37]
V  [jvm.dll+0x215211]
V  [jvm.dll+0x1a1730]
V  [jvm.dll+0x224b6e]
V  [jvm.dll+0x222f15]
V  [jvm.dll+0x78753c]
V  [jvm.dll+0x781a7a]
V  [jvm.dll+0x672375]
C  [ucrtbase.dll+0x37b0]
C  [KERNEL32.DLL+0x2e8d7]
C  [ntdll.dll+0x9c5dc]


---------------  P R O C E S S  ---------------

Threads class SMR info:
_java_thread_list=0x0000023ef8abc410, length=92, elements={
0x0000023ed65e49d0, 0x0000023ef131a170, 0x0000023ef131ac30, 0x0000023ef132e350,
0x0000023ef132ee10, 0x0000023ef13316e0, 0x0000023ef13394b0, 0x0000023ef13420b0,
0x0000023ef1342a60, 0x0000023ef1343360, 0x0000023ef1309210, 0x0000023ef1ea4b90,
0x0000023ef2222e60, 0x0000023ef2cbffe0, 0x0000023ef38c0480, 0x0000023ef20800e0,
0x0000023ef1e6e130, 0x0000023ef2c478e0, 0x0000023ef38b7c00, 0x0000023ef38abff0,
0x0000023ef38a9970, 0x0000023ef38a9e40, 0x0000023ef38ac4c0, 0x0000023ef38a94a0,
0x0000023ef38aa310, 0x0000023ef38ace60, 0x0000023ef38ab180, 0x0000023ef38aacb0,
0x0000023ef38ab650, 0x0000023ef38abb20, 0x0000023ef53512c0, 0x0000023ef5351c60,
0x0000023ef5350920, 0x0000023ef5351790, 0x0000023ef534fab0, 0x0000023ef534ff80,
0x0000023ef5350df0, 0x0000023ef5352600, 0x0000023ef5350450, 0x0000023ef534f110,
0x0000023ef534f5e0, 0x0000023ef5e522e0, 0x0000023ef5e4f2c0, 0x0000023ef5e527b0,
0x0000023ef5e51940, 0x0000023ef5e50fa0, 0x0000023ef5e53150, 0x0000023ef5e4f790,
0x0000023ef5e53620, 0x0000023ef5e50ad0, 0x0000023ef5e4fc60, 0x0000023ef5e53af0,
0x0000023ef5e51470, 0x0000023ef5e51e10, 0x0000023ef5e50130, 0x0000023ef5e53fc0,
0x0000023ef5e50600, 0x0000023ef5e54960, 0x0000023ef5e56640, 0x0000023ef5e557d0,
0x0000023ef5e56b10, 0x0000023ef5e54490, 0x0000023ef5e54e30, 0x0000023ef5e55ca0,
0x0000023ef5e55300, 0x0000023ef5e56170, 0x0000023ef5564550, 0x0000023ef55670a0,
0x0000023ef5564080, 0x0000023ef5567570, 0x0000023ef5564a20, 0x0000023ef5563bb0,
0x0000023ef5567a40, 0x0000023ef55683e0, 0x0000023ef5566230, 0x0000023ef5567f10,
0x0000023ef55688b0, 0x0000023ef55653c0, 0x0000023ef5569250, 0x0000023ef5566bd0,
0x0000023ef5565890, 0x0000023ef5569720, 0x0000023ef5565d60, 0x0000023ef5569bf0,
0x0000023ef556a0c0, 0x0000023ef5566700, 0x0000023ef556a590, 0x0000023ef556aa60,
0x0000023ef556af30, 0x0000023ef556b400, 0x0000023ef65cbba0, 0x0000023ef65ca860
}

Java Threads: ( => current thread )
  0x0000023ed65e49d0 JavaThread "main" [_thread_blocked, id=33068, stack(0x000000ed5dc00000,0x000000ed5dd00000)]
  0x0000023ef131a170 JavaThread "Reference Handler" daemon [_thread_blocked, id=17824, stack(0x000000ed5e300000,0x000000ed5e400000)]
  0x0000023ef131ac30 JavaThread "Finalizer" daemon [_thread_blocked, id=31120, stack(0x000000ed5e400000,0x000000ed5e500000)]
  0x0000023ef132e350 JavaThread "Signal Dispatcher" daemon [_thread_blocked, id=13220, stack(0x000000ed5e500000,0x000000ed5e600000)]
  0x0000023ef132ee10 JavaThread "Attach Listener" daemon [_thread_blocked, id=16708, stack(0x000000ed5e600000,0x000000ed5e700000)]
  0x0000023ef13316e0 JavaThread "Service Thread" daemon [_thread_blocked, id=32892, stack(0x000000ed5e700000,0x000000ed5e800000)]
  0x0000023ef13394b0 JavaThread "Monitor Deflation Thread" daemon [_thread_blocked, id=32944, stack(0x000000ed5e800000,0x000000ed5e900000)]
=>0x0000023ef13420b0 JavaThread "C2 CompilerThread0" daemon [_thread_in_native, id=31560, stack(0x000000ed5e900000,0x000000ed5ea00000)]
  0x0000023ef1342a60 JavaThread "C1 CompilerThread0" daemon [_thread_blocked, id=6136, stack(0x000000ed5ea00000,0x000000ed5eb00000)]
  0x0000023ef1343360 JavaThread "Sweeper thread" daemon [_thread_blocked, id=32868, stack(0x000000ed5eb00000,0x000000ed5ec00000)]
  0x0000023ef1309210 JavaThread "Common-Cleaner" daemon [_thread_blocked, id=15780, stack(0x000000ed5ec00000,0x000000ed5ed00000)]
  0x0000023ef1ea4b90 JavaThread "Notification Thread" daemon [_thread_blocked, id=13672, stack(0x000000ed5ed00000,0x000000ed5ee00000)]
  0x0000023ef2222e60 JavaThread "Daemon health stats" [_thread_blocked, id=32300, stack(0x000000ed5f400000,0x000000ed5f500000)]
  0x0000023ef2cbffe0 JavaThread "Incoming local TCP Connector on port 61623" [_thread_in_native, id=26848, stack(0x000000ed5f500000,0x000000ed5f600000)]
  0x0000023ef38c0480 JavaThread "Daemon periodic checks" [_thread_blocked, id=33452, stack(0x000000ed5f600000,0x000000ed5f700000)]
  0x0000023ef20800e0 JavaThread "Daemon" [_thread_blocked, id=33024, stack(0x000000ed5f700000,0x000000ed5f800000)]
  0x0000023ef1e6e130 JavaThread "Handler for socket connection from /127.0.0.1:61623 to /127.0.0.1:61626" [_thread_in_native, id=29264, stack(0x000000ed5f800000,0x000000ed5f900000)]
  0x0000023ef2c478e0 JavaThread "Cancel handler" [_thread_blocked, id=7812, stack(0x000000ed5f900000,0x000000ed5fa00000)]
  0x0000023ef38b7c00 JavaThread "Daemon worker" [_thread_blocked, id=28708, stack(0x000000ed5fa00000,0x000000ed5fb00000)]
  0x0000023ef38abff0 JavaThread "Asynchronous log dispatcher for DefaultDaemonConnection: socket connection from /127.0.0.1:61623 to /127.0.0.1:61626" [_thread_blocked, id=33664, stack(0x000000ed5fb00000,0x000000ed5fc00000)]
  0x0000023ef38a9970 JavaThread "Stdin handler" [_thread_blocked, id=32340, stack(0x000000ed5fc00000,0x000000ed5fd00000)]
  0x0000023ef38a9e40 JavaThread "Daemon client event forwarder" [_thread_blocked, id=3304, stack(0x000000ed5fd00000,0x000000ed5fe00000)]
  0x0000023ef38ac4c0 JavaThread "Cache worker for journal cache (C:\Users\neman\.gradle\caches\journal-1)" [_thread_blocked, id=33736, stack(0x000000ed60200000,0x000000ed60300000)]
  0x0000023ef38a94a0 JavaThread "File lock request listener" [_thread_in_native, id=16832, stack(0x000000ed60300000,0x000000ed60400000)]
  0x0000023ef38aa310 JavaThread "Cache worker for file hash cache (C:\Users\neman\.gradle\caches\8.13\fileHashes)" [_thread_blocked, id=28280, stack(0x000000ed60400000,0x000000ed60500000)]
  0x0000023ef38ace60 JavaThread "File lock release action executor" [_thread_blocked, id=26808, stack(0x000000ed60500000,0x000000ed60600000)]
  0x0000023ef38ab180 JavaThread "Cache worker for file hash cache (C:\Users\neman\Desktop\MicroserviceProject\Product-ms\.gradle\8.13\fileHashes)" [_thread_blocked, id=10864, stack(0x000000ed60600000,0x000000ed60700000)]
  0x0000023ef38aacb0 JavaThread "Cache worker for Build Output Cleanup Cache (C:\Users\neman\Desktop\MicroserviceProject\Product-ms\.gradle\buildOutputCleanup)" [_thread_blocked, id=32040, stack(0x000000ed60700000,0x000000ed60800000)]
  0x0000023ef38ab650 JavaThread "File watcher server" daemon [_thread_in_native, id=9824, stack(0x000000ed60a00000,0x000000ed60b00000)]
  0x0000023ef38abb20 JavaThread "File watcher consumer" daemon [_thread_blocked, id=27660, stack(0x000000ed60b00000,0x000000ed60c00000)]
  0x0000023ef53512c0 JavaThread "jar transforms" [_thread_blocked, id=33724, stack(0x000000ed60c00000,0x000000ed60d00000)]
  0x0000023ef5351c60 JavaThread "jar transforms Thread 2" [_thread_blocked, id=32992, stack(0x000000ed60d00000,0x000000ed60e00000)]
  0x0000023ef5350920 JavaThread "Cache worker for checksums cache (C:\Users\neman\Desktop\MicroserviceProject\Product-ms\.gradle\8.13\checksums)" [_thread_blocked, id=2888, stack(0x000000ed61000000,0x000000ed61100000)]
  0x0000023ef5351790 JavaThread "Cache worker for file content cache (C:\Users\neman\.gradle\caches\8.13\fileContent)" [_thread_blocked, id=32940, stack(0x000000ed61100000,0x000000ed61200000)]
  0x0000023ef534fab0 JavaThread "jar transforms Thread 3" [_thread_blocked, id=28276, stack(0x000000ed61200000,0x000000ed61300000)]
  0x0000023ef534ff80 JavaThread "Cache worker for cache directory md-supplier (C:\Users\neman\.gradle\caches\8.13\md-supplier)" [_thread_blocked, id=24132, stack(0x000000ed61300000,0x000000ed61400000)]
  0x0000023ef5350df0 JavaThread "Cache worker for cache directory md-rule (C:\Users\neman\.gradle\caches\8.13\md-rule)" [_thread_blocked, id=33368, stack(0x000000ed61400000,0x000000ed61500000)]
  0x0000023ef5352600 JavaThread "Unconstrained build operations" [_thread_blocked, id=14144, stack(0x000000ed5d900000,0x000000ed5da00000)]
  0x0000023ef5350450 JavaThread "Unconstrained build operations Thread 2" [_thread_blocked, id=33264, stack(0x000000ed5da00000,0x000000ed5db00000)]
  0x0000023ef534f110 JavaThread "jar transforms Thread 4" [_thread_blocked, id=33108, stack(0x000000ed5db00000,0x000000ed5dc00000)]
  0x0000023ef534f5e0 JavaThread "jar transforms Thread 5" [_thread_blocked, id=31772, stack(0x000000ed61500000,0x000000ed61600000)]
  0x0000023ef5e522e0 JavaThread "jar transforms Thread 6" [_thread_blocked, id=10204, stack(0x000000ed61600000,0x000000ed61700000)]
  0x0000023ef5e4f2c0 JavaThread "jar transforms Thread 7" [_thread_blocked, id=31724, stack(0x000000ed61700000,0x000000ed61800000)]
  0x0000023ef5e527b0 JavaThread "Unconstrained build operations Thread 3" [_thread_blocked, id=32628, stack(0x000000ed61800000,0x000000ed61900000)]
  0x0000023ef5e51940 JavaThread "Unconstrained build operations Thread 4" [_thread_blocked, id=16696, stack(0x000000ed61900000,0x000000ed61a00000)]
  0x0000023ef5e50fa0 JavaThread "Unconstrained build operations Thread 5" [_thread_blocked, id=16484, stack(0x000000ed61a00000,0x000000ed61b00000)]
  0x0000023ef5e53150 JavaThread "Unconstrained build operations Thread 6" [_thread_blocked, id=20168, stack(0x000000ed61b00000,0x000000ed61c00000)]
  0x0000023ef5e4f790 JavaThread "Unconstrained build operations Thread 7" [_thread_blocked, id=33688, stack(0x000000ed61c00000,0x000000ed61d00000)]
  0x0000023ef5e53620 JavaThread "Unconstrained build operations Thread 8" [_thread_blocked, id=29164, stack(0x000000ed61d00000,0x000000ed61e00000)]
  0x0000023ef5e50ad0 JavaThread "Unconstrained build operations Thread 9" [_thread_blocked, id=25452, stack(0x000000ed61e00000,0x000000ed61f00000)]
  0x0000023ef5e4fc60 JavaThread "Unconstrained build operations Thread 10" [_thread_blocked, id=33616, stack(0x000000ed61f00000,0x000000ed62000000)]
  0x0000023ef5e53af0 JavaThread "Unconstrained build operations Thread 11" [_thread_blocked, id=15940, stack(0x000000ed62000000,0x000000ed62100000)]
  0x0000023ef5e51470 JavaThread "Unconstrained build operations Thread 12" [_thread_blocked, id=20160, stack(0x000000ed62100000,0x000000ed62200000)]
  0x0000023ef5e51e10 JavaThread "Unconstrained build operations Thread 13" [_thread_blocked, id=16528, stack(0x000000ed62200000,0x000000ed62300000)]
  0x0000023ef5e50130 JavaThread "Unconstrained build operations Thread 14" [_thread_blocked, id=3752, stack(0x000000ed62300000,0x000000ed62400000)]
  0x0000023ef5e53fc0 JavaThread "Unconstrained build operations Thread 15" [_thread_blocked, id=33628, stack(0x000000ed62400000,0x000000ed62500000)]
  0x0000023ef5e50600 JavaThread "Unconstrained build operations Thread 16" [_thread_blocked, id=32808, stack(0x000000ed62500000,0x000000ed62600000)]
  0x0000023ef5e54960 JavaThread "Unconstrained build operations Thread 17" [_thread_blocked, id=22596, stack(0x000000ed62600000,0x000000ed62700000)]
  0x0000023ef5e56640 JavaThread "Unconstrained build operations Thread 18" [_thread_blocked, id=9036, stack(0x000000ed62700000,0x000000ed62800000)]
  0x0000023ef5e557d0 JavaThread "Unconstrained build operations Thread 19" [_thread_blocked, id=23288, stack(0x000000ed62800000,0x000000ed62900000)]
  0x0000023ef5e56b10 JavaThread "Unconstrained build operations Thread 20" [_thread_blocked, id=18112, stack(0x000000ed62900000,0x000000ed62a00000)]
  0x0000023ef5e54490 JavaThread "Unconstrained build operations Thread 21" [_thread_blocked, id=29432, stack(0x000000ed62a00000,0x000000ed62b00000)]
  0x0000023ef5e54e30 JavaThread "Unconstrained build operations Thread 22" [_thread_blocked, id=19128, stack(0x000000ed62b00000,0x000000ed62c00000)]
  0x0000023ef5e55ca0 JavaThread "Unconstrained build operations Thread 23" [_thread_blocked, id=24040, stack(0x000000ed62c00000,0x000000ed62d00000)]
  0x0000023ef5e55300 JavaThread "Unconstrained build operations Thread 24" [_thread_blocked, id=33496, stack(0x000000ed62d00000,0x000000ed62e00000)]
  0x0000023ef5e56170 JavaThread "Unconstrained build operations Thread 25" [_thread_blocked, id=7584, stack(0x000000ed62e00000,0x000000ed62f00000)]
  0x0000023ef5564550 JavaThread "Unconstrained build operations Thread 26" [_thread_blocked, id=23392, stack(0x000000ed62f00000,0x000000ed63000000)]
  0x0000023ef55670a0 JavaThread "Unconstrained build operations Thread 27" [_thread_blocked, id=7084, stack(0x000000ed63000000,0x000000ed63100000)]
  0x0000023ef5564080 JavaThread "Unconstrained build operations Thread 28" [_thread_blocked, id=6568, stack(0x000000ed63100000,0x000000ed63200000)]
  0x0000023ef5567570 JavaThread "Unconstrained build operations Thread 29" [_thread_blocked, id=21356, stack(0x000000ed63200000,0x000000ed63300000)]
  0x0000023ef5564a20 JavaThread "Unconstrained build operations Thread 30" [_thread_blocked, id=33684, stack(0x000000ed63300000,0x000000ed63400000)]
  0x0000023ef5563bb0 JavaThread "Unconstrained build operations Thread 31" [_thread_blocked, id=1672, stack(0x000000ed63400000,0x000000ed63500000)]
  0x0000023ef5567a40 JavaThread "Unconstrained build operations Thread 32" [_thread_blocked, id=18340, stack(0x000000ed63500000,0x000000ed63600000)]
  0x0000023ef55683e0 JavaThread "Unconstrained build operations Thread 33" [_thread_blocked, id=33548, stack(0x000000ed63600000,0x000000ed63700000)]
  0x0000023ef5566230 JavaThread "Unconstrained build operations Thread 34" [_thread_blocked, id=15640, stack(0x000000ed63700000,0x000000ed63800000)]
  0x0000023ef5567f10 JavaThread "Unconstrained build operations Thread 35" [_thread_blocked, id=31604, stack(0x000000ed63800000,0x000000ed63900000)]
  0x0000023ef55688b0 JavaThread "Memory manager" [_thread_blocked, id=33432, stack(0x000000ed63900000,0x000000ed63a00000)]
  0x0000023ef55653c0 JavaThread "jar transforms Thread 8" [_thread_blocked, id=24128, stack(0x000000ed63a00000,0x000000ed63b00000)]
  0x0000023ef5569250 JavaThread "ForkJoinPool.commonPool-worker-1" daemon [_thread_blocked, id=23576, stack(0x000000ed63b00000,0x000000ed63c00000)]
  0x0000023ef5566bd0 JavaThread "ForkJoinPool.commonPool-worker-2" daemon [_thread_blocked, id=2172, stack(0x000000ed63c00000,0x000000ed63d00000)]
  0x0000023ef5565890 JavaThread "ForkJoinPool.commonPool-worker-3" daemon [_thread_blocked, id=4820, stack(0x000000ed63d00000,0x000000ed63e00000)]
  0x0000023ef5569720 JavaThread "ForkJoinPool.commonPool-worker-4" daemon [_thread_blocked, id=28792, stack(0x000000ed63e00000,0x000000ed63f00000)]
  0x0000023ef5565d60 JavaThread "ForkJoinPool.commonPool-worker-5" daemon [_thread_blocked, id=15892, stack(0x000000ed63f00000,0x000000ed64000000)]
  0x0000023ef5569bf0 JavaThread "ForkJoinPool.commonPool-worker-7" daemon [_thread_blocked, id=32924, stack(0x000000ed64000000,0x000000ed64100000)]
  0x0000023ef556a0c0 JavaThread "ForkJoinPool.commonPool-worker-6" daemon [_thread_blocked, id=33032, stack(0x000000ed64100000,0x000000ed64200000)]
  0x0000023ef5566700 JavaThread "ForkJoinPool.commonPool-worker-8" daemon [_thread_blocked, id=29132, stack(0x000000ed64200000,0x000000ed64300000)]
  0x0000023ef556a590 JavaThread "ForkJoinPool.commonPool-worker-10" daemon [_thread_blocked, id=18036, stack(0x000000ed64300000,0x000000ed64400000)]
  0x0000023ef556aa60 JavaThread "ForkJoinPool.commonPool-worker-9" daemon [_thread_blocked, id=33304, stack(0x000000ed64400000,0x000000ed64500000)]
  0x0000023ef556af30 JavaThread "Exec process" daemon [_thread_in_native, id=17800, stack(0x000000ed64500000,0x000000ed64600000)]
  0x0000023ef556b400 JavaThread "ForkJoinPool.commonPool-worker-11" daemon [_thread_blocked, id=33328, stack(0x000000ed64600000,0x000000ed64700000)]
  0x0000023ef65cbba0 JavaThread "Exec process Thread 2" daemon [_thread_in_native, id=28400, stack(0x000000ed64700000,0x000000ed64800000)]
  0x0000023ef65ca860 JavaThread "Exec process Thread 3" daemon [_thread_in_native, id=27968, stack(0x000000ed64800000,0x000000ed64900000)]

Other Threads:
  0x0000023ef13187e0 VMThread "VM Thread" [stack: 0x000000ed5e200000,0x000000ed5e300000] [id=32832]
  0x0000023ef1e79c90 WatcherThread [stack: 0x000000ed5ee00000,0x000000ed5ef00000] [id=32056]
  0x0000023ed6611b60 GCTaskThread "GC Thread#0" [stack: 0x000000ed5dd00000,0x000000ed5de00000] [id=23444]
  0x0000023ef23eec80 GCTaskThread "GC Thread#1" [stack: 0x000000ed5ef00000,0x000000ed5f000000] [id=31892]
  0x0000023ef21b55b0 GCTaskThread "GC Thread#2" [stack: 0x000000ed5f000000,0x000000ed5f100000] [id=32844]
  0x0000023ef21b5860 GCTaskThread "GC Thread#3" [stack: 0x000000ed5f100000,0x000000ed5f200000] [id=3120]
  0x0000023ef21b5b10 GCTaskThread "GC Thread#4" [stack: 0x000000ed5f200000,0x000000ed5f300000] [id=18344]
  0x0000023ef2132fa0 GCTaskThread "GC Thread#5" [stack: 0x000000ed5f300000,0x000000ed5f400000] [id=32928]
  0x0000023ef2c47db0 GCTaskThread "GC Thread#6" [stack: 0x000000ed5fe00000,0x000000ed5ff00000] [id=33056]
  0x0000023ef2b048d0 GCTaskThread "GC Thread#7" [stack: 0x000000ed5ff00000,0x000000ed60000000] [id=30828]
  0x0000023ef4800c90 GCTaskThread "GC Thread#8" [stack: 0x000000ed60000000,0x000000ed60100000] [id=7648]
  0x0000023ef3831000 GCTaskThread "GC Thread#9" [stack: 0x000000ed60100000,0x000000ed60200000] [id=31980]
  0x0000023ed6617e20 ConcurrentGCThread "G1 Main Marker" [stack: 0x000000ed5de00000,0x000000ed5df00000] [id=12836]
  0x0000023ed6618740 ConcurrentGCThread "G1 Conc#0" [stack: 0x000000ed5df00000,0x000000ed5e000000] [id=32388]
  0x0000023ef3826580 ConcurrentGCThread "G1 Conc#1" [stack: 0x000000ed60800000,0x000000ed60900000] [id=32560]
  0x0000023ef592eec0 ConcurrentGCThread "G1 Conc#2" [stack: 0x000000ed60900000,0x000000ed60a00000] [id=27392]
  0x0000023ed66adc80 ConcurrentGCThread "G1 Refine#0" [stack: 0x000000ed5e000000,0x000000ed5e100000] [id=30532]
  0x0000023ef11c5500 ConcurrentGCThread "G1 Service" [stack: 0x000000ed5e100000,0x000000ed5e200000] [id=32452]

Threads with active compile tasks:
C2 CompilerThread0   111687 6927       4       javax.management.ObjectName::construct (1135 bytes)

VM state: not at safepoint (normal execution)

VM Mutex/Monitor currently owned by a thread: None

Heap address: 0x00000000e0000000, size: 512 MB, Compressed Oops mode: 32-bit

CDS archive(s) mapped at: [0x0000000800000000-0x0000000800bd0000-0x0000000800bd0000), size 12386304, SharedBaseAddress: 0x0000000800000000, ArchiveRelocationMode: 0.
Compressed class space mapped at: 0x0000000800c00000-0x0000000814000000, reserved size: 322961408
Narrow klass base: 0x0000000800000000, Narrow klass shift: 0, Narrow klass range: 0x100000000

GC Precious Log:
 CPUs: 12 total, 12 available
 Memory: 7860M
 Large Page Support: Disabled
 NUMA Support: Disabled
 Compressed Oops: Enabled (32-bit)
 Heap Region Size: 1M
 Heap Min Capacity: 256M
 Heap Initial Capacity: 256M
 Heap Max Capacity: 512M
 Pre-touch: Disabled
 Parallel Workers: 10
 Concurrent Workers: 3
 Concurrent Refinement Workers: 10
 Periodic GC: Disabled

Heap:
 garbage-first heap   total 262144K, used 95717K [0x00000000e0000000, 0x0000000100000000)
  region size 1024K, 65 young (66560K), 7 survivors (7168K)
 Metaspace       used 52263K, committed 52864K, reserved 364544K
  class space    used 7439K, committed 7744K, reserved 315392K

Heap Regions: E=young(eden), S=young(survivor), O=old, HS=humongous(starts), HC=humongous(continues), CS=collection set, F=free, OA=open archive, CA=closed archive, TAMS=top-at-mark-start (previous, next)
|   0|0x00000000e0000000, 0x00000000e0100000, 0x00000000e0100000|100%|HS|  |TAMS 0x00000000e0100000, 0x00000000e0000000| Complete 
|   1|0x00000000e0100000, 0x00000000e0200000, 0x00000000e0200000|100%|HC|  |TAMS 0x00000000e0200000, 0x00000000e0100000| Complete 
|   2|0x00000000e0200000, 0x00000000e0300000, 0x00000000e0300000|100%|HC|  |TAMS 0x00000000e0300000, 0x00000000e0200000| Complete 
|   3|0x00000000e0300000, 0x00000000e0400000, 0x00000000e0400000|100%| O|  |TAMS 0x00000000e0400000, 0x00000000e0300000| Untracked 
|   4|0x00000000e0400000, 0x00000000e0400000, 0x00000000e0500000|  0%| F|  |TAMS 0x00000000e0400000, 0x00000000e0400000| Untracked 
|   5|0x00000000e0500000, 0x00000000e0600000, 0x00000000e0600000|100%| O|  |TAMS 0x00000000e0600000, 0x00000000e0500000| Untracked 
|   6|0x00000000e0600000, 0x00000000e0700000, 0x00000000e0700000|100%|HS|  |TAMS 0x00000000e0700000, 0x00000000e0600000| Complete 
|   7|0x00000000e0700000, 0x00000000e0800000, 0x00000000e0800000|100%| O|  |TAMS 0x00000000e0800000, 0x00000000e0700000| Untracked 
|   8|0x00000000e0800000, 0x00000000e0900000, 0x00000000e0900000|100%| O|  |TAMS 0x00000000e0900000, 0x00000000e0800000| Untracked 
|   9|0x00000000e0900000, 0x00000000e0a00000, 0x00000000e0a00000|100%| O|  |TAMS 0x00000000e0a00000, 0x00000000e0900000| Untracked 
|  10|0x00000000e0a00000, 0x00000000e0b00000, 0x00000000e0b00000|100%| O|  |TAMS 0x00000000e0b00000, 0x00000000e0a00000| Untracked 
|  11|0x00000000e0b00000, 0x00000000e0c00000, 0x00000000e0c00000|100%| O|  |TAMS 0x00000000e0c00000, 0x00000000e0b00000| Untracked 
|  12|0x00000000e0c00000, 0x00000000e0d00000, 0x00000000e0d00000|100%| O|  |TAMS 0x00000000e0d00000, 0x00000000e0c00000| Untracked 
|  13|0x00000000e0d00000, 0x00000000e0e00000, 0x00000000e0e00000|100%| O|  |TAMS 0x00000000e0e00000, 0x00000000e0d00000| Untracked 
|  14|0x00000000e0e00000, 0x00000000e0f00000, 0x00000000e0f00000|100%| O|  |TAMS 0x00000000e0f00000, 0x00000000e0e00000| Untracked 
|  15|0x00000000e0f00000, 0x00000000e1000000, 0x00000000e1000000|100%| O|  |TAMS 0x00000000e1000000, 0x00000000e0f00000| Untracked 
|  16|0x00000000e1000000, 0x00000000e1100000, 0x00000000e1100000|100%| O|  |TAMS 0x00000000e1100000, 0x00000000e1000000| Untracked 
|  17|0x00000000e1100000, 0x00000000e1200000, 0x00000000e1200000|100%| O|  |TAMS 0x00000000e1200000, 0x00000000e1100000| Untracked 
|  18|0x00000000e1200000, 0x00000000e1300000, 0x00000000e1300000|100%| O|  |TAMS 0x00000000e1300000, 0x00000000e1200000| Untracked 
|  19|0x00000000e1300000, 0x00000000e1400000, 0x00000000e1400000|100%| O|  |TAMS 0x00000000e1400000, 0x00000000e1300000| Untracked 
|  20|0x00000000e1400000, 0x00000000e1500000, 0x00000000e1500000|100%| O|  |TAMS 0x00000000e1500000, 0x00000000e1400000| Untracked 
|  21|0x00000000e1500000, 0x00000000e1600000, 0x00000000e1600000|100%| O|  |TAMS 0x00000000e1600000, 0x00000000e1500000| Untracked 
|  22|0x00000000e1600000, 0x00000000e1700000, 0x00000000e1700000|100%| O|  |TAMS 0x00000000e1700000, 0x00000000e1600000| Untracked 
|  23|0x00000000e1700000, 0x00000000e1800000, 0x00000000e1800000|100%| O|  |TAMS 0x00000000e1800000, 0x00000000e1700000| Untracked 
|  24|0x00000000e1800000, 0x00000000e1900000, 0x00000000e1900000|100%| O|  |TAMS 0x00000000e1900000, 0x00000000e1800000| Untracked 
|  25|0x00000000e1900000, 0x00000000e1a00000, 0x00000000e1a00000|100%| O|  |TAMS 0x00000000e1a00000, 0x00000000e1900000| Untracked 
|  26|0x00000000e1a00000, 0x00000000e1b00000, 0x00000000e1b00000|100%| O|  |TAMS 0x00000000e1b00000, 0x00000000e1a00000| Untracked 
|  27|0x00000000e1b00000, 0x00000000e1c00000, 0x00000000e1c00000|100%| O|  |TAMS 0x00000000e1c00000, 0x00000000e1b00000| Untracked 
|  28|0x00000000e1c00000, 0x00000000e1d00000, 0x00000000e1d00000|100%| O|  |TAMS 0x00000000e1d00000, 0x00000000e1c00000| Untracked 
|  29|0x00000000e1d00000, 0x00000000e1e00000, 0x00000000e1e00000|100%| O|  |TAMS 0x00000000e1e00000, 0x00000000e1d00000| Untracked 
|  30|0x00000000e1e00000, 0x00000000e1f00000, 0x00000000e1f00000|100%| O|  |TAMS 0x00000000e1f00000, 0x00000000e1e00000| Untracked 
|  31|0x00000000e1f00000, 0x00000000e1f1b600, 0x00000000e2000000| 10%| O|  |TAMS 0x00000000e1f1b600, 0x00000000e1f00000| Untracked 
|  32|0x00000000e2000000, 0x00000000e2000000, 0x00000000e2100000|  0%| F|  |TAMS 0x00000000e2000000, 0x00000000e2000000| Untracked 
|  33|0x00000000e2100000, 0x00000000e2100000, 0x00000000e2200000|  0%| F|  |TAMS 0x00000000e2100000, 0x00000000e2100000| Untracked 
|  34|0x00000000e2200000, 0x00000000e2200000, 0x00000000e2300000|  0%| F|  |TAMS 0x00000000e2200000, 0x00000000e2200000| Untracked 
|  35|0x00000000e2300000, 0x00000000e2300000, 0x00000000e2400000|  0%| F|  |TAMS 0x00000000e2300000, 0x00000000e2300000| Untracked 
|  36|0x00000000e2400000, 0x00000000e2400000, 0x00000000e2500000|  0%| F|  |TAMS 0x00000000e2400000, 0x00000000e2400000| Untracked 
|  37|0x00000000e2500000, 0x00000000e2500000, 0x00000000e2600000|  0%| F|  |TAMS 0x00000000e2500000, 0x00000000e2500000| Untracked 
|  38|0x00000000e2600000, 0x00000000e2600000, 0x00000000e2700000|  0%| F|  |TAMS 0x00000000e2600000, 0x00000000e2600000| Untracked 
|  39|0x00000000e2700000, 0x00000000e2700000, 0x00000000e2800000|  0%| F|  |TAMS 0x00000000e2700000, 0x00000000e2700000| Untracked 
|  40|0x00000000e2800000, 0x00000000e2800000, 0x00000000e2900000|  0%| F|  |TAMS 0x00000000e2800000, 0x00000000e2800000| Untracked 
|  41|0x00000000e2900000, 0x00000000e2900000, 0x00000000e2a00000|  0%| F|  |TAMS 0x00000000e2900000, 0x00000000e2900000| Untracked 
|  42|0x00000000e2a00000, 0x00000000e2a00000, 0x00000000e2b00000|  0%| F|  |TAMS 0x00000000e2a00000, 0x00000000e2a00000| Untracked 
|  43|0x00000000e2b00000, 0x00000000e2b00000, 0x00000000e2c00000|  0%| F|  |TAMS 0x00000000e2b00000, 0x00000000e2b00000| Untracked 
|  44|0x00000000e2c00000, 0x00000000e2c00000, 0x00000000e2d00000|  0%| F|  |TAMS 0x00000000e2c00000, 0x00000000e2c00000| Untracked 
|  45|0x00000000e2d00000, 0x00000000e2d00000, 0x00000000e2e00000|  0%| F|  |TAMS 0x00000000e2d00000, 0x00000000e2d00000| Untracked 
|  46|0x00000000e2e00000, 0x00000000e2e00000, 0x00000000e2f00000|  0%| F|  |TAMS 0x00000000e2e00000, 0x00000000e2e00000| Untracked 
|  47|0x00000000e2f00000, 0x00000000e2f00000, 0x00000000e3000000|  0%| F|  |TAMS 0x00000000e2f00000, 0x00000000e2f00000| Untracked 
|  48|0x00000000e3000000, 0x00000000e3000000, 0x00000000e3100000|  0%| F|  |TAMS 0x00000000e3000000, 0x00000000e3000000| Untracked 
|  49|0x00000000e3100000, 0x00000000e3100000, 0x00000000e3200000|  0%| F|  |TAMS 0x00000000e3100000, 0x00000000e3100000| Untracked 
|  50|0x00000000e3200000, 0x00000000e3200000, 0x00000000e3300000|  0%| F|  |TAMS 0x00000000e3200000, 0x00000000e3200000| Untracked 
|  51|0x00000000e3300000, 0x00000000e3300000, 0x00000000e3400000|  0%| F|  |TAMS 0x00000000e3300000, 0x00000000e3300000| Untracked 
|  52|0x00000000e3400000, 0x00000000e3400000, 0x00000000e3500000|  0%| F|  |TAMS 0x00000000e3400000, 0x00000000e3400000| Untracked 
|  53|0x00000000e3500000, 0x00000000e3500000, 0x00000000e3600000|  0%| F|  |TAMS 0x00000000e3500000, 0x00000000e3500000| Untracked 
|  54|0x00000000e3600000, 0x00000000e3600000, 0x00000000e3700000|  0%| F|  |TAMS 0x00000000e3600000, 0x00000000e3600000| Untracked 
|  55|0x00000000e3700000, 0x00000000e3700000, 0x00000000e3800000|  0%| F|  |TAMS 0x00000000e3700000, 0x00000000e3700000| Untracked 
|  56|0x00000000e3800000, 0x00000000e3800000, 0x00000000e3900000|  0%| F|  |TAMS 0x00000000e3800000, 0x00000000e3800000| Untracked 
|  57|0x00000000e3900000, 0x00000000e3900000, 0x00000000e3a00000|  0%| F|  |TAMS 0x00000000e3900000, 0x00000000e3900000| Untracked 
|  58|0x00000000e3a00000, 0x00000000e3a00000, 0x00000000e3b00000|  0%| F|  |TAMS 0x00000000e3a00000, 0x00000000e3a00000| Untracked 
|  59|0x00000000e3b00000, 0x00000000e3b00000, 0x00000000e3c00000|  0%| F|  |TAMS 0x00000000e3b00000, 0x00000000e3b00000| Untracked 
|  60|0x00000000e3c00000, 0x00000000e3c00000, 0x00000000e3d00000|  0%| F|  |TAMS 0x00000000e3c00000, 0x00000000e3c00000| Untracked 
|  61|0x00000000e3d00000, 0x00000000e3d00000, 0x00000000e3e00000|  0%| F|  |TAMS 0x00000000e3d00000, 0x00000000e3d00000| Untracked 
|  62|0x00000000e3e00000, 0x00000000e3e00000, 0x00000000e3f00000|  0%| F|  |TAMS 0x00000000e3e00000, 0x00000000e3e00000| Untracked 
|  63|0x00000000e3f00000, 0x00000000e3f00000, 0x00000000e4000000|  0%| F|  |TAMS 0x00000000e3f00000, 0x00000000e3f00000| Untracked 
|  64|0x00000000e4000000, 0x00000000e4000000, 0x00000000e4100000|  0%| F|  |TAMS 0x00000000e4000000, 0x00000000e4000000| Untracked 
|  65|0x00000000e4100000, 0x00000000e4100000, 0x00000000e4200000|  0%| F|  |TAMS 0x00000000e4100000, 0x00000000e4100000| Untracked 
|  66|0x00000000e4200000, 0x00000000e4200000, 0x00000000e4300000|  0%| F|  |TAMS 0x00000000e4200000, 0x00000000e4200000| Untracked 
|  67|0x00000000e4300000, 0x00000000e4300000, 0x00000000e4400000|  0%| F|  |TAMS 0x00000000e4300000, 0x00000000e4300000| Untracked 
|  68|0x00000000e4400000, 0x00000000e4400000, 0x00000000e4500000|  0%| F|  |TAMS 0x00000000e4400000, 0x00000000e4400000| Untracked 
|  69|0x00000000e4500000, 0x00000000e4500000, 0x00000000e4600000|  0%| F|  |TAMS 0x00000000e4500000, 0x00000000e4500000| Untracked 
|  70|0x00000000e4600000, 0x00000000e4600000, 0x00000000e4700000|  0%| F|  |TAMS 0x00000000e4600000, 0x00000000e4600000| Untracked 
|  71|0x00000000e4700000, 0x00000000e4700000, 0x00000000e4800000|  0%| F|  |TAMS 0x00000000e4700000, 0x00000000e4700000| Untracked 
|  72|0x00000000e4800000, 0x00000000e4800000, 0x00000000e4900000|  0%| F|  |TAMS 0x00000000e4800000, 0x00000000e4800000| Untracked 
|  73|0x00000000e4900000, 0x00000000e4900000, 0x00000000e4a00000|  0%| F|  |TAMS 0x00000000e4900000, 0x00000000e4900000| Untracked 
|  74|0x00000000e4a00000, 0x00000000e4a00000, 0x00000000e4b00000|  0%| F|  |TAMS 0x00000000e4a00000, 0x00000000e4a00000| Untracked 
|  75|0x00000000e4b00000, 0x00000000e4b00000, 0x00000000e4c00000|  0%| F|  |TAMS 0x00000000e4b00000, 0x00000000e4b00000| Untracked 
|  76|0x00000000e4c00000, 0x00000000e4c00000, 0x00000000e4d00000|  0%| F|  |TAMS 0x00000000e4c00000, 0x00000000e4c00000| Untracked 
|  77|0x00000000e4d00000, 0x00000000e4d00000, 0x00000000e4e00000|  0%| F|  |TAMS 0x00000000e4d00000, 0x00000000e4d00000| Untracked 
|  78|0x00000000e4e00000, 0x00000000e4e00000, 0x00000000e4f00000|  0%| F|  |TAMS 0x00000000e4e00000, 0x00000000e4e00000| Untracked 
|  79|0x00000000e4f00000, 0x00000000e4f00000, 0x00000000e5000000|  0%| F|  |TAMS 0x00000000e4f00000, 0x00000000e4f00000| Untracked 
|  80|0x00000000e5000000, 0x00000000e5000000, 0x00000000e5100000|  0%| F|  |TAMS 0x00000000e5000000, 0x00000000e5000000| Untracked 
|  81|0x00000000e5100000, 0x00000000e5100000, 0x00000000e5200000|  0%| F|  |TAMS 0x00000000e5100000, 0x00000000e5100000| Untracked 
|  82|0x00000000e5200000, 0x00000000e5200000, 0x00000000e5300000|  0%| F|  |TAMS 0x00000000e5200000, 0x00000000e5200000| Untracked 
|  83|0x00000000e5300000, 0x00000000e5300000, 0x00000000e5400000|  0%| F|  |TAMS 0x00000000e5300000, 0x00000000e5300000| Untracked 
|  84|0x00000000e5400000, 0x00000000e5400000, 0x00000000e5500000|  0%| F|  |TAMS 0x00000000e5400000, 0x00000000e5400000| Untracked 
|  85|0x00000000e5500000, 0x00000000e5500000, 0x00000000e5600000|  0%| F|  |TAMS 0x00000000e5500000, 0x00000000e5500000| Untracked 
|  86|0x00000000e5600000, 0x00000000e5600000, 0x00000000e5700000|  0%| F|  |TAMS 0x00000000e5600000, 0x00000000e5600000| Untracked 
|  87|0x00000000e5700000, 0x00000000e5700000, 0x00000000e5800000|  0%| F|  |TAMS 0x00000000e5700000, 0x00000000e5700000| Untracked 
|  88|0x00000000e5800000, 0x00000000e5800000, 0x00000000e5900000|  0%| F|  |TAMS 0x00000000e5800000, 0x00000000e5800000| Untracked 
|  89|0x00000000e5900000, 0x00000000e5900000, 0x00000000e5a00000|  0%| F|  |TAMS 0x00000000e5900000, 0x00000000e5900000| Untracked 
|  90|0x00000000e5a00000, 0x00000000e5a00000, 0x00000000e5b00000|  0%| F|  |TAMS 0x00000000e5a00000, 0x00000000e5a00000| Untracked 
|  91|0x00000000e5b00000, 0x00000000e5b00000, 0x00000000e5c00000|  0%| F|  |TAMS 0x00000000e5b00000, 0x00000000e5b00000| Untracked 
|  92|0x00000000e5c00000, 0x00000000e5c00000, 0x00000000e5d00000|  0%| F|  |TAMS 0x00000000e5c00000, 0x00000000e5c00000| Untracked 
|  93|0x00000000e5d00000, 0x00000000e5d00000, 0x00000000e5e00000|  0%| F|  |TAMS 0x00000000e5d00000, 0x00000000e5d00000| Untracked 
|  94|0x00000000e5e00000, 0x00000000e5e00000, 0x00000000e5f00000|  0%| F|  |TAMS 0x00000000e5e00000, 0x00000000e5e00000| Untracked 
|  95|0x00000000e5f00000, 0x00000000e5f00000, 0x00000000e6000000|  0%| F|  |TAMS 0x00000000e5f00000, 0x00000000e5f00000| Untracked 
|  96|0x00000000e6000000, 0x00000000e605e080, 0x00000000e6100000| 36%| S|CS|TAMS 0x00000000e6000000, 0x00000000e6000000| Complete 
|  97|0x00000000e6100000, 0x00000000e6200000, 0x00000000e6200000|100%| S|CS|TAMS 0x00000000e6100000, 0x00000000e6100000| Complete 
|  98|0x00000000e6200000, 0x00000000e6300000, 0x00000000e6300000|100%| S|CS|TAMS 0x00000000e6200000, 0x00000000e6200000| Complete 
|  99|0x00000000e6300000, 0x00000000e6400000, 0x00000000e6400000|100%| S|CS|TAMS 0x00000000e6300000, 0x00000000e6300000| Complete 
| 100|0x00000000e6400000, 0x00000000e6500000, 0x00000000e6500000|100%| S|CS|TAMS 0x00000000e6400000, 0x00000000e6400000| Complete 
| 101|0x00000000e6500000, 0x00000000e6600000, 0x00000000e6600000|100%| S|CS|TAMS 0x00000000e6500000, 0x00000000e6500000| Complete 
| 102|0x00000000e6600000, 0x00000000e6700000, 0x00000000e6700000|100%| S|CS|TAMS 0x00000000e6600000, 0x00000000e6600000| Complete 
| 103|0x00000000e6700000, 0x00000000e6700000, 0x00000000e6800000|  0%| F|  |TAMS 0x00000000e6700000, 0x00000000e6700000| Untracked 
| 104|0x00000000e6800000, 0x00000000e6800000, 0x00000000e6900000|  0%| F|  |TAMS 0x00000000e6800000, 0x00000000e6800000| Untracked 
| 105|0x00000000e6900000, 0x00000000e6900000, 0x00000000e6a00000|  0%| F|  |TAMS 0x00000000e6900000, 0x00000000e6900000| Untracked 
| 106|0x00000000e6a00000, 0x00000000e6a00000, 0x00000000e6b00000|  0%| F|  |TAMS 0x00000000e6a00000, 0x00000000e6a00000| Untracked 
| 107|0x00000000e6b00000, 0x00000000e6b00000, 0x00000000e6c00000|  0%| F|  |TAMS 0x00000000e6b00000, 0x00000000e6b00000| Untracked 
| 108|0x00000000e6c00000, 0x00000000e6c00000, 0x00000000e6d00000|  0%| F|  |TAMS 0x00000000e6c00000, 0x00000000e6c00000| Untracked 
| 109|0x00000000e6d00000, 0x00000000e6d00000, 0x00000000e6e00000|  0%| F|  |TAMS 0x00000000e6d00000, 0x00000000e6d00000| Untracked 
| 110|0x00000000e6e00000, 0x00000000e6e00000, 0x00000000e6f00000|  0%| F|  |TAMS 0x00000000e6e00000, 0x00000000e6e00000| Untracked 
| 111|0x00000000e6f00000, 0x00000000e6f00000, 0x00000000e7000000|  0%| F|  |TAMS 0x00000000e6f00000, 0x00000000e6f00000| Untracked 
| 112|0x00000000e7000000, 0x00000000e7000000, 0x00000000e7100000|  0%| F|  |TAMS 0x00000000e7000000, 0x00000000e7000000| Untracked 
| 113|0x00000000e7100000, 0x00000000e7100000, 0x00000000e7200000|  0%| F|  |TAMS 0x00000000e7100000, 0x00000000e7100000| Untracked 
| 114|0x00000000e7200000, 0x00000000e7200000, 0x00000000e7300000|  0%| F|  |TAMS 0x00000000e7200000, 0x00000000e7200000| Untracked 
| 115|0x00000000e7300000, 0x00000000e7300000, 0x00000000e7400000|  0%| F|  |TAMS 0x00000000e7300000, 0x00000000e7300000| Untracked 
| 116|0x00000000e7400000, 0x00000000e7400000, 0x00000000e7500000|  0%| F|  |TAMS 0x00000000e7400000, 0x00000000e7400000| Untracked 
| 117|0x00000000e7500000, 0x00000000e7500000, 0x00000000e7600000|  0%| F|  |TAMS 0x00000000e7500000, 0x00000000e7500000| Untracked 
| 118|0x00000000e7600000, 0x00000000e7600000, 0x00000000e7700000|  0%| F|  |TAMS 0x00000000e7600000, 0x00000000e7600000| Untracked 
| 119|0x00000000e7700000, 0x00000000e7700000, 0x00000000e7800000|  0%| F|  |TAMS 0x00000000e7700000, 0x00000000e7700000| Untracked 
| 120|0x00000000e7800000, 0x00000000e7800000, 0x00000000e7900000|  0%| F|  |TAMS 0x00000000e7800000, 0x00000000e7800000| Untracked 
| 121|0x00000000e7900000, 0x00000000e7900000, 0x00000000e7a00000|  0%| F|  |TAMS 0x00000000e7900000, 0x00000000e7900000| Untracked 
| 122|0x00000000e7a00000, 0x00000000e7a00000, 0x00000000e7b00000|  0%| F|  |TAMS 0x00000000e7a00000, 0x00000000e7a00000| Untracked 
| 123|0x00000000e7b00000, 0x00000000e7b00000, 0x00000000e7c00000|  0%| F|  |TAMS 0x00000000e7b00000, 0x00000000e7b00000| Untracked 
| 124|0x00000000e7c00000, 0x00000000e7c00000, 0x00000000e7d00000|  0%| F|  |TAMS 0x00000000e7c00000, 0x00000000e7c00000| Untracked 
| 125|0x00000000e7d00000, 0x00000000e7d00000, 0x00000000e7e00000|  0%| F|  |TAMS 0x00000000e7d00000, 0x00000000e7d00000| Untracked 
| 126|0x00000000e7e00000, 0x00000000e7e00000, 0x00000000e7f00000|  0%| F|  |TAMS 0x00000000e7e00000, 0x00000000e7e00000| Untracked 
| 127|0x00000000e7f00000, 0x00000000e7f00000, 0x00000000e8000000|  0%| F|  |TAMS 0x00000000e7f00000, 0x00000000e7f00000| Untracked 
| 128|0x00000000e8000000, 0x00000000e8000000, 0x00000000e8100000|  0%| F|  |TAMS 0x00000000e8000000, 0x00000000e8000000| Untracked 
| 129|0x00000000e8100000, 0x00000000e8100000, 0x00000000e8200000|  0%| F|  |TAMS 0x00000000e8100000, 0x00000000e8100000| Untracked 
| 130|0x00000000e8200000, 0x00000000e8200000, 0x00000000e8300000|  0%| F|  |TAMS 0x00000000e8200000, 0x00000000e8200000| Untracked 
| 131|0x00000000e8300000, 0x00000000e8300000, 0x00000000e8400000|  0%| F|  |TAMS 0x00000000e8300000, 0x00000000e8300000| Untracked 
| 132|0x00000000e8400000, 0x00000000e8400000, 0x00000000e8500000|  0%| F|  |TAMS 0x00000000e8400000, 0x00000000e8400000| Untracked 
| 133|0x00000000e8500000, 0x00000000e8500000, 0x00000000e8600000|  0%| F|  |TAMS 0x00000000e8500000, 0x00000000e8500000| Untracked 
| 134|0x00000000e8600000, 0x00000000e8600000, 0x00000000e8700000|  0%| F|  |TAMS 0x00000000e8600000, 0x00000000e8600000| Untracked 
| 135|0x00000000e8700000, 0x00000000e8700000, 0x00000000e8800000|  0%| F|  |TAMS 0x00000000e8700000, 0x00000000e8700000| Untracked 
| 136|0x00000000e8800000, 0x00000000e8800000, 0x00000000e8900000|  0%| F|  |TAMS 0x00000000e8800000, 0x00000000e8800000| Untracked 
| 137|0x00000000e8900000, 0x00000000e8900000, 0x00000000e8a00000|  0%| F|  |TAMS 0x00000000e8900000, 0x00000000e8900000| Untracked 
| 138|0x00000000e8a00000, 0x00000000e8a00000, 0x00000000e8b00000|  0%| F|  |TAMS 0x00000000e8a00000, 0x00000000e8a00000| Untracked 
| 139|0x00000000e8b00000, 0x00000000e8b00000, 0x00000000e8c00000|  0%| F|  |TAMS 0x00000000e8b00000, 0x00000000e8b00000| Untracked 
| 140|0x00000000e8c00000, 0x00000000e8c00000, 0x00000000e8d00000|  0%| F|  |TAMS 0x00000000e8c00000, 0x00000000e8c00000| Untracked 
| 141|0x00000000e8d00000, 0x00000000e8d00000, 0x00000000e8e00000|  0%| F|  |TAMS 0x00000000e8d00000, 0x00000000e8d00000| Untracked 
| 142|0x00000000e8e00000, 0x00000000e8e00000, 0x00000000e8f00000|  0%| F|  |TAMS 0x00000000e8e00000, 0x00000000e8e00000| Untracked 
| 143|0x00000000e8f00000, 0x00000000e8f00000, 0x00000000e9000000|  0%| F|  |TAMS 0x00000000e8f00000, 0x00000000e8f00000| Untracked 
| 144|0x00000000e9000000, 0x00000000e9000000, 0x00000000e9100000|  0%| F|  |TAMS 0x00000000e9000000, 0x00000000e9000000| Untracked 
| 145|0x00000000e9100000, 0x00000000e9100000, 0x00000000e9200000|  0%| F|  |TAMS 0x00000000e9100000, 0x00000000e9100000| Untracked 
| 146|0x00000000e9200000, 0x00000000e9200000, 0x00000000e9300000|  0%| F|  |TAMS 0x00000000e9200000, 0x00000000e9200000| Untracked 
| 147|0x00000000e9300000, 0x00000000e9300000, 0x00000000e9400000|  0%| F|  |TAMS 0x00000000e9300000, 0x00000000e9300000| Untracked 
| 148|0x00000000e9400000, 0x00000000e9400000, 0x00000000e9500000|  0%| F|  |TAMS 0x00000000e9400000, 0x00000000e9400000| Untracked 
| 149|0x00000000e9500000, 0x00000000e9500000, 0x00000000e9600000|  0%| F|  |TAMS 0x00000000e9500000, 0x00000000e9500000| Untracked 
| 150|0x00000000e9600000, 0x00000000e9600000, 0x00000000e9700000|  0%| F|  |TAMS 0x00000000e9600000, 0x00000000e9600000| Untracked 
| 151|0x00000000e9700000, 0x00000000e9700000, 0x00000000e9800000|  0%| F|  |TAMS 0x00000000e9700000, 0x00000000e9700000| Untracked 
| 152|0x00000000e9800000, 0x00000000e9800000, 0x00000000e9900000|  0%| F|  |TAMS 0x00000000e9800000, 0x00000000e9800000| Untracked 
| 153|0x00000000e9900000, 0x00000000e9900000, 0x00000000e9a00000|  0%| F|  |TAMS 0x00000000e9900000, 0x00000000e9900000| Untracked 
| 154|0x00000000e9a00000, 0x00000000e9a00000, 0x00000000e9b00000|  0%| F|  |TAMS 0x00000000e9a00000, 0x00000000e9a00000| Untracked 
| 155|0x00000000e9b00000, 0x00000000e9b00000, 0x00000000e9c00000|  0%| F|  |TAMS 0x00000000e9b00000, 0x00000000e9b00000| Untracked 
| 156|0x00000000e9c00000, 0x00000000e9c00000, 0x00000000e9d00000|  0%| F|  |TAMS 0x00000000e9c00000, 0x00000000e9c00000| Untracked 
| 157|0x00000000e9d00000, 0x00000000e9d00000, 0x00000000e9e00000|  0%| F|  |TAMS 0x00000000e9d00000, 0x00000000e9d00000| Untracked 
| 158|0x00000000e9e00000, 0x00000000e9e00000, 0x00000000e9f00000|  0%| F|  |TAMS 0x00000000e9e00000, 0x00000000e9e00000| Untracked 
| 159|0x00000000e9f00000, 0x00000000e9f00000, 0x00000000ea000000|  0%| F|  |TAMS 0x00000000e9f00000, 0x00000000e9f00000| Untracked 
| 160|0x00000000ea000000, 0x00000000ea000000, 0x00000000ea100000|  0%| F|  |TAMS 0x00000000ea000000, 0x00000000ea000000| Untracked 
| 161|0x00000000ea100000, 0x00000000ea100000, 0x00000000ea200000|  0%| F|  |TAMS 0x00000000ea100000, 0x00000000ea100000| Untracked 
| 162|0x00000000ea200000, 0x00000000ea200000, 0x00000000ea300000|  0%| F|  |TAMS 0x00000000ea200000, 0x00000000ea200000| Untracked 
| 163|0x00000000ea300000, 0x00000000ea300000, 0x00000000ea400000|  0%| F|  |TAMS 0x00000000ea300000, 0x00000000ea300000| Untracked 
| 164|0x00000000ea400000, 0x00000000ea400000, 0x00000000ea500000|  0%| F|  |TAMS 0x00000000ea400000, 0x00000000ea400000| Untracked 
| 165|0x00000000ea500000, 0x00000000ea500000, 0x00000000ea600000|  0%| F|  |TAMS 0x00000000ea500000, 0x00000000ea500000| Untracked 
| 166|0x00000000ea600000, 0x00000000ea600000, 0x00000000ea700000|  0%| F|  |TAMS 0x00000000ea600000, 0x00000000ea600000| Untracked 
| 167|0x00000000ea700000, 0x00000000ea700000, 0x00000000ea800000|  0%| F|  |TAMS 0x00000000ea700000, 0x00000000ea700000| Untracked 
| 168|0x00000000ea800000, 0x00000000ea800000, 0x00000000ea900000|  0%| F|  |TAMS 0x00000000ea800000, 0x00000000ea800000| Untracked 
| 169|0x00000000ea900000, 0x00000000ea900000, 0x00000000eaa00000|  0%| F|  |TAMS 0x00000000ea900000, 0x00000000ea900000| Untracked 
| 170|0x00000000eaa00000, 0x00000000eaa00000, 0x00000000eab00000|  0%| F|  |TAMS 0x00000000eaa00000, 0x00000000eaa00000| Untracked 
| 171|0x00000000eab00000, 0x00000000eab00000, 0x00000000eac00000|  0%| F|  |TAMS 0x00000000eab00000, 0x00000000eab00000| Untracked 
| 172|0x00000000eac00000, 0x00000000eac00000, 0x00000000ead00000|  0%| F|  |TAMS 0x00000000eac00000, 0x00000000eac00000| Untracked 
| 173|0x00000000ead00000, 0x00000000ead00000, 0x00000000eae00000|  0%| F|  |TAMS 0x00000000ead00000, 0x00000000ead00000| Untracked 
| 174|0x00000000eae00000, 0x00000000eae00000, 0x00000000eaf00000|  0%| F|  |TAMS 0x00000000eae00000, 0x00000000eae00000| Untracked 
| 175|0x00000000eaf00000, 0x00000000eaf00000, 0x00000000eb000000|  0%| F|  |TAMS 0x00000000eaf00000, 0x00000000eaf00000| Untracked 
| 176|0x00000000eb000000, 0x00000000eb000000, 0x00000000eb100000|  0%| F|  |TAMS 0x00000000eb000000, 0x00000000eb000000| Untracked 
| 177|0x00000000eb100000, 0x00000000eb100000, 0x00000000eb200000|  0%| F|  |TAMS 0x00000000eb100000, 0x00000000eb100000| Untracked 
| 178|0x00000000eb200000, 0x00000000eb200000, 0x00000000eb300000|  0%| F|  |TAMS 0x00000000eb200000, 0x00000000eb200000| Untracked 
| 179|0x00000000eb300000, 0x00000000eb300000, 0x00000000eb400000|  0%| F|  |TAMS 0x00000000eb300000, 0x00000000eb300000| Untracked 
| 180|0x00000000eb400000, 0x00000000eb400000, 0x00000000eb500000|  0%| F|  |TAMS 0x00000000eb400000, 0x00000000eb400000| Untracked 
| 181|0x00000000eb500000, 0x00000000eb500000, 0x00000000eb600000|  0%| F|  |TAMS 0x00000000eb500000, 0x00000000eb500000| Untracked 
| 182|0x00000000eb600000, 0x00000000eb600000, 0x00000000eb700000|  0%| F|  |TAMS 0x00000000eb600000, 0x00000000eb600000| Untracked 
| 183|0x00000000eb700000, 0x00000000eb700000, 0x00000000eb800000|  0%| F|  |TAMS 0x00000000eb700000, 0x00000000eb700000| Untracked 
| 184|0x00000000eb800000, 0x00000000eb800000, 0x00000000eb900000|  0%| F|  |TAMS 0x00000000eb800000, 0x00000000eb800000| Untracked 
| 185|0x00000000eb900000, 0x00000000eb900000, 0x00000000eba00000|  0%| F|  |TAMS 0x00000000eb900000, 0x00000000eb900000| Untracked 
| 186|0x00000000eba00000, 0x00000000eba00000, 0x00000000ebb00000|  0%| F|  |TAMS 0x00000000eba00000, 0x00000000eba00000| Untracked 
| 187|0x00000000ebb00000, 0x00000000ebb00000, 0x00000000ebc00000|  0%| F|  |TAMS 0x00000000ebb00000, 0x00000000ebb00000| Untracked 
| 188|0x00000000ebc00000, 0x00000000ebc00000, 0x00000000ebd00000|  0%| F|  |TAMS 0x00000000ebc00000, 0x00000000ebc00000| Untracked 
| 189|0x00000000ebd00000, 0x00000000ebd00000, 0x00000000ebe00000|  0%| F|  |TAMS 0x00000000ebd00000, 0x00000000ebd00000| Untracked 
| 190|0x00000000ebe00000, 0x00000000ebe00000, 0x00000000ebf00000|  0%| F|  |TAMS 0x00000000ebe00000, 0x00000000ebe00000| Untracked 
| 191|0x00000000ebf00000, 0x00000000ebf00000, 0x00000000ec000000|  0%| F|  |TAMS 0x00000000ebf00000, 0x00000000ebf00000| Untracked 
| 192|0x00000000ec000000, 0x00000000ec000000, 0x00000000ec100000|  0%| F|  |TAMS 0x00000000ec000000, 0x00000000ec000000| Untracked 
| 193|0x00000000ec100000, 0x00000000ec100000, 0x00000000ec200000|  0%| F|  |TAMS 0x00000000ec100000, 0x00000000ec100000| Untracked 
| 194|0x00000000ec200000, 0x00000000ec200000, 0x00000000ec300000|  0%| F|  |TAMS 0x00000000ec200000, 0x00000000ec200000| Untracked 
| 195|0x00000000ec300000, 0x00000000ec300000, 0x00000000ec400000|  0%| F|  |TAMS 0x00000000ec300000, 0x00000000ec300000| Untracked 
| 196|0x00000000ec400000, 0x00000000ec400000, 0x00000000ec500000|  0%| F|  |TAMS 0x00000000ec400000, 0x00000000ec400000| Untracked 
| 197|0x00000000ec500000, 0x00000000ec500000, 0x00000000ec600000|  0%| F|  |TAMS 0x00000000ec500000, 0x00000000ec500000| Untracked 
| 198|0x00000000ec600000, 0x00000000ec622bb0, 0x00000000ec700000| 13%| E|  |TAMS 0x00000000ec600000, 0x00000000ec600000| Complete 
| 199|0x00000000ec700000, 0x00000000ec800000, 0x00000000ec800000|100%| E|CS|TAMS 0x00000000ec700000, 0x00000000ec700000| Complete 
| 200|0x00000000ec800000, 0x00000000ec900000, 0x00000000ec900000|100%| E|CS|TAMS 0x00000000ec800000, 0x00000000ec800000| Complete 
| 201|0x00000000ec900000, 0x00000000eca00000, 0x00000000eca00000|100%| E|CS|TAMS 0x00000000ec900000, 0x00000000ec900000| Complete 
| 202|0x00000000eca00000, 0x00000000ecb00000, 0x00000000ecb00000|100%| E|CS|TAMS 0x00000000eca00000, 0x00000000eca00000| Complete 
| 203|0x00000000ecb00000, 0x00000000ecc00000, 0x00000000ecc00000|100%| E|CS|TAMS 0x00000000ecb00000, 0x00000000ecb00000| Complete 
| 204|0x00000000ecc00000, 0x00000000ecd00000, 0x00000000ecd00000|100%| E|CS|TAMS 0x00000000ecc00000, 0x00000000ecc00000| Complete 
| 205|0x00000000ecd00000, 0x00000000ece00000, 0x00000000ece00000|100%| E|CS|TAMS 0x00000000ecd00000, 0x00000000ecd00000| Complete 
| 206|0x00000000ece00000, 0x00000000ecf00000, 0x00000000ecf00000|100%| E|CS|TAMS 0x00000000ece00000, 0x00000000ece00000| Complete 
| 207|0x00000000ecf00000, 0x00000000ed000000, 0x00000000ed000000|100%| E|CS|TAMS 0x00000000ecf00000, 0x00000000ecf00000| Complete 
| 208|0x00000000ed000000, 0x00000000ed100000, 0x00000000ed100000|100%| E|CS|TAMS 0x00000000ed000000, 0x00000000ed000000| Complete 
| 209|0x00000000ed100000, 0x00000000ed200000, 0x00000000ed200000|100%| E|CS|TAMS 0x00000000ed100000, 0x00000000ed100000| Complete 
| 210|0x00000000ed200000, 0x00000000ed300000, 0x00000000ed300000|100%| E|CS|TAMS 0x00000000ed200000, 0x00000000ed200000| Complete 
| 211|0x00000000ed300000, 0x00000000ed400000, 0x00000000ed400000|100%| E|CS|TAMS 0x00000000ed300000, 0x00000000ed300000| Complete 
| 212|0x00000000ed400000, 0x00000000ed500000, 0x00000000ed500000|100%| E|CS|TAMS 0x00000000ed400000, 0x00000000ed400000| Complete 
| 213|0x00000000ed500000, 0x00000000ed600000, 0x00000000ed600000|100%| E|CS|TAMS 0x00000000ed500000, 0x00000000ed500000| Complete 
| 214|0x00000000ed600000, 0x00000000ed700000, 0x00000000ed700000|100%| E|CS|TAMS 0x00000000ed600000, 0x00000000ed600000| Complete 
| 215|0x00000000ed700000, 0x00000000ed800000, 0x00000000ed800000|100%| E|CS|TAMS 0x00000000ed700000, 0x00000000ed700000| Complete 
| 216|0x00000000ed800000, 0x00000000ed900000, 0x00000000ed900000|100%| E|CS|TAMS 0x00000000ed800000, 0x00000000ed800000| Complete 
| 217|0x00000000ed900000, 0x00000000eda00000, 0x00000000eda00000|100%| E|CS|TAMS 0x00000000ed900000, 0x00000000ed900000| Complete 
| 218|0x00000000eda00000, 0x00000000edb00000, 0x00000000edb00000|100%| E|CS|TAMS 0x00000000eda00000, 0x00000000eda00000| Complete 
| 219|0x00000000edb00000, 0x00000000edc00000, 0x00000000edc00000|100%| E|CS|TAMS 0x00000000edb00000, 0x00000000edb00000| Complete 
| 220|0x00000000edc00000, 0x00000000edd00000, 0x00000000edd00000|100%| E|CS|TAMS 0x00000000edc00000, 0x00000000edc00000| Complete 
| 221|0x00000000edd00000, 0x00000000ede00000, 0x00000000ede00000|100%| E|CS|TAMS 0x00000000edd00000, 0x00000000edd00000| Complete 
| 222|0x00000000ede00000, 0x00000000edf00000, 0x00000000edf00000|100%| E|CS|TAMS 0x00000000ede00000, 0x00000000ede00000| Complete 
| 223|0x00000000edf00000, 0x00000000ee000000, 0x00000000ee000000|100%| E|CS|TAMS 0x00000000edf00000, 0x00000000edf00000| Complete 
| 224|0x00000000ee000000, 0x00000000ee100000, 0x00000000ee100000|100%| E|CS|TAMS 0x00000000ee000000, 0x00000000ee000000| Complete 
| 225|0x00000000ee100000, 0x00000000ee200000, 0x00000000ee200000|100%| E|CS|TAMS 0x00000000ee100000, 0x00000000ee100000| Complete 
| 226|0x00000000ee200000, 0x00000000ee300000, 0x00000000ee300000|100%| E|CS|TAMS 0x00000000ee200000, 0x00000000ee200000| Complete 
| 227|0x00000000ee300000, 0x00000000ee400000, 0x00000000ee400000|100%| E|CS|TAMS 0x00000000ee300000, 0x00000000ee300000| Complete 
| 228|0x00000000ee400000, 0x00000000ee500000, 0x00000000ee500000|100%| E|CS|TAMS 0x00000000ee400000, 0x00000000ee400000| Complete 
| 229|0x00000000ee500000, 0x00000000ee600000, 0x00000000ee600000|100%| E|CS|TAMS 0x00000000ee500000, 0x00000000ee500000| Complete 
| 230|0x00000000ee600000, 0x00000000ee700000, 0x00000000ee700000|100%| E|CS|TAMS 0x00000000ee600000, 0x00000000ee600000| Complete 
| 231|0x00000000ee700000, 0x00000000ee800000, 0x00000000ee800000|100%| E|CS|TAMS 0x00000000ee700000, 0x00000000ee700000| Complete 
| 232|0x00000000ee800000, 0x00000000ee900000, 0x00000000ee900000|100%| E|CS|TAMS 0x00000000ee800000, 0x00000000ee800000| Complete 
| 233|0x00000000ee900000, 0x00000000eea00000, 0x00000000eea00000|100%| E|CS|TAMS 0x00000000ee900000, 0x00000000ee900000| Complete 
| 234|0x00000000eea00000, 0x00000000eeb00000, 0x00000000eeb00000|100%| E|CS|TAMS 0x00000000eea00000, 0x00000000eea00000| Complete 
| 235|0x00000000eeb00000, 0x00000000eec00000, 0x00000000eec00000|100%| E|CS|TAMS 0x00000000eeb00000, 0x00000000eeb00000| Complete 
| 236|0x00000000eec00000, 0x00000000eed00000, 0x00000000eed00000|100%| E|CS|TAMS 0x00000000eec00000, 0x00000000eec00000| Complete 
| 237|0x00000000eed00000, 0x00000000eee00000, 0x00000000eee00000|100%| E|CS|TAMS 0x00000000eed00000, 0x00000000eed00000| Complete 
| 238|0x00000000eee00000, 0x00000000eef00000, 0x00000000eef00000|100%| E|CS|TAMS 0x00000000eee00000, 0x00000000eee00000| Complete 
| 239|0x00000000eef00000, 0x00000000ef000000, 0x00000000ef000000|100%| E|CS|TAMS 0x00000000eef00000, 0x00000000eef00000| Complete 
| 240|0x00000000ef000000, 0x00000000ef100000, 0x00000000ef100000|100%| E|CS|TAMS 0x00000000ef000000, 0x00000000ef000000| Complete 
| 241|0x00000000ef100000, 0x00000000ef200000, 0x00000000ef200000|100%| E|CS|TAMS 0x00000000ef100000, 0x00000000ef100000| Complete 
| 242|0x00000000ef200000, 0x00000000ef300000, 0x00000000ef300000|100%| E|CS|TAMS 0x00000000ef200000, 0x00000000ef200000| Complete 
| 243|0x00000000ef300000, 0x00000000ef400000, 0x00000000ef400000|100%| E|CS|TAMS 0x00000000ef300000, 0x00000000ef300000| Complete 
| 244|0x00000000ef400000, 0x00000000ef500000, 0x00000000ef500000|100%| E|CS|TAMS 0x00000000ef400000, 0x00000000ef400000| Complete 
| 245|0x00000000ef500000, 0x00000000ef600000, 0x00000000ef600000|100%| E|CS|TAMS 0x00000000ef500000, 0x00000000ef500000| Complete 
| 246|0x00000000ef600000, 0x00000000ef700000, 0x00000000ef700000|100%| E|CS|TAMS 0x00000000ef600000, 0x00000000ef600000| Complete 
| 247|0x00000000ef700000, 0x00000000ef800000, 0x00000000ef800000|100%| E|CS|TAMS 0x00000000ef700000, 0x00000000ef700000| Complete 
| 248|0x00000000ef800000, 0x00000000ef900000, 0x00000000ef900000|100%| E|CS|TAMS 0x00000000ef800000, 0x00000000ef800000| Complete 
| 249|0x00000000ef900000, 0x00000000efa00000, 0x00000000efa00000|100%| E|CS|TAMS 0x00000000ef900000, 0x00000000ef900000| Complete 
| 250|0x00000000efa00000, 0x00000000efb00000, 0x00000000efb00000|100%| E|CS|TAMS 0x00000000efa00000, 0x00000000efa00000| Complete 
| 251|0x00000000efb00000, 0x00000000efc00000, 0x00000000efc00000|100%| E|CS|TAMS 0x00000000efb00000, 0x00000000efb00000| Complete 
| 252|0x00000000efc00000, 0x00000000efd00000, 0x00000000efd00000|100%| E|CS|TAMS 0x00000000efc00000, 0x00000000efc00000| Complete 
| 253|0x00000000efd00000, 0x00000000efe00000, 0x00000000efe00000|100%| E|CS|TAMS 0x00000000efd00000, 0x00000000efd00000| Complete 
| 254|0x00000000efe00000, 0x00000000eff00000, 0x00000000eff00000|100%| E|CS|TAMS 0x00000000efe00000, 0x00000000efe00000| Complete 
| 255|0x00000000eff00000, 0x00000000f0000000, 0x00000000f0000000|100%| E|CS|TAMS 0x00000000eff00000, 0x00000000eff00000| Complete 

Card table byte_map: [0x0000023eed4b0000,0x0000023eed5b0000] _byte_map_base: 0x0000023eecdb0000

Marking Bits (Prev, Next): (CMBitMap*) 0x0000023ed6612080, (CMBitMap*) 0x0000023ed66120c0
 Prev Bits: [0x0000023eed6b0000, 0x0000023eedeb0000)
 Next Bits: [0x0000023eedeb0000, 0x0000023eee6b0000)

Polling page: 0x0000023ed44f0000

Metaspace:

Usage:
  Non-class:     43.77 MB used.
      Class:      7.27 MB used.
       Both:     51.04 MB used.

Virtual space:
  Non-class space:       48.00 MB reserved,      44.06 MB ( 92%) committed,  6 nodes.
      Class space:      308.00 MB reserved,       7.56 MB (  2%) committed,  1 nodes.
             Both:      356.00 MB reserved,      51.62 MB ( 15%) committed. 

Chunk freelists:
   Non-Class:  3.20 MB
       Class:  364.00 KB
        Both:  3.56 MB

MaxMetaspaceSize: 384.00 MB
CompressedClassSpaceSize: 308.00 MB
Initial GC threshold: 21.00 MB
Current GC threshold: 59.19 MB
CDS: on
MetaspaceReclaimPolicy: balanced
 - commit_granule_bytes: 65536.
 - commit_granule_words: 8192.
 - virtual_space_node_default_size: 1048576.
 - enlarge_chunks_in_place: 1.
 - new_chunks_are_fully_committed: 0.
 - uncommit_free_chunks: 1.
 - use_allocation_guard: 0.
 - handle_deallocations: 1.


Internal statistics:

num_allocs_failed_limit: 9.
num_arena_births: 624.
num_arena_deaths: 0.
num_vsnodes_births: 7.
num_vsnodes_deaths: 0.
num_space_committed: 826.
num_space_uncommitted: 0.
num_chunks_returned_to_freelist: 9.
num_chunks_taken_from_freelist: 2787.
num_chunk_merges: 9.
num_chunk_splits: 1817.
num_chunks_enlarged: 1195.
num_purges: 0.
num_inconsistent_stats: 0.

CodeHeap 'non-profiled nmethods': size=120000Kb used=3522Kb max_used=3522Kb free=116477Kb
 bounds [0x0000023ee5930000, 0x0000023ee5cb0000, 0x0000023eece60000]
CodeHeap 'profiled nmethods': size=120000Kb used=12140Kb max_used=12140Kb free=107859Kb
 bounds [0x0000023edde60000, 0x0000023edea40000, 0x0000023ee5390000]
CodeHeap 'non-nmethods': size=5760Kb used=2333Kb max_used=2379Kb free=3426Kb
 bounds [0x0000023ee5390000, 0x0000023ee5600000, 0x0000023ee5930000]
 total_blobs=6989 nmethods=6138 adapters=763
 compilation: enabled
              stopped_count=0, restarted_count=0
 full_count=0

Compilation events (20 events):
Event: 102.425 Thread 0x0000023ef1342a60 6918       3       java.lang.ProcessEnvironment$EntryComparator::compare (25 bytes)
Event: 102.426 Thread 0x0000023ef1342a60 nmethod 6918 0x0000023edea39810 code [0x0000023edea399e0, 0x0000023edea39ec8]
Event: 102.432 Thread 0x0000023ef13420b0 nmethod 6916 0x0000023ee5c9c510 code [0x0000023ee5c9c6a0, 0x0000023ee5c9ca78]
Event: 103.170 Thread 0x0000023ef1342a60 6919       3       java.util.concurrent.ThreadPoolExecutor$Worker::unlock (7 bytes)
Event: 103.171 Thread 0x0000023ef1342a60 nmethod 6919 0x0000023edea3a010 code [0x0000023edea3a1c0, 0x0000023edea3a428]
Event: 103.171 Thread 0x0000023ef1342a60 6920       3       java.util.concurrent.ThreadPoolExecutor$Worker::tryRelease (12 bytes)
Event: 103.171 Thread 0x0000023ef1342a60 nmethod 6920 0x0000023edea3a510 code [0x0000023edea3a6a0, 0x0000023edea3a818]
Event: 104.186 Thread 0x0000023ef1342a60 6921       3       java.util.HashMap$HashMapSpliterator::getFence (53 bytes)
Event: 104.187 Thread 0x0000023ef1342a60 nmethod 6921 0x0000023edea3a890 code [0x0000023edea3aa20, 0x0000023edea3abd8]
Event: 106.004 Thread 0x0000023ef13420b0 6922  s    4       java.io.BufferedInputStream::read (113 bytes)
Event: 106.005 Thread 0x0000023ef1342a60 6923       3       java.util.HashMap::clear (50 bytes)
Event: 106.005 Thread 0x0000023ef1342a60 nmethod 6923 0x0000023edea3ac90 code [0x0000023edea3ae40, 0x0000023edea3b218]
Event: 106.022 Thread 0x0000023ef13420b0 nmethod 6922 0x0000023ee5c9cc10 code [0x0000023ee5c9ce00, 0x0000023ee5c9d990]
Event: 106.197 Thread 0x0000023ef13420b0 6924       4       java.util.concurrent.locks.LockSupport::parkNanos (29 bytes)
Event: 106.200 Thread 0x0000023ef13420b0 nmethod 6924 0x0000023ee5c9df90 code [0x0000023ee5c9e120, 0x0000023ee5c9e308]
Event: 108.164 Thread 0x0000023ef13420b0 6925       4       java.util.ComparableTimSort::binarySort (223 bytes)
Event: 108.172 Thread 0x0000023ef13420b0 nmethod 6925 0x0000023ee5c9e410 code [0x0000023ee5c9e5c0, 0x0000023ee5c9ef28]
Event: 108.553 Thread 0x0000023ef13420b0 6926       4       java.util.concurrent.locks.AbstractQueuedSynchronizer$ConditionObject::awaitNanos (200 bytes)
Event: 108.566 Thread 0x0000023ef13420b0 nmethod 6926 0x0000023ee5c9f310 code [0x0000023ee5c9f500, 0x0000023ee5ca01a8]
Event: 109.176 Thread 0x0000023ef13420b0 6927       4       javax.management.ObjectName::construct (1135 bytes)

GC Heap History (20 events):
Event: 2.429 GC heap before
{Heap before GC invocations=0 (full 0):
 garbage-first heap   total 262144K, used 22528K [0x00000000e0000000, 0x0000000100000000)
  region size 1024K, 23 young (23552K), 0 survivors (0K)
 Metaspace       used 1074K, committed 1216K, reserved 323584K
  class space    used 73K, committed 128K, reserved 315392K
}
Event: 2.463 GC heap after
{Heap after GC invocations=1 (full 0):
 garbage-first heap   total 262144K, used 2597K [0x00000000e0000000, 0x0000000100000000)
  region size 1024K, 3 young (3072K), 3 survivors (3072K)
 Metaspace       used 1074K, committed 1216K, reserved 323584K
  class space    used 73K, committed 128K, reserved 315392K
}
Event: 6.970 GC heap before
{Heap before GC invocations=1 (full 0):
 garbage-first heap   total 262144K, used 39461K [0x00000000e0000000, 0x0000000100000000)
  region size 1024K, 37 young (37888K), 3 survivors (3072K)
 Metaspace       used 4405K, committed 4544K, reserved 323584K
  class space    used 548K, committed 640K, reserved 315392K
}
Event: 7.108 GC heap after
{Heap after GC invocations=2 (full 0):
 garbage-first heap   total 262144K, used 11163K [0x00000000e0000000, 0x0000000100000000)
  region size 1024K, 5 young (5120K), 5 survivors (5120K)
 Metaspace       used 4405K, committed 4544K, reserved 323584K
  class space    used 548K, committed 640K, reserved 315392K
}
Event: 9.495 GC heap before
{Heap before GC invocations=2 (full 0):
 garbage-first heap   total 262144K, used 45979K [0x00000000e0000000, 0x0000000100000000)
  region size 1024K, 38 young (38912K), 5 survivors (5120K)
 Metaspace       used 4474K, committed 4608K, reserved 323584K
  class space    used 549K, committed 640K, reserved 315392K
}
Event: 9.509 GC heap after
{Heap after GC invocations=3 (full 0):
 garbage-first heap   total 262144K, used 14890K [0x00000000e0000000, 0x0000000100000000)
  region size 1024K, 3 young (3072K), 3 survivors (3072K)
 Metaspace       used 4474K, committed 4608K, reserved 323584K
  class space    used 549K, committed 640K, reserved 315392K
}
Event: 19.642 GC heap before
{Heap before GC invocations=3 (full 0):
 garbage-first heap   total 262144K, used 55850K [0x00000000e0000000, 0x0000000100000000)
  region size 1024K, 43 young (44032K), 3 survivors (3072K)
 Metaspace       used 10903K, committed 11136K, reserved 331776K
  class space    used 1471K, committed 1600K, reserved 315392K
}
Event: 19.662 GC heap after
{Heap after GC invocations=4 (full 0):
 garbage-first heap   total 262144K, used 19361K [0x00000000e0000000, 0x0000000100000000)
  region size 1024K, 6 young (6144K), 6 survivors (6144K)
 Metaspace       used 10903K, committed 11136K, reserved 331776K
  class space    used 1471K, committed 1600K, reserved 315392K
}
Event: 26.604 GC heap before
{Heap before GC invocations=4 (full 0):
 garbage-first heap   total 262144K, used 68513K [0x00000000e0000000, 0x0000000100000000)
  region size 1024K, 55 young (56320K), 6 survivors (6144K)
 Metaspace       used 18123K, committed 18432K, reserved 331776K
  class space    used 2606K, committed 2752K, reserved 315392K
}
Event: 26.617 GC heap after
{Heap after GC invocations=5 (full 0):
 garbage-first heap   total 262144K, used 22205K [0x00000000e0000000, 0x0000000100000000)
  region size 1024K, 7 young (7168K), 7 survivors (7168K)
 Metaspace       used 18123K, committed 18432K, reserved 331776K
  class space    used 2606K, committed 2752K, reserved 315392K
}
Event: 28.944 GC heap before
{Heap before GC invocations=5 (full 0):
 garbage-first heap   total 262144K, used 50877K [0x00000000e0000000, 0x0000000100000000)
  region size 1024K, 36 young (36864K), 7 survivors (7168K)
 Metaspace       used 21154K, committed 21504K, reserved 339968K
  class space    used 3086K, committed 3264K, reserved 315392K
}
Event: 28.962 GC heap after
{Heap after GC invocations=6 (full 0):
 garbage-first heap   total 262144K, used 23815K [0x00000000e0000000, 0x0000000100000000)
  region size 1024K, 8 young (8192K), 8 survivors (8192K)
 Metaspace       used 21154K, committed 21504K, reserved 339968K
  class space    used 3086K, committed 3264K, reserved 315392K
}
Event: 57.014 GC heap before
{Heap before GC invocations=7 (full 0):
 garbage-first heap   total 262144K, used 145671K [0x00000000e0000000, 0x0000000100000000)
  region size 1024K, 124 young (126976K), 8 survivors (8192K)
 Metaspace       used 35561K, committed 35968K, reserved 348160K
  class space    used 4933K, committed 5120K, reserved 315392K
}
Event: 57.061 GC heap after
{Heap after GC invocations=8 (full 0):
 garbage-first heap   total 262144K, used 32076K [0x00000000e0000000, 0x0000000100000000)
  region size 1024K, 16 young (16384K), 16 survivors (16384K)
 Metaspace       used 35561K, committed 35968K, reserved 348160K
  class space    used 4933K, committed 5120K, reserved 315392K
}
Event: 57.181 GC heap before
{Heap before GC invocations=8 (full 0):
 garbage-first heap   total 262144K, used 33100K [0x00000000e0000000, 0x0000000100000000)
  region size 1024K, 17 young (17408K), 16 survivors (16384K)
 Metaspace       used 35729K, committed 36160K, reserved 348160K
  class space    used 4957K, committed 5120K, reserved 315392K
}
Event: 57.213 GC heap after
{Heap after GC invocations=9 (full 0):
 garbage-first heap   total 262144K, used 32877K [0x00000000e0000000, 0x0000000100000000)
  region size 1024K, 2 young (2048K), 2 survivors (2048K)
 Metaspace       used 35729K, committed 36160K, reserved 348160K
  class space    used 4957K, committed 5120K, reserved 315392K
}
Event: 57.381 GC heap before
{Heap before GC invocations=9 (full 0):
 garbage-first heap   total 262144K, used 32877K [0x00000000e0000000, 0x0000000100000000)
  region size 1024K, 3 young (3072K), 2 survivors (2048K)
 Metaspace       used 35916K, committed 36288K, reserved 348160K
  class space    used 4972K, committed 5120K, reserved 315392K
}
Event: 57.385 GC heap after
{Heap after GC invocations=10 (full 0):
 garbage-first heap   total 262144K, used 31152K [0x00000000e0000000, 0x0000000100000000)
  region size 1024K, 1 young (1024K), 1 survivors (1024K)
 Metaspace       used 35916K, committed 36288K, reserved 348160K
  class space    used 4972K, committed 5120K, reserved 315392K
}
Event: 88.012 GC heap before
{Heap before GC invocations=11 (full 0):
 garbage-first heap   total 262144K, used 187824K [0x00000000e0000000, 0x0000000100000000)
  region size 1024K, 153 young (156672K), 1 survivors (1024K)
 Metaspace       used 49277K, committed 49792K, reserved 364544K
  class space    used 6972K, committed 7168K, reserved 315392K
}
Event: 88.041 GC heap after
{Heap after GC invocations=12 (full 0):
 garbage-first heap   total 262144K, used 37349K [0x00000000e0000000, 0x0000000100000000)
  region size 1024K, 7 young (7168K), 7 survivors (7168K)
 Metaspace       used 49277K, committed 49792K, reserved 364544K
  class space    used 6972K, committed 7168K, reserved 315392K
}

Deoptimization events (20 events):
Event: 101.709 Thread 0x0000023ef65ca860 Uncommon trap: trap_request=0xffffffde fr.pc=0x0000023ee5b28074 relative=0x0000000000000874
Event: 101.709 Thread 0x0000023ef65ca860 Uncommon trap: reason=class_check action=maybe_recompile pc=0x0000023ee5b28074 method=java.io.BufferedInputStream.read1([BII)I @ 39 c2
Event: 101.709 Thread 0x0000023ef65ca860 DEOPT PACKING pc=0x0000023ee5b28074 sp=0x000000ed648fed10
Event: 101.709 Thread 0x0000023ef65ca860 DEOPT UNPACKING pc=0x0000023ee53e23a3 sp=0x000000ed648fec28 mode 2
Event: 101.710 Thread 0x0000023ef65ca860 Uncommon trap: trap_request=0xffffffde fr.pc=0x0000023ee5b28074 relative=0x0000000000000874
Event: 101.710 Thread 0x0000023ef65ca860 Uncommon trap: reason=class_check action=maybe_recompile pc=0x0000023ee5b28074 method=java.io.BufferedInputStream.read1([BII)I @ 39 c2
Event: 101.710 Thread 0x0000023ef65ca860 DEOPT PACKING pc=0x0000023ee5b28074 sp=0x000000ed648fed10
Event: 101.710 Thread 0x0000023ef65ca860 DEOPT UNPACKING pc=0x0000023ee53e23a3 sp=0x000000ed648fec28 mode 2
Event: 101.714 Thread 0x0000023ef65ca860 Uncommon trap: trap_request=0xffffffde fr.pc=0x0000023ee5b28074 relative=0x0000000000000874
Event: 101.714 Thread 0x0000023ef65ca860 Uncommon trap: reason=class_check action=maybe_recompile pc=0x0000023ee5b28074 method=java.io.BufferedInputStream.read1([BII)I @ 39 c2
Event: 101.715 Thread 0x0000023ef65ca860 DEOPT PACKING pc=0x0000023ee5b28074 sp=0x000000ed648fed10
Event: 101.715 Thread 0x0000023ef65ca860 DEOPT UNPACKING pc=0x0000023ee53e23a3 sp=0x000000ed648fec28 mode 2
Event: 106.497 Thread 0x0000023ef65cbba0 Uncommon trap: trap_request=0xffffffde fr.pc=0x0000023ee5c694e0 relative=0x00000000000012a0
Event: 106.497 Thread 0x0000023ef65cbba0 Uncommon trap: reason=class_check action=maybe_recompile pc=0x0000023ee5c694e0 method=java.util.concurrent.ConcurrentHashMap.putVal(Ljava/lang/Object;Ljava/lang/Object;Z)Ljava/lang/Object; @ 159 c2
Event: 106.497 Thread 0x0000023ef65cbba0 DEOPT PACKING pc=0x0000023ee5c694e0 sp=0x000000ed647fdf10
Event: 106.497 Thread 0x0000023ef65cbba0 DEOPT UNPACKING pc=0x0000023ee53e23a3 sp=0x000000ed647fdea0 mode 2
Event: 106.498 Thread 0x0000023ef65cbba0 Uncommon trap: trap_request=0xffffff54 fr.pc=0x0000023ee5ad74d4 relative=0x0000000000001574
Event: 106.498 Thread 0x0000023ef65cbba0 Uncommon trap: reason=speculate_null_assert action=make_not_entrant pc=0x0000023ee5ad74d4 method=java.lang.invoke.MethodType$ConcurrentWeakInternSet.add(Ljava/lang/Object;)Ljava/lang/Object; @ 47 c2
Event: 106.498 Thread 0x0000023ef65cbba0 DEOPT PACKING pc=0x0000023ee5ad74d4 sp=0x000000ed647fdfd0
Event: 106.498 Thread 0x0000023ef65cbba0 DEOPT UNPACKING pc=0x0000023ee53e23a3 sp=0x000000ed647fdf78 mode 2

Classes unloaded (0 events):
No events

Classes redefined (0 events):
No events

Internal exceptions (20 events):
Event: 93.146 Thread 0x0000023ef38b7c00 Exception <a 'java/lang/ClassNotFoundException'{0x00000000edb287d8}: org/gradle/api/internal/DefaultNamedDomainObjectListCustomizer> (0x00000000edb287d8) 
thrown [s\open\src\hotspot\share\classfile\systemDictionary.cpp, line 256]
Event: 93.162 Thread 0x0000023ef38b7c00 Exception <a 'java/lang/ClassNotFoundException'{0x00000000edb5c9a8}: org/gradle/api/internal/artifacts/DefaultArtifactRepositoryContainerCustomizer> (0x00000000edb5c9a8) 
thrown [s\open\src\hotspot\share\classfile\systemDictionary.cpp, line 256]
Event: 93.181 Thread 0x0000023ef38b7c00 Exception <a 'java/lang/ClassNotFoundException'{0x00000000edb861b0}: org/gradle/api/internal/artifacts/dsl/DefaultRepositoryHandlerCustomizer> (0x00000000edb861b0) 
thrown [s\open\src\hotspot\share\classfile\systemDictionary.cpp, line 256]
Event: 93.218 Thread 0x0000023ef38b7c00 Exception <a 'java/lang/ClassNotFoundException'{0x00000000edbbdfd8}: org/gradle/api/internal/artifacts/dsl/DefaultRepositoryHandler_DecoratedCustomizer> (0x00000000edbbdfd8) 
thrown [s\open\src\hotspot\share\classfile\systemDictionary.cpp, line 256]
Event: 93.430 Thread 0x0000023ef38b7c00 Exception <a 'java/lang/ClassNotFoundException'{0x00000000ed763050}: org/gradle/api/internal/tasks/DefaultTaskContainer_DecoratedBeanInfo> (0x00000000ed763050) 
thrown [s\open\src\hotspot\share\classfile\systemDictionary.cpp, line 256]
Event: 93.442 Thread 0x0000023ef38b7c00 Exception <a 'java/lang/ClassNotFoundException'{0x00000000ed774d00}: org/gradle/api/internal/tasks/DefaultTaskContainerBeanInfo> (0x00000000ed774d00) 
thrown [s\open\src\hotspot\share\classfile\systemDictionary.cpp, line 256]
Event: 93.447 Thread 0x0000023ef38b7c00 Exception <a 'java/lang/ClassNotFoundException'{0x00000000ed786ee8}: org/gradle/api/internal/tasks/DefaultTaskCollectionBeanInfo> (0x00000000ed786ee8) 
thrown [s\open\src\hotspot\share\classfile\systemDictionary.cpp, line 256]
Event: 93.453 Thread 0x0000023ef38b7c00 Exception <a 'java/lang/ClassNotFoundException'{0x00000000ed7990e0}: org/gradle/api/internal/tasks/DefaultTaskCollectionCustomizer> (0x00000000ed7990e0) 
thrown [s\open\src\hotspot\share\classfile\systemDictionary.cpp, line 256]
Event: 93.469 Thread 0x0000023ef38b7c00 Exception <a 'java/lang/ClassNotFoundException'{0x00000000ed7ded00}: org/gradle/api/internal/tasks/DefaultTaskContainerCustomizer> (0x00000000ed7ded00) 
thrown [s\open\src\hotspot\share\classfile\systemDictionary.cpp, line 256]
Event: 93.736 Thread 0x0000023ef38b7c00 Exception <a 'java/lang/ClassNotFoundException'{0x00000000ed643ae8}: org/gradle/api/internal/tasks/DefaultTaskContainer_DecoratedCustomizer> (0x00000000ed643ae8) 
thrown [s\open\src\hotspot\share\classfile\systemDictionary.cpp, line 256]
Event: 94.235 Thread 0x0000023ef38b7c00 Implicit null exception at 0x0000023ee5b883cb to 0x0000023ee5b883f0
Event: 95.241 Thread 0x0000023ef38b7c00 Exception <a 'java/lang/NoSuchMethodError'{0x00000000ecf44e88}: 'int java.lang.invoke.DirectMethodHandle$Holder.invokeSpecialIFC(java.lang.Object, java.lang.Object, java.lang.Object, java.lang.Object, java.lang.Object)'> (0x00000000ecf44e88) 
thrown [s\open\src\hotspot\share\interpreter\linkResolver.cpp, line 759]
Event: 95.731 Thread 0x0000023ef38b7c00 Exception <a 'java/lang/NoSuchMethodError'{0x00000000ecb76e78}: 'java.lang.Object java.lang.invoke.DirectMethodHandle$Holder.newInvokeSpecial(java.lang.Object, java.lang.Object, java.lang.Object, java.lang.Object, java.lang.Object, java.lang.Object, int)'> (0x00000000ecb76e78) 
thrown [s\open\src\hotspot\share\interpreter\linkResolver.cpp, line 759]
Event: 95.733 Thread 0x0000023ef38b7c00 Exception <a 'java/lang/NoSuchMethodError'{0x00000000ecb7c880}: 'java.lang.Object java.lang.invoke.DirectMethodHandle$Holder.invokeSpecial(java.lang.Object, java.lang.Object, java.lang.Object, java.lang.Object, java.lang.Object, java.lang.Object, java.lang.Object, int)'> (0x00000000ecb7c880) 
thrown [s\open\src\hotspot\share\interpreter\linkResolver.cpp, line 759]
Event: 95.735 Thread 0x0000023ef38b7c00 Exception <a 'java/lang/NoSuchMethodError'{0x00000000ecb81eb0}: 'java.lang.Object java.lang.invoke.Invokers$Holder.linkToTargetMethod(java.lang.Object, java.lang.Object, java.lang.Object, java.lang.Object, java.lang.Object, int, java.lang.Object)'> (0x00000000ecb81eb0) 
thrown [s\open\src\hotspot\share\interpreter\linkResolver.cpp, line 759]
Event: 95.924 Thread 0x0000023ef5569250 Implicit null exception at 0x0000023ee5bf3fdd to 0x0000023ee5bf4118
Event: 99.177 Thread 0x0000023ef556af30 Exception <a 'java/lang/NoSuchMethodError'{0x00000000ec8a7188}: 'void java.lang.invoke.DirectMethodHandle$Holder.invokeStatic(java.lang.Object, long)'> (0x00000000ec8a7188) 
thrown [s\open\src\hotspot\share\interpreter\linkResolver.cpp, line 759]
Event: 99.204 Thread 0x0000023ef556af30 Exception <a 'java/lang/NoSuchMethodError'{0x00000000ec8b2070}: 'java.lang.Object java.lang.invoke.DirectMethodHandle$Holder.invokeStatic(java.lang.Object, java.lang.Object, long, java.lang.Object)'> (0x00000000ec8b2070) 
thrown [s\open\src\hotspot\share\interpreter\linkResolver.cpp, line 759]
Event: 99.216 Thread 0x0000023ef556af30 Exception <a 'java/lang/NoSuchMethodError'{0x00000000ec8b5848}: 'java.lang.Object java.lang.invoke.DirectMethodHandle$Holder.invokeStaticInit(java.lang.Object, java.lang.Object, long, java.lang.Object)'> (0x00000000ec8b5848) 
thrown [s\open\src\hotspot\share\interpreter\linkResolver.cpp, line 759]
Event: 102.022 Thread 0x0000023ef556af30 Exception <a 'java/lang/NoSuchMethodError'{0x00000000ec8ebe88}: 'void java.lang.invoke.DirectMethodHandle$Holder.invokeSpecial(java.lang.Object, java.lang.Object, int)'> (0x00000000ec8ebe88) 
thrown [s\open\src\hotspot\share\interpreter\linkResolver.cpp, line 759]

VM Operations (20 events):
Event: 92.084 Executing VM operation: Cleanup
Event: 92.087 Executing VM operation: Cleanup done
Event: 93.089 Executing VM operation: Cleanup
Event: 93.090 Executing VM operation: Cleanup done
Event: 94.095 Executing VM operation: Cleanup
Event: 94.110 Executing VM operation: Cleanup done
Event: 95.122 Executing VM operation: Cleanup
Event: 95.140 Executing VM operation: Cleanup done
Event: 96.149 Executing VM operation: Cleanup
Event: 96.165 Executing VM operation: Cleanup done
Event: 97.169 Executing VM operation: Cleanup
Event: 97.170 Executing VM operation: Cleanup done
Event: 99.291 Executing VM operation: HandshakeAllThreads
Event: 99.343 Executing VM operation: HandshakeAllThreads done
Event: 102.369 Executing VM operation: Cleanup
Event: 102.401 Executing VM operation: Cleanup done
Event: 106.441 Executing VM operation: Cleanup
Event: 106.441 Executing VM operation: Cleanup done
Event: 107.450 Executing VM operation: Cleanup
Event: 107.451 Executing VM operation: Cleanup done

Events (20 events):
Event: 99.188 loading class java/lang/ProcessHandleImpl
Event: 99.196 loading class java/lang/ProcessHandleImpl done
Event: 99.242 loading class java/lang/ProcessImpl$2
Event: 99.243 loading class java/lang/ProcessImpl$2 done
Event: 99.243 loading class java/lang/Process$PipeInputStream
Event: 99.255 loading class java/lang/Process$PipeInputStream done
Event: 99.345 loading class jdk/internal/event/ProcessStartEvent
Event: 99.347 loading class jdk/internal/event/Event
Event: 99.350 loading class jdk/internal/event/Event done
Event: 99.352 loading class jdk/internal/event/ProcessStartEvent done
Event: 99.357 Thread 0x0000023ef65cbba0 Thread added: 0x0000023ef65cbba0
Event: 99.359 Thread 0x0000023ef65ca860 Thread added: 0x0000023ef65ca860
Event: 102.413 loading class java/io/ObjectOutputStream$BlockDataOutputStream
Event: 102.416 loading class java/io/ObjectOutputStream$BlockDataOutputStream done
Event: 102.416 loading class java/io/ObjectOutputStream$HandleTable
Event: 102.419 loading class java/io/ObjectOutputStream$HandleTable done
Event: 102.419 loading class java/io/ObjectOutputStream$ReplaceTable
Event: 102.421 loading class java/io/ObjectOutputStream$ReplaceTable done
Event: 102.421 loading class java/io/Bits
Event: 102.426 loading class java/io/Bits done


Dynamic libraries:
0x00007ff7aa720000 - 0x00007ff7aa730000 	C:\Program Files\Java\jdk-17\bin\java.exe
0x00007ffc5a340000 - 0x00007ffc5a5a6000 	C:\WINDOWS\SYSTEM32\ntdll.dll
0x00007ffc59370000 - 0x00007ffc59439000 	C:\WINDOWS\System32\KERNEL32.DLL
0x00007ffc57620000 - 0x00007ffc579ec000 	C:\WINDOWS\System32\KERNELBASE.dll
0x00007ffc574d0000 - 0x00007ffc5761b000 	C:\WINDOWS\System32\ucrtbase.dll
0x00007ffc12280000 - 0x00007ffc1229b000 	C:\Program Files\Java\jdk-17\bin\VCRUNTIME140.dll
0x00007ffc30d90000 - 0x00007ffc30da8000 	C:\Program Files\Java\jdk-17\bin\jli.dll
0x00007ffc59d70000 - 0x00007ffc59e22000 	C:\WINDOWS\System32\ADVAPI32.dll
0x00007ffc59630000 - 0x00007ffc596d9000 	C:\WINDOWS\System32\msvcrt.dll
0x00007ffc59c70000 - 0x00007ffc59d16000 	C:\WINDOWS\System32\sechost.dll
0x00007ffc58c50000 - 0x00007ffc58d66000 	C:\WINDOWS\System32\RPCRT4.dll
0x00007ffc59e90000 - 0x00007ffc5a05a000 	C:\WINDOWS\System32\USER32.dll
0x00007ffc56740000 - 0x00007ffc569da000 	C:\WINDOWS\WinSxS\amd64_microsoft.windows.common-controls_6595b64144ccf1df_6.0.26100.3912_none_3e07963ce335137e\COMCTL32.dll
0x00007ffc57ec0000 - 0x00007ffc57ee7000 	C:\WINDOWS\System32\win32u.dll
0x00007ffc58100000 - 0x00007ffc5812b000 	C:\WINDOWS\System32\GDI32.dll
0x00007ffc57d80000 - 0x00007ffc57eb2000 	C:\WINDOWS\System32\gdi32full.dll
0x00007ffc57fb0000 - 0x00007ffc58053000 	C:\WINDOWS\System32\msvcp_win.dll
0x00007ffc45340000 - 0x00007ffc4534b000 	C:\WINDOWS\SYSTEM32\VERSION.dll
0x00007ffc59d20000 - 0x00007ffc59d50000 	C:\WINDOWS\System32\IMM32.DLL
0x00007ffc30ec0000 - 0x00007ffc30ecc000 	C:\Program Files\Java\jdk-17\bin\vcruntime140_1.dll
0x00007ffc121f0000 - 0x00007ffc1227e000 	C:\Program Files\Java\jdk-17\bin\msvcp140.dll
0x00007ffba6e30000 - 0x00007ffba7a07000 	C:\Program Files\Java\jdk-17\bin\server\jvm.dll
0x00007ffc59e30000 - 0x00007ffc59e38000 	C:\WINDOWS\System32\PSAPI.DLL
0x00007ffc4a5b0000 - 0x00007ffc4a5e6000 	C:\WINDOWS\SYSTEM32\WINMM.dll
0x00007ffc26f20000 - 0x00007ffc26f2a000 	C:\WINDOWS\SYSTEM32\WSOCK32.dll
0x00007ffc5a0f0000 - 0x00007ffc5a164000 	C:\WINDOWS\System32\WS2_32.dll
0x00007ffc55960000 - 0x00007ffc5597a000 	C:\WINDOWS\SYSTEM32\kernel.appcore.dll
0x00007ffc121e0000 - 0x00007ffc121ea000 	C:\Program Files\Java\jdk-17\bin\jimage.dll
0x00007ffc56d80000 - 0x00007ffc56fc1000 	C:\WINDOWS\SYSTEM32\DBGHELP.DLL
0x00007ffc58d70000 - 0x00007ffc590f4000 	C:\WINDOWS\System32\combase.dll
0x00007ffc5a180000 - 0x00007ffc5a260000 	C:\WINDOWS\System32\OLEAUT32.dll
0x00007ffc56c00000 - 0x00007ffc56c39000 	C:\WINDOWS\SYSTEM32\dbgcore.DLL
0x00007ffc58060000 - 0x00007ffc580f9000 	C:\WINDOWS\System32\bcryptPrimitives.dll
0x00007ffc121d0000 - 0x00007ffc121de000 	C:\Program Files\Java\jdk-17\bin\instrument.dll
0x00007ffc121a0000 - 0x00007ffc121c5000 	C:\Program Files\Java\jdk-17\bin\java.dll
0x00007ffc120c0000 - 0x00007ffc12197000 	C:\Program Files\Java\jdk-17\bin\jsvml.dll
0x00007ffc584f0000 - 0x00007ffc58c1d000 	C:\WINDOWS\System32\SHELL32.dll
0x00007ffc57b70000 - 0x00007ffc57ce4000 	C:\WINDOWS\System32\wintypes.dll
0x00007ffc546b0000 - 0x00007ffc54f06000 	C:\WINDOWS\SYSTEM32\windows.storage.dll
0x00007ffc583f0000 - 0x00007ffc584df000 	C:\WINDOWS\System32\SHCORE.dll
0x00007ffc5a290000 - 0x00007ffc5a2f9000 	C:\WINDOWS\System32\shlwapi.dll
0x00007ffc573e0000 - 0x00007ffc5740f000 	C:\WINDOWS\SYSTEM32\profapi.dll
0x00007ffc120a0000 - 0x00007ffc120b8000 	C:\Program Files\Java\jdk-17\bin\zip.dll
0x00007ffc12080000 - 0x00007ffc12099000 	C:\Program Files\Java\jdk-17\bin\net.dll
0x00007ffc4e350000 - 0x00007ffc4e46e000 	C:\WINDOWS\SYSTEM32\WINHTTP.dll
0x00007ffc55ef0000 - 0x00007ffc55f5a000 	C:\WINDOWS\system32\mswsock.dll
0x00007ffc031e0000 - 0x00007ffc031f6000 	C:\Program Files\Java\jdk-17\bin\nio.dll
0x00007ffc12070000 - 0x00007ffc12080000 	C:\Program Files\Java\jdk-17\bin\verify.dll
0x00007ffc2cc70000 - 0x00007ffc2cc97000 	C:\Users\neman\.gradle\native\1def1411415f61bf3af743bc5b6707747c0891f09f0c88961ee8f79bc544acac\windows-amd64\native-platform.dll
0x00007ffbe49e0000 - 0x00007ffbe4a58000 	C:\Users\neman\.gradle\native\0.2.7\x86_64-windows-gnu\gradle-fileevents.dll
0x00007ffc11b30000 - 0x00007ffc11b3a000 	C:\Program Files\Java\jdk-17\bin\management.dll
0x00007ffc11320000 - 0x00007ffc1132b000 	C:\Program Files\Java\jdk-17\bin\management_ext.dll
0x00007ffc553a0000 - 0x00007ffc553d3000 	C:\WINDOWS\SYSTEM32\IPHLPAPI.DLL
0x00007ffc5a170000 - 0x00007ffc5a17a000 	C:\WINDOWS\System32\NSI.dll
0x00007ffc4e690000 - 0x00007ffc4e6af000 	C:\WINDOWS\SYSTEM32\dhcpcsvc6.DLL
0x00007ffc4e660000 - 0x00007ffc4e685000 	C:\WINDOWS\SYSTEM32\dhcpcsvc.DLL
0x00007ffc55490000 - 0x00007ffc555b7000 	C:\WINDOWS\SYSTEM32\DNSAPI.dll
0x00007ffc570f0000 - 0x00007ffc5710c000 	C:\WINDOWS\SYSTEM32\CRYPTSP.dll
0x00007ffc56470000 - 0x00007ffc564aa000 	C:\WINDOWS\system32\rsaenh.dll
0x00007ffc55f60000 - 0x00007ffc55f8b000 	C:\WINDOWS\SYSTEM32\USERENV.dll
0x00007ffc573b0000 - 0x00007ffc573d6000 	C:\WINDOWS\SYSTEM32\bcrypt.dll
0x00007ffc56460000 - 0x00007ffc5646c000 	C:\WINDOWS\SYSTEM32\CRYPTBASE.dll
0x00007ffc11250000 - 0x00007ffc1125d000 	C:\Program Files\Java\jdk-17\bin\sunmscapi.dll
0x00007ffc579f0000 - 0x00007ffc57b67000 	C:\WINDOWS\System32\CRYPT32.dll
0x00007ffc56600000 - 0x00007ffc56630000 	C:\WINDOWS\SYSTEM32\ncrypt.dll
0x00007ffc565b0000 - 0x00007ffc565ef000 	C:\WINDOWS\SYSTEM32\NTASN1.dll
0x00007ffc21b50000 - 0x00007ffc21b58000 	C:\WINDOWS\system32\wshunix.dll

dbghelp: loaded successfully - version: 4.0.5 - missing functions: none
symbol engine: initialized successfully - sym options: 0x614 - pdb path: .;C:\Program Files\Java\jdk-17\bin;C:\WINDOWS\SYSTEM32;C:\WINDOWS\WinSxS\amd64_microsoft.windows.common-controls_6595b64144ccf1df_6.0.26100.3912_none_3e07963ce335137e;C:\Program Files\Java\jdk-17\bin\server;C:\Users\neman\.gradle\native\1def1411415f61bf3af743bc5b6707747c0891f09f0c88961ee8f79bc544acac\windows-amd64;C:\Users\neman\.gradle\native\0.2.7\x86_64-windows-gnu

VM Arguments:
jvm_args: --add-opens=java.base/java.lang=ALL-UNNAMED --add-opens=java.base/java.lang.invoke=ALL-UNNAMED --add-opens=java.base/java.util=ALL-UNNAMED --add-opens=java.prefs/java.util.prefs=ALL-UNNAMED --add-exports=jdk.compiler/com.sun.tools.javac.api=ALL-UNNAMED --add-exports=jdk.compiler/com.sun.tools.javac.util=ALL-UNNAMED --add-opens=java.base/java.util=ALL-UNNAMED --add-opens=java.prefs/java.util.prefs=ALL-UNNAMED --add-opens=java.base/java.nio.charset=ALL-UNNAMED --add-opens=java.base/java.net=ALL-UNNAMED --add-opens=java.base/java.util.concurrent.atomic=ALL-UNNAMED --add-opens=java.xml/javax.xml.namespace=ALL-UNNAMED -XX:MaxMetaspaceSize=384m -XX:+HeapDumpOnOutOfMemoryError -Xms256m -Xmx512m -Dfile.encoding=UTF-8 -Duser.country=US -Duser.language=en -Duser.variant -javaagent:C:\Users\neman\.gradle\wrapper\dists\gradle-8.13-bin\5xuhj0ry160q40clulazy9h7d\gradle-8.13\lib\agents\gradle-instrumentation-agent-8.13.jar 
java_command: org.gradle.launcher.daemon.bootstrap.GradleDaemon 8.13
java_class_path (initial): C:\Users\neman\.gradle\wrapper\dists\gradle-8.13-bin\5xuhj0ry160q40clulazy9h7d\gradle-8.13\lib\gradle-daemon-main-8.13.jar
Launcher Type: SUN_STANDARD

[Global flags]
     intx CICompilerCount                          = 4                                         {product} {ergonomic}
   size_t CompressedClassSpaceSize                 = 322961408                                 {product} {ergonomic}
     uint ConcGCThreads                            = 3                                         {product} {ergonomic}
     uint G1ConcRefinementThreads                  = 10                                        {product} {ergonomic}
   size_t G1HeapRegionSize                         = 1048576                                   {product} {ergonomic}
    uintx GCDrainStackTargetSize                   = 64                                        {product} {ergonomic}
     bool HeapDumpOnOutOfMemoryError               = true                                   {manageable} {command line}
   size_t InitialHeapSize                          = 268435456                                 {product} {command line}
   size_t MarkStackSize                            = 4194304                                   {product} {ergonomic}
   size_t MaxHeapSize                              = 536870912                                 {product} {command line}
   size_t MaxMetaspaceSize                         = 402653184                                 {product} {command line}
   size_t MaxNewSize                               = 321912832                                 {product} {ergonomic}
   size_t MinHeapDeltaBytes                        = 1048576                                   {product} {ergonomic}
   size_t MinHeapSize                              = 268435456                                 {product} {command line}
    uintx NonNMethodCodeHeapSize                   = 5839372                                {pd product} {ergonomic}
    uintx NonProfiledCodeHeapSize                  = 122909434                              {pd product} {ergonomic}
    uintx ProfiledCodeHeapSize                     = 122909434                              {pd product} {ergonomic}
    uintx ReservedCodeCacheSize                    = 251658240                              {pd product} {ergonomic}
     bool SegmentedCodeCache                       = true                                      {product} {ergonomic}
   size_t SoftMaxHeapSize                          = 536870912                              {manageable} {ergonomic}
     bool UseCompressedClassPointers               = true                           {product lp64_product} {ergonomic}
     bool UseCompressedOops                        = true                           {product lp64_product} {ergonomic}
     bool UseG1GC                                  = true                                      {product} {ergonomic}
     bool UseLargePagesIndividualAllocation        = false                                  {pd product} {ergonomic}

Logging:
Log output configuration:
 #0: stdout all=warning uptime,level,tags
 #1: stderr all=off uptime,level,tags

Environment Variables:
JAVA_HOME=C:\Program Files\Java\jdk-17
PATH=C:\Program Files\NVIDIA GPU Computing Toolkit\CUDA\v12.8\bin;C:\Program Files\NVIDIA GPU Computing Toolkit\CUDA\v12.8\libnvvp;C:\app\neman\product\21c\dbhomeXE\bin;C:\windows\system32;C:\windows;C:\windows\System32\Wbem;C:\windows\System32\WindowsPowerShell\v1.0\;C:\windows\System32\OpenSSH\;C:\Program Files (x86)\NVIDIA Corporation\PhysX\Common;C:\Program Files\NVIDIA Corporation\NVIDIA NvDLISR;C:\Program Files\Docker\Docker\resources\bin;C:\Program Files\TortoiseGit\bin;C:\Program Files\PuTTY\;C:\Program Files\HP\HP One Agent;C:\Program Files\MySQL\mysql-connector-java-8.0.11;C:\WINDOWS\system32;C:\WINDOWS;C:\WINDOWS\System32\Wbem;C:\WINDOWS\System32\WindowsPowerShell\v1.0\;C:\WINDOWS\System32\OpenSSH\;C:\Program Files\dotnet\;C:\Users\neman\AppData\Local\Programs\Python\Python311\;C:\Program Files\NVIDIA Corporation\Nsight Compute 2025.1.1\;C:\Program Files\NVIDIA Corporation\NVIDIA app\NvDLISR;C:\Gradle\gradle-8.6\bin;C:\Program Files\nodejs\;C:\Program Files\MySQL\MySQL Server 8.0\bin;C:\Program Files\Java\jdk-17\bin;C:\Program Files\Git\cmd;C:\Users\neman\AppData\Local\Programs\Python\Python311\Scripts\;C:\Users\neman\AppData\Local\Programs\Python\Python311\;C:\Users\neman\AppData\Local\Programs\Python\Launcher\;C:\Users\neman\AppData\Local\Microsoft\WindowsApps;;C:\Users\neman\AppData\Local\Programs\Microsoft VS Code\bin;C:\Users\neman\AppData\Local\Muse Hub\lib;C:\Users\neman\AppData\Roaming\npm;C:\Users\neman\AppData\Local\Programs\cursor\resources\app\bin
USERNAME=neman
OS=Windows_NT
PROCESSOR_IDENTIFIER=Intel64 Family 6 Model 154 Stepping 3, GenuineIntel



---------------  S Y S T E M  ---------------

OS:
 Windows 11 , 64 bit Build 26100 (10.0.26100.3912)
OS uptime: 0 days 10:00 hours
Hyper-V role detected

CPU: total 12 (initial active 12) (6 cores per cpu, 2 threads per core) family 6 model 154 stepping 3 microcode 0x434, cx8, cmov, fxsr, ht, mmx, 3dnowpref, sse, sse2, sse3, ssse3, sse4.1, sse4.2, popcnt, lzcnt, tsc, tscinvbit, avx, avx2, aes, erms, clmul, bmi1, bmi2, adx, sha, fma, vzeroupper, clflush, clflushopt, clwb, hv

Memory: 4k page, system-wide physical 7860M (767M free)
TotalPageFile size 32436M (AvailPageFile size 1M)
current process WorkingSet (physical memory assigned to process): 108M, peak: 264M
current process commit charge ("private bytes"): 482M, peak: 484M

vm_info: Java HotSpot(TM) 64-Bit Server VM (17.0.6+9-LTS-190) for windows-amd64 JRE (17.0.6+9-LTS-190), built on Dec  6 2022 15:53:54 by "mach5one" with MS VC++ 17.1 (VS2022)

END.
